Log file open, 03/28/18 15:39:20
LogWindows: Failed to load 'aqProf.dll' (GetLastError=126)
LogWindows: File 'aqProf.dll' does not exist
LogWindows: Failed to load 'VtuneApi.dll' (GetLastError=126)
LogWindows: File 'VtuneApi.dll' does not exist
LogWindows: Failed to load 'VtuneApi32e.dll' (GetLastError=126)
LogWindows: File 'VtuneApi32e.dll' does not exist
LogInit: Display: Running engine for game: SlaveVRExperience
LogPlatformFile: Not using cached read wrapper
LogInit: Display: RandInit(2003214049) SRandInit(2003214049).
LogInit: Read version file with build ID '3709383'
LogInit: Overriding engine version to CL 3832480, compatible CL 3709383
LogInit: Registered custom module enumerator with build ID '3709383'
LogTaskGraph: Started task graph with 5 named threads and 14 total threads with 3 sets of task threads.
LogStats: Stats thread started at 0.158671
LogD3D11RHI: Aftermath initialized
LogPluginManager: Mounting plugin Paper2D
LogPluginManager: Mounting plugin LightPropagationVolume
LogPluginManager: Mounting plugin CodeLiteSourceCodeAccess
LogPluginManager: Mounting plugin GitSourceControl
LogPluginManager: Mounting plugin KDevelopSourceCodeAccess
LogPluginManager: Mounting plugin NullSourceCodeAccess
LogPluginManager: Mounting plugin PerforceSourceControl
LogPluginManager: Mounting plugin SubversionSourceControl
LogPluginManager: Mounting plugin UObjectPlugin
LogPluginManager: Mounting plugin VisualStudioCodeSourceCodeAccess
LogPluginManager: Mounting plugin VisualStudioSourceCodeAccess
LogPluginManager: Mounting plugin XCodeSourceCodeAccess
LogPluginManager: Mounting plugin AssetManagerEditor
LogPluginManager: Mounting plugin AudioCapture
LogPluginManager: Mounting plugin FacialAnimation
LogPluginManager: Mounting plugin GameplayTagsEditor
LogPluginManager: Mounting plugin MobileLauncherProfileWizard
LogPluginManager: Mounting plugin PluginBrowser
LogPluginManager: Mounting plugin SpeedTreeImporter
LogPluginManager: Mounting plugin AlembicImporter
LogPluginManager: Mounting plugin CharacterAI
LogPluginManager: Mounting plugin HTML5Networking
LogPluginManager: Mounting plugin AndroidMedia
LogPluginManager: Mounting plugin AvfMedia
LogPluginManager: Mounting plugin ImgMedia
LogPluginManager: Mounting plugin MediaCompositing
LogPluginManager: Mounting plugin MediaPlayerEditor
LogPluginManager: Mounting plugin WmfMedia
LogPluginManager: Mounting plugin TcpMessaging
LogPluginManager: Mounting plugin UdpMessaging
LogPluginManager: Mounting plugin ActorSequence
LogPluginManager: Mounting plugin LevelSequenceEditor
LogPluginManager: Mounting plugin MatineeToLevelSequence
LogPluginManager: Mounting plugin OnlineSubsystemGooglePlay
LogPluginManager: Mounting plugin OnlineSubsystemIOS
LogPluginManager: Mounting plugin OnlineSubsystem
LogPluginManager: Mounting plugin OnlineSubsystemNull
LogPluginManager: Mounting plugin OnlineSubsystemUtils
LogPluginManager: Mounting plugin AndroidDeviceProfileSelector
LogPluginManager: Mounting plugin AndroidMoviePlayer
LogPluginManager: Mounting plugin AndroidPermission
LogPluginManager: Mounting plugin AppleARKit
LogPluginManager: Mounting plugin AppleMoviePlayer
LogPluginManager: Mounting plugin ArchVisCharacter
LogPluginManager: Mounting plugin CableComponent
LogPluginManager: Mounting plugin CustomMeshComponent
LogPluginManager: Mounting plugin ExampleDeviceProfileSelector
LogPluginManager: Mounting plugin GoogleCloudMessaging
LogPluginManager: Mounting plugin ImmediatePhysics
LogPluginManager: Mounting plugin IOSDeviceProfileSelector
LogPluginManager: Mounting plugin LinuxDeviceProfileSelector
LogPluginManager: Mounting plugin LocationServicesBPLibrary
LogPluginManager: Mounting plugin MobilePatchingUtils
LogPluginManager: Mounting plugin OculusVR
LogPluginManager: Plugin shader directory ../../../Engine/Plugins/Runtime/Oculus/OculusVR/Shaders found
LogPluginManager: Mapping shader source directory ../../../Engine/Plugins/Runtime/Oculus/OculusVR/Shaders to virtual directory /Plugin/OculusVR
LogPluginManager: Mounting plugin PhysXVehicles
LogPluginManager: Mounting plugin ProceduralMeshComponent
LogPluginManager: Mounting plugin RuntimePhysXCooking
LogPluginManager: Mounting plugin SteamVR
LogPluginManager: Mounting plugin WindowsMoviePlayer
LogModuleManager: Display: Found up-to-date module file C:/Users/ia474088/Documents/GitHub/VR_SlaveExperience/SlaveVRExperience/Binaries/Win64/UE4Editor-SlaveVRExperience-1507.dll (API version 3709383).
LogModuleManager: Display: Found up-to-date module file ../../../Engine/Plugins/2D/Paper2D/Binaries/Win64/UE4Editor-Paper2D.dll (API version 3709383).
LogModuleManager: Display: Found up-to-date module file ../../../Engine/Plugins/2D/Paper2D/Binaries/Win64/UE4Editor-Paper2DEditor.dll (API version 3709383).
LogModuleManager: Display: Found up-to-date module file ../../../Engine/Plugins/2D/Paper2D/Binaries/Win64/UE4Editor-PaperSpriteSheetImporter.dll (API version 3709383).
LogModuleManager: Display: Found up-to-date module file ../../../Engine/Plugins/2D/Paper2D/Binaries/Win64/UE4Editor-PaperTiledImporter.dll (API version 3709383).
LogModuleManager: Display: Found up-to-date module file ../../../Engine/Plugins/2D/Paper2D/Binaries/Win64/UE4Editor-SmartSnapping.dll (API version 3709383).
LogModuleManager: Display: Found up-to-date module file ../../../Engine/Plugins/Blendables/LightPropagationVolume/Binaries/Win64/UE4Editor-LightPropagationVolumeRuntime.dll (API version 3709383).
LogModuleManager: Display: Found up-to-date module file ../../../Engine/Plugins/Blendables/LightPropagationVolume/Binaries/Win64/UE4Editor-LightPropagationVolumeEditor.dll (API version 3709383).
LogModuleManager: Display: Found up-to-date module file ../../../Engine/Plugins/Developer/GitSourceControl/Binaries/Win64/UE4Editor-GitSourceControl.dll (API version 3709383).
LogModuleManager: Display: Found up-to-date module file ../../../Engine/Plugins/Developer/PerforceSourceControl/Binaries/Win64/UE4Editor-PerforceSourceControl.dll (API version 3709383).
LogModuleManager: Display: Found up-to-date module file ../../../Engine/Plugins/Developer/SubversionSourceControl/Binaries/Win64/UE4Editor-SubversionSourceControl.dll (API version 3709383).
LogModuleManager: Display: Found up-to-date module file ../../../Engine/Plugins/Developer/UObjectPlugin/Binaries/Win64/UE4Editor-UObjectPlugin.dll (API version 3709383).
LogModuleManager: Display: Found up-to-date module file ../../../Engine/Plugins/Developer/VisualStudioCodeSourceCodeAccess/Binaries/Win64/UE4Editor-VisualStudioCodeSourceCodeAccess.dll (API version 3709383).
LogModuleManager: Display: Found up-to-date module file ../../../Engine/Plugins/Developer/VisualStudioSourceCodeAccess/Binaries/Win64/UE4Editor-VisualStudioSourceCodeAccess.dll (API version 3709383).
LogModuleManager: Display: Found up-to-date module file ../../../Engine/Plugins/Editor/AssetManagerEditor/Binaries/Win64/UE4Editor-AssetManagerEditor.dll (API version 3709383).
LogModuleManager: Display: Found up-to-date module file ../../../Engine/Plugins/Editor/AudioCapture/Binaries/Win64/UE4Editor-AudioCapture.dll (API version 3709383).
LogModuleManager: Display: Found up-to-date module file ../../../Engine/Plugins/Editor/FacialAnimation/Binaries/Win64/UE4Editor-FacialAnimation.dll (API version 3709383).
LogModuleManager: Display: Found up-to-date module file ../../../Engine/Plugins/Editor/FacialAnimation/Binaries/Win64/UE4Editor-FacialAnimationEditor.dll (API version 3709383).
LogModuleManager: Display: Found up-to-date module file ../../../Engine/Plugins/Editor/GameplayTagsEditor/Binaries/Win64/UE4Editor-GameplayTagsEditor.dll (API version 3709383).
LogModuleManager: Display: Found up-to-date module file ../../../Engine/Plugins/Editor/MobileLauncherProfileWizard/Binaries/Win64/UE4Editor-MobileLauncherProfileWizard.dll (API version 3709383).
LogModuleManager: Display: Found up-to-date module file ../../../Engine/Plugins/Editor/PluginBrowser/Binaries/Win64/UE4Editor-PluginBrowser.dll (API version 3709383).
LogModuleManager: Display: Found up-to-date module file ../../../Engine/Plugins/Editor/SpeedTreeImporter/Binaries/Win64/UE4Editor-SpeedTreeImporter.dll (API version 3709383).
LogModuleManager: Display: Found up-to-date module file ../../../Engine/Plugins/Experimental/AlembicImporter/Binaries/Win64/UE4Editor-AlembicImporter.dll (API version 3709383).
LogModuleManager: Display: Found up-to-date module file ../../../Engine/Plugins/Experimental/AlembicImporter/Binaries/Win64/UE4Editor-AlembicLibrary.dll (API version 3709383).
LogModuleManager: Display: Found up-to-date module file ../../../Engine/Plugins/Experimental/CharacterAI/Binaries/Win64/UE4Editor-CharacterAI.dll (API version 3709383).
LogModuleManager: Display: Found up-to-date module file ../../../Engine/Plugins/Experimental/HTML5Networking/Binaries/Win64/UE4Editor-HTML5Networking.dll (API version 3709383).
LogModuleManager: Display: Found up-to-date module file ../../../Engine/Plugins/Media/AndroidMedia/Binaries/Win64/UE4Editor-AndroidMediaEditor.dll (API version 3709383).
LogModuleManager: Display: Found up-to-date module file ../../../Engine/Plugins/Media/AndroidMedia/Binaries/Win64/UE4Editor-AndroidMediaFactory.dll (API version 3709383).
LogModuleManager: Display: Found up-to-date module file ../../../Engine/Plugins/Media/AvfMedia/Binaries/Win64/UE4Editor-AvfMediaEditor.dll (API version 3709383).
LogModuleManager: Display: Found up-to-date module file ../../../Engine/Plugins/Media/AvfMedia/Binaries/Win64/UE4Editor-AvfMediaFactory.dll (API version 3709383).
LogModuleManager: Display: Found up-to-date module file ../../../Engine/Plugins/Media/AvfMedia/Binaries/Win64/UE4Editor-AvfMediaFactory.dll (API version 3709383).
LogModuleManager: Display: Found up-to-date module file ../../../Engine/Plugins/Media/ImgMedia/Binaries/Win64/UE4Editor-ImgMedia.dll (API version 3709383).
LogModuleManager: Display: Found up-to-date module file ../../../Engine/Plugins/Media/ImgMedia/Binaries/Win64/UE4Editor-ImgMediaEditor.dll (API version 3709383).
LogModuleManager: Display: Found up-to-date module file ../../../Engine/Plugins/Media/ImgMedia/Binaries/Win64/UE4Editor-ImgMediaFactory.dll (API version 3709383).
LogModuleManager: Display: Found up-to-date module file ../../../Engine/Plugins/Media/ImgMedia/Binaries/Win64/UE4Editor-ImgMediaFactory.dll (API version 3709383).
LogModuleManager: Display: Found up-to-date module file ../../../Engine/Plugins/Media/ImgMedia/Binaries/Win64/UE4Editor-OpenExrWrapper.dll (API version 3709383).
LogModuleManager: Display: Found up-to-date module file ../../../Engine/Plugins/Media/MediaCompositing/Binaries/Win64/UE4Editor-MediaCompositing.dll (API version 3709383).
LogModuleManager: Display: Found up-to-date module file ../../../Engine/Plugins/Media/MediaCompositing/Binaries/Win64/UE4Editor-MediaCompositingEditor.dll (API version 3709383).
LogModuleManager: Display: Found up-to-date module file ../../../Engine/Plugins/Media/MediaPlayerEditor/Binaries/Win64/UE4Editor-MediaPlayerEditor.dll (API version 3709383).
LogModuleManager: Display: Found up-to-date module file ../../../Engine/Plugins/Media/WmfMedia/Binaries/Win64/UE4Editor-WmfMedia.dll (API version 3709383).
LogModuleManager: Display: Found up-to-date module file ../../../Engine/Plugins/Media/WmfMedia/Binaries/Win64/UE4Editor-WmfMediaEditor.dll (API version 3709383).
LogModuleManager: Display: Found up-to-date module file ../../../Engine/Plugins/Media/WmfMedia/Binaries/Win64/UE4Editor-WmfMediaFactory.dll (API version 3709383).
LogModuleManager: Display: Found up-to-date module file ../../../Engine/Plugins/Media/WmfMedia/Binaries/Win64/UE4Editor-WmfMediaFactory.dll (API version 3709383).
LogModuleManager: Display: Found up-to-date module file ../../../Engine/Plugins/Messaging/TcpMessaging/Binaries/Win64/UE4Editor-TcpMessaging.dll (API version 3709383).
LogModuleManager: Display: Found up-to-date module file ../../../Engine/Plugins/Messaging/UdpMessaging/Binaries/Win64/UE4Editor-UdpMessaging.dll (API version 3709383).
LogModuleManager: Display: Found up-to-date module file ../../../Engine/Plugins/MovieScene/ActorSequence/Binaries/Win64/UE4Editor-ActorSequence.dll (API version 3709383).
LogModuleManager: Display: Found up-to-date module file ../../../Engine/Plugins/MovieScene/LevelSequenceEditor/Binaries/Win64/UE4Editor-LevelSequenceEditor.dll (API version 3709383).
LogModuleManager: Display: Found up-to-date module file ../../../Engine/Plugins/MovieScene/MatineeToLevelSequence/Binaries/Win64/UE4Editor-MatineeToLevelSequence.dll (API version 3709383).
LogModuleManager: Display: Found up-to-date module file ../../../Engine/Plugins/Online/OnlineSubsystem/Binaries/Win64/UE4Editor-OnlineSubsystem.dll (API version 3709383).
LogModuleManager: Display: Found up-to-date module file ../../../Engine/Plugins/Online/OnlineSubsystemNull/Binaries/Win64/UE4Editor-OnlineSubsystemNull.dll (API version 3709383).
LogModuleManager: Display: Found up-to-date module file ../../../Engine/Plugins/Online/OnlineSubsystemUtils/Binaries/Win64/UE4Editor-OnlineSubsystemUtils.dll (API version 3709383).
LogModuleManager: Display: Found up-to-date module file ../../../Engine/Plugins/Online/OnlineSubsystemUtils/Binaries/Win64/UE4Editor-OnlineBlueprintSupport.dll (API version 3709383).
LogModuleManager: Display: Found up-to-date module file ../../../Engine/Plugins/Runtime/AndroidDeviceProfileSelector/Binaries/Win64/UE4Editor-AndroidDeviceProfileSelector.dll (API version 3709383).
LogModuleManager: Display: Found up-to-date module file ../../../Engine/Plugins/Runtime/AndroidPermission/Binaries/Win64/UE4Editor-AndroidPermission.dll (API version 3709383).
LogModuleManager: Display: Found up-to-date module file ../../../Engine/Plugins/Runtime/AppleARKit/Binaries/Win64/UE4Editor-AppleARKit.dll (API version 3709383).
LogModuleManager: Display: Found up-to-date module file ../../../Engine/Plugins/Runtime/ArchVisCharacter/Binaries/Win64/UE4Editor-ArchVisCharacter.dll (API version 3709383).
LogModuleManager: Display: Found up-to-date module file ../../../Engine/Plugins/Runtime/CableComponent/Binaries/Win64/UE4Editor-CableComponent.dll (API version 3709383).
LogModuleManager: Display: Found up-to-date module file ../../../Engine/Plugins/Runtime/CustomMeshComponent/Binaries/Win64/UE4Editor-CustomMeshComponent.dll (API version 3709383).
LogModuleManager: Display: Found up-to-date module file ../../../Engine/Plugins/Runtime/ExampleDeviceProfileSelector/Binaries/Win64/UE4Editor-ExampleDeviceProfileSelector.dll (API version 3709383).
LogModuleManager: Display: Found up-to-date module file ../../../Engine/Plugins/Runtime/ImmediatePhysics/Binaries/Win64/UE4Editor-ImmediatePhysics.dll (API version 3709383).
LogModuleManager: Display: Found up-to-date module file ../../../Engine/Plugins/Runtime/ImmediatePhysics/Binaries/Win64/UE4Editor-ImmediatePhysicsEditor.dll (API version 3709383).
LogModuleManager: Display: Found up-to-date module file ../../../Engine/Plugins/Runtime/LocationServicesBPLibrary/Binaries/Win64/UE4Editor-LocationServicesBPLibrary.dll (API version 3709383).
LogModuleManager: Display: Found up-to-date module file ../../../Engine/Plugins/Runtime/MobilePatchingUtils/Binaries/Win64/UE4Editor-MobilePatchingUtils.dll (API version 3709383).
LogModuleManager: Display: Found up-to-date module file ../../../Engine/Plugins/Runtime/Oculus/OculusVR/Binaries/Win64/UE4Editor-OculusHMD.dll (API version 3709383).
LogModuleManager: Display: Found up-to-date module file ../../../Engine/Plugins/Runtime/Oculus/OculusVR/Binaries/Win64/UE4Editor-OculusInput.dll (API version 3709383).
LogModuleManager: Display: Found up-to-date module file ../../../Engine/Plugins/Runtime/Oculus/OculusVR/Binaries/Win64/UE4Editor-OculusEditor.dll (API version 3709383).
LogModuleManager: Display: Found up-to-date module file ../../../Engine/Plugins/Runtime/PhysXVehicles/Binaries/Win64/UE4Editor-PhysXVehicles.dll (API version 3709383).
LogModuleManager: Display: Found up-to-date module file ../../../Engine/Plugins/Runtime/PhysXVehicles/Binaries/Win64/UE4Editor-PhysXVehiclesEditor.dll (API version 3709383).
LogModuleManager: Display: Found up-to-date module file ../../../Engine/Plugins/Runtime/ProceduralMeshComponent/Binaries/Win64/UE4Editor-ProceduralMeshComponent.dll (API version 3709383).
LogModuleManager: Display: Found up-to-date module file ../../../Engine/Plugins/Runtime/ProceduralMeshComponent/Binaries/Win64/UE4Editor-ProceduralMeshComponentEditor.dll (API version 3709383).
LogModuleManager: Display: Found up-to-date module file ../../../Engine/Plugins/Runtime/RuntimePhysXCooking/Binaries/Win64/UE4Editor-RuntimePhysXCooking.dll (API version 3709383).
LogModuleManager: Display: Found up-to-date module file ../../../Engine/Plugins/Runtime/Steam/SteamVR/Binaries/Win64/UE4Editor-SteamVR.dll (API version 3709383).
LogModuleManager: Display: Found up-to-date module file ../../../Engine/Plugins/Runtime/Steam/SteamVR/Binaries/Win64/UE4Editor-SteamVRController.dll (API version 3709383).
LogModuleManager: Display: Found up-to-date module file ../../../Engine/Plugins/Runtime/WindowsMoviePlayer/Binaries/Win64/UE4Editor-WindowsMoviePlayer.dll (API version 3709383).
LogInit: Using libcurl 7.47.1
LogInit:  - built for x86_64-pc-win32
LogInit:  - supports SSL with OpenSSL/1.0.2g
LogInit:  - supports HTTP deflate (compression) using libz 1.2.8
LogInit:  - other features:
LogInit:      CURL_VERSION_SSL
LogInit:      CURL_VERSION_LIBZ
LogInit:      CURL_VERSION_IPV6
LogInit:      CURL_VERSION_ASYNCHDNS
LogInit:      CURL_VERSION_LARGEFILE
LogInit:      CURL_VERSION_IDN
LogInit:  CurlRequestOptions (configurable via config and command line):
LogInit:  - bVerifyPeer = false  - Libcurl will NOT verify peer certificate
LogInit:  - bUseHttpProxy = false  - Libcurl will NOT use HTTP proxy
LogInit:  - bDontReuseConnections = false  - Libcurl will reuse connections
LogInit:  - CertBundlePath = nullptr  - Libcurl will use whatever was configured at build time.
LogInit: Build: ++UE4+Release-4.18-CL-3832480
LogInit: Engine Version: 4.18.3-3832480+++UE4+Release-4.18
LogInit: Compatible Engine Version: 4.18.0-3709383+++UE4+Release-4.18
LogInit: Net CL: 3709383
LogDevObjectVersion: Number of dev versions registered: 16
LogDevObjectVersion:   Dev-Blueprints (B0D832E4-1F89-4F0D-ACCF-7EB736FD4AA2): 10
LogDevObjectVersion:   Dev-Build (E1C64328-A22C-4D53-A36C-8E866417BD8C): 0
LogDevObjectVersion:   Dev-Core (375EC13C-06E4-48FB-B500-84F0262A717E): 2
LogDevObjectVersion:   Dev-Editor (E4B068ED-F494-42E9-A231-DA0B2E46BB41): 20
LogDevObjectVersion:   Dev-Framework (CFFC743F-43B0-4480-9391-14DF171D2073): 30
LogDevObjectVersion:   Dev-Mobile (B02B49B5-BB20-44E9-A304-32B752E40360): 0
LogDevObjectVersion:   Dev-Networking (A4E4105C-59A1-49B5-A7C5-40C4547EDFEE): 0
LogDevObjectVersion:   Dev-Online (39C831C9-5AE6-47DC-9A44-9C173E1C8E7C): 0
LogDevObjectVersion:   Dev-Physics (78F01B33-EBEA-4F98-B9B4-84EACCB95AA2): 0
LogDevObjectVersion:   Dev-Platform (6631380F-2D4D-43E0-8009-CF276956A95A): 0
LogDevObjectVersion:   Dev-Rendering (12F88B9F-8875-4AFC-A67C-D90C383ABD29): 20
LogDevObjectVersion:   Dev-Sequencer (7B5AE74C-D270-4C10-A958-57980B212A5A): 4
LogDevObjectVersion:   Dev-VR (D7296918-1DD6-4BDD-9DE2-64A83CC13884): 0
LogDevObjectVersion:   Dev-LoadTimes (C2A15278-BFE7-4AFE-6C17-90FF531DF755): 1
LogDevObjectVersion:   Private-Geometry (6EACA3D4-40EC-4CC1-B786-8BED09428FC5): 1
LogDevObjectVersion:   Dev-AnimPhys (29E575DD-E0A3-4627-9D10-D276232CDCEA): 12
LogInit: Compiled (64-bit): Jan 12 2018 02:04:55
LogInit: Compiled with Visual C++: 19.00.24215.01
LogInit: Build Configuration: Development
LogInit: Branch Name: ++UE4+Release-4.18
LogInit: Command line:  
LogInit: Base directory: D:/Epic Games/UE_4.18/Engine/Binaries/Win64/
LogInit: Installed Engine Build: 1
LogInit: Presizing for max 8388607 objects, including 0 objects not considered by GC, pre-allocating 0 bytes for permanent pool.
LogInit: Object subsystem initialized
[2018.03.28-19.39.22:224][  0]LogInit: Selected Device Profile: [Windows]
[2018.03.28-19.39.22:224][  0]LogInit: Applying CVar settings loaded from the selected device profile: [Windows]
[2018.03.28-19.39.22:235][  0]LogInit: Computer: CAH812110809
[2018.03.28-19.39.22:235][  0]LogInit: User: ia474088
[2018.03.28-19.39.22:235][  0]LogInit: CPU Page size=4096, Cores=4
[2018.03.28-19.39.22:235][  0]LogInit: High frequency timer resolution =3.906252 MHz
[2018.03.28-19.39.22:235][  0]LogMemory: Memory total: Physical=15.9GB (16GB approx)
[2018.03.28-19.39.22:235][  0]LogMemory: Platform Memory Stats for Windows
[2018.03.28-19.39.22:235][  0]LogMemory: Process Physical Memory: 273.06 MB used, 273.06 MB peak
[2018.03.28-19.39.22:235][  0]LogMemory: Process Virtual Memory: 272.36 MB used, 272.36 MB peak
[2018.03.28-19.39.22:235][  0]LogMemory: Physical Memory: 4616.29 MB used,  11682.62 MB free, 16298.90 MB total
[2018.03.28-19.39.22:235][  0]LogMemory: Virtual Memory: 646.55 MB used,  11682.62 MB free, 134217728.00 MB total
[2018.03.28-19.39.22:329][  0]LogInit: Using OS detected language (en-US).
[2018.03.28-19.39.22:329][  0]LogInit: Using OS detected locale (en-US).
[2018.03.28-19.39.22:331][  0]LogTextLocalizationManager: No specific localization for 'en-US' exists, so the 'en' localization will be used.
[2018.03.28-19.39.22:685][  0]LogInit: Setting process to per monitor DPI aware
[2018.03.28-19.39.22:877][  0]LogD3D11RHI: D3D11 adapters:
[2018.03.28-19.39.22:896][  0]LogD3D11RHI:    0. 'NVIDIA GeForce GTX 960' (Feature Level 11_0)
[2018.03.28-19.39.22:897][  0]LogD3D11RHI:       2016/0/8149 MB DedicatedVideo/DedicatedSystem/SharedSystem, Outputs:1, VendorId:0x10de
[2018.03.28-19.39.22:901][  0]LogD3D11RHI:    1. 'Intel(R) HD Graphics 4600' (Feature Level 11_0)
[2018.03.28-19.39.22:901][  0]LogD3D11RHI:       112/0/2048 MB DedicatedVideo/DedicatedSystem/SharedSystem, Outputs:0, VendorId:0x8086
[2018.03.28-19.39.22:901][  0]LogD3D11RHI:    2. 'Microsoft Basic Render Driver' (Feature Level 11_0)
[2018.03.28-19.39.22:901][  0]LogD3D11RHI:       0/0/8149 MB DedicatedVideo/DedicatedSystem/SharedSystem, Outputs:0, VendorId:0x1414
[2018.03.28-19.39.22:901][  0]LogD3D11RHI: Chosen D3D11 Adapter: 0
[2018.03.28-19.39.22:905][  0]LogD3D11RHI: Creating new Direct3DDevice
[2018.03.28-19.39.22:905][  0]LogD3D11RHI:     GPU DeviceId: 0x1401 (for the marketing name, search the web for "GPU Device Id")
[2018.03.28-19.39.22:905][  0]LogWindows: EnumDisplayDevices:
[2018.03.28-19.39.22:905][  0]LogWindows:    0. 'NVIDIA GeForce GTX 960' (P:1 D:1)
[2018.03.28-19.39.22:905][  0]LogWindows:    1. 'NVIDIA GeForce GTX 960' (P:0 D:0)
[2018.03.28-19.39.22:905][  0]LogWindows:    2. 'NVIDIA GeForce GTX 960' (P:0 D:0)
[2018.03.28-19.39.22:906][  0]LogWindows:    3. 'NVIDIA GeForce GTX 960' (P:0 D:0)
[2018.03.28-19.39.22:906][  0]LogWindows:    4. 'Intel(R) HD Graphics 4600' (P:0 D:0)
[2018.03.28-19.39.22:906][  0]LogWindows:    5. 'Intel(R) HD Graphics 4600' (P:0 D:0)
[2018.03.28-19.39.22:906][  0]LogWindows:    6. 'Intel(R) HD Graphics 4600' (P:0 D:0)
[2018.03.28-19.39.22:906][  0]LogWindows: DebugString: PrimaryIsNotTheChoosenAdapter PrimaryIsNotTheChoosenAdapter PrimaryIsNotTheChoosenAdapter FoundDriverCount:4 
[2018.03.28-19.39.22:906][  0]LogD3D11RHI:     Adapter Name: NVIDIA GeForce GTX 960
[2018.03.28-19.39.22:906][  0]LogD3D11RHI:   Driver Version: 376.53 (internal:21.21.13.7653, unified:376.53)
[2018.03.28-19.39.22:906][  0]LogD3D11RHI:      Driver Date: 12-29-2016
[2018.03.28-19.39.22:906][  0]LogRHI: Texture pool is 1411 MB (70% of 2016 MB)
[2018.03.28-19.39.22:919][  0]LogD3D11RHI: Async texture creation enabled
[2018.03.28-19.39.22:933][  0]LogD3D11RHI: GPU Timing Frequency: 1000.000000 (Debug: 2 2)
[2018.03.28-19.39.22:981][  0]LogShaderCompilers: Guid format shader working directory is -22 characters bigger than the processId version (C:/Users/ia474088/Documents/GitHub/VR_SlaveExperience/SlaveVRExperience/Intermediate/Shaders/WorkingDirectory/7632/).
[2018.03.28-19.39.22:981][  0]LogShaderCompilers: Cleaned the shader compiler working directory 'C:/Users/ia474088/AppData/Local/Temp/UnrealShaderWorkingDir/72DDC5B542CB8F71D74403B1E0D1A88A/'.
[2018.03.28-19.39.22:981][  0]LogShaderCompilers: Display: Using Local Shader Compiler.
[2018.03.28-19.39.23:739][  0]LogTemp: Display: Loaded TP AllDesktopTargetPlatform
[2018.03.28-19.39.23:775][  0]LogTemp: Display: Loaded TP MacClientTargetPlatform
[2018.03.28-19.39.23:810][  0]LogTemp: Display: Loaded TP MacNoEditorTargetPlatform
[2018.03.28-19.39.23:845][  0]LogTemp: Display: Loaded TP MacServerTargetPlatform
[2018.03.28-19.39.23:880][  0]LogTemp: Display: Loaded TP MacTargetPlatform
[2018.03.28-19.39.23:916][  0]LogTemp: Display: Loaded TP WindowsClientTargetPlatform
[2018.03.28-19.39.23:952][  0]LogTemp: Display: Loaded TP WindowsNoEditorTargetPlatform
[2018.03.28-19.39.23:986][  0]LogTemp: Display: Loaded TP WindowsServerTargetPlatform
[2018.03.28-19.39.24:014][  0]LogTemp: Display: Loaded TP WindowsTargetPlatform
[2018.03.28-19.39.24:046][  0]LogTemp: Display: Loaded TP Android_ASTCTargetPlatform
[2018.03.28-19.39.24:078][  0]LogTemp: Display: Loaded TP Android_ATCTargetPlatform
[2018.03.28-19.39.24:110][  0]LogTemp: Display: Loaded TP Android_DXTTargetPlatform
[2018.03.28-19.39.24:143][  0]LogTemp: Display: Loaded TP Android_ETC1TargetPlatform
[2018.03.28-19.39.24:177][  0]LogTemp: Display: Loaded TP Android_ETC2TargetPlatform
[2018.03.28-19.39.24:247][  0]LogTemp: Display: Loaded TP Android_MultiTargetPlatform
[2018.03.28-19.39.24:247][  0]LogTemp: Display: Loaded TP Android_PVRTCTargetPlatform
[2018.03.28-19.39.24:281][  0]LogTemp: Display: Loaded TP AndroidTargetPlatform
[2018.03.28-19.39.24:305][  0]LogTemp: Display: Loaded TP HTML5TargetPlatform
[2018.03.28-19.39.24:371][  0]LogTemp: Display: Loaded TP IOSTargetPlatform
[2018.03.28-19.39.24:390][  0]LogTemp: Display: Loaded TP TVOSTargetPlatform
[2018.03.28-19.39.24:428][  0]LogTemp: Display: Loaded TP LinuxClientTargetPlatform
[2018.03.28-19.39.24:462][  0]LogTemp: Display: Loaded TP LinuxNoEditorTargetPlatform
[2018.03.28-19.39.24:496][  0]LogTemp: Display: Loaded TP LinuxServerTargetPlatform
[2018.03.28-19.39.24:532][  0]LogTemp: Display: Loaded TP LinuxTargetPlatform
[2018.03.28-19.39.24:532][  0]LogTargetPlatformManager: Display: Building Assets For Windows
[2018.03.28-19.39.24:841][  0]LogDerivedDataCache: Display: Max Cache Size: 512 MB
[2018.03.28-19.39.24:925][  0]LogDerivedDataCache: Loaded boot cache 0.08s 88MB C:/Users/ia474088/AppData/Local/UnrealEngine/4.18/DerivedDataCache/Boot.ddc.
[2018.03.28-19.39.24:925][  0]LogDerivedDataCache: Display: Loaded Boot cache: C:/Users/ia474088/AppData/Local/UnrealEngine/4.18/DerivedDataCache/Boot.ddc
[2018.03.28-19.39.24:926][  0]LogDerivedDataCache: FDerivedDataBackendGraph:  Pak pak cache file C:/Users/ia474088/Documents/GitHub/VR_SlaveExperience/SlaveVRExperience/DerivedDataCache/DDC.ddp not found, will not use a pak cache.
[2018.03.28-19.39.24:926][  0]LogDerivedDataCache: Unable to find inner node Pak for hierarchical cache Hierarchy.
[2018.03.28-19.39.24:926][  0]LogDerivedDataCache: FDerivedDataBackendGraph:  CompressedPak pak cache file C:/Users/ia474088/Documents/GitHub/VR_SlaveExperience/SlaveVRExperience/DerivedDataCache/Compressed.ddp not found, will not use a pak cache.
[2018.03.28-19.39.24:926][  0]LogDerivedDataCache: Unable to find inner node CompressedPak for hierarchical cache Hierarchy.
[2018.03.28-19.39.24:942][  0]LogDerivedDataCache: Display: Pak cache opened for reading ../../../Engine/DerivedDataCache/Compressed.ddp.
[2018.03.28-19.39.24:953][  0]LogDerivedDataCache: Using Local data cache path C:/Users/ia474088/AppData/Local/UnrealEngine/Common/DerivedDataCache: Writable
[2018.03.28-19.39.24:963][  0]LogMaterial: Verifying Global Shaders for PCD3D_SM5
[2018.03.28-19.39.24:963][  0]LogSlate: Using Freetype 2.6.0
[2018.03.28-19.39.24:964][  0]LogSlate: SlateFontCache - WITH_FREETYPE: 1, WITH_HARFBUZZ: 1
[2018.03.28-19.39.24:964][  0]LogSlate: SlateFontCache - WITH_FREETYPE: 1, WITH_HARFBUZZ: 1
[2018.03.28-19.39.25:273][  0]LogInit: Selected Device Profile: [Windows]
[2018.03.28-19.39.25:506][  0]LogSimplygon: Simplygon DLL not present - disabling.
[2018.03.28-19.39.25:530][  0]LogMeshReduction: Using SimplygonSwarm for distributed automatic mesh merging
[2018.03.28-19.39.25:530][  0]LogMeshReduction: Using QuadricMeshReduction for automatic static mesh reduction
[2018.03.28-19.39.25:530][  0]LogMeshReduction: No automatic skeletal mesh reduction module available
[2018.03.28-19.39.25:530][  0]LogMeshReduction: No automatic mesh merging module available
[2018.03.28-19.39.25:530][  0]LogMeshMerging: No automatic mesh merging module available
[2018.03.28-19.39.25:557][  0]LogNetVersion: SlaveVRExperience , NetCL: 3709383, EngineNetVer: 2, GameNetVer: 0 (Checksum: 4075405704)
[2018.03.28-19.39.25:677][  0]LogAssetRegistry: FAssetRegistry took 0.0258 seconds to start up
[2018.03.28-19.39.26:101][  0]LogPackageLocalizationCache: Processed 7 localized package path(s) for 2 prioritized culture(s) in 0.063167 seconds
[2018.03.28-19.39.26:106][  0]LogUObjectArray: 35870 objects as part of root set at end of initial load.
[2018.03.28-19.39.26:106][  0]LogUObjectAllocator: 7363696 out of 0 bytes used by permanent object pool.
[2018.03.28-19.39.26:106][  0]LogUObjectArray: CloseDisregardForGC: 0/0 objects in disregard for GC pool
[2018.03.28-19.39.26:140][  0]LogInit: WinSock: version 1.1 (2.2), MaxSocks=32767, MaxUdp=65467
[2018.03.28-19.39.28:251][  0]LogTcpMessaging: Initializing TcpMessaging bridge
[2018.03.28-19.39.28:285][  0]LogUdpMessaging: Initializing bridge on interface 0.0.0.0:0 to multicast group 230.0.0.1:6666.
[2018.03.28-19.39.28:854][  0]LogMaterial: Uniform references updated for custom material expression Custom.
[2018.03.28-19.39.29:153][  0]SourceControl: Source control is disabled
[2018.03.28-19.39.29:153][  0]SourceControl: Source control is disabled
[2018.03.28-19.39.29:192][  0]SourceControl: Source control is disabled
[2018.03.28-19.39.29:229][  0]SourceControl: Source control is disabled
[2018.03.28-19.39.29:815][  0]LogAndroidPermission: UAndroidPermissionCallbackProxy::GetInstance
[2018.03.28-19.39.30:013][  0]LogOcInput: OculusInput pre-init called
[2018.03.28-19.39.30:207][  0]LogEngine: Initializing Engine...
[2018.03.28-19.39.35:181][  0]LogHMD: Failed to initialize OpenVR with code 306
[2018.03.28-19.39.35:374][  0]LogStats: UGameplayTagsManager::ConstructGameplayTagTree: Construct from data asset -  0.000 s
[2018.03.28-19.39.35:375][  0]LogStats: UGameplayTagsManager::ConstructGameplayTagTree: GameplayTagTreeChangedEvent.Broadcast -  0.000 s
[2018.03.28-19.39.35:461][  0]LogAIModule: Creating AISystem for world Untitled
[2018.03.28-19.39.35:479][  0]LogInit: XAudio2 using 'Speakers / Headphones (Realtek High Definition Audio)' : 2 channels at 48 kHz using 32 bits per sample (channel mask 0x3)
[2018.03.28-19.39.35:495][  0]LogInit: FAudioDevice initialized.
[2018.03.28-19.39.36:104][  0]LogDerivedDataCache: Saved boot cache 0.61s 88MB C:/Users/ia474088/AppData/Local/UnrealEngine/4.18/DerivedDataCache/Boot.ddc.
[2018.03.28-19.39.36:120][  0]LogInit: Texture streaming: Enabled
[2018.03.28-19.39.36:191][  0]LogEngineSessionManager: EngineSessionManager initialized
[2018.03.28-19.39.36:282][  0]LogInit: Transaction tracking system initialized
[2018.03.28-19.39.36:492][  0]BlueprintLog: New page: Editor Load
[2018.03.28-19.39.37:076][  0]LocalizationService: Localization service is disabled
[2018.03.28-19.39.37:593][  0]LogConsoleResponse: Display: 
[2018.03.28-19.39.37:725][  0]LogCook: Display: Max memory allowance for cook 16384mb min free memory 0mb
[2018.03.28-19.39.37:725][  0]LogCook: Display: Mobile HDR setting 1
[2018.03.28-19.39.37:725][  0]LogGameplayTags: Display: UGameplayTagsManager::DoneAddingNativeTags. DelegateIsBound: 0
[2018.03.28-19.39.38:589][  0]LogFileCache: Scanning file cache for directory 'C:/Users/ia474088/Documents/GitHub/VR_SlaveExperience/SlaveVRExperience/Content/' took 0.01s
[2018.03.28-19.39.38:621][  0]SourceControl: Source control is disabled
[2018.03.28-19.39.38:677][  0]LogWindowsTextInputMethodSystem: Display: IME system now deactivated.
[2018.03.28-19.39.38:699][  0]LogSlate: Took 0.000165 seconds to synchronously load lazily loaded font '../../../Engine/Content/Slate/Fonts/Roboto-Regular.ttf' (155K)
[2018.03.28-19.39.40:202][  0]LogWindowsTextInputMethodSystem: Display: IME system now deactivated.
[2018.03.28-19.39.40:203][  0]LogWindowsTextInputMethodSystem: Display: IME system now deactivated.
[2018.03.28-19.39.40:209][  0]Cmd: MAP LOAD FILE="C:/Users/ia474088/Documents/GitHub/VR_SlaveExperience/SlaveVRExperience/Content/Maps/Levels/Ship.umap" TEMPLATE=0 SHOWPROGRESS=1 FEATURELEVEL=3
[2018.03.28-19.39.40:210][  0]LightingResults: New page: Lighting Build
[2018.03.28-19.39.40:244][  0]MapCheck: New page: Map Check
[2018.03.28-19.39.40:244][  0]LightingResults: New page: Lighting Build
[2018.03.28-19.39.41:225][  0]LogStaticMesh: Building static mesh DM_Ship...
[2018.03.28-19.39.55:760][  0]LogStaticMesh: Built static mesh [14.53s] /Game/Models/ShipUpdate/DM_Ship.DM_Ship
[2018.03.28-19.40.04:066][  0]LogAIModule: Creating AISystem for world Ship
[2018.03.28-19.40.04:392][  0]LogSkinnedMeshComp: Warning: GetSocketByName(GripPoint): No SkeletalMesh for Component(CharacterMesh1P) Actor(FP_FirstPersonCharacter_1)
[2018.03.28-19.40.04:392][  0]LogSkinnedMeshComp: Warning: GetSocketByName(GripPoint): No SkeletalMesh for Component(CharacterMesh1P) Actor(FP_FirstPersonCharacter_1)
[2018.03.28-19.40.04:392][  0]LogSkinnedMeshComp: Warning: GetSocketByName(GripPoint): No SkeletalMesh for Component(CharacterMesh1P) Actor(FP_FirstPersonCharacter_1)
[2018.03.28-19.40.04:397][  0]LogSkinnedMeshComp: Warning: GetSocketByName(GripPoint): No SkeletalMesh for Component(CharacterMesh1P) Actor(FP_FirstPersonCharacter_1)
[2018.03.28-19.40.04:399][  0]LogEditorServer: Finished looking for orphan Actors (0.000 secs)
[2018.03.28-19.40.04:717][  0]Cmd: MAP CHECKDEP NOCLEARLOG
[2018.03.28-19.40.04:768][  0]MapCheck: Map check complete: 0 Error(s), 0 Warning(s), took 50.619ms to complete.
[2018.03.28-19.40.04:768][  0]LogFileHelpers: Loading map 'Ship' took 24.559
[2018.03.28-19.40.04:845][  0]LogStats: Warning: MetaData mismatch. Did you assign a stat to two groups? New //STATGROUP_Threads//SplashScreenThread///Thread_1a54_0///####STATCAT_Advanced#### old //STATGROUP_Threads//SplashScreenThread///Thread_514_0///####STATCAT_Advanced####
[2018.03.28-19.40.04:845][  0]LogCollectionManager: Loaded 0 collections in 0.001089 seconds
[2018.03.28-19.40.04:908][  0]LogFileCache: Scanning file cache for directory 'C:/Users/ia474088/Documents/GitHub/VR_SlaveExperience/SlaveVRExperience/Saved/Collections/' took 0.01s
[2018.03.28-19.40.04:908][  0]LogFileCache: Scanning file cache for directory 'C:/Users/ia474088/Documents/GitHub/VR_SlaveExperience/SlaveVRExperience/Content/Developers/ia474088/Collections/' took 0.01s
[2018.03.28-19.40.04:908][  0]LogFileCache: Scanning file cache for directory 'C:/Users/ia474088/Documents/GitHub/VR_SlaveExperience/SlaveVRExperience/Content/Collections/' took 0.01s
[2018.03.28-19.40.04:908][  0]LogCollectionManager: Rebuilt the GUID cache for 0 collections in 0.000000 seconds
[2018.03.28-19.40.04:916][  0]LogContentBrowser: Native class hierarchy populated in 0.0078 seconds. Added 2370 classes and 522 folders.
[2018.03.28-19.40.04:956][  0]LogContentBrowser: Native class hierarchy updated for 'WidgetCarousel' in 0.0006 seconds. Added 0 classes and 0 folders.
[2018.03.28-19.40.04:985][  0]LogContentBrowser: Native class hierarchy updated for 'AddContentDialog' in 0.0005 seconds. Added 0 classes and 0 folders.
[2018.03.28-19.40.05:013][  0]LogContentBrowser: Native class hierarchy updated for 'SceneOutliner' in 0.0005 seconds. Added 1 classes and 2 folders.
[2018.03.28-19.40.05:041][  0]LogSlate: Took 0.000185 seconds to synchronously load lazily loaded font '../../../Engine/Content/Slate/Fonts/Roboto-Bold.ttf' (160K)
[2018.03.28-19.40.05:046][  0]LogSlate: Took 0.000205 seconds to synchronously load lazily loaded font '../../../Engine/Content/Editor/Slate/Fonts/FontAwesome.ttf' (139K)
[2018.03.28-19.40.05:151][  0]LogRenderer: Reallocating scene render targets to support 1208x660 Format 26 NumSamples 1 (Frame:1).
[2018.03.28-19.40.05:310][  0]LogContentBrowser: Native class hierarchy updated for 'HierarchicalLODOutliner' in 0.0006 seconds. Added 1 classes and 2 folders.
[2018.03.28-19.40.05:310][  0]LogLoad: (Engine Initialization) Total time: 45.33 seconds
[2018.03.28-19.40.05:311][  0]LogLoad: (Engine Initialization) Total Blueprint compile time: 0.00 seconds
[2018.03.28-19.40.05:311][  0]LogExternalProfiler: Found external profiler: VSPerf
[2018.03.28-19.40.05:311][  0]LogExternalProfiler: Using external profiler: VSPerf
[2018.03.28-19.40.05:352][  0]LogContentStreaming: Texture pool size now 1000 MB
[2018.03.28-19.40.05:408][  0]LogSlate: Took 0.000212 seconds to synchronously load lazily loaded font '../../../Engine/Content/Slate/Fonts/Roboto-Light.ttf' (159K)
[2018.03.28-19.40.05:440][  1]LogAssetRegistry: Asset discovery search completed in 39.7860 seconds
[2018.03.28-19.40.05:443][  1]LogCollectionManager: Rebuilt the object cache for 0 collections in 0.000000 seconds (found 0 objects)
[2018.03.28-19.40.05:443][  1]LogCollectionManager: Fixed up redirectors for 0 collections in 0.000044 seconds (updated 0 objects)
[2018.03.28-19.40.05:590][  2]LogScript: Warning: Accessed None trying to read property CallFunc_TryGetPawnOwner_ReturnValue
	Slave_animBP1_C /Engine/Transient.World_0:PersistentLevel.SkeletalMeshActor_0.SkeletalMeshComponent0.Slave_animBP1_C_0
	Function /Game/AI/Slave_animBP1.Slave_animBP1_C:ExecuteUbergraph_Slave_animBP1:0078
[2018.03.28-19.40.05:591][  2]LogScript: Warning: Accessed None trying to read property CallFunc_GetMovementComponent_ReturnValue
	Slave_animBP1_C /Engine/Transient.World_0:PersistentLevel.SkeletalMeshActor_0.SkeletalMeshComponent0.Slave_animBP1_C_0
	Function /Game/AI/Slave_animBP1.Slave_animBP1_C:ExecuteUbergraph_Slave_animBP1:00B7
[2018.03.28-19.40.06:611][ 52]LogSlate: Took 0.000179 seconds to synchronously load lazily loaded font '../../../Engine/Content/Slate/Fonts/Roboto-Light.ttf' (159K)
[2018.03.28-19.40.10:430][403]LogFileCache: Retrieving MD5 hashes for directory 'C:/Users/ia474088/Documents/GitHub/VR_SlaveExperience/SlaveVRExperience/Content/' took 5.10s
[2018.03.28-19.40.14:138][658]LogSlate: Took 0.000142 seconds to synchronously load lazily loaded font '../../../Engine/Content/Slate/Fonts/Roboto-Light.ttf' (159K)
[2018.03.28-19.40.48:487][991]LogSlate: Took 0.000236 seconds to synchronously load lazily loaded font '../../../Engine/Content/Editor/Slate/Fonts/Roboto-BoldCondensed.ttf' (158K)
[2018.03.28-19.43.45:242][419]LogContentBrowser: Native class hierarchy updated for 'SkeletonEditor' in 0.0005 seconds. Added 1 classes and 2 folders.
[2018.03.28-19.43.45:262][419]LogSlate: Took 0.000169 seconds to synchronously load lazily loaded font '../../../Engine/Content/Slate/Fonts/Roboto-Regular.ttf' (155K)
[2018.03.28-19.43.45:643][419]LogMaterial: Missing cached shader map for material M_SkyBox, compiling. 
[2018.03.28-19.43.45:757][419]LogActorComponent: RegisterComponentWithWorld: (/Engine/Transient.World_3:PersistentLevel.Actor_0.DebugSkelMeshComponent_0) Already registered. Aborting.
[2018.03.28-19.43.45:757][419]LogScript: Warning: Accessed None trying to read property CallFunc_TryGetPawnOwner_ReturnValue
	Slave_animBP1_C /Engine/Transient.World_3:PersistentLevel.Actor_0.DebugSkelMeshComponent_0.Slave_animBP1_C_2
	Function /Game/AI/Slave_animBP1.Slave_animBP1_C:ExecuteUbergraph_Slave_animBP1:0078
[2018.03.28-19.43.45:757][419]LogScript: Warning: Accessed None trying to read property CallFunc_GetMovementComponent_ReturnValue
	Slave_animBP1_C /Engine/Transient.World_3:PersistentLevel.Actor_0.DebugSkelMeshComponent_0.Slave_animBP1_C_2
	Function /Game/AI/Slave_animBP1.Slave_animBP1_C:ExecuteUbergraph_Slave_animBP1:00B7
[2018.03.28-19.43.46:087][419]LogContentBrowser: Native class hierarchy updated for 'BlueprintGraph' in 0.0009 seconds. Added 116 classes and 0 folders.
[2018.03.28-19.43.47:065][419]LogSkeletalMesh: USkeletalMeshComponent::InitArticulated : Bodies already created (/Engine/Transient.World_3:PersistentLevel.Actor_0.DebugSkelMeshComponent_0) - call TermArticulated first.
[2018.03.28-19.43.47:778][419]LogScript: Warning: Accessed None trying to read property CallFunc_TryGetPawnOwner_ReturnValue
	Slave_animBP1_C /Engine/Transient.World_3:PersistentLevel.Actor_0.DebugSkelMeshComponent_0.Slave_animBP1_C_2
	Function /Game/AI/Slave_animBP1.Slave_animBP1_C:ExecuteUbergraph_Slave_animBP1:0078
[2018.03.28-19.43.47:778][419]LogScript: Warning: Accessed None trying to read property CallFunc_GetMovementComponent_ReturnValue
	Slave_animBP1_C /Engine/Transient.World_3:PersistentLevel.Actor_0.DebugSkelMeshComponent_0.Slave_animBP1_C_2
	Function /Game/AI/Slave_animBP1.Slave_animBP1_C:ExecuteUbergraph_Slave_animBP1:00B7
[2018.03.28-19.43.47:937][419]LogContentBrowser: Native class hierarchy updated for 'ClothingSystemEditorInterface' in 0.0005 seconds. Added 1 classes and 0 folders.
[2018.03.28-19.43.48:073][420]LogScript: Warning: Accessed None trying to read property CallFunc_TryGetPawnOwner_ReturnValue
	Slave_animBP1_C /Engine/Transient.World_3:PersistentLevel.Actor_0.DebugSkelMeshComponent_0.Slave_animBP1_C_2
	Function /Game/AI/Slave_animBP1.Slave_animBP1_C:ExecuteUbergraph_Slave_animBP1:0078
[2018.03.28-19.43.48:073][420]LogScript: Warning: Accessed None trying to read property CallFunc_GetMovementComponent_ReturnValue
	Slave_animBP1_C /Engine/Transient.World_3:PersistentLevel.Actor_0.DebugSkelMeshComponent_0.Slave_animBP1_C_2
	Function /Game/AI/Slave_animBP1.Slave_animBP1_C:ExecuteUbergraph_Slave_animBP1:00B7
[2018.03.28-19.43.48:108][421]LogScript: Warning: Accessed None trying to read property CallFunc_TryGetPawnOwner_ReturnValue
	Slave_animBP1_C /Engine/Transient.World_3:PersistentLevel.Actor_0.DebugSkelMeshComponent_0.Slave_animBP1_C_2
	Function /Game/AI/Slave_animBP1.Slave_animBP1_C:ExecuteUbergraph_Slave_animBP1:0078
[2018.03.28-19.43.48:108][421]LogScript: Warning: Accessed None trying to read property CallFunc_GetMovementComponent_ReturnValue
	Slave_animBP1_C /Engine/Transient.World_3:PersistentLevel.Actor_0.DebugSkelMeshComponent_0.Slave_animBP1_C_2
	Function /Game/AI/Slave_animBP1.Slave_animBP1_C:ExecuteUbergraph_Slave_animBP1:00B7
[2018.03.28-19.43.48:122][422]LogScript: Warning: Accessed None trying to read property CallFunc_TryGetPawnOwner_ReturnValue
	Slave_animBP1_C /Engine/Transient.World_3:PersistentLevel.Actor_0.DebugSkelMeshComponent_0.Slave_animBP1_C_2
	Function /Game/AI/Slave_animBP1.Slave_animBP1_C:ExecuteUbergraph_Slave_animBP1:0078
[2018.03.28-19.43.48:122][422]LogScript: Warning: Accessed None trying to read property CallFunc_GetMovementComponent_ReturnValue
	Slave_animBP1_C /Engine/Transient.World_3:PersistentLevel.Actor_0.DebugSkelMeshComponent_0.Slave_animBP1_C_2
	Function /Game/AI/Slave_animBP1.Slave_animBP1_C:ExecuteUbergraph_Slave_animBP1:00B7
[2018.03.28-19.43.48:135][423]LogScript: Warning: Accessed None trying to read property CallFunc_TryGetPawnOwner_ReturnValue
	Slave_animBP1_C /Engine/Transient.World_3:PersistentLevel.Actor_0.DebugSkelMeshComponent_0.Slave_animBP1_C_2
	Function /Game/AI/Slave_animBP1.Slave_animBP1_C:ExecuteUbergraph_Slave_animBP1:0078
[2018.03.28-19.43.48:136][423]LogScript: Warning: Accessed None trying to read property CallFunc_GetMovementComponent_ReturnValue
	Slave_animBP1_C /Engine/Transient.World_3:PersistentLevel.Actor_0.DebugSkelMeshComponent_0.Slave_animBP1_C_2
	Function /Game/AI/Slave_animBP1.Slave_animBP1_C:ExecuteUbergraph_Slave_animBP1:00B7
[2018.03.28-19.43.48:148][424]LogScript: Warning: Accessed None trying to read property CallFunc_TryGetPawnOwner_ReturnValue
	Slave_animBP1_C /Engine/Transient.World_3:PersistentLevel.Actor_0.DebugSkelMeshComponent_0.Slave_animBP1_C_2
	Function /Game/AI/Slave_animBP1.Slave_animBP1_C:ExecuteUbergraph_Slave_animBP1:0078
[2018.03.28-19.43.48:148][424]LogScript: Warning: Accessed None trying to read property CallFunc_GetMovementComponent_ReturnValue
	Slave_animBP1_C /Engine/Transient.World_3:PersistentLevel.Actor_0.DebugSkelMeshComponent_0.Slave_animBP1_C_2
	Function /Game/AI/Slave_animBP1.Slave_animBP1_C:ExecuteUbergraph_Slave_animBP1:00B7
[2018.03.28-19.43.48:161][425]LogScript: Warning: Accessed None trying to read property CallFunc_TryGetPawnOwner_ReturnValue
	Slave_animBP1_C /Engine/Transient.World_3:PersistentLevel.Actor_0.DebugSkelMeshComponent_0.Slave_animBP1_C_2
	Function /Game/AI/Slave_animBP1.Slave_animBP1_C:ExecuteUbergraph_Slave_animBP1:0078
[2018.03.28-19.43.48:161][425]LogScript: Warning: Accessed None trying to read property CallFunc_GetMovementComponent_ReturnValue
	Slave_animBP1_C /Engine/Transient.World_3:PersistentLevel.Actor_0.DebugSkelMeshComponent_0.Slave_animBP1_C_2
	Function /Game/AI/Slave_animBP1.Slave_animBP1_C:ExecuteUbergraph_Slave_animBP1:00B7
[2018.03.28-19.43.48:174][426]LogScript: Warning: Accessed None trying to read property CallFunc_TryGetPawnOwner_ReturnValue
	Slave_animBP1_C /Engine/Transient.World_3:PersistentLevel.Actor_0.DebugSkelMeshComponent_0.Slave_animBP1_C_2
	Function /Game/AI/Slave_animBP1.Slave_animBP1_C:ExecuteUbergraph_Slave_animBP1:0078
[2018.03.28-19.43.50:600][554]LogSlate: Took 0.074759 seconds to synchronously load lazily loaded font '../../../Engine/Content/Editor/Slate/Fonts/Roboto-Italic.ttf' (157K)
[2018.03.28-19.49.47:374][130]LogSlate: Warning: Prevented a slow task dialog from being summoned while a context menu was open
[2018.03.28-19.53.17:561][218]LogSlate: Took 0.013668 seconds to synchronously load lazily loaded font '../../../Engine/Content/Editor/Slate/Fonts/Roboto-BoldCondensedItalic.ttf' (160K)
[2018.03.28-19.57.00:196][518]LogFileHelpers: Editor autosave (incl. sublevels) for '/Game/Maps/Levels/Ship' took 0.027
[2018.03.28-19.57.00:694][518]OBJ SavePackage: Generating thumbnails for [1] asset(s) in package [/Game/AI/Slave_animBP1] ([1] browsable assets)...
[2018.03.28-19.57.00:982][518]OBJ SavePackage:     Rendered thumbnail for [AnimBlueprint /Game/AI/Slave_animBP1.Slave_animBP1]
[2018.03.28-19.57.00:982][518]OBJ SavePackage: Finished generating thumbnails for package [/Game/AI/Slave_animBP1]
[2018.03.28-19.57.01:218][518]LogSavePackage: Save=224.09ms
[2018.03.28-19.57.01:218][518]LogSavePackage: Moving 'C:/Users/ia474088/Documents/GitHub/VR_SlaveExperience/SlaveVRExperience/Saved/Slave_animBP1_Auto121D7541C418D33501870D590CD1BE1DD.tmp' to 'C:/Users/ia474088/Documents/GitHub/VR_SlaveExperience/SlaveVRExperience/Saved/Autosaves/Game/AI/Slave_animBP1_Auto1.uasset'
[2018.03.28-19.57.01:220][518]LogSavePackage: Display: Finished SavePackage C:/Users/ia474088/Documents/GitHub/VR_SlaveExperience/SlaveVRExperience/Saved/Autosaves/Game/AI/Slave_animBP1_Auto1.uasset
[2018.03.28-19.57.01:220][518]OBJ SavePackage: Generating thumbnails for [0] asset(s) in package [/Game/AI/TestAIController] ([1] browsable assets)...
[2018.03.28-19.57.01:220][518]OBJ SavePackage: Finished generating thumbnails for package [/Game/AI/TestAIController]
[2018.03.28-19.57.01:251][518]LogSavePackage: Save=22.52ms
[2018.03.28-19.57.01:251][518]LogSavePackage: Moving 'C:/Users/ia474088/Documents/GitHub/VR_SlaveExperience/SlaveVRExperience/Saved/TestAIController_Auto1DDED91724E3FD8E91C7A15A6629E937E.tmp' to 'C:/Users/ia474088/Documents/GitHub/VR_SlaveExperience/SlaveVRExperience/Saved/Autosaves/Game/AI/TestAIController_Auto1.uasset'
[2018.03.28-19.57.01:251][518]LogSavePackage: Display: Finished SavePackage C:/Users/ia474088/Documents/GitHub/VR_SlaveExperience/SlaveVRExperience/Saved/Autosaves/Game/AI/TestAIController_Auto1.uasset
[2018.03.28-19.57.01:252][518]OBJ SavePackage: Generating thumbnails for [0] asset(s) in package [/Game/AI/BehaviorTree/TestAIBehaviorTree] ([1] browsable assets)...
[2018.03.28-19.57.01:252][518]OBJ SavePackage: Finished generating thumbnails for package [/Game/AI/BehaviorTree/TestAIBehaviorTree]
[2018.03.28-19.57.01:279][518]LogSavePackage: Save=20.22ms
[2018.03.28-19.57.01:279][518]LogSavePackage: Moving 'C:/Users/ia474088/Documents/GitHub/VR_SlaveExperience/SlaveVRExperience/Saved/TestAIBehaviorTree_Auto14A25C4074EAF18E9BD83939984221C7A.tmp' to 'C:/Users/ia474088/Documents/GitHub/VR_SlaveExperience/SlaveVRExperience/Saved/Autosaves/Game/AI/BehaviorTree/TestAIBehaviorTree_Auto1.uasset'
[2018.03.28-19.57.01:281][518]LogSavePackage: Display: Finished SavePackage C:/Users/ia474088/Documents/GitHub/VR_SlaveExperience/SlaveVRExperience/Saved/Autosaves/Game/AI/BehaviorTree/TestAIBehaviorTree_Auto1.uasset
[2018.03.28-19.57.01:281][518]OBJ SavePackage: Generating thumbnails for [0] asset(s) in package [/Game/AI/TestAIBlackboard] ([1] browsable assets)...
[2018.03.28-19.57.01:281][518]OBJ SavePackage: Finished generating thumbnails for package [/Game/AI/TestAIBlackboard]
[2018.03.28-19.57.01:295][518]LogSavePackage: Save=6.11ms
[2018.03.28-19.57.01:295][518]LogSavePackage: Moving 'C:/Users/ia474088/Documents/GitHub/VR_SlaveExperience/SlaveVRExperience/Saved/TestAIBlackboard_Auto1760CAF82489E9B9844090C80CF81D88A.tmp' to 'C:/Users/ia474088/Documents/GitHub/VR_SlaveExperience/SlaveVRExperience/Saved/Autosaves/Game/AI/TestAIBlackboard_Auto1.uasset'
[2018.03.28-19.57.01:297][518]LogSavePackage: Display: Finished SavePackage C:/Users/ia474088/Documents/GitHub/VR_SlaveExperience/SlaveVRExperience/Saved/Autosaves/Game/AI/TestAIBlackboard_Auto1.uasset
[2018.03.28-19.57.01:297][518]LogFileHelpers: Auto-saving content packages took 1.099
[2018.03.28-20.02.15:635][937]BlueprintLog: New page: Compile Slave_animBP1
[2018.03.28-20.02.16:038][937]LogScript: Warning: Accessed None trying to read property CallFunc_TryGetPawnOwner_ReturnValue
	Slave_animBP1_C /Engine/Transient.World_0:PersistentLevel.SkeletalMeshActor_0.SkeletalMeshComponent0.Slave_animBP1_C_1
	Function /Game/AI/Slave_animBP1.Slave_animBP1_C:ExecuteUbergraph_Slave_animBP1:0078
[2018.03.28-20.02.16:038][937]LogScript: Warning: Accessed None trying to read property CallFunc_GetMovementComponent_ReturnValue
	Slave_animBP1_C /Engine/Transient.World_0:PersistentLevel.SkeletalMeshActor_0.SkeletalMeshComponent0.Slave_animBP1_C_1
	Function /Game/AI/Slave_animBP1.Slave_animBP1_C:ExecuteUbergraph_Slave_animBP1:00B7
[2018.03.28-20.02.16:039][937]LogScript: Warning: Accessed None trying to read property CallFunc_TryGetPawnOwner_ReturnValue
	Slave_animBP1_C /Engine/Transient.World_3:PersistentLevel.Actor_0.DebugSkelMeshComponent_0.Slave_animBP1_C_3
	Function /Game/AI/Slave_animBP1.Slave_animBP1_C:ExecuteUbergraph_Slave_animBP1:0078
[2018.03.28-20.02.16:039][937]LogScript: Warning: Accessed None trying to read property CallFunc_GetMovementComponent_ReturnValue
	Slave_animBP1_C /Engine/Transient.World_3:PersistentLevel.Actor_0.DebugSkelMeshComponent_0.Slave_animBP1_C_3
	Function /Game/AI/Slave_animBP1.Slave_animBP1_C:ExecuteUbergraph_Slave_animBP1:00B7
[2018.03.28-20.02.16:191][938]LogScript: Warning: Accessed None trying to read property CallFunc_TryGetPawnOwner_ReturnValue
	Slave_animBP1_C /Engine/Transient.World_3:PersistentLevel.Actor_0.DebugSkelMeshComponent_0.Slave_animBP1_C_3
	Function /Game/AI/Slave_animBP1.Slave_animBP1_C:ExecuteUbergraph_Slave_animBP1:0078
[2018.03.28-20.02.16:191][938]LogScript: Warning: Accessed None trying to read property CallFunc_GetMovementComponent_ReturnValue
	Slave_animBP1_C /Engine/Transient.World_3:PersistentLevel.Actor_0.DebugSkelMeshComponent_0.Slave_animBP1_C_3
	Function /Game/AI/Slave_animBP1.Slave_animBP1_C:ExecuteUbergraph_Slave_animBP1:00B7
[2018.03.28-20.02.16:204][939]LogScript: Warning: Accessed None trying to read property CallFunc_TryGetPawnOwner_ReturnValue
	Slave_animBP1_C /Engine/Transient.World_3:PersistentLevel.Actor_0.DebugSkelMeshComponent_0.Slave_animBP1_C_3
	Function /Game/AI/Slave_animBP1.Slave_animBP1_C:ExecuteUbergraph_Slave_animBP1:0078
[2018.03.28-20.02.16:204][939]LogScript: Warning: Accessed None trying to read property CallFunc_GetMovementComponent_ReturnValue
	Slave_animBP1_C /Engine/Transient.World_3:PersistentLevel.Actor_0.DebugSkelMeshComponent_0.Slave_animBP1_C_3
	Function /Game/AI/Slave_animBP1.Slave_animBP1_C:ExecuteUbergraph_Slave_animBP1:00B7
[2018.03.28-20.02.16:217][940]LogScript: Warning: Accessed None trying to read property CallFunc_TryGetPawnOwner_ReturnValue
	Slave_animBP1_C /Engine/Transient.World_3:PersistentLevel.Actor_0.DebugSkelMeshComponent_0.Slave_animBP1_C_3
	Function /Game/AI/Slave_animBP1.Slave_animBP1_C:ExecuteUbergraph_Slave_animBP1:0078
[2018.03.28-20.02.16:217][940]LogScript: Warning: Accessed None trying to read property CallFunc_GetMovementComponent_ReturnValue
	Slave_animBP1_C /Engine/Transient.World_3:PersistentLevel.Actor_0.DebugSkelMeshComponent_0.Slave_animBP1_C_3
	Function /Game/AI/Slave_animBP1.Slave_animBP1_C:ExecuteUbergraph_Slave_animBP1:00B7
[2018.03.28-20.02.16:232][941]LogScript: Warning: Accessed None trying to read property CallFunc_TryGetPawnOwner_ReturnValue
	Slave_animBP1_C /Engine/Transient.World_3:PersistentLevel.Actor_0.DebugSkelMeshComponent_0.Slave_animBP1_C_3
	Function /Game/AI/Slave_animBP1.Slave_animBP1_C:ExecuteUbergraph_Slave_animBP1:0078
[2018.03.28-20.02.16:232][941]LogScript: Warning: Accessed None trying to read property CallFunc_GetMovementComponent_ReturnValue
	Slave_animBP1_C /Engine/Transient.World_3:PersistentLevel.Actor_0.DebugSkelMeshComponent_0.Slave_animBP1_C_3
	Function /Game/AI/Slave_animBP1.Slave_animBP1_C:ExecuteUbergraph_Slave_animBP1:00B7
[2018.03.28-20.02.16:244][942]LogScript: Warning: Accessed None trying to read property CallFunc_TryGetPawnOwner_ReturnValue
	Slave_animBP1_C /Engine/Transient.World_3:PersistentLevel.Actor_0.DebugSkelMeshComponent_0.Slave_animBP1_C_3
	Function /Game/AI/Slave_animBP1.Slave_animBP1_C:ExecuteUbergraph_Slave_animBP1:0078
[2018.03.28-20.02.16:244][942]LogScript: Warning: Accessed None trying to read property CallFunc_GetMovementComponent_ReturnValue
	Slave_animBP1_C /Engine/Transient.World_3:PersistentLevel.Actor_0.DebugSkelMeshComponent_0.Slave_animBP1_C_3
	Function /Game/AI/Slave_animBP1.Slave_animBP1_C:ExecuteUbergraph_Slave_animBP1:00B7
[2018.03.28-20.02.16:257][943]LogScript: Warning: Accessed None trying to read property CallFunc_TryGetPawnOwner_ReturnValue
	Slave_animBP1_C /Engine/Transient.World_3:PersistentLevel.Actor_0.DebugSkelMeshComponent_0.Slave_animBP1_C_3
	Function /Game/AI/Slave_animBP1.Slave_animBP1_C:ExecuteUbergraph_Slave_animBP1:0078
[2018.03.28-20.02.16:257][943]LogScript: Warning: Accessed None trying to read property CallFunc_GetMovementComponent_ReturnValue
	Slave_animBP1_C /Engine/Transient.World_3:PersistentLevel.Actor_0.DebugSkelMeshComponent_0.Slave_animBP1_C_3
	Function /Game/AI/Slave_animBP1.Slave_animBP1_C:ExecuteUbergraph_Slave_animBP1:00B7
[2018.03.28-20.02.16:272][944]LogScript: Warning: Accessed None trying to read property CallFunc_TryGetPawnOwner_ReturnValue
	Slave_animBP1_C /Engine/Transient.World_3:PersistentLevel.Actor_0.DebugSkelMeshComponent_0.Slave_animBP1_C_3
	Function /Game/AI/Slave_animBP1.Slave_animBP1_C:ExecuteUbergraph_Slave_animBP1:0078
[2018.03.28-20.02.16:272][944]LogScript: Warning: Accessed None trying to read property CallFunc_GetMovementComponent_ReturnValue
	Slave_animBP1_C /Engine/Transient.World_3:PersistentLevel.Actor_0.DebugSkelMeshComponent_0.Slave_animBP1_C_3
	Function /Game/AI/Slave_animBP1.Slave_animBP1_C:ExecuteUbergraph_Slave_animBP1:00B7
[2018.03.28-20.02.16:287][945]LogScript: Warning: Accessed None trying to read property CallFunc_TryGetPawnOwner_ReturnValue
	Slave_animBP1_C /Engine/Transient.World_3:PersistentLevel.Actor_0.DebugSkelMeshComponent_0.Slave_animBP1_C_3
	Function /Game/AI/Slave_animBP1.Slave_animBP1_C:ExecuteUbergraph_Slave_animBP1:0078
[2018.03.28-20.02.16:956][967]Cmd: OBJ SAVEPACKAGE PACKAGE="/Game/AI/Slave_animBP1" FILE="C:/Users/ia474088/Documents/GitHub/VR_SlaveExperience/SlaveVRExperience/Content/AI/Slave_animBP1.uasset" SILENT=true
[2018.03.28-20.02.17:084][967]LogSavePackage: Save=118.20ms
[2018.03.28-20.02.17:084][967]LogSavePackage: Moving 'C:/Users/ia474088/Documents/GitHub/VR_SlaveExperience/SlaveVRExperience/Saved/Slave_animBP15B63B6CB490EEA6CEB970FA8335450B9.tmp' to 'C:/Users/ia474088/Documents/GitHub/VR_SlaveExperience/SlaveVRExperience/Content/AI/Slave_animBP1.uasset'
[2018.03.28-20.02.17:093][967]LogSavePackage: Display: Finished SavePackage C:/Users/ia474088/Documents/GitHub/VR_SlaveExperience/SlaveVRExperience/Content/AI/Slave_animBP1.uasset
[2018.03.28-20.08.00:922][342]LogFileHelpers: Editor autosave (incl. sublevels) for '/Game/Maps/Levels/Ship' took 0.030
[2018.03.28-20.08.00:924][342]OBJ SavePackage: Generating thumbnails for [1] asset(s) in package [/Game/AI/Slave_animBP1] ([1] browsable assets)...
[2018.03.28-20.08.00:939][342]OBJ SavePackage:     Rendered thumbnail for [AnimBlueprint /Game/AI/Slave_animBP1.Slave_animBP1]
[2018.03.28-20.08.00:939][342]OBJ SavePackage: Finished generating thumbnails for package [/Game/AI/Slave_animBP1]
[2018.03.28-20.08.01:067][342]LogSavePackage: Save=118.49ms
[2018.03.28-20.08.01:067][342]LogSavePackage: Moving 'C:/Users/ia474088/Documents/GitHub/VR_SlaveExperience/SlaveVRExperience/Saved/Slave_animBP1_Auto216CA238A491D557C9B5B6D8411D0B1B7.tmp' to 'C:/Users/ia474088/Documents/GitHub/VR_SlaveExperience/SlaveVRExperience/Saved/Autosaves/Game/AI/Slave_animBP1_Auto2.uasset'
[2018.03.28-20.08.01:068][342]LogSavePackage: Display: Finished SavePackage C:/Users/ia474088/Documents/GitHub/VR_SlaveExperience/SlaveVRExperience/Saved/Autosaves/Game/AI/Slave_animBP1_Auto2.uasset
[2018.03.28-20.08.01:068][342]OBJ SavePackage: Generating thumbnails for [0] asset(s) in package [/Game/AI/BehaviorTree/TimedWork] ([1] browsable assets)...
[2018.03.28-20.08.01:068][342]OBJ SavePackage: Finished generating thumbnails for package [/Game/AI/BehaviorTree/TimedWork]
[2018.03.28-20.08.01:096][342]LogSavePackage: Save=19.39ms
[2018.03.28-20.08.01:096][342]LogSavePackage: Moving 'C:/Users/ia474088/Documents/GitHub/VR_SlaveExperience/SlaveVRExperience/Saved/TimedWork_Auto2719FA4A747A6EEE49F97C8A4B23507AB.tmp' to 'C:/Users/ia474088/Documents/GitHub/VR_SlaveExperience/SlaveVRExperience/Saved/Autosaves/Game/AI/BehaviorTree/TimedWork_Auto2.uasset'
[2018.03.28-20.08.01:098][342]LogSavePackage: Display: Finished SavePackage C:/Users/ia474088/Documents/GitHub/VR_SlaveExperience/SlaveVRExperience/Saved/Autosaves/Game/AI/BehaviorTree/TimedWork_Auto2.uasset
[2018.03.28-20.08.01:098][342]LogFileHelpers: Auto-saving content packages took 0.175
