Log file open, 02/07/18 16:49:19
LogWindows: Failed to load 'aqProf.dll' (GetLastError=126)
LogWindows: File 'aqProf.dll' does not exist
LogWindows: Failed to load 'VtuneApi.dll' (GetLastError=126)
LogWindows: File 'VtuneApi.dll' does not exist
LogWindows: Failed to load 'VtuneApi32e.dll' (GetLastError=126)
LogWindows: File 'VtuneApi32e.dll' does not exist
LogInit: Display: Running engine for game: SlaveVRExperience
LogPlatformFile: Not using cached read wrapper
LogInit: Display: RandInit(160171851) SRandInit(160171852).
LogInit: Read version file with build ID '3709383'
LogInit: Overriding engine version to CL 3832480, compatible CL 3709383
LogInit: Registered custom module enumerator with build ID '3709383'
LogTaskGraph: Started task graph with 5 named threads and 14 total threads with 3 sets of task threads.
LogStats: Stats thread started at 0.155863
LogD3D11RHI: Aftermath initialized
LogPluginManager: Mounting plugin Paper2D
LogPluginManager: Mounting plugin LightPropagationVolume
LogPluginManager: Mounting plugin CodeLiteSourceCodeAccess
LogPluginManager: Mounting plugin GitSourceControl
LogPluginManager: Mounting plugin KDevelopSourceCodeAccess
LogPluginManager: Mounting plugin NullSourceCodeAccess
LogPluginManager: Mounting plugin PerforceSourceControl
LogPluginManager: Mounting plugin SubversionSourceControl
LogPluginManager: Mounting plugin UObjectPlugin
LogPluginManager: Mounting plugin VisualStudioCodeSourceCodeAccess
LogPluginManager: Mounting plugin VisualStudioSourceCodeAccess
LogPluginManager: Mounting plugin XCodeSourceCodeAccess
LogPluginManager: Mounting plugin AssetManagerEditor
LogPluginManager: Mounting plugin AudioCapture
LogPluginManager: Mounting plugin FacialAnimation
LogPluginManager: Mounting plugin GameplayTagsEditor
LogPluginManager: Mounting plugin MobileLauncherProfileWizard
LogPluginManager: Mounting plugin PluginBrowser
LogPluginManager: Mounting plugin SpeedTreeImporter
LogPluginManager: Mounting plugin AlembicImporter
LogPluginManager: Mounting plugin CharacterAI
LogPluginManager: Mounting plugin HTML5Networking
LogPluginManager: Mounting plugin AndroidMedia
LogPluginManager: Mounting plugin AvfMedia
LogPluginManager: Mounting plugin ImgMedia
LogPluginManager: Mounting plugin MediaCompositing
LogPluginManager: Mounting plugin MediaPlayerEditor
LogPluginManager: Mounting plugin WmfMedia
LogPluginManager: Mounting plugin TcpMessaging
LogPluginManager: Mounting plugin UdpMessaging
LogPluginManager: Mounting plugin ActorSequence
LogPluginManager: Mounting plugin LevelSequenceEditor
LogPluginManager: Mounting plugin MatineeToLevelSequence
LogPluginManager: Mounting plugin OnlineSubsystemGooglePlay
LogPluginManager: Mounting plugin OnlineSubsystemIOS
LogPluginManager: Mounting plugin OnlineSubsystem
LogPluginManager: Mounting plugin OnlineSubsystemNull
LogPluginManager: Mounting plugin OnlineSubsystemUtils
LogPluginManager: Mounting plugin AndroidDeviceProfileSelector
LogPluginManager: Mounting plugin AndroidMoviePlayer
LogPluginManager: Mounting plugin AndroidPermission
LogPluginManager: Mounting plugin AppleARKit
LogPluginManager: Mounting plugin AppleMoviePlayer
LogPluginManager: Mounting plugin ArchVisCharacter
LogPluginManager: Mounting plugin CableComponent
LogPluginManager: Mounting plugin CustomMeshComponent
LogPluginManager: Mounting plugin ExampleDeviceProfileSelector
LogPluginManager: Mounting plugin GoogleCloudMessaging
LogPluginManager: Mounting plugin ImmediatePhysics
LogPluginManager: Mounting plugin IOSDeviceProfileSelector
LogPluginManager: Mounting plugin LinuxDeviceProfileSelector
LogPluginManager: Mounting plugin LocationServicesBPLibrary
LogPluginManager: Mounting plugin MobilePatchingUtils
LogPluginManager: Mounting plugin OculusVR
LogPluginManager: Plugin shader directory ../../../Engine/Plugins/Runtime/Oculus/OculusVR/Shaders found
LogPluginManager: Mapping shader source directory ../../../Engine/Plugins/Runtime/Oculus/OculusVR/Shaders to virtual directory /Plugin/OculusVR
LogPluginManager: Mounting plugin PhysXVehicles
LogPluginManager: Mounting plugin ProceduralMeshComponent
LogPluginManager: Mounting plugin RuntimePhysXCooking
LogPluginManager: Mounting plugin SteamVR
LogPluginManager: Mounting plugin WindowsMoviePlayer
LogModuleManager: Display: Found up-to-date module file C:/Users/ia474088/Documents/GitHub/VR_SlaveExperience/SlaveVRExperience/Binaries/Win64/UE4Editor-SlaveVRExperience.dll (API version 3709383).
LogModuleManager: Display: Found up-to-date module file ../../../Engine/Plugins/2D/Paper2D/Binaries/Win64/UE4Editor-Paper2D.dll (API version 3709383).
LogModuleManager: Display: Found up-to-date module file ../../../Engine/Plugins/2D/Paper2D/Binaries/Win64/UE4Editor-Paper2DEditor.dll (API version 3709383).
LogModuleManager: Display: Found up-to-date module file ../../../Engine/Plugins/2D/Paper2D/Binaries/Win64/UE4Editor-PaperSpriteSheetImporter.dll (API version 3709383).
LogModuleManager: Display: Found up-to-date module file ../../../Engine/Plugins/2D/Paper2D/Binaries/Win64/UE4Editor-PaperTiledImporter.dll (API version 3709383).
LogModuleManager: Display: Found up-to-date module file ../../../Engine/Plugins/2D/Paper2D/Binaries/Win64/UE4Editor-SmartSnapping.dll (API version 3709383).
LogModuleManager: Display: Found up-to-date module file ../../../Engine/Plugins/Blendables/LightPropagationVolume/Binaries/Win64/UE4Editor-LightPropagationVolumeRuntime.dll (API version 3709383).
LogModuleManager: Display: Found up-to-date module file ../../../Engine/Plugins/Blendables/LightPropagationVolume/Binaries/Win64/UE4Editor-LightPropagationVolumeEditor.dll (API version 3709383).
LogModuleManager: Display: Found up-to-date module file ../../../Engine/Plugins/Developer/GitSourceControl/Binaries/Win64/UE4Editor-GitSourceControl.dll (API version 3709383).
LogModuleManager: Display: Found up-to-date module file ../../../Engine/Plugins/Developer/PerforceSourceControl/Binaries/Win64/UE4Editor-PerforceSourceControl.dll (API version 3709383).
LogModuleManager: Display: Found up-to-date module file ../../../Engine/Plugins/Developer/SubversionSourceControl/Binaries/Win64/UE4Editor-SubversionSourceControl.dll (API version 3709383).
LogModuleManager: Display: Found up-to-date module file ../../../Engine/Plugins/Developer/UObjectPlugin/Binaries/Win64/UE4Editor-UObjectPlugin.dll (API version 3709383).
LogModuleManager: Display: Found up-to-date module file ../../../Engine/Plugins/Developer/VisualStudioCodeSourceCodeAccess/Binaries/Win64/UE4Editor-VisualStudioCodeSourceCodeAccess.dll (API version 3709383).
LogModuleManager: Display: Found up-to-date module file ../../../Engine/Plugins/Developer/VisualStudioSourceCodeAccess/Binaries/Win64/UE4Editor-VisualStudioSourceCodeAccess.dll (API version 3709383).
LogModuleManager: Display: Found up-to-date module file ../../../Engine/Plugins/Editor/AssetManagerEditor/Binaries/Win64/UE4Editor-AssetManagerEditor.dll (API version 3709383).
LogModuleManager: Display: Found up-to-date module file ../../../Engine/Plugins/Editor/AudioCapture/Binaries/Win64/UE4Editor-AudioCapture.dll (API version 3709383).
LogModuleManager: Display: Found up-to-date module file ../../../Engine/Plugins/Editor/FacialAnimation/Binaries/Win64/UE4Editor-FacialAnimation.dll (API version 3709383).
LogModuleManager: Display: Found up-to-date module file ../../../Engine/Plugins/Editor/FacialAnimation/Binaries/Win64/UE4Editor-FacialAnimationEditor.dll (API version 3709383).
LogModuleManager: Display: Found up-to-date module file ../../../Engine/Plugins/Editor/GameplayTagsEditor/Binaries/Win64/UE4Editor-GameplayTagsEditor.dll (API version 3709383).
LogModuleManager: Display: Found up-to-date module file ../../../Engine/Plugins/Editor/MobileLauncherProfileWizard/Binaries/Win64/UE4Editor-MobileLauncherProfileWizard.dll (API version 3709383).
LogModuleManager: Display: Found up-to-date module file ../../../Engine/Plugins/Editor/PluginBrowser/Binaries/Win64/UE4Editor-PluginBrowser.dll (API version 3709383).
LogModuleManager: Display: Found up-to-date module file ../../../Engine/Plugins/Editor/SpeedTreeImporter/Binaries/Win64/UE4Editor-SpeedTreeImporter.dll (API version 3709383).
LogModuleManager: Display: Found up-to-date module file ../../../Engine/Plugins/Experimental/AlembicImporter/Binaries/Win64/UE4Editor-AlembicImporter.dll (API version 3709383).
LogModuleManager: Display: Found up-to-date module file ../../../Engine/Plugins/Experimental/AlembicImporter/Binaries/Win64/UE4Editor-AlembicLibrary.dll (API version 3709383).
LogModuleManager: Display: Found up-to-date module file ../../../Engine/Plugins/Experimental/CharacterAI/Binaries/Win64/UE4Editor-CharacterAI.dll (API version 3709383).
LogModuleManager: Display: Found up-to-date module file ../../../Engine/Plugins/Experimental/HTML5Networking/Binaries/Win64/UE4Editor-HTML5Networking.dll (API version 3709383).
LogModuleManager: Display: Found up-to-date module file ../../../Engine/Plugins/Media/AndroidMedia/Binaries/Win64/UE4Editor-AndroidMediaEditor.dll (API version 3709383).
LogModuleManager: Display: Found up-to-date module file ../../../Engine/Plugins/Media/AndroidMedia/Binaries/Win64/UE4Editor-AndroidMediaFactory.dll (API version 3709383).
LogModuleManager: Display: Found up-to-date module file ../../../Engine/Plugins/Media/AvfMedia/Binaries/Win64/UE4Editor-AvfMediaEditor.dll (API version 3709383).
LogModuleManager: Display: Found up-to-date module file ../../../Engine/Plugins/Media/AvfMedia/Binaries/Win64/UE4Editor-AvfMediaFactory.dll (API version 3709383).
LogModuleManager: Display: Found up-to-date module file ../../../Engine/Plugins/Media/AvfMedia/Binaries/Win64/UE4Editor-AvfMediaFactory.dll (API version 3709383).
LogModuleManager: Display: Found up-to-date module file ../../../Engine/Plugins/Media/ImgMedia/Binaries/Win64/UE4Editor-ImgMedia.dll (API version 3709383).
LogModuleManager: Display: Found up-to-date module file ../../../Engine/Plugins/Media/ImgMedia/Binaries/Win64/UE4Editor-ImgMediaEditor.dll (API version 3709383).
LogModuleManager: Display: Found up-to-date module file ../../../Engine/Plugins/Media/ImgMedia/Binaries/Win64/UE4Editor-ImgMediaFactory.dll (API version 3709383).
LogModuleManager: Display: Found up-to-date module file ../../../Engine/Plugins/Media/ImgMedia/Binaries/Win64/UE4Editor-ImgMediaFactory.dll (API version 3709383).
LogModuleManager: Display: Found up-to-date module file ../../../Engine/Plugins/Media/ImgMedia/Binaries/Win64/UE4Editor-OpenExrWrapper.dll (API version 3709383).
LogModuleManager: Display: Found up-to-date module file ../../../Engine/Plugins/Media/MediaCompositing/Binaries/Win64/UE4Editor-MediaCompositing.dll (API version 3709383).
LogModuleManager: Display: Found up-to-date module file ../../../Engine/Plugins/Media/MediaCompositing/Binaries/Win64/UE4Editor-MediaCompositingEditor.dll (API version 3709383).
LogModuleManager: Display: Found up-to-date module file ../../../Engine/Plugins/Media/MediaPlayerEditor/Binaries/Win64/UE4Editor-MediaPlayerEditor.dll (API version 3709383).
LogModuleManager: Display: Found up-to-date module file ../../../Engine/Plugins/Media/WmfMedia/Binaries/Win64/UE4Editor-WmfMedia.dll (API version 3709383).
LogModuleManager: Display: Found up-to-date module file ../../../Engine/Plugins/Media/WmfMedia/Binaries/Win64/UE4Editor-WmfMediaEditor.dll (API version 3709383).
LogModuleManager: Display: Found up-to-date module file ../../../Engine/Plugins/Media/WmfMedia/Binaries/Win64/UE4Editor-WmfMediaFactory.dll (API version 3709383).
LogModuleManager: Display: Found up-to-date module file ../../../Engine/Plugins/Media/WmfMedia/Binaries/Win64/UE4Editor-WmfMediaFactory.dll (API version 3709383).
LogModuleManager: Display: Found up-to-date module file ../../../Engine/Plugins/Messaging/TcpMessaging/Binaries/Win64/UE4Editor-TcpMessaging.dll (API version 3709383).
LogModuleManager: Display: Found up-to-date module file ../../../Engine/Plugins/Messaging/UdpMessaging/Binaries/Win64/UE4Editor-UdpMessaging.dll (API version 3709383).
LogModuleManager: Display: Found up-to-date module file ../../../Engine/Plugins/MovieScene/ActorSequence/Binaries/Win64/UE4Editor-ActorSequence.dll (API version 3709383).
LogModuleManager: Display: Found up-to-date module file ../../../Engine/Plugins/MovieScene/LevelSequenceEditor/Binaries/Win64/UE4Editor-LevelSequenceEditor.dll (API version 3709383).
LogModuleManager: Display: Found up-to-date module file ../../../Engine/Plugins/MovieScene/MatineeToLevelSequence/Binaries/Win64/UE4Editor-MatineeToLevelSequence.dll (API version 3709383).
LogModuleManager: Display: Found up-to-date module file ../../../Engine/Plugins/Online/OnlineSubsystem/Binaries/Win64/UE4Editor-OnlineSubsystem.dll (API version 3709383).
LogModuleManager: Display: Found up-to-date module file ../../../Engine/Plugins/Online/OnlineSubsystemNull/Binaries/Win64/UE4Editor-OnlineSubsystemNull.dll (API version 3709383).
LogModuleManager: Display: Found up-to-date module file ../../../Engine/Plugins/Online/OnlineSubsystemUtils/Binaries/Win64/UE4Editor-OnlineSubsystemUtils.dll (API version 3709383).
LogModuleManager: Display: Found up-to-date module file ../../../Engine/Plugins/Online/OnlineSubsystemUtils/Binaries/Win64/UE4Editor-OnlineBlueprintSupport.dll (API version 3709383).
LogModuleManager: Display: Found up-to-date module file ../../../Engine/Plugins/Runtime/AndroidDeviceProfileSelector/Binaries/Win64/UE4Editor-AndroidDeviceProfileSelector.dll (API version 3709383).
LogModuleManager: Display: Found up-to-date module file ../../../Engine/Plugins/Runtime/AndroidPermission/Binaries/Win64/UE4Editor-AndroidPermission.dll (API version 3709383).
LogModuleManager: Display: Found up-to-date module file ../../../Engine/Plugins/Runtime/AppleARKit/Binaries/Win64/UE4Editor-AppleARKit.dll (API version 3709383).
LogModuleManager: Display: Found up-to-date module file ../../../Engine/Plugins/Runtime/ArchVisCharacter/Binaries/Win64/UE4Editor-ArchVisCharacter.dll (API version 3709383).
LogModuleManager: Display: Found up-to-date module file ../../../Engine/Plugins/Runtime/CableComponent/Binaries/Win64/UE4Editor-CableComponent.dll (API version 3709383).
LogModuleManager: Display: Found up-to-date module file ../../../Engine/Plugins/Runtime/CustomMeshComponent/Binaries/Win64/UE4Editor-CustomMeshComponent.dll (API version 3709383).
LogModuleManager: Display: Found up-to-date module file ../../../Engine/Plugins/Runtime/ExampleDeviceProfileSelector/Binaries/Win64/UE4Editor-ExampleDeviceProfileSelector.dll (API version 3709383).
LogModuleManager: Display: Found up-to-date module file ../../../Engine/Plugins/Runtime/ImmediatePhysics/Binaries/Win64/UE4Editor-ImmediatePhysics.dll (API version 3709383).
LogModuleManager: Display: Found up-to-date module file ../../../Engine/Plugins/Runtime/ImmediatePhysics/Binaries/Win64/UE4Editor-ImmediatePhysicsEditor.dll (API version 3709383).
LogModuleManager: Display: Found up-to-date module file ../../../Engine/Plugins/Runtime/LocationServicesBPLibrary/Binaries/Win64/UE4Editor-LocationServicesBPLibrary.dll (API version 3709383).
LogModuleManager: Display: Found up-to-date module file ../../../Engine/Plugins/Runtime/MobilePatchingUtils/Binaries/Win64/UE4Editor-MobilePatchingUtils.dll (API version 3709383).
LogModuleManager: Display: Found up-to-date module file ../../../Engine/Plugins/Runtime/Oculus/OculusVR/Binaries/Win64/UE4Editor-OculusHMD.dll (API version 3709383).
LogModuleManager: Display: Found up-to-date module file ../../../Engine/Plugins/Runtime/Oculus/OculusVR/Binaries/Win64/UE4Editor-OculusInput.dll (API version 3709383).
LogModuleManager: Display: Found up-to-date module file ../../../Engine/Plugins/Runtime/Oculus/OculusVR/Binaries/Win64/UE4Editor-OculusEditor.dll (API version 3709383).
LogModuleManager: Display: Found up-to-date module file ../../../Engine/Plugins/Runtime/PhysXVehicles/Binaries/Win64/UE4Editor-PhysXVehicles.dll (API version 3709383).
LogModuleManager: Display: Found up-to-date module file ../../../Engine/Plugins/Runtime/PhysXVehicles/Binaries/Win64/UE4Editor-PhysXVehiclesEditor.dll (API version 3709383).
LogModuleManager: Display: Found up-to-date module file ../../../Engine/Plugins/Runtime/ProceduralMeshComponent/Binaries/Win64/UE4Editor-ProceduralMeshComponent.dll (API version 3709383).
LogModuleManager: Display: Found up-to-date module file ../../../Engine/Plugins/Runtime/ProceduralMeshComponent/Binaries/Win64/UE4Editor-ProceduralMeshComponentEditor.dll (API version 3709383).
LogModuleManager: Display: Found up-to-date module file ../../../Engine/Plugins/Runtime/RuntimePhysXCooking/Binaries/Win64/UE4Editor-RuntimePhysXCooking.dll (API version 3709383).
LogModuleManager: Display: Found up-to-date module file ../../../Engine/Plugins/Runtime/Steam/SteamVR/Binaries/Win64/UE4Editor-SteamVR.dll (API version 3709383).
LogModuleManager: Display: Found up-to-date module file ../../../Engine/Plugins/Runtime/Steam/SteamVR/Binaries/Win64/UE4Editor-SteamVRController.dll (API version 3709383).
LogModuleManager: Display: Found up-to-date module file ../../../Engine/Plugins/Runtime/WindowsMoviePlayer/Binaries/Win64/UE4Editor-WindowsMoviePlayer.dll (API version 3709383).
LogInit: Using libcurl 7.47.1
LogInit:  - built for x86_64-pc-win32
LogInit:  - supports SSL with OpenSSL/1.0.2g
LogInit:  - supports HTTP deflate (compression) using libz 1.2.8
LogInit:  - other features:
LogInit:      CURL_VERSION_SSL
LogInit:      CURL_VERSION_LIBZ
LogInit:      CURL_VERSION_IPV6
LogInit:      CURL_VERSION_ASYNCHDNS
LogInit:      CURL_VERSION_LARGEFILE
LogInit:      CURL_VERSION_IDN
LogInit:  CurlRequestOptions (configurable via config and command line):
LogInit:  - bVerifyPeer = false  - Libcurl will NOT verify peer certificate
LogInit:  - bUseHttpProxy = false  - Libcurl will NOT use HTTP proxy
LogInit:  - bDontReuseConnections = false  - Libcurl will reuse connections
LogInit:  - CertBundlePath = nullptr  - Libcurl will use whatever was configured at build time.
LogInit: Build: ++UE4+Release-4.18-CL-3832480
LogInit: Engine Version: 4.18.3-3832480+++UE4+Release-4.18
LogInit: Compatible Engine Version: 4.18.0-3709383+++UE4+Release-4.18
LogInit: Net CL: 3709383
LogDevObjectVersion: Number of dev versions registered: 16
LogDevObjectVersion:   Dev-Blueprints (B0D832E4-1F89-4F0D-ACCF-7EB736FD4AA2): 10
LogDevObjectVersion:   Dev-Build (E1C64328-A22C-4D53-A36C-8E866417BD8C): 0
LogDevObjectVersion:   Dev-Core (375EC13C-06E4-48FB-B500-84F0262A717E): 2
LogDevObjectVersion:   Dev-Editor (E4B068ED-F494-42E9-A231-DA0B2E46BB41): 20
LogDevObjectVersion:   Dev-Framework (CFFC743F-43B0-4480-9391-14DF171D2073): 30
LogDevObjectVersion:   Dev-Mobile (B02B49B5-BB20-44E9-A304-32B752E40360): 0
LogDevObjectVersion:   Dev-Networking (A4E4105C-59A1-49B5-A7C5-40C4547EDFEE): 0
LogDevObjectVersion:   Dev-Online (39C831C9-5AE6-47DC-9A44-9C173E1C8E7C): 0
LogDevObjectVersion:   Dev-Physics (78F01B33-EBEA-4F98-B9B4-84EACCB95AA2): 0
LogDevObjectVersion:   Dev-Platform (6631380F-2D4D-43E0-8009-CF276956A95A): 0
LogDevObjectVersion:   Dev-Rendering (12F88B9F-8875-4AFC-A67C-D90C383ABD29): 20
LogDevObjectVersion:   Dev-Sequencer (7B5AE74C-D270-4C10-A958-57980B212A5A): 4
LogDevObjectVersion:   Dev-VR (D7296918-1DD6-4BDD-9DE2-64A83CC13884): 0
LogDevObjectVersion:   Dev-LoadTimes (C2A15278-BFE7-4AFE-6C17-90FF531DF755): 1
LogDevObjectVersion:   Private-Geometry (6EACA3D4-40EC-4CC1-B786-8BED09428FC5): 1
LogDevObjectVersion:   Dev-AnimPhys (29E575DD-E0A3-4627-9D10-D276232CDCEA): 12
LogInit: Compiled (64-bit): Jan 12 2018 02:04:55
LogInit: Compiled with Visual C++: 19.00.24215.01
LogInit: Build Configuration: Development
LogInit: Branch Name: ++UE4+Release-4.18
LogInit: Command line:  
LogInit: Base directory: D:/Epic Games/UE_4.18/Engine/Binaries/Win64/
LogInit: Installed Engine Build: 1
LogInit: Presizing for max 8388607 objects, including 0 objects not considered by GC, pre-allocating 0 bytes for permanent pool.
LogInit: Object subsystem initialized
[2018.02.07-21.49.21:025][  0]LogInit: Selected Device Profile: [Windows]
[2018.02.07-21.49.21:025][  0]LogInit: Applying CVar settings loaded from the selected device profile: [Windows]
[2018.02.07-21.49.21:035][  0]LogInit: Computer: CAH812110809
[2018.02.07-21.49.21:035][  0]LogInit: User: ia474088
[2018.02.07-21.49.21:035][  0]LogInit: CPU Page size=4096, Cores=4
[2018.02.07-21.49.21:035][  0]LogInit: High frequency timer resolution =3.906252 MHz
[2018.02.07-21.49.21:036][  0]LogMemory: Memory total: Physical=15.9GB (16GB approx)
[2018.02.07-21.49.21:036][  0]LogMemory: Platform Memory Stats for Windows
[2018.02.07-21.49.21:036][  0]LogMemory: Process Physical Memory: 272.64 MB used, 272.64 MB peak
[2018.02.07-21.49.21:036][  0]LogMemory: Process Virtual Memory: 270.16 MB used, 270.16 MB peak
[2018.02.07-21.49.21:036][  0]LogMemory: Physical Memory: 4169.19 MB used,  12129.71 MB free, 16298.90 MB total
[2018.02.07-21.49.21:036][  0]LogMemory: Virtual Memory: 644.48 MB used,  12129.71 MB free, 134217728.00 MB total
[2018.02.07-21.49.21:120][  0]LogInit: Using OS detected language (en-US).
[2018.02.07-21.49.21:120][  0]LogInit: Using OS detected locale (en-US).
[2018.02.07-21.49.21:122][  0]LogTextLocalizationManager: No specific localization for 'en-US' exists, so the 'en' localization will be used.
[2018.02.07-21.49.21:472][  0]LogInit: Setting process to per monitor DPI aware
[2018.02.07-21.49.21:656][  0]LogD3D11RHI: D3D11 adapters:
[2018.02.07-21.49.21:681][  0]LogD3D11RHI:    0. 'NVIDIA GeForce GTX 960' (Feature Level 11_0)
[2018.02.07-21.49.21:681][  0]LogD3D11RHI:       2016/0/8149 MB DedicatedVideo/DedicatedSystem/SharedSystem, Outputs:1, VendorId:0x10de
[2018.02.07-21.49.21:687][  0]LogD3D11RHI:    1. 'Intel(R) HD Graphics 4600' (Feature Level 11_0)
[2018.02.07-21.49.21:687][  0]LogD3D11RHI:       112/0/2048 MB DedicatedVideo/DedicatedSystem/SharedSystem, Outputs:0, VendorId:0x8086
[2018.02.07-21.49.21:689][  0]LogD3D11RHI:    2. 'Microsoft Basic Render Driver' (Feature Level 11_0)
[2018.02.07-21.49.21:689][  0]LogD3D11RHI:       0/0/8149 MB DedicatedVideo/DedicatedSystem/SharedSystem, Outputs:0, VendorId:0x1414
[2018.02.07-21.49.21:689][  0]LogD3D11RHI: Chosen D3D11 Adapter: 0
[2018.02.07-21.49.21:693][  0]LogD3D11RHI: Creating new Direct3DDevice
[2018.02.07-21.49.21:693][  0]LogD3D11RHI:     GPU DeviceId: 0x1401 (for the marketing name, search the web for "GPU Device Id")
[2018.02.07-21.49.21:694][  0]LogWindows: EnumDisplayDevices:
[2018.02.07-21.49.21:694][  0]LogWindows:    0. 'NVIDIA GeForce GTX 960' (P:1 D:1)
[2018.02.07-21.49.21:694][  0]LogWindows:    1. 'NVIDIA GeForce GTX 960' (P:0 D:0)
[2018.02.07-21.49.21:694][  0]LogWindows:    2. 'NVIDIA GeForce GTX 960' (P:0 D:0)
[2018.02.07-21.49.21:694][  0]LogWindows:    3. 'NVIDIA GeForce GTX 960' (P:0 D:0)
[2018.02.07-21.49.21:694][  0]LogWindows:    4. 'Intel(R) HD Graphics 4600' (P:0 D:0)
[2018.02.07-21.49.21:694][  0]LogWindows:    5. 'Intel(R) HD Graphics 4600' (P:0 D:0)
[2018.02.07-21.49.21:694][  0]LogWindows:    6. 'Intel(R) HD Graphics 4600' (P:0 D:0)
[2018.02.07-21.49.21:694][  0]LogWindows: DebugString: PrimaryIsNotTheChoosenAdapter PrimaryIsNotTheChoosenAdapter PrimaryIsNotTheChoosenAdapter FoundDriverCount:4 
[2018.02.07-21.49.21:694][  0]LogD3D11RHI:     Adapter Name: NVIDIA GeForce GTX 960
[2018.02.07-21.49.21:694][  0]LogD3D11RHI:   Driver Version: 376.53 (internal:21.21.13.7653, unified:376.53)
[2018.02.07-21.49.21:694][  0]LogD3D11RHI:      Driver Date: 12-29-2016
[2018.02.07-21.49.21:694][  0]LogRHI: Texture pool is 1411 MB (70% of 2016 MB)
[2018.02.07-21.49.21:708][  0]LogD3D11RHI: Async texture creation enabled
[2018.02.07-21.49.21:718][  0]LogD3D11RHI: GPU Timing Frequency: 1000.000000 (Debug: 2 1)
[2018.02.07-21.49.21:767][  0]LogShaderCompilers: Guid format shader working directory is -22 characters bigger than the processId version (C:/Users/ia474088/Documents/GitHub/VR_SlaveExperience/SlaveVRExperience/Intermediate/Shaders/WorkingDirectory/5652/).
[2018.02.07-21.49.21:767][  0]LogShaderCompilers: Cleaned the shader compiler working directory 'C:/Users/ia474088/AppData/Local/Temp/UnrealShaderWorkingDir/93581DF946B7681D938984A4032AEE89/'.
[2018.02.07-21.49.21:767][  0]LogShaderCompilers: Display: Using Local Shader Compiler.
[2018.02.07-21.49.22:519][  0]LogTemp: Display: Loaded TP AllDesktopTargetPlatform
[2018.02.07-21.49.22:551][  0]LogTemp: Display: Loaded TP MacClientTargetPlatform
[2018.02.07-21.49.22:584][  0]LogTemp: Display: Loaded TP MacNoEditorTargetPlatform
[2018.02.07-21.49.22:615][  0]LogTemp: Display: Loaded TP MacServerTargetPlatform
[2018.02.07-21.49.22:648][  0]LogTemp: Display: Loaded TP MacTargetPlatform
[2018.02.07-21.49.22:680][  0]LogTemp: Display: Loaded TP WindowsClientTargetPlatform
[2018.02.07-21.49.22:712][  0]LogTemp: Display: Loaded TP WindowsNoEditorTargetPlatform
[2018.02.07-21.49.22:745][  0]LogTemp: Display: Loaded TP WindowsServerTargetPlatform
[2018.02.07-21.49.22:771][  0]LogTemp: Display: Loaded TP WindowsTargetPlatform
[2018.02.07-21.49.22:806][  0]LogTemp: Display: Loaded TP Android_ASTCTargetPlatform
[2018.02.07-21.49.22:839][  0]LogTemp: Display: Loaded TP Android_ATCTargetPlatform
[2018.02.07-21.49.22:871][  0]LogTemp: Display: Loaded TP Android_DXTTargetPlatform
[2018.02.07-21.49.22:905][  0]LogTemp: Display: Loaded TP Android_ETC1TargetPlatform
[2018.02.07-21.49.22:937][  0]LogTemp: Display: Loaded TP Android_ETC2TargetPlatform
[2018.02.07-21.49.23:005][  0]LogTemp: Display: Loaded TP Android_MultiTargetPlatform
[2018.02.07-21.49.23:005][  0]LogTemp: Display: Loaded TP Android_PVRTCTargetPlatform
[2018.02.07-21.49.23:037][  0]LogTemp: Display: Loaded TP AndroidTargetPlatform
[2018.02.07-21.49.23:059][  0]LogTemp: Display: Loaded TP HTML5TargetPlatform
[2018.02.07-21.49.23:124][  0]LogTemp: Display: Loaded TP IOSTargetPlatform
[2018.02.07-21.49.23:142][  0]LogTemp: Display: Loaded TP TVOSTargetPlatform
[2018.02.07-21.49.23:176][  0]LogTemp: Display: Loaded TP LinuxClientTargetPlatform
[2018.02.07-21.49.23:209][  0]LogTemp: Display: Loaded TP LinuxNoEditorTargetPlatform
[2018.02.07-21.49.23:242][  0]LogTemp: Display: Loaded TP LinuxServerTargetPlatform
[2018.02.07-21.49.23:274][  0]LogTemp: Display: Loaded TP LinuxTargetPlatform
[2018.02.07-21.49.23:274][  0]LogTargetPlatformManager: Display: Building Assets For Windows
[2018.02.07-21.49.23:543][  0]LogDerivedDataCache: Display: Max Cache Size: 512 MB
[2018.02.07-21.49.23:617][  0]LogDerivedDataCache: Loaded boot cache 0.07s 79MB C:/Users/ia474088/AppData/Local/UnrealEngine/4.18/DerivedDataCache/Boot.ddc.
[2018.02.07-21.49.23:617][  0]LogDerivedDataCache: Display: Loaded Boot cache: C:/Users/ia474088/AppData/Local/UnrealEngine/4.18/DerivedDataCache/Boot.ddc
[2018.02.07-21.49.23:617][  0]LogDerivedDataCache: FDerivedDataBackendGraph:  Pak pak cache file C:/Users/ia474088/Documents/GitHub/VR_SlaveExperience/SlaveVRExperience/DerivedDataCache/DDC.ddp not found, will not use a pak cache.
[2018.02.07-21.49.23:617][  0]LogDerivedDataCache: Unable to find inner node Pak for hierarchical cache Hierarchy.
[2018.02.07-21.49.23:617][  0]LogDerivedDataCache: FDerivedDataBackendGraph:  CompressedPak pak cache file C:/Users/ia474088/Documents/GitHub/VR_SlaveExperience/SlaveVRExperience/DerivedDataCache/Compressed.ddp not found, will not use a pak cache.
[2018.02.07-21.49.23:617][  0]LogDerivedDataCache: Unable to find inner node CompressedPak for hierarchical cache Hierarchy.
[2018.02.07-21.49.23:631][  0]LogDerivedDataCache: Display: Pak cache opened for reading ../../../Engine/DerivedDataCache/Compressed.ddp.
[2018.02.07-21.49.23:644][  0]LogDerivedDataCache: Using Local data cache path C:/Users/ia474088/AppData/Local/UnrealEngine/Common/DerivedDataCache: Writable
[2018.02.07-21.49.23:653][  0]LogMaterial: Verifying Global Shaders for PCD3D_SM5
[2018.02.07-21.49.23:653][  0]LogSlate: Using Freetype 2.6.0
[2018.02.07-21.49.23:654][  0]LogSlate: SlateFontCache - WITH_FREETYPE: 1, WITH_HARFBUZZ: 1
[2018.02.07-21.49.23:654][  0]LogSlate: SlateFontCache - WITH_FREETYPE: 1, WITH_HARFBUZZ: 1
[2018.02.07-21.49.23:935][  0]LogInit: Selected Device Profile: [Windows]
[2018.02.07-21.49.24:152][  0]LogSimplygon: Simplygon DLL not present - disabling.
[2018.02.07-21.49.24:175][  0]LogMeshReduction: Using SimplygonSwarm for distributed automatic mesh merging
[2018.02.07-21.49.24:175][  0]LogMeshReduction: Using QuadricMeshReduction for automatic static mesh reduction
[2018.02.07-21.49.24:175][  0]LogMeshReduction: No automatic skeletal mesh reduction module available
[2018.02.07-21.49.24:175][  0]LogMeshReduction: No automatic mesh merging module available
[2018.02.07-21.49.24:175][  0]LogMeshMerging: No automatic mesh merging module available
[2018.02.07-21.49.24:194][  0]LogNetVersion: SlaveVRExperience , NetCL: 3709383, EngineNetVer: 2, GameNetVer: 0 (Checksum: 4075405704)
[2018.02.07-21.49.24:322][  0]LogAssetRegistry: FAssetRegistry took 0.0256 seconds to start up
[2018.02.07-21.49.24:723][  0]LogPackageLocalizationCache: Processed 7 localized package path(s) for 2 prioritized culture(s) in 0.061156 seconds
[2018.02.07-21.49.24:728][  0]LogUObjectArray: 35870 objects as part of root set at end of initial load.
[2018.02.07-21.49.24:728][  0]LogUObjectAllocator: 7363704 out of 0 bytes used by permanent object pool.
[2018.02.07-21.49.24:728][  0]LogUObjectArray: CloseDisregardForGC: 0/0 objects in disregard for GC pool
[2018.02.07-21.49.24:756][  0]LogInit: WinSock: version 1.1 (2.2), MaxSocks=32767, MaxUdp=65467
[2018.02.07-21.49.26:628][  0]LogTcpMessaging: Initializing TcpMessaging bridge
[2018.02.07-21.49.26:657][  0]LogUdpMessaging: Initializing bridge on interface 0.0.0.0:0 to multicast group 230.0.0.1:6666.
[2018.02.07-21.49.27:111][  0]LogMaterial: Uniform references updated for custom material expression Custom.
[2018.02.07-21.49.27:386][  0]SourceControl: Source control is disabled
[2018.02.07-21.49.27:386][  0]SourceControl: Source control is disabled
[2018.02.07-21.49.27:418][  0]SourceControl: Source control is disabled
[2018.02.07-21.49.27:452][  0]SourceControl: Source control is disabled
[2018.02.07-21.49.27:933][  0]LogAndroidPermission: UAndroidPermissionCallbackProxy::GetInstance
[2018.02.07-21.49.28:093][  0]LogOcInput: OculusInput pre-init called
[2018.02.07-21.49.28:267][  0]LogEngine: Initializing Engine...
[2018.02.07-21.49.30:497][  0]LogHMD: SteamVR initialized.  Driver: lighthouse  Display: LHR-CCE699A8
[2018.02.07-21.49.30:712][  0]LogStats: UGameplayTagsManager::ConstructGameplayTagTree: Construct from data asset -  0.000 s
[2018.02.07-21.49.30:712][  0]LogStats: UGameplayTagsManager::ConstructGameplayTagTree: GameplayTagTreeChangedEvent.Broadcast -  0.000 s
[2018.02.07-21.49.30:801][  0]LogAIModule: Creating AISystem for world Untitled
[2018.02.07-21.49.30:824][  0]LogInit: XAudio2 using 'Speakers / Headphones (Realtek High Definition Audio)' : 2 channels at 48 kHz using 32 bits per sample (channel mask 0x3)
[2018.02.07-21.49.30:950][  0]LogInit: FAudioDevice initialized.
[2018.02.07-21.49.31:446][  0]LogDerivedDataCache: Saved boot cache 0.50s 79MB C:/Users/ia474088/AppData/Local/UnrealEngine/4.18/DerivedDataCache/Boot.ddc.
[2018.02.07-21.49.31:456][  0]LogInit: Texture streaming: Enabled
[2018.02.07-21.49.31:515][  0]LogEngineSessionManager: EngineSessionManager initialized
[2018.02.07-21.49.31:593][  0]LogInit: Transaction tracking system initialized
[2018.02.07-21.49.31:781][  0]BlueprintLog: New page: Editor Load
[2018.02.07-21.49.32:315][  0]LocalizationService: Localization service is disabled
[2018.02.07-21.49.32:771][  0]LogConsoleResponse: Display: 
[2018.02.07-21.49.32:911][  0]LogCook: Display: Max memory allowance for cook 16384mb min free memory 0mb
[2018.02.07-21.49.32:911][  0]LogCook: Display: Mobile HDR setting 1
[2018.02.07-21.49.32:911][  0]LogGameplayTags: Display: UGameplayTagsManager::DoneAddingNativeTags. DelegateIsBound: 0
[2018.02.07-21.49.33:643][  0]LogFileCache: Scanning file cache for directory 'C:/Users/ia474088/Documents/GitHub/VR_SlaveExperience/SlaveVRExperience/Content/' took 0.02s
[2018.02.07-21.49.33:673][  0]SourceControl: Source control is disabled
[2018.02.07-21.49.33:674][  0]Cmd: MAP LOAD FILE="C:/Users/ia474088/Documents/GitHub/VR_SlaveExperience/SlaveVRExperience/Content/Maps/Levels/Ship.umap" TEMPLATE=0 SHOWPROGRESS=1 FEATURELEVEL=3
[2018.02.07-21.49.33:674][  0]LightingResults: New page: Lighting Build
[2018.02.07-21.49.33:700][  0]MapCheck: New page: Map Check
[2018.02.07-21.49.33:701][  0]LightingResults: New page: Lighting Build
[2018.02.07-21.49.34:868][  0]LogAIModule: Creating AISystem for world Ship
[2018.02.07-21.49.35:194][  0]LogEditorServer: Finished looking for orphan Actors (0.000 secs)
[2018.02.07-21.49.35:372][  0]Cmd: MAP CHECKDEP NOCLEARLOG
[2018.02.07-21.49.35:414][  0]MapCheck: Map check complete: 0 Error(s), 0 Warning(s), took 41.605ms to complete.
[2018.02.07-21.49.35:414][  0]LogFileHelpers: Loading map 'Ship' took 1.741
[2018.02.07-21.49.35:536][  0]LogCollectionManager: Loaded 0 collections in 0.000679 seconds
[2018.02.07-21.49.35:597][  0]LogFileCache: Scanning file cache for directory 'C:/Users/ia474088/Documents/GitHub/VR_SlaveExperience/SlaveVRExperience/Saved/Collections/' took 0.01s
[2018.02.07-21.49.35:597][  0]LogFileCache: Scanning file cache for directory 'C:/Users/ia474088/Documents/GitHub/VR_SlaveExperience/SlaveVRExperience/Content/Developers/ia474088/Collections/' took 0.01s
[2018.02.07-21.49.35:597][  0]LogFileCache: Scanning file cache for directory 'C:/Users/ia474088/Documents/GitHub/VR_SlaveExperience/SlaveVRExperience/Content/Collections/' took 0.01s
[2018.02.07-21.49.35:597][  0]LogCollectionManager: Rebuilt the GUID cache for 0 collections in 0.000000 seconds
[2018.02.07-21.49.35:605][  0]LogContentBrowser: Native class hierarchy populated in 0.0078 seconds. Added 2364 classes and 521 folders.
[2018.02.07-21.49.35:645][  0]LogContentBrowser: Native class hierarchy updated for 'WidgetCarousel' in 0.0005 seconds. Added 0 classes and 0 folders.
[2018.02.07-21.49.35:673][  0]LogContentBrowser: Native class hierarchy updated for 'AddContentDialog' in 0.0004 seconds. Added 0 classes and 0 folders.
[2018.02.07-21.49.35:700][  0]LogContentBrowser: Native class hierarchy updated for 'SceneOutliner' in 0.0004 seconds. Added 1 classes and 2 folders.
[2018.02.07-21.49.35:727][  0]LogSlate: Took 0.000177 seconds to synchronously load lazily loaded font '../../../Engine/Content/Slate/Fonts/Roboto-Regular.ttf' (155K)
[2018.02.07-21.49.35:729][  0]LogSlate: Took 0.000184 seconds to synchronously load lazily loaded font '../../../Engine/Content/Slate/Fonts/Roboto-Bold.ttf' (160K)
[2018.02.07-21.49.35:734][  0]LogSlate: Took 0.000192 seconds to synchronously load lazily loaded font '../../../Engine/Content/Editor/Slate/Fonts/FontAwesome.ttf' (139K)
[2018.02.07-21.49.35:826][  0]LogRenderer: Reallocating scene render targets to support 1208x660 Format 26 NumSamples 1 (Frame:1).
[2018.02.07-21.49.35:977][  0]LogContentBrowser: Native class hierarchy updated for 'HierarchicalLODOutliner' in 0.0006 seconds. Added 1 classes and 2 folders.
[2018.02.07-21.49.35:977][  0]LogLoad: (Engine Initialization) Total time: 16.76 seconds
[2018.02.07-21.49.35:977][  0]LogLoad: (Engine Initialization) Total Blueprint compile time: 0.00 seconds
[2018.02.07-21.49.35:977][  0]LogExternalProfiler: Found external profiler: VSPerf
[2018.02.07-21.49.35:977][  0]LogExternalProfiler: Using external profiler: VSPerf
[2018.02.07-21.49.36:336][  0]LogContentStreaming: Texture pool size now 1000 MB
[2018.02.07-21.49.36:381][  0]LogSlate: Took 0.000224 seconds to synchronously load lazily loaded font '../../../Engine/Content/Slate/Fonts/Roboto-Light.ttf' (159K)
[2018.02.07-21.49.36:658][  1]LogAssetRegistry: Asset discovery search completed in 12.3579 seconds
[2018.02.07-21.49.36:660][  1]LogCollectionManager: Rebuilt the object cache for 0 collections in 0.000000 seconds (found 0 objects)
[2018.02.07-21.49.36:660][  1]LogCollectionManager: Fixed up redirectors for 0 collections in 0.000056 seconds (updated 0 objects)
[2018.02.07-21.50.24:826][593]LogSlate: Took 0.000129 seconds to synchronously load lazily loaded font '../../../Engine/Content/Slate/Fonts/Roboto-Light.ttf' (159K)
[2018.02.07-21.51.09:191][653]LogTemp: Repeating last play command: VR Preview
[2018.02.07-21.51.09:260][653]LogBlueprintUserMessages: Early PlayInEditor Detection: Level '/Game/Maps/Levels/Ship.Ship:PersistentLevel' has LevelScriptBlueprint '/Game/Maps/Levels/Ship.Ship:PersistentLevel.Ship' with GeneratedClass '/Game/Maps/Levels/Ship.Ship_C' with ClassGeneratedBy '/Game/Maps/Levels/Ship.Ship:PersistentLevel.Ship'
[2018.02.07-21.51.09:260][653]LogPlayLevel: PlayLevel: No blueprints needed recompiling
[2018.02.07-21.51.09:261][653]PIE: New page: PIE session: Ship (Feb 7, 2018, 11:51:09 AM)
[2018.02.07-21.51.09:261][653]LogPlayLevel: Creating play world package: /Game/Maps/Levels/UEDPIE_0_Ship
[2018.02.07-21.51.09:671][653]LogPlayLevel: PIE: StaticDuplicateObject took: (0.409860s)
[2018.02.07-21.51.09:672][653]LogAIModule: Creating AISystem for world Ship
[2018.02.07-21.51.09:672][653]LogPlayLevel: PIE: World Init took: (0.001055s)
[2018.02.07-21.51.09:672][653]LogPlayLevel: PIE: Created PIE world by copying editor world from /Game/Maps/Levels/Ship.Ship to /Game/Maps/Levels/UEDPIE_0_Ship.Ship (0.411317s)
[2018.02.07-21.51.09:694][653]LogInit: XAudio2 using 'Speakers / Headphones (Realtek High Definition Audio)' : 2 channels at 48 kHz using 32 bits per sample (channel mask 0x3)
[2018.02.07-21.51.09:704][653]LogInit: FAudioDevice initialized.
[2018.02.07-21.51.09:794][653]LogLoad: Game class is 'NewGameMode_C'
[2018.02.07-21.51.09:822][653]LogWorld: Bringing World /Game/Maps/Levels/UEDPIE_0_Ship.Ship up for play (max tick rate 0) at 2018.02.07-16.51.09
[2018.02.07-21.51.09:824][653]LogWorld: Bringing up level for play took: 0.028876
[2018.02.07-21.51.09:853][653]LogContentBrowser: Native class hierarchy updated for 'MovieSceneCapture' in 0.0005 seconds. Added 11 classes and 0 folders.
[2018.02.07-21.51.09:864][653]PIE: Play in editor start time for /Game/Maps/Levels/UEDPIE_0_Ship 0.847
[2018.02.07-21.51.09:864][653]LogBlueprintUserMessages: Late PlayInEditor Detection: Level '/Game/Maps/Levels/Ship.Ship:PersistentLevel' has LevelScriptBlueprint '/Game/Maps/Levels/Ship.Ship:PersistentLevel.Ship' with GeneratedClass '/Game/Maps/Levels/Ship.Ship_C' with ClassGeneratedBy '/Game/Maps/Levels/Ship.Ship:PersistentLevel.Ship'
[2018.02.07-21.51.09:929][654]LogRenderer: Reallocating scene render targets to support 2160x1200 Format 26 NumSamples 1 (Frame:1).
[2018.02.07-21.51.12:595][889]LogBlueprintUserMessages: Early EndPlayMap Detection: Level '/Game/Maps/Levels/Ship.Ship:PersistentLevel' has LevelScriptBlueprint '/Game/Maps/Levels/Ship.Ship:PersistentLevel.Ship' with GeneratedClass '/Game/Maps/Levels/Ship.Ship_C' with ClassGeneratedBy '/Game/Maps/Levels/Ship.Ship:PersistentLevel.Ship'
[2018.02.07-21.51.12:744][889]LogBlueprintUserMessages: Late EndPlayMap Detection: Level '/Game/Maps/Levels/Ship.Ship:PersistentLevel' has LevelScriptBlueprint '/Game/Maps/Levels/Ship.Ship:PersistentLevel.Ship' with GeneratedClass '/Game/Maps/Levels/Ship.Ship_C' with ClassGeneratedBy '/Game/Maps/Levels/Ship.Ship:PersistentLevel.Ship'
[2018.02.07-21.51.16:083][169]LogEditorViewport: Clicking on Actor (LMB): StaticMeshActor (TopDeck_Base)
[2018.02.07-21.51.16:508][190]LogEditorViewport: Clicking on Actor (LMB): MotionControllerPawn_C (MotionControllerPawn)
[2018.02.07-21.51.22:542][649]LogTemp: Repeating last play command: VR Preview
[2018.02.07-21.51.22:557][649]LogBlueprintUserMessages: Early PlayInEditor Detection: Level '/Game/Maps/Levels/Ship.Ship:PersistentLevel' has LevelScriptBlueprint '/Game/Maps/Levels/Ship.Ship:PersistentLevel.Ship' with GeneratedClass '/Game/Maps/Levels/Ship.Ship_C' with ClassGeneratedBy '/Game/Maps/Levels/Ship.Ship:PersistentLevel.Ship'
[2018.02.07-21.51.22:557][649]LogPlayLevel: PlayLevel: No blueprints needed recompiling
[2018.02.07-21.51.22:557][649]PIE: New page: PIE session: Ship (Feb 7, 2018, 11:51:22 AM)
[2018.02.07-21.51.22:557][649]LogPlayLevel: Creating play world package: /Game/Maps/Levels/UEDPIE_0_Ship
[2018.02.07-21.51.22:706][649]LogPlayLevel: PIE: StaticDuplicateObject took: (0.149034s)
[2018.02.07-21.51.22:707][649]LogAIModule: Creating AISystem for world Ship
[2018.02.07-21.51.22:707][649]LogPlayLevel: PIE: World Init took: (0.000686s)
[2018.02.07-21.51.22:707][649]LogPlayLevel: PIE: Created PIE world by copying editor world from /Game/Maps/Levels/Ship.Ship to /Game/Maps/Levels/UEDPIE_0_Ship.Ship (0.150023s)
[2018.02.07-21.51.22:757][649]LogInit: XAudio2 using 'Speakers / Headphones (Realtek High Definition Audio)' : 2 channels at 48 kHz using 32 bits per sample (channel mask 0x3)
[2018.02.07-21.51.22:767][649]LogInit: FAudioDevice initialized.
[2018.02.07-21.51.22:855][649]LogLoad: Game class is 'NewGameMode_C'
[2018.02.07-21.51.22:887][649]LogWorld: Bringing World /Game/Maps/Levels/UEDPIE_0_Ship.Ship up for play (max tick rate 0) at 2018.02.07-16.51.22
[2018.02.07-21.51.22:889][649]LogWorld: Bringing up level for play took: 0.033724
[2018.02.07-21.51.22:897][649]PIE: Play in editor start time for /Game/Maps/Levels/UEDPIE_0_Ship -0.12
[2018.02.07-21.51.22:898][649]LogBlueprintUserMessages: Late PlayInEditor Detection: Level '/Game/Maps/Levels/Ship.Ship:PersistentLevel' has LevelScriptBlueprint '/Game/Maps/Levels/Ship.Ship:PersistentLevel.Ship' with GeneratedClass '/Game/Maps/Levels/Ship.Ship_C' with ClassGeneratedBy '/Game/Maps/Levels/Ship.Ship:PersistentLevel.Ship'
[2018.02.07-21.55.21:598][505]LogCharacterMovement: NPC3_728 is stuck and failed to move! Velocity: X=39.65 Y=24.65 Z=0.00 Location: X=1016.86 Y=632.44 Z=579.15 Normal: X=-0.78 Y=-0.50 Z=-0.39 PenetrationDepth:7.710 Actor:BP_MotionController_C_1 Component:HandMesh BoneName:hand_r (0 other events since notify)
[2018.02.07-21.57.40:696][596]LogBlueprintUserMessages: Early EndPlayMap Detection: Level '/Game/Maps/Levels/Ship.Ship:PersistentLevel' has LevelScriptBlueprint '/Game/Maps/Levels/Ship.Ship:PersistentLevel.Ship' with GeneratedClass '/Game/Maps/Levels/Ship.Ship_C' with ClassGeneratedBy '/Game/Maps/Levels/Ship.Ship:PersistentLevel.Ship'
[2018.02.07-21.57.40:847][596]LogBlueprintUserMessages: Late EndPlayMap Detection: Level '/Game/Maps/Levels/Ship.Ship:PersistentLevel' has LevelScriptBlueprint '/Game/Maps/Levels/Ship.Ship:PersistentLevel.Ship' with GeneratedClass '/Game/Maps/Levels/Ship.Ship_C' with ClassGeneratedBy '/Game/Maps/Levels/Ship.Ship:PersistentLevel.Ship'
