Log file open, 01/10/18 19:24:56
LogWindows: Failed to load 'aqProf.dll' (GetLastError=126)
LogWindows: File 'aqProf.dll' does not exist
LogWindows: Failed to load 'VtuneApi.dll' (GetLastError=126)
LogWindows: File 'VtuneApi.dll' does not exist
LogWindows: Failed to load 'VtuneApi32e.dll' (GetLastError=126)
LogWindows: File 'VtuneApi32e.dll' does not exist
LogInit: Display: Running engine for game: SlaveVRExperience
LogPlatformFile: Not using cached read wrapper
LogInit: Display: RandInit(-740785542) SRandInit(-740785541).
LogInit: Read version file with build ID '3709383'
LogInit: Overriding engine version to CL 3794801, compatible CL 3709383
LogInit: Registered custom module enumerator with build ID '3709383'
LogTaskGraph: Started task graph with 5 named threads and 14 total threads with 3 sets of task threads.
LogStats: Stats thread started at 46.018955
LogD3D11RHI: Aftermath initialized
LogModuleManager: Display: Found up-to-date module file ../../../Engine/Plugins/2D/Paper2D/Binaries/Win64/UE4Editor-Paper2D.dll (API version 3709383).
LogModuleManager: Display: Found up-to-date module file ../../../Engine/Plugins/2D/Paper2D/Binaries/Win64/UE4Editor-Paper2DEditor.dll (API version 3709383).
LogModuleManager: Display: Found up-to-date module file ../../../Engine/Plugins/2D/Paper2D/Binaries/Win64/UE4Editor-PaperSpriteSheetImporter.dll (API version 3709383).
LogModuleManager: Display: Found up-to-date module file ../../../Engine/Plugins/2D/Paper2D/Binaries/Win64/UE4Editor-PaperTiledImporter.dll (API version 3709383).
LogModuleManager: Display: Found up-to-date module file ../../../Engine/Plugins/2D/Paper2D/Binaries/Win64/UE4Editor-SmartSnapping.dll (API version 3709383).
LogModuleManager: Display: Found up-to-date module file ../../../Engine/Plugins/Blendables/LightPropagationVolume/Binaries/Win64/UE4Editor-LightPropagationVolumeRuntime.dll (API version 3709383).
LogModuleManager: Display: Found up-to-date module file ../../../Engine/Plugins/Blendables/LightPropagationVolume/Binaries/Win64/UE4Editor-LightPropagationVolumeEditor.dll (API version 3709383).
LogModuleManager: Display: Found up-to-date module file ../../../Engine/Plugins/Developer/GitSourceControl/Binaries/Win64/UE4Editor-GitSourceControl.dll (API version 3709383).
LogModuleManager: Display: Found up-to-date module file ../../../Engine/Plugins/Developer/PerforceSourceControl/Binaries/Win64/UE4Editor-PerforceSourceControl.dll (API version 3709383).
LogModuleManager: Display: Found up-to-date module file ../../../Engine/Plugins/Developer/SubversionSourceControl/Binaries/Win64/UE4Editor-SubversionSourceControl.dll (API version 3709383).
LogModuleManager: Display: Found up-to-date module file ../../../Engine/Plugins/Developer/UObjectPlugin/Binaries/Win64/UE4Editor-UObjectPlugin.dll (API version 3709383).
LogModuleManager: Display: Found up-to-date module file ../../../Engine/Plugins/Developer/VisualStudioCodeSourceCodeAccess/Binaries/Win64/UE4Editor-VisualStudioCodeSourceCodeAccess.dll (API version 3709383).
LogModuleManager: Display: Found up-to-date module file ../../../Engine/Plugins/Developer/VisualStudioSourceCodeAccess/Binaries/Win64/UE4Editor-VisualStudioSourceCodeAccess.dll (API version 3709383).
LogModuleManager: Display: Found up-to-date module file ../../../Engine/Plugins/Editor/AssetManagerEditor/Binaries/Win64/UE4Editor-AssetManagerEditor.dll (API version 3709383).
LogModuleManager: Display: Found up-to-date module file ../../../Engine/Plugins/Editor/AudioCapture/Binaries/Win64/UE4Editor-AudioCapture.dll (API version 3709383).
LogModuleManager: Display: Found up-to-date module file ../../../Engine/Plugins/Editor/FacialAnimation/Binaries/Win64/UE4Editor-FacialAnimation.dll (API version 3709383).
LogModuleManager: Display: Found up-to-date module file ../../../Engine/Plugins/Editor/FacialAnimation/Binaries/Win64/UE4Editor-FacialAnimationEditor.dll (API version 3709383).
LogModuleManager: Display: Found up-to-date module file ../../../Engine/Plugins/Editor/GameplayTagsEditor/Binaries/Win64/UE4Editor-GameplayTagsEditor.dll (API version 3709383).
LogModuleManager: Display: Found up-to-date module file ../../../Engine/Plugins/Editor/MobileLauncherProfileWizard/Binaries/Win64/UE4Editor-MobileLauncherProfileWizard.dll (API version 3709383).
LogModuleManager: Display: Found up-to-date module file ../../../Engine/Plugins/Editor/PluginBrowser/Binaries/Win64/UE4Editor-PluginBrowser.dll (API version 3709383).
LogModuleManager: Display: Found up-to-date module file ../../../Engine/Plugins/Editor/SpeedTreeImporter/Binaries/Win64/UE4Editor-SpeedTreeImporter.dll (API version 3709383).
LogModuleManager: Display: Found up-to-date module file ../../../Engine/Plugins/Experimental/AlembicImporter/Binaries/Win64/UE4Editor-AlembicImporter.dll (API version 3709383).
LogModuleManager: Display: Found up-to-date module file ../../../Engine/Plugins/Experimental/AlembicImporter/Binaries/Win64/UE4Editor-AlembicLibrary.dll (API version 3709383).
LogModuleManager: Display: Found up-to-date module file ../../../Engine/Plugins/Experimental/CharacterAI/Binaries/Win64/UE4Editor-CharacterAI.dll (API version 3709383).
LogModuleManager: Display: Found up-to-date module file ../../../Engine/Plugins/Experimental/HTML5Networking/Binaries/Win64/UE4Editor-HTML5Networking.dll (API version 3709383).
LogModuleManager: Display: Found up-to-date module file ../../../Engine/Plugins/Media/AndroidMedia/Binaries/Win64/UE4Editor-AndroidMediaEditor.dll (API version 3709383).
LogModuleManager: Display: Found up-to-date module file ../../../Engine/Plugins/Media/AndroidMedia/Binaries/Win64/UE4Editor-AndroidMediaFactory.dll (API version 3709383).
LogModuleManager: Display: Found up-to-date module file ../../../Engine/Plugins/Media/AvfMedia/Binaries/Win64/UE4Editor-AvfMediaEditor.dll (API version 3709383).
LogModuleManager: Display: Found up-to-date module file ../../../Engine/Plugins/Media/AvfMedia/Binaries/Win64/UE4Editor-AvfMediaFactory.dll (API version 3709383).
LogModuleManager: Display: Found up-to-date module file ../../../Engine/Plugins/Media/AvfMedia/Binaries/Win64/UE4Editor-AvfMediaFactory.dll (API version 3709383).
LogModuleManager: Display: Found up-to-date module file ../../../Engine/Plugins/Media/ImgMedia/Binaries/Win64/UE4Editor-ImgMedia.dll (API version 3709383).
LogModuleManager: Display: Found up-to-date module file ../../../Engine/Plugins/Media/ImgMedia/Binaries/Win64/UE4Editor-ImgMediaEditor.dll (API version 3709383).
LogModuleManager: Display: Found up-to-date module file ../../../Engine/Plugins/Media/ImgMedia/Binaries/Win64/UE4Editor-ImgMediaFactory.dll (API version 3709383).
LogModuleManager: Display: Found up-to-date module file ../../../Engine/Plugins/Media/ImgMedia/Binaries/Win64/UE4Editor-ImgMediaFactory.dll (API version 3709383).
LogModuleManager: Display: Found up-to-date module file ../../../Engine/Plugins/Media/ImgMedia/Binaries/Win64/UE4Editor-OpenExrWrapper.dll (API version 3709383).
LogModuleManager: Display: Found up-to-date module file ../../../Engine/Plugins/Media/MediaCompositing/Binaries/Win64/UE4Editor-MediaCompositing.dll (API version 3709383).
LogModuleManager: Display: Found up-to-date module file ../../../Engine/Plugins/Media/MediaCompositing/Binaries/Win64/UE4Editor-MediaCompositingEditor.dll (API version 3709383).
LogModuleManager: Display: Found up-to-date module file ../../../Engine/Plugins/Media/MediaPlayerEditor/Binaries/Win64/UE4Editor-MediaPlayerEditor.dll (API version 3709383).
LogModuleManager: Display: Found up-to-date module file ../../../Engine/Plugins/Media/WmfMedia/Binaries/Win64/UE4Editor-WmfMedia.dll (API version 3709383).
LogModuleManager: Display: Found up-to-date module file ../../../Engine/Plugins/Media/WmfMedia/Binaries/Win64/UE4Editor-WmfMediaEditor.dll (API version 3709383).
LogModuleManager: Display: Found up-to-date module file ../../../Engine/Plugins/Media/WmfMedia/Binaries/Win64/UE4Editor-WmfMediaFactory.dll (API version 3709383).
LogModuleManager: Display: Found up-to-date module file ../../../Engine/Plugins/Media/WmfMedia/Binaries/Win64/UE4Editor-WmfMediaFactory.dll (API version 3709383).
LogModuleManager: Display: Found up-to-date module file ../../../Engine/Plugins/Messaging/TcpMessaging/Binaries/Win64/UE4Editor-TcpMessaging.dll (API version 3709383).
LogModuleManager: Display: Found up-to-date module file ../../../Engine/Plugins/Messaging/UdpMessaging/Binaries/Win64/UE4Editor-UdpMessaging.dll (API version 3709383).
LogModuleManager: Display: Found up-to-date module file ../../../Engine/Plugins/MovieScene/ActorSequence/Binaries/Win64/UE4Editor-ActorSequence.dll (API version 3709383).
LogModuleManager: Display: Found up-to-date module file ../../../Engine/Plugins/MovieScene/LevelSequenceEditor/Binaries/Win64/UE4Editor-LevelSequenceEditor.dll (API version 3709383).
LogModuleManager: Display: Found up-to-date module file ../../../Engine/Plugins/MovieScene/MatineeToLevelSequence/Binaries/Win64/UE4Editor-MatineeToLevelSequence.dll (API version 3709383).
LogModuleManager: Display: Found up-to-date module file ../../../Engine/Plugins/Online/OnlineSubsystem/Binaries/Win64/UE4Editor-OnlineSubsystem.dll (API version 3709383).
LogModuleManager: Display: Found up-to-date module file ../../../Engine/Plugins/Runtime/AndroidPermission/Binaries/Win64/UE4Editor-AndroidPermission.dll (API version 3709383).
LogModuleManager: Display: Found up-to-date module file ../../../Engine/Plugins/Online/OnlineSubsystemNull/Binaries/Win64/UE4Editor-OnlineSubsystemNull.dll (API version 3709383).
LogModuleManager: Display: Found up-to-date module file ../../../Engine/Plugins/Online/OnlineSubsystemUtils/Binaries/Win64/UE4Editor-OnlineSubsystemUtils.dll (API version 3709383).
LogModuleManager: Display: Found up-to-date module file ../../../Engine/Plugins/Online/OnlineSubsystemUtils/Binaries/Win64/UE4Editor-OnlineBlueprintSupport.dll (API version 3709383).
LogModuleManager: Display: Found up-to-date module file ../../../Engine/Plugins/Runtime/AndroidDeviceProfileSelector/Binaries/Win64/UE4Editor-AndroidDeviceProfileSelector.dll (API version 3709383).
LogModuleManager: Display: Found up-to-date module file ../../../Engine/Plugins/Runtime/AppleARKit/Binaries/Win64/UE4Editor-AppleARKit.dll (API version 3709383).
LogModuleManager: Display: Found up-to-date module file ../../../Engine/Plugins/Runtime/ArchVisCharacter/Binaries/Win64/UE4Editor-ArchVisCharacter.dll (API version 3709383).
LogModuleManager: Display: Found up-to-date module file ../../../Engine/Plugins/Runtime/CableComponent/Binaries/Win64/UE4Editor-CableComponent.dll (API version 3709383).
LogModuleManager: Display: Found up-to-date module file ../../../Engine/Plugins/Runtime/CustomMeshComponent/Binaries/Win64/UE4Editor-CustomMeshComponent.dll (API version 3709383).
LogModuleManager: Display: Found up-to-date module file ../../../Engine/Plugins/Runtime/ExampleDeviceProfileSelector/Binaries/Win64/UE4Editor-ExampleDeviceProfileSelector.dll (API version 3709383).
LogModuleManager: Display: Found up-to-date module file ../../../Engine/Plugins/Runtime/ImmediatePhysics/Binaries/Win64/UE4Editor-ImmediatePhysics.dll (API version 3709383).
LogModuleManager: Display: Found up-to-date module file ../../../Engine/Plugins/Runtime/ImmediatePhysics/Binaries/Win64/UE4Editor-ImmediatePhysicsEditor.dll (API version 3709383).
LogModuleManager: Display: Found up-to-date module file ../../../Engine/Plugins/Runtime/LocationServicesBPLibrary/Binaries/Win64/UE4Editor-LocationServicesBPLibrary.dll (API version 3709383).
LogModuleManager: Display: Found up-to-date module file ../../../Engine/Plugins/Runtime/MobilePatchingUtils/Binaries/Win64/UE4Editor-MobilePatchingUtils.dll (API version 3709383).
LogModuleManager: Display: Found up-to-date module file ../../../Engine/Plugins/Runtime/Oculus/OculusVR/Binaries/Win64/UE4Editor-OculusHMD.dll (API version 3709383).
LogModuleManager: Display: Found up-to-date module file ../../../Engine/Plugins/Runtime/Oculus/OculusVR/Binaries/Win64/UE4Editor-OculusInput.dll (API version 3709383).
LogModuleManager: Display: Found up-to-date module file ../../../Engine/Plugins/Runtime/Oculus/OculusVR/Binaries/Win64/UE4Editor-OculusEditor.dll (API version 3709383).
LogModuleManager: Display: Found up-to-date module file ../../../Engine/Plugins/Runtime/PhysXVehicles/Binaries/Win64/UE4Editor-PhysXVehicles.dll (API version 3709383).
LogModuleManager: Display: Found up-to-date module file ../../../Engine/Plugins/Runtime/PhysXVehicles/Binaries/Win64/UE4Editor-PhysXVehiclesEditor.dll (API version 3709383).
LogModuleManager: Display: Found up-to-date module file ../../../Engine/Plugins/Runtime/ProceduralMeshComponent/Binaries/Win64/UE4Editor-ProceduralMeshComponent.dll (API version 3709383).
LogModuleManager: Display: Found up-to-date module file ../../../Engine/Plugins/Runtime/ProceduralMeshComponent/Binaries/Win64/UE4Editor-ProceduralMeshComponentEditor.dll (API version 3709383).
LogModuleManager: Display: Found up-to-date module file ../../../Engine/Plugins/Runtime/RuntimePhysXCooking/Binaries/Win64/UE4Editor-RuntimePhysXCooking.dll (API version 3709383).
LogModuleManager: Display: Found up-to-date module file ../../../Engine/Plugins/Runtime/Steam/SteamVR/Binaries/Win64/UE4Editor-SteamVR.dll (API version 3709383).
LogModuleManager: Display: Found up-to-date module file ../../../Engine/Plugins/Runtime/Steam/SteamVR/Binaries/Win64/UE4Editor-SteamVRController.dll (API version 3709383).
LogModuleManager: Display: Found up-to-date module file ../../../Engine/Plugins/Runtime/WindowsMoviePlayer/Binaries/Win64/UE4Editor-WindowsMoviePlayer.dll (API version 3709383).
LogPluginManager: Mounting plugin Paper2D
LogPluginManager: Mounting plugin LightPropagationVolume
LogPluginManager: Mounting plugin CodeLiteSourceCodeAccess
LogPluginManager: Mounting plugin GitSourceControl
LogPluginManager: Mounting plugin KDevelopSourceCodeAccess
LogPluginManager: Mounting plugin NullSourceCodeAccess
LogPluginManager: Mounting plugin PerforceSourceControl
LogPluginManager: Mounting plugin SubversionSourceControl
LogPluginManager: Mounting plugin UObjectPlugin
LogPluginManager: Mounting plugin VisualStudioCodeSourceCodeAccess
LogPluginManager: Mounting plugin VisualStudioSourceCodeAccess
LogPluginManager: Mounting plugin XCodeSourceCodeAccess
LogPluginManager: Mounting plugin AssetManagerEditor
LogPluginManager: Mounting plugin AudioCapture
LogPluginManager: Mounting plugin FacialAnimation
LogPluginManager: Mounting plugin GameplayTagsEditor
LogPluginManager: Mounting plugin MobileLauncherProfileWizard
LogPluginManager: Mounting plugin PluginBrowser
LogPluginManager: Mounting plugin SpeedTreeImporter
LogPluginManager: Mounting plugin AlembicImporter
LogPluginManager: Mounting plugin CharacterAI
LogPluginManager: Mounting plugin HTML5Networking
LogPluginManager: Mounting plugin AndroidMedia
LogPluginManager: Mounting plugin AvfMedia
LogPluginManager: Mounting plugin ImgMedia
LogPluginManager: Mounting plugin MediaCompositing
LogPluginManager: Mounting plugin MediaPlayerEditor
LogPluginManager: Mounting plugin WmfMedia
LogPluginManager: Mounting plugin TcpMessaging
LogPluginManager: Mounting plugin UdpMessaging
LogPluginManager: Mounting plugin ActorSequence
LogPluginManager: Mounting plugin LevelSequenceEditor
LogPluginManager: Mounting plugin MatineeToLevelSequence
LogPluginManager: Mounting plugin OnlineSubsystemGooglePlay
LogPluginManager: Mounting plugin OnlineSubsystemIOS
LogPluginManager: Mounting plugin OnlineSubsystem
LogPluginManager: Mounting plugin OnlineSubsystemNull
LogPluginManager: Mounting plugin OnlineSubsystemUtils
LogPluginManager: Mounting plugin AndroidDeviceProfileSelector
LogPluginManager: Mounting plugin AndroidMoviePlayer
LogPluginManager: Mounting plugin AndroidPermission
LogPluginManager: Mounting plugin AppleARKit
LogPluginManager: Mounting plugin AppleMoviePlayer
LogPluginManager: Mounting plugin ArchVisCharacter
LogPluginManager: Mounting plugin CableComponent
LogPluginManager: Mounting plugin CustomMeshComponent
LogPluginManager: Mounting plugin ExampleDeviceProfileSelector
LogPluginManager: Mounting plugin GoogleCloudMessaging
LogPluginManager: Mounting plugin ImmediatePhysics
LogPluginManager: Mounting plugin IOSDeviceProfileSelector
LogPluginManager: Mounting plugin LinuxDeviceProfileSelector
LogPluginManager: Mounting plugin LocationServicesBPLibrary
LogPluginManager: Mounting plugin MobilePatchingUtils
LogPluginManager: Mounting plugin OculusVR
LogPluginManager: Plugin shader directory ../../../Engine/Plugins/Runtime/Oculus/OculusVR/Shaders found
LogPluginManager: Mapping shader source directory ../../../Engine/Plugins/Runtime/Oculus/OculusVR/Shaders to virtual directory /Plugin/OculusVR
LogPluginManager: Mounting plugin PhysXVehicles
LogPluginManager: Mounting plugin ProceduralMeshComponent
LogPluginManager: Mounting plugin RuntimePhysXCooking
LogPluginManager: Mounting plugin SteamVR
LogPluginManager: Mounting plugin WindowsMoviePlayer
LogInit: Using libcurl 7.47.1
LogInit:  - built for x86_64-pc-win32
LogInit:  - supports SSL with OpenSSL/1.0.2g
LogInit:  - supports HTTP deflate (compression) using libz 1.2.8
LogInit:  - other features:
LogInit:      CURL_VERSION_SSL
LogInit:      CURL_VERSION_LIBZ
LogInit:      CURL_VERSION_IPV6
LogInit:      CURL_VERSION_ASYNCHDNS
LogInit:      CURL_VERSION_LARGEFILE
LogInit:      CURL_VERSION_IDN
LogInit:  CurlRequestOptions (configurable via config and command line):
LogInit:  - bVerifyPeer = false  - Libcurl will NOT verify peer certificate
LogInit:  - bUseHttpProxy = false  - Libcurl will NOT use HTTP proxy
LogInit:  - bDontReuseConnections = false  - Libcurl will reuse connections
LogInit:  - CertBundlePath = nullptr  - Libcurl will use whatever was configured at build time.
LogInit: Build: ++UE4+Release-4.18-CL-3794801
LogInit: Engine Version: 4.18.2-3794801+++UE4+Release-4.18
LogInit: Compatible Engine Version: 4.18.0-3709383+++UE4+Release-4.18
LogInit: Net CL: 3709383
LogDevObjectVersion: Number of dev versions registered: 16
LogDevObjectVersion:   Dev-Blueprints (B0D832E4-1F89-4F0D-ACCF-7EB736FD4AA2): 10
LogDevObjectVersion:   Dev-Build (E1C64328-A22C-4D53-A36C-8E866417BD8C): 0
LogDevObjectVersion:   Dev-Core (375EC13C-06E4-48FB-B500-84F0262A717E): 2
LogDevObjectVersion:   Dev-Editor (E4B068ED-F494-42E9-A231-DA0B2E46BB41): 20
LogDevObjectVersion:   Dev-Framework (CFFC743F-43B0-4480-9391-14DF171D2073): 30
LogDevObjectVersion:   Dev-Mobile (B02B49B5-BB20-44E9-A304-32B752E40360): 0
LogDevObjectVersion:   Dev-Networking (A4E4105C-59A1-49B5-A7C5-40C4547EDFEE): 0
LogDevObjectVersion:   Dev-Online (39C831C9-5AE6-47DC-9A44-9C173E1C8E7C): 0
LogDevObjectVersion:   Dev-Physics (78F01B33-EBEA-4F98-B9B4-84EACCB95AA2): 0
LogDevObjectVersion:   Dev-Platform (6631380F-2D4D-43E0-8009-CF276956A95A): 0
LogDevObjectVersion:   Dev-Rendering (12F88B9F-8875-4AFC-A67C-D90C383ABD29): 20
LogDevObjectVersion:   Dev-Sequencer (7B5AE74C-D270-4C10-A958-57980B212A5A): 4
LogDevObjectVersion:   Dev-VR (D7296918-1DD6-4BDD-9DE2-64A83CC13884): 0
LogDevObjectVersion:   Dev-LoadTimes (C2A15278-BFE7-4AFE-6C17-90FF531DF755): 1
LogDevObjectVersion:   Private-Geometry (6EACA3D4-40EC-4CC1-B786-8BED09428FC5): 1
LogDevObjectVersion:   Dev-AnimPhys (29E575DD-E0A3-4627-9D10-D276232CDCEA): 12
LogInit: Compiled (64-bit): Dec  8 2017 02:04:53
LogInit: Compiled with Visual C++: 19.00.24215.01
LogInit: Build Configuration: Development
LogInit: Branch Name: ++UE4+Release-4.18
LogInit: Command line:  
LogInit: Base directory: C:/Program Files/Epic Games/UE_4.18/Engine/Binaries/Win64/
LogInit: Installed Engine Build: 1
LogInit: Presizing for max 8388607 objects, including 0 objects not considered by GC, pre-allocating 0 bytes for permanent pool.
LogInit: Object subsystem initialized
[2018.01.11-00.25.10:874][  0]LogInit: Selected Device Profile: [Windows]
[2018.01.11-00.25.10:875][  0]LogInit: Applying CVar settings loaded from the selected device profile: [Windows]
[2018.01.11-00.25.11:090][  0]LogInit: Computer: IDEA-PC
[2018.01.11-00.25.11:090][  0]LogInit: User: Nutty000
[2018.01.11-00.25.11:090][  0]LogInit: CPU Page size=4096, Cores=4
[2018.01.11-00.25.11:090][  0]LogInit: High frequency timer resolution =2.923049 MHz
[2018.01.11-00.25.11:091][  0]LogMemory: Memory total: Physical=8.0GB (8GB approx)
[2018.01.11-00.25.11:091][  0]LogMemory: Platform Memory Stats for Windows
[2018.01.11-00.25.11:091][  0]LogMemory: Process Physical Memory: 275.73 MB used, 275.73 MB peak
[2018.01.11-00.25.11:091][  0]LogMemory: Process Virtual Memory: 271.94 MB used, 271.94 MB peak
[2018.01.11-00.25.11:091][  0]LogMemory: Physical Memory: 5099.39 MB used,  3050.22 MB free, 8149.62 MB total
[2018.01.11-00.25.11:091][  0]LogMemory: Virtual Memory: 670.02 MB used,  3050.22 MB free, 134217728.00 MB total
[2018.01.11-00.25.13:288][  0]LogInit: Using OS detected language (en-US).
[2018.01.11-00.25.13:288][  0]LogInit: Using OS detected locale (en-US).
[2018.01.11-00.25.13:782][  0]LogTextLocalizationManager: No specific localization for 'en-US' exists, so the 'en' localization will be used.
[2018.01.11-00.25.16:849][  0]LogInit: Setting process to per monitor DPI aware
[2018.01.11-00.25.36:568][  0]LogD3D11RHI: D3D11 adapters:
[2018.01.11-00.25.36:708][  0]LogD3D11RHI:    0. 'NVIDIA GeForce GTX 1070' (Feature Level 11_0)
[2018.01.11-00.25.36:708][  0]LogD3D11RHI:       8096/0/4074 MB DedicatedVideo/DedicatedSystem/SharedSystem, Outputs:1, VendorId:0x10de
[2018.01.11-00.25.36:712][  0]LogD3D11RHI:    1. 'Microsoft Basic Render Driver' (Feature Level 11_0)
[2018.01.11-00.25.36:712][  0]LogD3D11RHI:       0/0/4074 MB DedicatedVideo/DedicatedSystem/SharedSystem, Outputs:0, VendorId:0x1414
[2018.01.11-00.25.36:712][  0]LogD3D11RHI: Chosen D3D11 Adapter: 0
[2018.01.11-00.25.36:719][  0]LogD3D11RHI: Creating new Direct3DDevice
[2018.01.11-00.25.36:719][  0]LogD3D11RHI:     GPU DeviceId: 0x1b81 (for the marketing name, search the web for "GPU Device Id")
[2018.01.11-00.25.36:719][  0]LogWindows: EnumDisplayDevices:
[2018.01.11-00.25.36:719][  0]LogWindows:    0. 'NVIDIA GeForce GTX 1070' (P:1 D:1)
[2018.01.11-00.25.36:719][  0]LogWindows:    1. 'NVIDIA GeForce GTX 1070' (P:0 D:0)
[2018.01.11-00.25.36:720][  0]LogWindows:    2. 'NVIDIA GeForce GTX 1070' (P:0 D:0)
[2018.01.11-00.25.36:720][  0]LogWindows:    3. 'NVIDIA GeForce GTX 1070' (P:0 D:0)
[2018.01.11-00.25.36:720][  0]LogWindows: DebugString: GetVideoDriverDetailsInvalid PrimaryIsNotTheChoosenAdapter GetVideoDriverDetailsInvalid PrimaryIsNotTheChoosenAdapter GetVideoDriverDetailsInvalid PrimaryIsNotTheChoosenAdapter GetVideoDriverDetailsInvalid PrimaryIsNotTheChoosenAdapter FoundDriverCount:0 
[2018.01.11-00.25.36:720][  0]LogD3D11RHI:     Adapter Name: NVIDIA GeForce GTX 1070
[2018.01.11-00.25.36:720][  0]LogD3D11RHI:   Driver Version: Unknown (internal:Unknown, unified:Unknown)
[2018.01.11-00.25.36:720][  0]LogD3D11RHI:      Driver Date: Unknown
[2018.01.11-00.25.36:720][  0]LogRHI: Texture pool is 5667 MB (70% of 8096 MB)
[2018.01.11-00.25.36:873][  0]LogD3D11RHI: Async texture creation enabled
[2018.01.11-00.25.38:087][  0]LogD3D11RHI: GPU Timing Frequency: 1000.000000 (Debug: 2 1)
[2018.01.11-00.25.38:293][  0]LogShaderCompilers: Guid format shader working directory is -37 characters bigger than the processId version (../../../../../../Users/Nutty_000/Documents/GitHub/VR_SlaveExperience/SlaveVRExperience/Intermediate/Shaders/WorkingDirectory/6964/).
[2018.01.11-00.25.38:294][  0]LogShaderCompilers: Cleaned the shader compiler working directory 'C:/Users/Nutty_000/AppData/Local/Temp/UnrealShaderWorkingDir/EDC89F9F4DF4F24C2A037EA89E702450/'.
[2018.01.11-00.25.38:395][  0]LogShaderCompilers: Display: Using Local Shader Compiler.
[2018.01.11-00.25.55:038][  0]LogTemp: Display: Loaded TP AllDesktopTargetPlatform
[2018.01.11-00.25.55:166][  0]LogTemp: Display: Loaded TP MacClientTargetPlatform
[2018.01.11-00.25.55:283][  0]LogTemp: Display: Loaded TP MacNoEditorTargetPlatform
[2018.01.11-00.25.55:401][  0]LogTemp: Display: Loaded TP MacServerTargetPlatform
[2018.01.11-00.25.55:587][  0]LogTemp: Display: Loaded TP MacTargetPlatform
[2018.01.11-00.25.55:758][  0]LogTemp: Display: Loaded TP WindowsClientTargetPlatform
[2018.01.11-00.25.55:892][  0]LogTemp: Display: Loaded TP WindowsNoEditorTargetPlatform
[2018.01.11-00.25.56:020][  0]LogTemp: Display: Loaded TP WindowsServerTargetPlatform
[2018.01.11-00.25.56:126][  0]LogTemp: Display: Loaded TP WindowsTargetPlatform
[2018.01.11-00.25.56:244][  0]LogTemp: Display: Loaded TP Android_ASTCTargetPlatform
[2018.01.11-00.25.56:359][  0]LogTemp: Display: Loaded TP Android_ATCTargetPlatform
[2018.01.11-00.25.56:526][  0]LogTemp: Display: Loaded TP Android_DXTTargetPlatform
[2018.01.11-00.25.56:645][  0]LogTemp: Display: Loaded TP Android_ETC1TargetPlatform
[2018.01.11-00.25.56:804][  0]LogTemp: Display: Loaded TP Android_ETC2TargetPlatform
[2018.01.11-00.25.57:734][  0]LogTemp: Display: Loaded TP Android_MultiTargetPlatform
[2018.01.11-00.25.57:734][  0]LogTemp: Display: Loaded TP Android_PVRTCTargetPlatform
[2018.01.11-00.25.57:886][  0]LogTemp: Display: Loaded TP AndroidTargetPlatform
[2018.01.11-00.25.57:995][  0]LogTemp: Display: Loaded TP HTML5TargetPlatform
[2018.01.11-00.25.58:367][  0]LogTemp: Display: Loaded TP IOSTargetPlatform
[2018.01.11-00.25.58:451][  0]LogTemp: Display: Loaded TP TVOSTargetPlatform
[2018.01.11-00.25.58:602][  0]LogTemp: Display: Loaded TP LinuxClientTargetPlatform
[2018.01.11-00.25.58:743][  0]LogTemp: Display: Loaded TP LinuxNoEditorTargetPlatform
[2018.01.11-00.25.58:883][  0]LogTemp: Display: Loaded TP LinuxServerTargetPlatform
[2018.01.11-00.25.59:099][  0]LogTemp: Display: Loaded TP LinuxTargetPlatform
[2018.01.11-00.25.59:115][  0]LogTargetPlatformManager: Display: Building Assets For Windows
[2018.01.11-00.26.04:303][  0]LogDerivedDataCache: Display: Max Cache Size: 512 MB
[2018.01.11-00.26.24:876][  0]LogDerivedDataCache: Loaded boot cache 20.53s 78MB C:/Users/Nutty_000/AppData/Local/UnrealEngine/4.18/DerivedDataCache/Boot.ddc.
[2018.01.11-00.26.24:876][  0]LogDerivedDataCache: Display: Loaded Boot cache: C:/Users/Nutty_000/AppData/Local/UnrealEngine/4.18/DerivedDataCache/Boot.ddc
[2018.01.11-00.26.24:877][  0]LogDerivedDataCache: FDerivedDataBackendGraph:  Pak pak cache file ../../../../../../Users/Nutty_000/Documents/GitHub/VR_SlaveExperience/SlaveVRExperience/DerivedDataCache/DDC.ddp not found, will not use a pak cache.
[2018.01.11-00.26.24:877][  0]LogDerivedDataCache: Unable to find inner node Pak for hierarchical cache Hierarchy.
[2018.01.11-00.26.24:877][  0]LogDerivedDataCache: FDerivedDataBackendGraph:  CompressedPak pak cache file ../../../../../../Users/Nutty_000/Documents/GitHub/VR_SlaveExperience/SlaveVRExperience/DerivedDataCache/Compressed.ddp not found, will not use a pak cache.
[2018.01.11-00.26.24:877][  0]LogDerivedDataCache: Unable to find inner node CompressedPak for hierarchical cache Hierarchy.
[2018.01.11-00.26.25:115][  0]LogDerivedDataCache: Display: Pak cache opened for reading ../../../Engine/DerivedDataCache/Compressed.ddp.
[2018.01.11-00.26.25:283][  0]LogDerivedDataCache: Using Local data cache path C:/Users/Nutty_000/AppData/Local/UnrealEngine/Common/DerivedDataCache: Writable
[2018.01.11-00.26.26:173][  0]LogMaterial: Verifying Global Shaders for PCD3D_SM5
[2018.01.11-00.26.26:554][  0]LogSlate: Using Freetype 2.6.0
[2018.01.11-00.26.27:829][  0]LogSlate: SlateFontCache - WITH_FREETYPE: 1, WITH_HARFBUZZ: 1
[2018.01.11-00.26.27:909][  0]LogSlate: SlateFontCache - WITH_FREETYPE: 1, WITH_HARFBUZZ: 1
[2018.01.11-00.26.59:192][  0]LogInit: Selected Device Profile: [Windows]
[2018.01.11-00.27.07:272][  0]LogSimplygon: Simplygon DLL not present - disabling.
[2018.01.11-00.27.07:575][  0]LogMeshReduction: Using SimplygonSwarm for distributed automatic mesh merging
[2018.01.11-00.27.07:576][  0]LogMeshReduction: Using QuadricMeshReduction for automatic static mesh reduction
[2018.01.11-00.27.07:576][  0]LogMeshReduction: No automatic skeletal mesh reduction module available
[2018.01.11-00.27.07:576][  0]LogMeshReduction: No automatic mesh merging module available
[2018.01.11-00.27.07:576][  0]LogMeshMerging: No automatic mesh merging module available
[2018.01.11-00.27.09:539][  0]LogNetVersion: SlaveVRExperience , NetCL: 3709383, EngineNetVer: 2, GameNetVer: 0 (Checksum: 4075405704)
[2018.01.11-00.27.16:214][  0]LogAssetRegistry: FAssetRegistry took 0.2668 seconds to start up
[2018.01.11-00.27.44:980][  0]LogPackageLocalizationCache: Processed 7 localized package path(s) for 2 prioritized culture(s) in 0.473586 seconds
[2018.01.11-00.27.45:248][  0]LogUObjectArray: 35900 objects as part of root set at end of initial load.
[2018.01.11-00.27.45:249][  0]LogUObjectAllocator: 7372024 out of 0 bytes used by permanent object pool.
[2018.01.11-00.27.45:249][  0]LogUObjectArray: CloseDisregardForGC: 0/0 objects in disregard for GC pool
[2018.01.11-00.27.45:508][  0]LogInit: WinSock: version 1.1 (2.2), MaxSocks=32767, MaxUdp=65467
[2018.01.11-00.29.10:729][  0]LogTcpMessaging: Initializing TcpMessaging bridge
[2018.01.11-00.29.10:950][  0]LogUdpMessaging: Initializing bridge on interface 0.0.0.0:0 to multicast group 230.0.0.1:6666.
[2018.01.11-00.29.18:270][  0]LogMaterial: Uniform references updated for custom material expression Custom.
[2018.01.11-00.29.23:372][  0]SourceControl: Source control is disabled
[2018.01.11-00.29.23:396][  0]SourceControl: Source control is disabled
[2018.01.11-00.29.23:787][  0]SourceControl: Source control is disabled
[2018.01.11-00.29.24:082][  0]SourceControl: Source control is disabled
[2018.01.11-00.29.29:491][  0]LogAndroidPermission: UAndroidPermissionCallbackProxy::GetInstance
[2018.01.11-00.29.31:014][  0]LogOcInput: OculusInput pre-init called
[2018.01.11-00.29.34:350][  0]LogEngine: Initializing Engine...
[2018.01.11-00.29.35:410][  0]LogHMD: Failed to initialize OpenVR with code 105
[2018.01.11-00.29.41:230][  0]LogStats: UGameplayTagsManager::ConstructGameplayTagTree: Construct from data asset -  0.000 s
[2018.01.11-00.29.41:230][  0]LogStats: UGameplayTagsManager::ConstructGameplayTagTree: GameplayTagTreeChangedEvent.Broadcast -  0.000 s
[2018.01.11-00.29.42:487][  0]LogAIModule: Creating AISystem for world Untitled
[2018.01.11-00.29.43:462][  0]LogInit: XAudio2 using 'Speakers (Realtek High Definition Audio)' : 2 channels at 48 kHz using 32 bits per sample (channel mask 0x3)
[2018.01.11-00.29.44:293][  0]LogInit: FAudioDevice initialized.
[2018.01.11-00.29.44:476][  0]LogDerivedDataCache: Error: Could not save memory cache C:/Users/Nutty_000/AppData/Local/UnrealEngine/4.18/DerivedDataCache/Boot.ddc.
[2018.01.11-00.29.44:500][  0]LogInit: Texture streaming: Enabled
[2018.01.11-00.29.46:330][  0]LogEngineSessionManager: EngineSessionManager initialized
[2018.01.11-00.29.47:959][  0]LogInit: Transaction tracking system initialized
[2018.01.11-00.29.50:002][  0]BlueprintLog: New page: Editor Load
[2018.01.11-00.29.57:999][  0]LocalizationService: Localization service is disabled
[2018.01.11-00.30.05:173][  0]LogConsoleResponse: Display: 
[2018.01.11-00.30.22:071][  0]LogCook: Display: Max memory allowance for cook 16384mb min free memory 0mb
[2018.01.11-00.30.22:071][  0]LogCook: Display: Mobile HDR setting 1
[2018.01.11-00.30.22:071][  0]LogGameplayTags: Display: UGameplayTagsManager::DoneAddingNativeTags. DelegateIsBound: 0
[2018.01.11-00.30.22:084][  0]LogFileCache: Scanning file cache for directory 'C:/Users/Nutty_000/Documents/GitHub/VR_SlaveExperience/SlaveVRExperience/Content/' took 0.54s
[2018.01.11-00.30.30:018][  0]SourceControl: Source control is disabled
[2018.01.11-00.30.30:060][  0]Cmd: MAP LOAD FILE="../../../../../../Users/Nutty_000/Documents/GitHub/VR_SlaveExperience/SlaveVRExperience/Content/VirtualRealityBP/Maps/StartupMap.umap" TEMPLATE=0 SHOWPROGRESS=1 FEATURELEVEL=3
[2018.01.11-00.30.30:119][  0]LightingResults: New page: Lighting Build
[2018.01.11-00.30.30:524][  0]MapCheck: New page: Map Check
[2018.01.11-00.30.30:525][  0]LightingResults: New page: Lighting Build
[2018.01.11-00.30.34:362][  0]LogAIModule: Creating AISystem for world StartupMap
[2018.01.11-00.30.35:814][  0]LogEditorServer: Finished looking for orphan Actors (0.000 secs)
[2018.01.11-00.30.36:215][  0]Cmd: MAP CHECKDEP NOCLEARLOG
[2018.01.11-00.30.36:537][  0]MapCheck: Map check complete: 0 Error(s), 0 Warning(s), took 300.37ms to complete.
[2018.01.11-00.30.36:538][  0]LogFileHelpers: Loading map 'StartupMap' took 6.499
[2018.01.11-00.30.40:181][  0]LogCollectionManager: Loaded 0 collections in 0.048713 seconds
[2018.01.11-00.30.40:630][  0]LogFileCache: Scanning file cache for directory 'C:/Users/Nutty_000/Documents/GitHub/VR_SlaveExperience/SlaveVRExperience/Saved/Collections/' took 0.01s
[2018.01.11-00.30.40:630][  0]LogFileCache: Scanning file cache for directory 'C:/Users/Nutty_000/Documents/GitHub/VR_SlaveExperience/SlaveVRExperience/Content/Developers/Nutty000/Collections/' took 0.01s
[2018.01.11-00.30.40:630][  0]LogFileCache: Scanning file cache for directory 'C:/Users/Nutty_000/Documents/GitHub/VR_SlaveExperience/SlaveVRExperience/Content/Collections/' took 0.01s
[2018.01.11-00.30.40:630][  0]LogCollectionManager: Rebuilt the GUID cache for 0 collections in 0.000000 seconds
[2018.01.11-00.30.40:661][  0]LogContentBrowser: Native class hierarchy populated in 0.0274 seconds. Added 2363 classes and 519 folders.
[2018.01.11-00.30.40:993][  0]LogContentBrowser: Native class hierarchy updated for 'WidgetCarousel' in 0.0003 seconds. Added 0 classes and 0 folders.
[2018.01.11-00.30.47:005][  0]LogContentBrowser: Native class hierarchy updated for 'AddContentDialog' in 0.0005 seconds. Added 0 classes and 0 folders.
[2018.01.11-00.30.47:377][  0]LogContentBrowser: Native class hierarchy updated for 'SceneOutliner' in 0.0005 seconds. Added 1 classes and 2 folders.
[2018.01.11-00.30.49:019][  0]LogSlate: Took 0.000556 seconds to synchronously load lazily loaded font '../../../Engine/Content/Slate/Fonts/Roboto-Regular.ttf' (155K)
[2018.01.11-00.30.49:025][  0]LogSlate: Took 0.000517 seconds to synchronously load lazily loaded font '../../../Engine/Content/Slate/Fonts/Roboto-Bold.ttf' (160K)
[2018.01.11-00.30.49:327][  0]LogSlate: Took 0.052567 seconds to synchronously load lazily loaded font '../../../Engine/Content/Editor/Slate/Fonts/FontAwesome.ttf' (139K)
[2018.01.11-00.30.50:693][  0]LogRenderer: Reallocating scene render targets to support 1208x576 Format 26 NumSamples 1 (Frame:1).
[2018.01.11-00.30.51:712][  0]LogContentBrowser: Native class hierarchy updated for 'HierarchicalLODOutliner' in 0.0003 seconds. Added 1 classes and 2 folders.
[2018.01.11-00.30.51:712][  0]LogLoad: (Engine Initialization) Total time: 462.83 seconds
[2018.01.11-00.30.51:713][  0]LogLoad: (Engine Initialization) Total Blueprint compile time: 0.00 seconds
[2018.01.11-00.30.51:713][  0]LogExternalProfiler: Found external profiler: VSPerf
[2018.01.11-00.30.51:713][  0]LogExternalProfiler: Using external profiler: VSPerf
[2018.01.11-00.30.52:186][  0]LogContentStreaming: Texture pool size now 1000 MB
[2018.01.11-00.30.53:730][  5]LogAssetRegistry: Asset discovery search completed in 217.5559 seconds
[2018.01.11-00.30.53:807][  5]LogCollectionManager: Rebuilt the object cache for 0 collections in 0.000000 seconds (found 0 objects)
[2018.01.11-00.30.53:807][  5]LogCollectionManager: Fixed up redirectors for 0 collections in 0.000127 seconds (updated 0 objects)
[2018.01.11-00.30.56:877][ 13]LogSlate: Took 0.013617 seconds to synchronously load lazily loaded font '../../../Engine/Content/Slate/Fonts/Roboto-Light.ttf' (159K)
[2018.01.11-00.31.01:240][330]LogSlate: Took 0.000210 seconds to synchronously load lazily loaded font '../../../Engine/Content/Slate/Fonts/Roboto-Light.ttf' (159K)
[2018.01.11-00.31.02:575][330]LogSlate: Took 0.000228 seconds to synchronously load lazily loaded font '../../../Engine/Content/Slate/Fonts/Roboto-Regular.ttf' (155K)
[2018.01.11-00.31.02:665][330]LogAIModule: Creating AISystem for world Ship
[2018.01.11-00.31.02:734][330]Cmd: MAP LOAD FILE="../../../../../../Users/Nutty_000/Documents/GitHub/VR_SlaveExperience/SlaveVRExperience/Content/Maps/Levels/Ship.umap" TEMPLATE=0 SHOWPROGRESS=1 FEATURELEVEL=3
[2018.01.11-00.31.02:734][330]LightingResults: New page: Lighting Build
[2018.01.11-00.31.02:735][330]LoadErrors: New page: Loading map: Ship.umap
[2018.01.11-00.31.02:903][330]MapCheck: New page: Map Check
[2018.01.11-00.31.02:903][330]LightingResults: New page: Lighting Build
[2018.01.11-00.31.03:140][330]LogEditorServer: Finished looking for orphan Actors (0.000 secs)
[2018.01.11-00.31.03:284][330]Cmd: MAP CHECKDEP NOCLEARLOG
[2018.01.11-00.31.03:411][330]MapCheck: Map check complete: 0 Error(s), 0 Warning(s), took 126.846ms to complete.
[2018.01.11-00.31.03:411][330]LogFileHelpers: Loading map 'Ship' took 0.716
[2018.01.11-00.31.18:051][842]Cmd: DELETE
[2018.01.11-00.31.18:051][842]Cmd: ACTOR DELETE
[2018.01.11-00.31.18:530][842]LogEditorActor: Deleted Actor: StaticMeshActor
[2018.01.11-00.31.18:603][842]LogEditorActor: Deleted 1 Actors (0.258 secs)
[2018.01.11-00.31.20:608][ 71]Cmd: TRANSACTION UNDO
[2018.01.11-00.31.20:608][ 71]LogEditorTransaction: Undo Delete Actors
[2018.01.11-00.31.20:900][ 71]LogSlate: Took 0.000283 seconds to synchronously load lazily loaded font '../../../Engine/Content/Slate/Fonts/Roboto-Light.ttf' (159K)
[2018.01.11-00.31.25:792][343]LogSlate: Took 0.019696 seconds to synchronously load lazily loaded font '../../../Engine/Content/Editor/Slate/Fonts/Roboto-Italic.ttf' (157K)
[2018.01.11-00.34.01:210][367]LogContentBrowser: Native class hierarchy updated for 'MaterialEditor' in 0.0004 seconds. Added 1 classes and 0 folders.
[2018.01.11-00.34.02:276][367]LogMaterial: Missing cached shader map for material M_Wood_Pine, compiling. 
[2018.01.11-00.34.12:716][367]LogMaterial: Missing cached shader map for material M_Wood_Pine, compiling. 
[2018.01.11-00.34.12:790][367]LogMaterial: Missing cached shader map for material M_Wood_Pine, compiling. 
[2018.01.11-00.34.12:924][367]LogMaterial: Missing cached shader map for material FMatExpressionPreview MaterialExpressionTextureSample_82, compiling. 
[2018.01.11-00.34.12:949][367]LogMaterial: Missing cached shader map for material FMatExpressionPreview MaterialExpressionTextureSample_83, compiling. 
[2018.01.11-00.34.12:973][367]LogMaterial: Missing cached shader map for material FMatExpressionPreview MaterialExpressionConstant3Vector_29, compiling. 
[2018.01.11-00.34.13:135][367]LogMaterial: Missing cached shader map for material FMatExpressionPreview MaterialExpressionTextureSample_85, compiling. 
[2018.01.11-00.34.13:875][367]LogMaterial: Missing cached shader map for material FMatExpressionPreview MaterialExpressionTextureSample_86, compiling. 
[2018.01.11-00.34.14:108][367]LogMaterial: Missing cached shader map for material FMatExpressionPreview MaterialExpressionTextureSample_87, compiling. 
[2018.01.11-00.34.14:721][367]LogMaterial: Missing cached shader map for material FMatExpressionPreview MaterialExpressionConstant3Vector_30, compiling. 
[2018.01.11-00.34.16:141][367]LogSlate: Took 0.045834 seconds to synchronously load lazily loaded font '../../../Engine/Content/Editor/Slate/Fonts/Roboto-BoldCondensed.ttf' (158K)
[2018.01.11-00.34.18:663][372]MaterialEditorStats: Base pass shader: 173 instructions
[2018.01.11-00.34.18:663][372]MaterialEditorStats: Base pass shader with Surface Lightmap: 190 instructions
[2018.01.11-00.34.18:663][372]MaterialEditorStats: Base pass shader with Volumetric Lightmap: 246 instructions
[2018.01.11-00.34.18:663][372]MaterialEditorStats: Vertex shader: 87 instructions
[2018.01.11-00.34.18:663][372]MaterialEditorStats: Texture samplers: 7/16
[2018.01.11-00.34.18:663][372]MaterialEditorStats: User interpolators: 2/4 Scalars (1/4 Vectors) (TexCoords: 2, Custom: 0)
[2018.01.11-00.35.19:222][483]Cmd: DELETE
[2018.01.11-00.35.19:222][483]Cmd: ACTOR DELETE
[2018.01.11-00.35.19:224][483]LogEditorActor: Deleted Actor: StaticMeshActor
[2018.01.11-00.35.19:283][483]LogEditorActor: Deleted 1 Actors (0.060 secs)
[2018.01.11-00.35.21:719][774]Cmd: TRANSACTION UNDO
[2018.01.11-00.35.21:719][774]LogEditorTransaction: Undo Delete Actors
[2018.01.11-00.36.02:611][723]LogEditorViewport: Clicking on Actor (LMB): StaticMeshActor (ShipBlock2)
[2018.01.11-00.36.03:840][839]Cmd: DELETE
[2018.01.11-00.36.03:840][839]Cmd: ACTOR DELETE
[2018.01.11-00.36.03:842][839]LogEditorActor: Deleted Actor: StaticMeshActor
[2018.01.11-00.36.03:861][839]LogEditorActor: Deleted 1 Actors (0.021 secs)
[2018.01.11-00.36.09:480][427]LogActorFactory: Actor Factory created ShipBlock
[2018.01.11-00.36.14:448][812]LogRenderer: Reallocating scene render targets to support 1208x616 Format 26 NumSamples 1 (Frame:1).
[2018.01.11-00.36.26:833][795]LogSavePackage: Save=93.46ms
[2018.01.11-00.36.26:833][795]LogSavePackage: Moving '../../../../../../Users/Nutty_000/Documents/GitHub/VR_SlaveExperience/SlaveVRExperience/Saved/ShipBlock41CC05374D4ED99DDC7BB0B4B6464D14.tmp' to '../../../../../../Users/Nutty_000/Documents/GitHub/VR_SlaveExperience/SlaveVRExperience/Content/StarterContent/Props/ShipBlock.uasset'
[2018.01.11-00.36.26:881][795]LogSavePackage: Display: Finished SavePackage ../../../../../../Users/Nutty_000/Documents/GitHub/VR_SlaveExperience/SlaveVRExperience/Content/StarterContent/Props/ShipBlock.uasset
[2018.01.11-00.36.29:163][917]LogActorFactory: Actor Factory created ShipBlock
[2018.01.11-00.36.29:933][  4]LogActorFactory: Actor Factory created ShipBlock
[2018.01.11-00.36.40:345][992]LogEditorViewport: Clicking on Actor (double click): StaticMeshActor (Cylinder)
[2018.01.11-00.36.41:833][138]Cmd: DELETE
[2018.01.11-00.36.41:833][138]Cmd: ACTOR DELETE
[2018.01.11-00.36.41:835][138]LogEditorActor: Deleted Actor: StaticMeshActor
[2018.01.11-00.36.41:885][138]LogEditorActor: Deleted 1 Actors (0.051 secs)
[2018.01.11-00.36.56:501][848]LogEditorViewport: Clicking on Actor (LMB): StaticMeshActor (ShipBlock)
[2018.01.11-00.37.00:231][193]LogTemp: Repeating last play command: Selected Viewport
[2018.01.11-00.37.00:554][193]LogPlayLevel: PlayLevel: No blueprints needed recompiling
[2018.01.11-00.37.00:598][193]PIE: New page: PIE session: Ship (Jan 10, 2018, 2:37:00 PM)
[2018.01.11-00.37.00:618][193]LogPlayLevel: Creating play world package: /Game/Maps/Levels/UEDPIE_0_Ship
[2018.01.11-00.37.00:668][193]LogPlayLevel: PIE: StaticDuplicateObject took: (0.049189s)
[2018.01.11-00.37.00:668][193]LogAIModule: Creating AISystem for world Ship
[2018.01.11-00.37.00:683][193]LogPlayLevel: PIE: World Init took: (0.015512s)
[2018.01.11-00.37.00:688][193]LogPlayLevel: PIE: Created PIE world by copying editor world from /Game/Maps/Levels/Ship.Ship to /Game/Maps/Levels/UEDPIE_0_Ship.Ship (0.069467s)
[2018.01.11-00.37.00:745][193]LogInit: XAudio2 using 'Speakers (Realtek High Definition Audio)' : 2 channels at 48 kHz using 32 bits per sample (channel mask 0x3)
[2018.01.11-00.37.00:763][193]LogInit: FAudioDevice initialized.
[2018.01.11-00.37.00:878][193]LogUObjectGlobals: Warning: Failed to find object 'Class None.'
[2018.01.11-00.37.00:902][193]LogLoad: Game class is 'GameModeBase'
[2018.01.11-00.37.01:043][193]LogWorld: Bringing World /Game/Maps/Levels/UEDPIE_0_Ship.Ship up for play (max tick rate 0) at 2018.01.10-19.37.01
[2018.01.11-00.37.01:084][193]LogWorld: Bringing up level for play took: 0.041548
[2018.01.11-00.37.01:354][193]LogContentBrowser: Native class hierarchy updated for 'MovieSceneCapture' in 0.0004 seconds. Added 11 classes and 0 folders.
[2018.01.11-00.37.01:403][193]PIE: Play in editor start time for /Game/Maps/Levels/UEDPIE_0_Ship 0.584
[2018.01.11-00.37.07:082][783]LogSavePackage: Save=34.58ms
[2018.01.11-00.37.07:082][783]LogSavePackage: Moving '../../../../../../Users/Nutty_000/Documents/GitHub/VR_SlaveExperience/SlaveVRExperience/Saved/ShipCD4E80064DA8E1F4E73664A63188EE9D.tmp' to '../../../../../../Users/Nutty_000/Documents/GitHub/VR_SlaveExperience/SlaveVRExperience/Content/Maps/Levels/Ship.umap'
[2018.01.11-00.37.07:111][783]LogSavePackage: Display: Finished SavePackage ../../../../../../Users/Nutty_000/Documents/GitHub/VR_SlaveExperience/SlaveVRExperience/Content/Maps/Levels/Ship.umap
[2018.01.11-00.37.07:184][783]LogSavePackage: Save=15.95ms
[2018.01.11-00.37.07:184][783]LogSavePackage: Moving '../../../../../../Users/Nutty_000/Documents/GitHub/VR_SlaveExperience/SlaveVRExperience/Saved/Ship_BuiltData2CC034B2456A417E8BBA7183A344FA01.tmp' to '../../../../../../Users/Nutty_000/Documents/GitHub/VR_SlaveExperience/SlaveVRExperience/Content/Maps/Levels/Ship_BuiltData.uasset'
[2018.01.11-00.37.07:189][783]LogSavePackage: Display: Finished SavePackage ../../../../../../Users/Nutty_000/Documents/GitHub/VR_SlaveExperience/SlaveVRExperience/Content/Maps/Levels/Ship_BuiltData.uasset
[2018.01.11-00.37.37:519][298]LogEditorViewport: Clicking on Actor (LMB): BP_Sky_Sphere_C (Sky Sphere)
[2018.01.11-00.37.42:156][687]Cmd: QUIT_EDITOR
[2018.01.11-00.37.43:376][687]LogWindowsTextInputMethodSystem: Display: IME system now deactivated.
[2018.01.11-00.37.43:443][687]LogExit: Preparing to exit.
[2018.01.11-00.37.45:037][687]LogDirectoryWatcher: A directory notification for 'C:/Users/Nutty_000/Documents/GitHub/VR_SlaveExperience/SlaveVRExperience/Content/' was aborted.
[2018.01.11-00.37.45:468][687]LogExit: Editor shut down
[2018.01.11-00.37.45:475][687]LogExit: Transaction tracking system shut down
[2018.01.11-00.37.46:180][687]LogDirectoryWatcher: A directory notification for '../../../Engine/Content/' was aborted.
[2018.01.11-00.37.46:180][687]LogDirectoryWatcher: A directory notification for '../../../../../../Users/Nutty_000/Documents/GitHub/VR_SlaveExperience/SlaveVRExperience/Content/' was aborted.
[2018.01.11-00.37.46:181][687]LogDirectoryWatcher: A directory notification for '../../../Engine/Plugins/2D/Paper2D/Content/' was aborted.
[2018.01.11-00.37.46:181][687]LogDirectoryWatcher: A directory notification for '../../../Engine/Plugins/Media/MediaCompositing/Content/' was aborted.
[2018.01.11-00.37.46:181][687]LogDirectoryWatcher: A directory notification for '../../../Engine/Plugins/Runtime/AppleARKit/Content/' was aborted.
[2018.01.11-00.37.46:181][687]LogDirectoryWatcher: A directory notification for '../../../Engine/Plugins/Runtime/Oculus/OculusVR/Content/' was aborted.
[2018.01.11-00.37.46:181][687]LogDirectoryWatcher: A directory notification for '../../../Engine/Plugins/Runtime/Steam/SteamVR/Content/' was aborted.
[2018.01.11-00.37.48:884][687]LogExit: Object subsystem successfully closed.
[2018.01.11-00.37.49:062][687]LogD3D11RHI: Shutdown
[2018.01.11-00.37.49:080][687]LogD3D11RHI: CleanupD3DDevice
[2018.01.11-00.37.49:131][687]LogD3D11RHI: ~FD3D11DynamicRHI
[2018.01.11-00.37.50:027][687]LogModuleManager: Shutting down and abandoning module MovieSceneCapture (556)
[2018.01.11-00.37.50:027][687]LogModuleManager: Shutting down and abandoning module StaticMeshEditor (554)
[2018.01.11-00.37.50:027][687]LogModuleManager: Shutting down and abandoning module MaterialEditor (552)
[2018.01.11-00.37.50:027][687]LogModuleManager: Shutting down and abandoning module HierarchicalLODUtilities (550)
[2018.01.11-00.37.50:027][687]LogModuleManager: Shutting down and abandoning module HierarchicalLODOutliner (548)
[2018.01.11-00.37.50:027][687]LogModuleManager: Shutting down and abandoning module SceneOutliner (546)
[2018.01.11-00.37.50:027][687]LogModuleManager: Shutting down and abandoning module AddContentDialog (544)
[2018.01.11-00.37.50:042][687]LogDirectoryWatcher: A directory notification for 'C:/Program Files/Epic Games/UE_4.18/FeaturePacks/' was aborted.
[2018.01.11-00.37.50:044][687]LogModuleManager: Shutting down and abandoning module WidgetCarousel (543)
[2018.01.11-00.37.50:045][687]LogModuleManager: Shutting down and abandoning module EditorWidgets (540)
[2018.01.11-00.37.50:045][687]LogModuleManager: Shutting down and abandoning module CollectionManager (538)
[2018.01.11-00.37.50:062][687]LogDirectoryWatcher: A directory notification for 'C:/Users/Nutty_000/Documents/GitHub/VR_SlaveExperience/SlaveVRExperience/Content/Collections/' was aborted.
[2018.01.11-00.37.50:063][687]LogDirectoryWatcher: A directory notification for 'C:/Users/Nutty_000/Documents/GitHub/VR_SlaveExperience/SlaveVRExperience/Content/Developers/Nutty000/Collections/' was aborted.
[2018.01.11-00.37.50:063][687]LogDirectoryWatcher: A directory notification for 'C:/Users/Nutty_000/Documents/GitHub/VR_SlaveExperience/SlaveVRExperience/Saved/Collections/' was aborted.
[2018.01.11-00.37.50:063][687]LogModuleManager: Shutting down and abandoning module StatsViewer (536)
[2018.01.11-00.37.50:073][687]LogModuleManager: Shutting down and abandoning module FoliageEdit (534)
[2018.01.11-00.37.50:073][687]LogModuleManager: Shutting down and abandoning module LandscapeEditor (532)
[2018.01.11-00.37.50:087][687]LogModuleManager: Shutting down and abandoning module MeshPaintMode (530)
[2018.01.11-00.37.50:088][687]LogModuleManager: Shutting down and abandoning module SceneDepthPickerMode (528)
[2018.01.11-00.37.50:088][687]LogModuleManager: Shutting down and abandoning module ActorPickerMode (526)
[2018.01.11-00.37.50:088][687]LogModuleManager: Shutting down and abandoning module GeometryMode (524)
[2018.01.11-00.37.50:088][687]LogModuleManager: Shutting down and abandoning module TextureAlignMode (522)
[2018.01.11-00.37.50:088][687]LogModuleManager: Shutting down and abandoning module BspMode (520)
[2018.01.11-00.37.50:088][687]LogModuleManager: Shutting down and abandoning module PIEPreviewDeviceProfileSelector (518)
[2018.01.11-00.37.50:088][687]LogModuleManager: Shutting down and abandoning module HardwareSurvey (516)
[2018.01.11-00.37.50:088][687]LogModuleManager: Shutting down and abandoning module SequenceRecorderSections (514)
[2018.01.11-00.37.50:098][687]LogModuleManager: Shutting down and abandoning module AutomationWorker (512)
[2018.01.11-00.37.50:104][687]LogModuleManager: Shutting down and abandoning module MatineeToLevelSequence (510)
[2018.01.11-00.37.50:107][687]LogModuleManager: Shutting down and abandoning module LevelSequenceEditor (508)
[2018.01.11-00.37.50:130][687]LogModuleManager: Shutting down and abandoning module PlacementMode (507)
[2018.01.11-00.37.50:130][687]LogModuleManager: Shutting down and abandoning module WmfMediaFactory (504)
[2018.01.11-00.37.50:130][687]LogModuleManager: Shutting down and abandoning module WmfMediaEditor (502)
[2018.01.11-00.37.50:130][687]LogModuleManager: Shutting down and abandoning module OpenExrWrapper (500)
[2018.01.11-00.37.50:130][687]LogModuleManager: Shutting down and abandoning module ImgMediaFactory (498)
[2018.01.11-00.37.50:130][687]LogModuleManager: Shutting down and abandoning module ImgMediaEditor (496)
[2018.01.11-00.37.50:130][687]LogModuleManager: Shutting down and abandoning module AvfMediaFactory (494)
[2018.01.11-00.37.50:131][687]LogModuleManager: Shutting down and abandoning module AvfMediaEditor (492)
[2018.01.11-00.37.50:131][687]LogModuleManager: Shutting down and abandoning module AndroidMediaFactory (490)
[2018.01.11-00.37.50:131][687]LogModuleManager: Shutting down and abandoning module AndroidMediaEditor (488)
[2018.01.11-00.37.50:131][687]LogModuleManager: Shutting down and abandoning module CharacterAI (486)
[2018.01.11-00.37.50:131][687]LogModuleManager: Shutting down and abandoning module AudioCapture (484)
[2018.01.11-00.37.50:141][687]LogModuleManager: Shutting down and abandoning module SequenceRecorder (483)
[2018.01.11-00.37.50:149][687]LogModuleManager: Shutting down and abandoning module SmartSnapping (480)
[2018.01.11-00.37.50:149][687]LogModuleManager: Shutting down and abandoning module SessionServices (478)
[2018.01.11-00.37.50:149][687]LogModuleManager: Shutting down and abandoning module ViewportSnapping (476)
[2018.01.11-00.37.50:149][687]LogModuleManager: Shutting down and abandoning module ViewportInteraction (474)
[2018.01.11-00.37.50:149][687]LogModuleManager: Shutting down and abandoning module ClothPainter (472)
[2018.01.11-00.37.50:161][687]LogModuleManager: Shutting down and abandoning module SkeletalMeshEditor (471)
[2018.01.11-00.37.50:174][687]LogModuleManager: Shutting down and abandoning module LogVisualizer (468)
[2018.01.11-00.37.50:181][687]LogModuleManager: Shutting down and abandoning module IntroTutorials (466)
[2018.01.11-00.37.50:202][687]LogModuleManager: Shutting down and abandoning module GameProjectGeneration (465)
[2018.01.11-00.37.50:205][687]LogModuleManager: Shutting down and abandoning module IOSPlatformEditor (462)
[2018.01.11-00.37.50:205][687]LogModuleManager: Shutting down and abandoning module HTML5PlatformEditor (460)
[2018.01.11-00.37.50:205][687]LogModuleManager: Shutting down and abandoning module AndroidPlatformEditor (458)
[2018.01.11-00.37.50:205][687]LogModuleManager: Shutting down and abandoning module AndroidDeviceDetection (457)
[2018.01.11-00.37.50:443][687]LogModuleManager: Shutting down and abandoning module WindowsPlatformEditor (454)
[2018.01.11-00.37.50:443][687]LogModuleManager: Shutting down and abandoning module IOSRuntimeSettings (452)
[2018.01.11-00.37.50:443][687]LogModuleManager: Shutting down and abandoning module AndroidRuntimeSettings (450)
[2018.01.11-00.37.50:443][687]LogModuleManager: Shutting down and abandoning module InputBindingEditor (448)
[2018.01.11-00.37.50:699][687]LogModuleManager: Shutting down and abandoning module MergeActors (446)
[2018.01.11-00.37.50:732][687]LogModuleManager: Shutting down and abandoning module SizeMap (444)
[2018.01.11-00.37.50:732][687]LogModuleManager: Shutting down and abandoning module TreeMap (442)
[2018.01.11-00.37.50:746][687]LogModuleManager: Shutting down and abandoning module ReferenceViewer (440)
[2018.01.11-00.37.50:746][687]LogModuleManager: Shutting down and abandoning module LocalizationDashboard (438)
[2018.01.11-00.37.50:760][687]LogModuleManager: Shutting down and abandoning module LocalizationService (437)
[2018.01.11-00.37.50:769][687]LogModuleManager: Shutting down and abandoning module HardwareTargeting (434)
[2018.01.11-00.37.50:769][687]LogModuleManager: Shutting down and abandoning module DeviceProfileEditor (432)
[2018.01.11-00.37.50:769][687]LogModuleManager: Shutting down and abandoning module UndoHistory (430)
[2018.01.11-00.37.50:769][687]LogModuleManager: Shutting down and abandoning module XmlParser (428)
[2018.01.11-00.37.50:779][687]LogModuleManager: Shutting down and abandoning module Blutility (426)
[2018.01.11-00.37.50:779][687]LogModuleManager: Shutting down and abandoning module ProjectSettingsViewer (424)
[2018.01.11-00.37.50:779][687]LogModuleManager: Shutting down and abandoning module ProjectTargetPlatformEditor (423)
[2018.01.11-00.37.50:779][687]LogModuleManager: Shutting down and abandoning module EditorSettingsViewer (420)
[2018.01.11-00.37.50:779][687]LogModuleManager: Shutting down and abandoning module SettingsEditor (418)
[2018.01.11-00.37.50:803][687]LogModuleManager: Shutting down and abandoning module ProjectLauncher (416)
[2018.01.11-00.37.50:816][687]LogModuleManager: Shutting down and abandoning module SessionFrontend (414)
[2018.01.11-00.37.50:827][687]LogModuleManager: Shutting down and abandoning module ProfilerClient (412)
[2018.01.11-00.37.50:830][687]LogModuleManager: Shutting down and abandoning module DeviceManager (410)
[2018.01.11-00.37.50:833][687]LogModuleManager: Shutting down and abandoning module TargetDeviceServices (409)
[2018.01.11-00.37.50:885][687]LogModuleManager: Shutting down and abandoning module AutomationController (406)
[2018.01.11-00.37.50:917][687]LogModuleManager: Shutting down and abandoning module AutomationWindow (404)
[2018.01.11-00.37.50:930][687]LogModuleManager: Shutting down and abandoning module Layers (402)
[2018.01.11-00.37.50:943][687]LogModuleManager: Shutting down and abandoning module ComponentVisualizers (400)
[2018.01.11-00.37.50:943][687]LogModuleManager: Shutting down and abandoning module DetailCustomizations (398)
[2018.01.11-00.37.50:962][687]LogModuleManager: Shutting down and abandoning module PackagesDialog (396)
[2018.01.11-00.37.50:973][687]LogModuleManager: Shutting down and abandoning module Persona (394)
[2018.01.11-00.37.51:013][687]LogModuleManager: Shutting down and abandoning module AdvancedPreviewScene (393)
[2018.01.11-00.37.51:013][687]LogModuleManager: Shutting down and abandoning module AnimGraph (391)
[2018.01.11-00.37.51:013][687]LogModuleManager: Shutting down and abandoning module Kismet (388)
[2018.01.11-00.37.51:043][687]LogModuleManager: Shutting down and abandoning module ClassViewer (386)
[2018.01.11-00.37.51:043][687]LogModuleManager: Shutting down and abandoning module Toolbox (384)
[2018.01.11-00.37.51:043][687]LogModuleManager: Shutting down and abandoning module ModuleUI (382)
[2018.01.11-00.37.51:048][687]LogModuleManager: Shutting down and abandoning module MovieSceneTools (380)
[2018.01.11-00.37.51:068][687]LogModuleManager: Shutting down and abandoning module OutputLog (378)
[2018.01.11-00.37.51:078][687]LogModuleManager: Shutting down and abandoning module GammaUI (376)
[2018.01.11-00.37.51:085][687]LogModuleManager: Shutting down and abandoning module Documentation (374)
[2018.01.11-00.37.51:085][687]LogModuleManager: Shutting down and abandoning module MovieSceneTracks (372)
[2018.01.11-00.37.51:085][687]LogModuleManager: Shutting down and abandoning module MovieScene (370)
[2018.01.11-00.37.51:085][687]LogModuleManager: Shutting down and abandoning module StreamingPauseRendering (368)
[2018.01.11-00.37.51:085][687]LogModuleManager: Shutting down and abandoning module LauncherPlatform (366)
[2018.01.11-00.37.51:085][687]LogModuleManager: Shutting down and abandoning module AnalyticsET (364)
[2018.01.11-00.37.51:085][687]LogModuleManager: Shutting down and abandoning module PortalServices (362)
[2018.01.11-00.37.51:085][687]LogModuleManager: Shutting down and abandoning module PortalRpc (360)
[2018.01.11-00.37.51:085][687]LogModuleManager: Shutting down and abandoning module MessagingRpc (358)
[2018.01.11-00.37.51:085][687]LogModuleManager: Shutting down and abandoning module AIModule (356)
[2018.01.11-00.37.51:085][687]LogModuleManager: Shutting down and abandoning module GameplayDebugger (355)
[2018.01.11-00.37.51:085][687]LogModuleManager: Shutting down and abandoning module AITestSuite (353)
[2018.01.11-00.37.51:091][687]LogModuleManager: Shutting down and abandoning module DesktopPlatform (350)
[2018.01.11-00.37.51:091][687]LogModuleManager: Shutting down and abandoning module ProfilerService (348)
[2018.01.11-00.37.51:214][687]LogModuleManager: Shutting down and abandoning module TaskGraph (346)
[2018.01.11-00.37.51:253][687]LogModuleManager: Shutting down and abandoning module SteamVRController (344)
[2018.01.11-00.37.51:253][687]LogModuleManager: Shutting down and abandoning module ProceduralMeshComponentEditor (342)
[2018.01.11-00.37.51:253][687]LogModuleManager: Shutting down and abandoning module ProceduralMeshComponent (340)
[2018.01.11-00.37.51:262][687]LogModuleManager: Shutting down and abandoning module OculusInput (338)
[2018.01.11-00.37.51:271][687]LogModuleManager: Shutting down and abandoning module MobilePatchingUtils (336)
[2018.01.11-00.37.51:271][687]LogModuleManager: Shutting down and abandoning module CustomMeshComponent (334)
[2018.01.11-00.37.51:271][687]LogModuleManager: Shutting down and abandoning module CableComponent (332)
[2018.01.11-00.37.51:278][687]LogModuleManager: Shutting down and abandoning module ArchVisCharacter (330)
[2018.01.11-00.37.51:278][687]LogModuleManager: Shutting down and abandoning module AndroidPermission (328)
[2018.01.11-00.37.51:278][687]LogModuleManager: Shutting down and abandoning module ActorSequence (324)
[2018.01.11-00.37.51:278][687]LogModuleManager: Shutting down and abandoning module MediaPlayerEditor (322)
[2018.01.11-00.37.51:319][687]LogModuleManager: Shutting down and abandoning module MediaCompositingEditor (320)
[2018.01.11-00.37.51:319][687]LogModuleManager: Shutting down and abandoning module MediaCompositing (318)
[2018.01.11-00.37.51:319][687]LogModuleManager: Shutting down and abandoning module HTML5Networking (316)
[2018.01.11-00.37.51:319][687]LogModuleManager: Shutting down and abandoning module AlembicImporter (314)
[2018.01.11-00.37.51:324][687]LogModuleManager: Shutting down and abandoning module AlembicLibrary (313)
[2018.01.11-00.37.51:324][687]LogModuleManager: Shutting down and abandoning module GeometryCache (312)
[2018.01.11-00.37.51:330][687]LogModuleManager: Shutting down and abandoning module GeometryCacheEd (311)
[2018.01.11-00.37.51:330][687]LogModuleManager: Shutting down and abandoning module SpeedTreeImporter (306)
[2018.01.11-00.37.51:330][687]LogModuleManager: Shutting down and abandoning module PluginBrowser (304)
[2018.01.11-00.37.51:344][687]LogModuleManager: Shutting down and abandoning module MobileLauncherProfileWizard (302)
[2018.01.11-00.37.51:353][687]LogModuleManager: Shutting down and abandoning module VisualStudioSourceCodeAccess (300)
[2018.01.11-00.37.51:353][687]LogModuleManager: Shutting down and abandoning module VisualStudioCodeSourceCodeAccess (298)
[2018.01.11-00.37.51:353][687]LogModuleManager: Shutting down and abandoning module UObjectPlugin (296)
[2018.01.11-00.37.51:353][687]LogModuleManager: Shutting down and abandoning module SubversionSourceControl (294)
[2018.01.11-00.37.51:359][687]LogModuleManager: Shutting down and abandoning module PerforceSourceControl (292)
[2018.01.11-00.37.51:369][687]LogModuleManager: Shutting down and abandoning module GitSourceControl (290)
[2018.01.11-00.37.51:386][687]LogModuleManager: Shutting down and abandoning module SourceControl (289)
[2018.01.11-00.37.51:410][687]LogModuleManager: Shutting down and abandoning module LightPropagationVolumeEditor (286)
[2018.01.11-00.37.51:410][687]LogModuleManager: Shutting down and abandoning module PaperTiledImporter (284)
[2018.01.11-00.37.51:410][687]LogModuleManager: Shutting down and abandoning module PaperSpriteSheetImporter (282)
[2018.01.11-00.37.51:410][687]LogModuleManager: Shutting down and abandoning module Paper2DEditor (280)
[2018.01.11-00.37.51:423][687]LogModuleManager: Shutting down and abandoning module MeshPaint (279)
[2018.01.11-00.37.51:433][687]LogModuleManager: Shutting down and abandoning module LevelEditor (277)
[2018.01.11-00.37.51:438][687]LogModuleManager: Shutting down and abandoning module PixelInspectorModule (276)
[2018.01.11-00.37.51:441][687]LogModuleManager: Shutting down and abandoning module MainFrame (274)
[2018.01.11-00.37.51:441][687]LogModuleManager: Shutting down and abandoning module HotReload (273)
[2018.01.11-00.37.51:475][687]LogModuleManager: Shutting down and abandoning module RuntimePhysXCooking (268)
[2018.01.11-00.37.51:475][687]LogModuleManager: Shutting down and abandoning module PhysXVehiclesEditor (266)
[2018.01.11-00.37.51:476][687]LogModuleManager: Shutting down and abandoning module PhysXVehicles (264)
[2018.01.11-00.37.51:476][687]LogModuleManager: Shutting down and abandoning module OculusEditor (262)
[2018.01.11-00.37.51:476][687]LogModuleManager: Shutting down and abandoning module LocationServicesBPLibrary (260)
[2018.01.11-00.37.51:476][687]LogModuleManager: Shutting down and abandoning module ImmediatePhysicsEditor (258)
[2018.01.11-00.37.51:476][687]LogModuleManager: Shutting down and abandoning module ImmediatePhysics (256)
[2018.01.11-00.37.51:506][687]LogModuleManager: Shutting down and abandoning module UdpMessaging (254)
[2018.01.11-00.37.51:633][687]LogModuleManager: Shutting down and abandoning module TcpMessaging (252)
[2018.01.11-00.37.51:739][687]LogModuleManager: Shutting down and abandoning module GameplayTagsEditor (250)
[2018.01.11-00.37.51:757][687]LogModuleManager: Shutting down and abandoning module FacialAnimationEditor (248)
[2018.01.11-00.37.51:757][687]LogModuleManager: Shutting down and abandoning module FacialAnimation (246)
[2018.01.11-00.37.51:757][687]LogModuleManager: Shutting down and abandoning module AssetManagerEditor (244)
[2018.01.11-00.37.51:787][687]LogModuleManager: Shutting down and abandoning module GraphEditor (243)
[2018.01.11-00.37.51:787][687]LogModuleManager: Shutting down and abandoning module ContentBrowser (241)
[2018.01.11-00.37.51:789][687]LogModuleManager: Shutting down and abandoning module LightPropagationVolumeRuntime (238)
[2018.01.11-00.37.51:789][687]LogModuleManager: Shutting down and abandoning module Paper2D (236)
[2018.01.11-00.37.51:789][687]LogModuleManager: Shutting down and abandoning module WindowsMoviePlayer (234)
[2018.01.11-00.37.51:798][687]LogModuleManager: Shutting down and abandoning module WmfMedia (232)
[2018.01.11-00.37.51:809][687]LogModuleManager: Shutting down and abandoning module ImgMedia (230)
[2018.01.11-00.37.51:809][687]LogModuleManager: Shutting down and abandoning module PacketHandler (228)
[2018.01.11-00.37.51:809][687]LogModuleManager: Shutting down and abandoning module ClothingSystemEditor (226)
[2018.01.11-00.37.51:809][687]LogModuleManager: Shutting down and abandoning module ClothingSystemRuntime (224)
[2018.01.11-00.37.51:821][687]LogModuleManager: Shutting down and abandoning module MediaAssets (222)
[2018.01.11-00.37.51:821][687]LogModuleManager: Shutting down and abandoning module Media (221)
[2018.01.11-00.37.51:827][687]LogModuleManager: Shutting down and abandoning module Overlay (218)
[2018.01.11-00.37.51:827][687]LogModuleManager: Shutting down and abandoning module OverlayEditor (217)
[2018.01.11-00.37.51:827][687]LogModuleManager: Shutting down and abandoning module VREditor (214)
[2018.01.11-00.37.51:842][687]LogModuleManager: Shutting down and abandoning module StringTableEditor (212)
[2018.01.11-00.37.51:849][687]LogModuleManager: Shutting down and abandoning module GameplayTasksEditor (210)
[2018.01.11-00.37.51:849][687]LogModuleManager: Shutting down and abandoning module BehaviorTreeEditor (208)
[2018.01.11-00.37.51:875][687]LogModuleManager: Shutting down and abandoning module FunctionalTesting (206)
[2018.01.11-00.37.51:885][687]LogModuleManager: Shutting down and abandoning module CollisionAnalyzer (204)
[2018.01.11-00.37.51:900][687]LogModuleManager: Shutting down and abandoning module WorkspaceMenuStructure (203)
[2018.01.11-00.37.51:900][687]LogModuleManager: Shutting down and abandoning module UMG (200)
[2018.01.11-00.37.51:910][687]LogModuleManager: Shutting down and abandoning module UMGEditor (199)
[2018.01.11-00.37.51:941][687]LogModuleManager: Shutting down and abandoning module Sequencer (198)
[2018.01.11-00.37.51:968][687]LogModuleManager: Shutting down and abandoning module MessageLog (195)
[2018.01.11-00.37.51:968][687]LogModuleManager: Shutting down and abandoning module SlateReflector (190)
[2018.01.11-00.37.51:998][687]LogModuleManager: Shutting down and abandoning module Slate (188)
[2018.01.11-00.37.51:998][687]LogModuleManager: Shutting down and abandoning module EditorStyle (186)
[2018.01.11-00.37.52:017][687]LogModuleManager: Shutting down and abandoning module MRMesh (184)
[2018.01.11-00.37.52:017][687]LogModuleManager: Shutting down and abandoning module SourceCodeAccess (182)
[2018.01.11-00.37.52:017][687]LogModuleManager: Shutting down and abandoning module HeadMountedDisplay (180)
[2018.01.11-00.37.52:017][687]LogModuleManager: Shutting down and abandoning module XAudio2 (178)
[2018.01.11-00.37.52:017][687]LogModuleManager: Shutting down and abandoning module Networking (176)
[2018.01.11-00.37.52:017][687]LogModuleManager: Shutting down and abandoning module Core (172)
[2018.01.11-00.37.52:017][687]LogModuleManager: Shutting down and abandoning module LevelSequence (168)
[2018.01.11-00.37.52:025][687]LogModuleManager: Shutting down and abandoning module DirectoryWatcher (166)
[2018.01.11-00.37.52:026][687]LogModuleManager: Shutting down and abandoning module KismetCompiler (164)
[2018.01.11-00.37.52:026][687]LogModuleManager: Shutting down and abandoning module MeshUtilities (162)
[2018.01.11-00.37.52:037][687]LogModuleManager: Shutting down and abandoning module MeshMergeUtilities (161)
[2018.01.11-00.37.52:045][687]LogModuleManager: Shutting down and abandoning module MeshReductionInterface (160)
[2018.01.11-00.37.52:045][687]LogModuleManager: Shutting down and abandoning module SimplygonSwarm (159)
[2018.01.11-00.37.52:049][687]LogModuleManager: Shutting down and abandoning module SimplygonMeshReduction (157)
[2018.01.11-00.37.52:049][687]LogModuleManager: Shutting down and abandoning module QuadricMeshReduction (155)
[2018.01.11-00.37.52:057][687]LogModuleManager: Shutting down and abandoning module MaterialBaking (151)
[2018.01.11-00.37.52:067][687]LogModuleManager: Shutting down and abandoning module DerivedDataCache (148)
[2018.01.11-00.37.52:139][687]LogDerivedDataCache: Shutdown
[2018.01.11-00.37.52:139][687]LogModuleManager: Shutting down and abandoning module TargetPlatform (146)
[2018.01.11-00.37.52:139][687]LogModuleManager: Shutting down and abandoning module VulkanShaderFormat (145)
[2018.01.11-00.37.52:143][687]LogModuleManager: Shutting down and abandoning module ShaderFormatVectorVM (143)
[2018.01.11-00.37.52:151][687]LogModuleManager: Shutting down and abandoning module ShaderFormatOpenGL (141)
[2018.01.11-00.37.52:159][687]LogModuleManager: Shutting down and abandoning module ShaderFormatD3D (139)
[2018.01.11-00.37.52:167][687]LogModuleManager: Shutting down and abandoning module MetalShaderFormat (137)
[2018.01.11-00.37.52:180][687]LogModuleManager: Shutting down and abandoning module TextureFormatUncompressed (135)
[2018.01.11-00.37.52:180][687]LogModuleManager: Shutting down and abandoning module TextureFormatPVR (133)
[2018.01.11-00.37.52:180][687]LogModuleManager: Shutting down and abandoning module TextureFormatDXT (131)
[2018.01.11-00.37.52:188][687]LogModuleManager: Shutting down and abandoning module TextureFormatIntelISPCTexComp (129)
[2018.01.11-00.37.52:203][687]LogModuleManager: Shutting down and abandoning module TextureFormatASTC (127)
[2018.01.11-00.37.52:203][687]LogModuleManager: Shutting down and abandoning module ImageWrapper (126)
[2018.01.11-00.37.52:203][687]LogModuleManager: Shutting down and abandoning module TextureFormatAndroid (123)
[2018.01.11-00.37.52:203][687]LogModuleManager: Shutting down and abandoning module AudioFormatOpus (121)
[2018.01.11-00.37.52:203][687]LogModuleManager: Shutting down and abandoning module AudioFormatOgg (119)
[2018.01.11-00.37.52:203][687]LogModuleManager: Shutting down and abandoning module AudioFormatADPCM (117)
[2018.01.11-00.37.52:203][687]LogModuleManager: Shutting down and abandoning module LinuxTargetPlatform (115)
[2018.01.11-00.37.52:203][687]LogModuleManager: Shutting down and abandoning module LinuxServerTargetPlatform (113)
[2018.01.11-00.37.52:203][687]LogModuleManager: Shutting down and abandoning module LinuxNoEditorTargetPlatform (111)
[2018.01.11-00.37.52:203][687]LogModuleManager: Shutting down and abandoning module LinuxClientTargetPlatform (109)
[2018.01.11-00.37.52:203][687]LogModuleManager: Shutting down and abandoning module TVOSTargetPlatform (107)
[2018.01.11-00.37.52:203][687]LogModuleManager: Shutting down and abandoning module Messaging (105)
[2018.01.11-00.37.52:203][687]LogModuleManager: Shutting down and abandoning module IOSTargetPlatform (103)
[2018.01.11-00.37.52:203][687]LogModuleManager: Shutting down and abandoning module HTML5TargetPlatform (101)
[2018.01.11-00.37.52:203][687]LogModuleManager: Shutting down and abandoning module AndroidTargetPlatform (99)
[2018.01.11-00.37.52:204][687]LogModuleManager: Shutting down and abandoning module Android_PVRTCTargetPlatform (97)
[2018.01.11-00.37.52:204][687]LogModuleManager: Shutting down and abandoning module Android_MultiTargetPlatform (95)
[2018.01.11-00.37.52:204][687]LogModuleManager: Shutting down and abandoning module Android_ETC2TargetPlatform (93)
[2018.01.11-00.37.52:204][687]LogModuleManager: Shutting down and abandoning module Android_ETC1TargetPlatform (91)
[2018.01.11-00.37.52:204][687]LogModuleManager: Shutting down and abandoning module Android_DXTTargetPlatform (89)
[2018.01.11-00.37.52:204][687]LogModuleManager: Shutting down and abandoning module Android_ATCTargetPlatform (87)
[2018.01.11-00.37.52:204][687]LogModuleManager: Shutting down and abandoning module Android_ASTCTargetPlatform (85)
[2018.01.11-00.37.52:204][687]LogModuleManager: Shutting down and abandoning module WindowsTargetPlatform (83)
[2018.01.11-00.37.52:204][687]LogModuleManager: Shutting down and abandoning module WindowsServerTargetPlatform (81)
[2018.01.11-00.37.52:204][687]LogModuleManager: Shutting down and abandoning module WindowsNoEditorTargetPlatform (79)
[2018.01.11-00.37.52:204][687]LogModuleManager: Shutting down and abandoning module WindowsClientTargetPlatform (77)
[2018.01.11-00.37.52:204][687]LogModuleManager: Shutting down and abandoning module MacTargetPlatform (75)
[2018.01.11-00.37.52:204][687]LogModuleManager: Shutting down and abandoning module MacServerTargetPlatform (73)
[2018.01.11-00.37.52:204][687]LogModuleManager: Shutting down and abandoning module MacNoEditorTargetPlatform (71)
[2018.01.11-00.37.52:204][687]LogModuleManager: Shutting down and abandoning module MacClientTargetPlatform (69)
[2018.01.11-00.37.52:204][687]LogModuleManager: Shutting down and abandoning module AllDesktopTargetPlatform (67)
[2018.01.11-00.37.52:204][687]LogModuleManager: Shutting down and abandoning module InputCore (64)
[2018.01.11-00.37.52:204][687]LogModuleManager: Shutting down and abandoning module Settings (62)
[2018.01.11-00.37.52:204][687]LogModuleManager: Shutting down and abandoning module PhysXCooking (60)
[2018.01.11-00.37.52:204][687]LogModuleManager: Shutting down and abandoning module SteamVR (58)
[2018.01.11-00.37.52:204][687]LogModuleManager: Shutting down and abandoning module OculusHMD (56)
[2018.01.11-00.37.52:211][687]LogModuleManager: Shutting down and abandoning module ExampleDeviceProfileSelector (54)
[2018.01.11-00.37.52:211][687]LogModuleManager: Shutting down and abandoning module AppleARKit (52)
[2018.01.11-00.37.52:211][687]LogModuleManager: Shutting down and abandoning module AugmentedReality (51)
[2018.01.11-00.37.52:211][687]LogModuleManager: Shutting down and abandoning module OnlineBlueprintSupport (48)
[2018.01.11-00.37.52:211][687]LogModuleManager: Shutting down and abandoning module OnlineSubsystem (44)
[2018.01.11-00.37.52:230][687]LogModuleManager: Shutting down and abandoning module XMPP (43)
[2018.01.11-00.37.52:236][687]LogModuleManager: Shutting down and abandoning module HTTP (41)
[2018.01.11-00.37.52:236][687]LogHttp: Display: Http module shutting down, but needs to wait on 1 outstanding Http requests:
[2018.01.11-00.37.52:239][687]LogHttp: Display: 	verb=[POST] url=[https://datarouter.ol.epicgames.com/datarouter/api/v1/public/data?SessionID=%7B2DCEBEEB-4098-8663-0CC1-729D850F503D%7D&AppID=UEEditor.Rocket.Release&AppVersion=4.18.2-3794801%2B%2B%2BUE4%2BRelease-4.18&UserID=3d1892574d6d85f7c82f1da4090d07ef%7Cc4a40f5a9b8144829c3e1d00b7a7855b%7C9324596c-d87d-4900-b1f8-f554b619d94f&AppEnvironment=datacollector-binary&UploadType=eteventstream] status=Processing
[2018.01.11-00.37.52:255][687]LogModuleManager: Shutting down and abandoning module SSL (40)
[2018.01.11-00.37.52:265][687]LogModuleManager: Shutting down and abandoning module AnimationModifiers (36)
[2018.01.11-00.37.52:277][687]LogModuleManager: Shutting down and abandoning module PropertyEditor (35)
[2018.01.11-00.37.52:277][687]LogModuleManager: Shutting down and abandoning module AudioEditor (32)
[2018.01.11-00.37.52:289][687]LogModuleManager: Shutting down and abandoning module TextureCompressor (30)
[2018.01.11-00.37.52:305][687]LogModuleManager: Shutting down and abandoning module ShaderCore (28)
[2018.01.11-00.37.52:305][687]LogModuleManager: Shutting down and abandoning module Landscape (26)
[2018.01.11-00.37.52:305][687]LogModuleManager: Shutting down and abandoning module SlateRHIRenderer (24)
[2018.01.11-00.37.52:312][687]LogModuleManager: Shutting down and abandoning module OpenGLDrv (22)
[2018.01.11-00.37.52:322][687]LogModuleManager: Shutting down and abandoning module D3D11RHI (20)
[2018.01.11-00.37.52:322][687]LogModuleManager: Shutting down and abandoning module AnimGraphRuntime (18)
[2018.01.11-00.37.52:328][687]LogModuleManager: Shutting down and abandoning module Renderer (16)
[2018.01.11-00.37.52:328][687]LogModuleManager: Shutting down and abandoning module Engine (14)
[2018.01.11-00.37.52:328][687]LogModuleManager: Shutting down and abandoning module CoreUObject (12)
[2018.01.11-00.37.52:328][687]LogModuleManager: Shutting down and abandoning module NetworkFile (10)
[2018.01.11-00.37.52:332][687]LogModuleManager: Shutting down and abandoning module CookedIterativeFile (8)
[2018.01.11-00.37.52:332][687]LogModuleManager: Shutting down and abandoning module StreamingFile (6)
[2018.01.11-00.37.52:335][687]LogModuleManager: Shutting down and abandoning module SandboxFile (4)
[2018.01.11-00.37.52:338][687]LogModuleManager: Shutting down and abandoning module PakFile (2)
[2018.01.11-00.37.52:358][687]LogExit: Exiting.
[2018.01.11-00.37.52:382][687]Log file closed, 01/10/18 19:37:52
