Log file open, 04/11/18 13:47:54
LogWindows: Failed to load 'aqProf.dll' (GetLastError=126)
LogWindows: File 'aqProf.dll' does not exist
LogWindows: Failed to load 'VtuneApi.dll' (GetLastError=126)
LogWindows: File 'VtuneApi.dll' does not exist
LogWindows: Failed to load 'VtuneApi32e.dll' (GetLastError=126)
LogWindows: File 'VtuneApi32e.dll' does not exist
LogInit: Display: Running engine for game: SlaveVRExperience
LogPlatformFile: Not using cached read wrapper
LogInit: Display: RandInit(-1992776223) SRandInit(-1992776222).
LogInit: Read version file with build ID '3709383'
LogInit: Overriding engine version to CL 3832480, compatible CL 3709383
LogInit: Registered custom module enumerator with build ID '3709383'
LogTaskGraph: Started task graph with 5 named threads and 14 total threads with 3 sets of task threads.
LogStats: Stats thread started at 0.156539
LogD3D11RHI: Aftermath initialized
LogPluginManager: Mounting plugin Paper2D
LogPluginManager: Mounting plugin LightPropagationVolume
LogPluginManager: Mounting plugin CodeLiteSourceCodeAccess
LogPluginManager: Mounting plugin GitSourceControl
LogPluginManager: Mounting plugin KDevelopSourceCodeAccess
LogPluginManager: Mounting plugin NullSourceCodeAccess
LogPluginManager: Mounting plugin PerforceSourceControl
LogPluginManager: Mounting plugin SubversionSourceControl
LogPluginManager: Mounting plugin UObjectPlugin
LogPluginManager: Mounting plugin VisualStudioCodeSourceCodeAccess
LogPluginManager: Mounting plugin VisualStudioSourceCodeAccess
LogPluginManager: Mounting plugin XCodeSourceCodeAccess
LogPluginManager: Mounting plugin AssetManagerEditor
LogPluginManager: Mounting plugin AudioCapture
LogPluginManager: Mounting plugin FacialAnimation
LogPluginManager: Mounting plugin GameplayTagsEditor
LogPluginManager: Mounting plugin MobileLauncherProfileWizard
LogPluginManager: Mounting plugin PluginBrowser
LogPluginManager: Mounting plugin SpeedTreeImporter
LogPluginManager: Mounting plugin AlembicImporter
LogPluginManager: Mounting plugin CharacterAI
LogPluginManager: Mounting plugin HTML5Networking
LogPluginManager: Mounting plugin AndroidMedia
LogPluginManager: Mounting plugin AvfMedia
LogPluginManager: Mounting plugin ImgMedia
LogPluginManager: Mounting plugin MediaCompositing
LogPluginManager: Mounting plugin MediaPlayerEditor
LogPluginManager: Mounting plugin WmfMedia
LogPluginManager: Mounting plugin TcpMessaging
LogPluginManager: Mounting plugin UdpMessaging
LogPluginManager: Mounting plugin ActorSequence
LogPluginManager: Mounting plugin LevelSequenceEditor
LogPluginManager: Mounting plugin MatineeToLevelSequence
LogPluginManager: Mounting plugin OnlineSubsystemGooglePlay
LogPluginManager: Mounting plugin OnlineSubsystemIOS
LogPluginManager: Mounting plugin OnlineSubsystem
LogPluginManager: Mounting plugin OnlineSubsystemNull
LogPluginManager: Mounting plugin OnlineSubsystemUtils
LogPluginManager: Mounting plugin AndroidDeviceProfileSelector
LogPluginManager: Mounting plugin AndroidMoviePlayer
LogPluginManager: Mounting plugin AndroidPermission
LogPluginManager: Mounting plugin AppleARKit
LogPluginManager: Mounting plugin AppleMoviePlayer
LogPluginManager: Mounting plugin ArchVisCharacter
LogPluginManager: Mounting plugin CableComponent
LogPluginManager: Mounting plugin CustomMeshComponent
LogPluginManager: Mounting plugin ExampleDeviceProfileSelector
LogPluginManager: Mounting plugin GoogleCloudMessaging
LogPluginManager: Mounting plugin ImmediatePhysics
LogPluginManager: Mounting plugin IOSDeviceProfileSelector
LogPluginManager: Mounting plugin LinuxDeviceProfileSelector
LogPluginManager: Mounting plugin LocationServicesBPLibrary
LogPluginManager: Mounting plugin MobilePatchingUtils
LogPluginManager: Mounting plugin OculusVR
LogPluginManager: Plugin shader directory ../../../Engine/Plugins/Runtime/Oculus/OculusVR/Shaders found
LogPluginManager: Mapping shader source directory ../../../Engine/Plugins/Runtime/Oculus/OculusVR/Shaders to virtual directory /Plugin/OculusVR
LogPluginManager: Mounting plugin PhysXVehicles
LogPluginManager: Mounting plugin ProceduralMeshComponent
LogPluginManager: Mounting plugin RuntimePhysXCooking
LogPluginManager: Mounting plugin SteamVR
LogPluginManager: Mounting plugin WindowsMoviePlayer
LogModuleManager: Warning: Module file ../../../../../GitHub/VR_SlaveExperience/SlaveVRExperience/Binaries/Win64/UE4Editor-SlaveVRExperience-6837.dll is missing. This is likely a stale module that must be recompiled.
LogModuleManager: Display: Found up-to-date module file ../../../Engine/Plugins/2D/Paper2D/Binaries/Win64/UE4Editor-Paper2D.dll (API version 3709383).
LogModuleManager: Display: Found up-to-date module file ../../../Engine/Plugins/2D/Paper2D/Binaries/Win64/UE4Editor-Paper2DEditor.dll (API version 3709383).
LogModuleManager: Display: Found up-to-date module file ../../../Engine/Plugins/2D/Paper2D/Binaries/Win64/UE4Editor-PaperSpriteSheetImporter.dll (API version 3709383).
LogModuleManager: Display: Found up-to-date module file ../../../Engine/Plugins/2D/Paper2D/Binaries/Win64/UE4Editor-PaperTiledImporter.dll (API version 3709383).
LogModuleManager: Display: Found up-to-date module file ../../../Engine/Plugins/2D/Paper2D/Binaries/Win64/UE4Editor-SmartSnapping.dll (API version 3709383).
LogModuleManager: Display: Found up-to-date module file ../../../Engine/Plugins/Blendables/LightPropagationVolume/Binaries/Win64/UE4Editor-LightPropagationVolumeRuntime.dll (API version 3709383).
LogModuleManager: Display: Found up-to-date module file ../../../Engine/Plugins/Blendables/LightPropagationVolume/Binaries/Win64/UE4Editor-LightPropagationVolumeEditor.dll (API version 3709383).
LogModuleManager: Display: Found up-to-date module file ../../../Engine/Plugins/Developer/GitSourceControl/Binaries/Win64/UE4Editor-GitSourceControl.dll (API version 3709383).
LogModuleManager: Display: Found up-to-date module file ../../../Engine/Plugins/Developer/PerforceSourceControl/Binaries/Win64/UE4Editor-PerforceSourceControl.dll (API version 3709383).
LogModuleManager: Display: Found up-to-date module file ../../../Engine/Plugins/Developer/SubversionSourceControl/Binaries/Win64/UE4Editor-SubversionSourceControl.dll (API version 3709383).
LogModuleManager: Display: Found up-to-date module file ../../../Engine/Plugins/Developer/UObjectPlugin/Binaries/Win64/UE4Editor-UObjectPlugin.dll (API version 3709383).
LogModuleManager: Display: Found up-to-date module file ../../../Engine/Plugins/Developer/VisualStudioCodeSourceCodeAccess/Binaries/Win64/UE4Editor-VisualStudioCodeSourceCodeAccess.dll (API version 3709383).
LogModuleManager: Display: Found up-to-date module file ../../../Engine/Plugins/Developer/VisualStudioSourceCodeAccess/Binaries/Win64/UE4Editor-VisualStudioSourceCodeAccess.dll (API version 3709383).
LogModuleManager: Display: Found up-to-date module file ../../../Engine/Plugins/Editor/AssetManagerEditor/Binaries/Win64/UE4Editor-AssetManagerEditor.dll (API version 3709383).
LogModuleManager: Display: Found up-to-date module file ../../../Engine/Plugins/Editor/AudioCapture/Binaries/Win64/UE4Editor-AudioCapture.dll (API version 3709383).
LogModuleManager: Display: Found up-to-date module file ../../../Engine/Plugins/Editor/FacialAnimation/Binaries/Win64/UE4Editor-FacialAnimation.dll (API version 3709383).
LogModuleManager: Display: Found up-to-date module file ../../../Engine/Plugins/Editor/FacialAnimation/Binaries/Win64/UE4Editor-FacialAnimationEditor.dll (API version 3709383).
LogModuleManager: Display: Found up-to-date module file ../../../Engine/Plugins/Editor/GameplayTagsEditor/Binaries/Win64/UE4Editor-GameplayTagsEditor.dll (API version 3709383).
LogModuleManager: Display: Found up-to-date module file ../../../Engine/Plugins/Editor/MobileLauncherProfileWizard/Binaries/Win64/UE4Editor-MobileLauncherProfileWizard.dll (API version 3709383).
LogModuleManager: Display: Found up-to-date module file ../../../Engine/Plugins/Editor/PluginBrowser/Binaries/Win64/UE4Editor-PluginBrowser.dll (API version 3709383).
LogModuleManager: Display: Found up-to-date module file ../../../Engine/Plugins/Editor/SpeedTreeImporter/Binaries/Win64/UE4Editor-SpeedTreeImporter.dll (API version 3709383).
LogModuleManager: Display: Found up-to-date module file ../../../Engine/Plugins/Experimental/AlembicImporter/Binaries/Win64/UE4Editor-AlembicImporter.dll (API version 3709383).
LogModuleManager: Display: Found up-to-date module file ../../../Engine/Plugins/Experimental/AlembicImporter/Binaries/Win64/UE4Editor-AlembicLibrary.dll (API version 3709383).
LogModuleManager: Display: Found up-to-date module file ../../../Engine/Plugins/Experimental/CharacterAI/Binaries/Win64/UE4Editor-CharacterAI.dll (API version 3709383).
LogModuleManager: Display: Found up-to-date module file ../../../Engine/Plugins/Experimental/HTML5Networking/Binaries/Win64/UE4Editor-HTML5Networking.dll (API version 3709383).
LogModuleManager: Display: Found up-to-date module file ../../../Engine/Plugins/Media/AndroidMedia/Binaries/Win64/UE4Editor-AndroidMediaEditor.dll (API version 3709383).
LogModuleManager: Display: Found up-to-date module file ../../../Engine/Plugins/Media/AndroidMedia/Binaries/Win64/UE4Editor-AndroidMediaFactory.dll (API version 3709383).
LogModuleManager: Display: Found up-to-date module file ../../../Engine/Plugins/Media/AvfMedia/Binaries/Win64/UE4Editor-AvfMediaEditor.dll (API version 3709383).
LogModuleManager: Display: Found up-to-date module file ../../../Engine/Plugins/Media/AvfMedia/Binaries/Win64/UE4Editor-AvfMediaFactory.dll (API version 3709383).
LogModuleManager: Display: Found up-to-date module file ../../../Engine/Plugins/Media/AvfMedia/Binaries/Win64/UE4Editor-AvfMediaFactory.dll (API version 3709383).
LogModuleManager: Display: Found up-to-date module file ../../../Engine/Plugins/Media/ImgMedia/Binaries/Win64/UE4Editor-ImgMedia.dll (API version 3709383).
LogModuleManager: Display: Found up-to-date module file ../../../Engine/Plugins/Media/ImgMedia/Binaries/Win64/UE4Editor-ImgMediaEditor.dll (API version 3709383).
LogModuleManager: Display: Found up-to-date module file ../../../Engine/Plugins/Media/ImgMedia/Binaries/Win64/UE4Editor-ImgMediaFactory.dll (API version 3709383).
LogModuleManager: Display: Found up-to-date module file ../../../Engine/Plugins/Media/ImgMedia/Binaries/Win64/UE4Editor-ImgMediaFactory.dll (API version 3709383).
LogModuleManager: Display: Found up-to-date module file ../../../Engine/Plugins/Media/ImgMedia/Binaries/Win64/UE4Editor-OpenExrWrapper.dll (API version 3709383).
LogModuleManager: Display: Found up-to-date module file ../../../Engine/Plugins/Media/MediaCompositing/Binaries/Win64/UE4Editor-MediaCompositing.dll (API version 3709383).
LogModuleManager: Display: Found up-to-date module file ../../../Engine/Plugins/Media/MediaCompositing/Binaries/Win64/UE4Editor-MediaCompositingEditor.dll (API version 3709383).
LogModuleManager: Display: Found up-to-date module file ../../../Engine/Plugins/Media/MediaPlayerEditor/Binaries/Win64/UE4Editor-MediaPlayerEditor.dll (API version 3709383).
LogModuleManager: Display: Found up-to-date module file ../../../Engine/Plugins/Media/WmfMedia/Binaries/Win64/UE4Editor-WmfMedia.dll (API version 3709383).
LogModuleManager: Display: Found up-to-date module file ../../../Engine/Plugins/Media/WmfMedia/Binaries/Win64/UE4Editor-WmfMediaEditor.dll (API version 3709383).
LogModuleManager: Display: Found up-to-date module file ../../../Engine/Plugins/Media/WmfMedia/Binaries/Win64/UE4Editor-WmfMediaFactory.dll (API version 3709383).
LogModuleManager: Display: Found up-to-date module file ../../../Engine/Plugins/Media/WmfMedia/Binaries/Win64/UE4Editor-WmfMediaFactory.dll (API version 3709383).
LogModuleManager: Display: Found up-to-date module file ../../../Engine/Plugins/Messaging/TcpMessaging/Binaries/Win64/UE4Editor-TcpMessaging.dll (API version 3709383).
LogModuleManager: Display: Found up-to-date module file ../../../Engine/Plugins/Messaging/UdpMessaging/Binaries/Win64/UE4Editor-UdpMessaging.dll (API version 3709383).
LogModuleManager: Display: Found up-to-date module file ../../../Engine/Plugins/MovieScene/ActorSequence/Binaries/Win64/UE4Editor-ActorSequence.dll (API version 3709383).
LogModuleManager: Display: Found up-to-date module file ../../../Engine/Plugins/MovieScene/LevelSequenceEditor/Binaries/Win64/UE4Editor-LevelSequenceEditor.dll (API version 3709383).
LogModuleManager: Display: Found up-to-date module file ../../../Engine/Plugins/MovieScene/MatineeToLevelSequence/Binaries/Win64/UE4Editor-MatineeToLevelSequence.dll (API version 3709383).
LogModuleManager: Display: Found up-to-date module file ../../../Engine/Plugins/Online/OnlineSubsystem/Binaries/Win64/UE4Editor-OnlineSubsystem.dll (API version 3709383).
LogModuleManager: Display: Found up-to-date module file ../../../Engine/Plugins/Online/OnlineSubsystemNull/Binaries/Win64/UE4Editor-OnlineSubsystemNull.dll (API version 3709383).
LogModuleManager: Display: Found up-to-date module file ../../../Engine/Plugins/Online/OnlineSubsystemUtils/Binaries/Win64/UE4Editor-OnlineSubsystemUtils.dll (API version 3709383).
LogModuleManager: Display: Found up-to-date module file ../../../Engine/Plugins/Online/OnlineSubsystemUtils/Binaries/Win64/UE4Editor-OnlineBlueprintSupport.dll (API version 3709383).
LogModuleManager: Display: Found up-to-date module file ../../../Engine/Plugins/Runtime/AndroidDeviceProfileSelector/Binaries/Win64/UE4Editor-AndroidDeviceProfileSelector.dll (API version 3709383).
LogModuleManager: Display: Found up-to-date module file ../../../Engine/Plugins/Runtime/AndroidPermission/Binaries/Win64/UE4Editor-AndroidPermission.dll (API version 3709383).
LogModuleManager: Display: Found up-to-date module file ../../../Engine/Plugins/Runtime/AppleARKit/Binaries/Win64/UE4Editor-AppleARKit.dll (API version 3709383).
LogModuleManager: Display: Found up-to-date module file ../../../Engine/Plugins/Runtime/ArchVisCharacter/Binaries/Win64/UE4Editor-ArchVisCharacter.dll (API version 3709383).
LogModuleManager: Display: Found up-to-date module file ../../../Engine/Plugins/Runtime/CableComponent/Binaries/Win64/UE4Editor-CableComponent.dll (API version 3709383).
LogModuleManager: Display: Found up-to-date module file ../../../Engine/Plugins/Runtime/CustomMeshComponent/Binaries/Win64/UE4Editor-CustomMeshComponent.dll (API version 3709383).
LogModuleManager: Display: Found up-to-date module file ../../../Engine/Plugins/Runtime/ExampleDeviceProfileSelector/Binaries/Win64/UE4Editor-ExampleDeviceProfileSelector.dll (API version 3709383).
LogModuleManager: Display: Found up-to-date module file ../../../Engine/Plugins/Runtime/ImmediatePhysics/Binaries/Win64/UE4Editor-ImmediatePhysics.dll (API version 3709383).
LogModuleManager: Display: Found up-to-date module file ../../../Engine/Plugins/Runtime/ImmediatePhysics/Binaries/Win64/UE4Editor-ImmediatePhysicsEditor.dll (API version 3709383).
LogModuleManager: Display: Found up-to-date module file ../../../Engine/Plugins/Runtime/LocationServicesBPLibrary/Binaries/Win64/UE4Editor-LocationServicesBPLibrary.dll (API version 3709383).
LogModuleManager: Display: Found up-to-date module file ../../../Engine/Plugins/Runtime/MobilePatchingUtils/Binaries/Win64/UE4Editor-MobilePatchingUtils.dll (API version 3709383).
LogModuleManager: Display: Found up-to-date module file ../../../Engine/Plugins/Runtime/Oculus/OculusVR/Binaries/Win64/UE4Editor-OculusHMD.dll (API version 3709383).
LogModuleManager: Display: Found up-to-date module file ../../../Engine/Plugins/Runtime/Oculus/OculusVR/Binaries/Win64/UE4Editor-OculusInput.dll (API version 3709383).
LogModuleManager: Display: Found up-to-date module file ../../../Engine/Plugins/Runtime/Oculus/OculusVR/Binaries/Win64/UE4Editor-OculusEditor.dll (API version 3709383).
LogModuleManager: Display: Found up-to-date module file ../../../Engine/Plugins/Runtime/PhysXVehicles/Binaries/Win64/UE4Editor-PhysXVehicles.dll (API version 3709383).
LogModuleManager: Display: Found up-to-date module file ../../../Engine/Plugins/Runtime/PhysXVehicles/Binaries/Win64/UE4Editor-PhysXVehiclesEditor.dll (API version 3709383).
LogModuleManager: Display: Found up-to-date module file ../../../Engine/Plugins/Runtime/ProceduralMeshComponent/Binaries/Win64/UE4Editor-ProceduralMeshComponent.dll (API version 3709383).
LogModuleManager: Display: Found up-to-date module file ../../../Engine/Plugins/Runtime/ProceduralMeshComponent/Binaries/Win64/UE4Editor-ProceduralMeshComponentEditor.dll (API version 3709383).
LogModuleManager: Display: Found up-to-date module file ../../../Engine/Plugins/Runtime/RuntimePhysXCooking/Binaries/Win64/UE4Editor-RuntimePhysXCooking.dll (API version 3709383).
LogModuleManager: Display: Found up-to-date module file ../../../Engine/Plugins/Runtime/Steam/SteamVR/Binaries/Win64/UE4Editor-SteamVR.dll (API version 3709383).
LogModuleManager: Display: Found up-to-date module file ../../../Engine/Plugins/Runtime/Steam/SteamVR/Binaries/Win64/UE4Editor-SteamVRController.dll (API version 3709383).
LogModuleManager: Display: Found up-to-date module file ../../../Engine/Plugins/Runtime/WindowsMoviePlayer/Binaries/Win64/UE4Editor-WindowsMoviePlayer.dll (API version 3709383).
LogInit: Warning: Incompatible or missing module: UE4Editor-SlaveVRExperience.dll
Running D:/Epic Games/UE_4.18/Engine/Binaries/DotNET/UnrealBuildTool.exe SlaveVRExperience Development Win64 -project="D:/GitHub/VR_SlaveExperience/SlaveVRExperience/SlaveVRExperience.uproject" -editorrecompile -progress -NoHotReloadFromIDE
Using 'git status' to determine working set for adaptive non-unity build.
Creating makefile for SlaveVRExperience (no existing makefile)
@progress push 5%
@progress pop
Deleting old hot reload file: "D:\GitHub\VR_SlaveExperience\SlaveVRExperience\Binaries\Win64\UE4Editor-SlaveVRExperience-2436.dll".
Deleting old hot reload file: "D:\GitHub\VR_SlaveExperience\SlaveVRExperience\Binaries\Win64\UE4Editor-SlaveVRExperience-2436.pdb".
Deleting old hot reload file: "D:\GitHub\VR_SlaveExperience\SlaveVRExperience\Binaries\Win64\UE4Editor-SlaveVRExperience-496.dll".
Deleting old hot reload file: "D:\GitHub\VR_SlaveExperience\SlaveVRExperience\Binaries\Win64\UE4Editor-SlaveVRExperience-496.pdb".
Performing 1 actions (4 in parallel)
[1/1] Link UE4Editor-SlaveVRExperience.dll
   Creating library D:\GitHub\VR_SlaveExperience\SlaveVRExperience\Intermediate\Build\Win64\UE4Editor\Development\UE4Editor-SlaveVRExperience.suppressed.lib and object D:\GitHub\VR_SlaveExperience\SlaveVRExperience\Intermediate\Build\Win64\UE4Editor\Development\UE4Editor-SlaveVRExperience.suppressed.exp
Total build time: 3.59 seconds (Local executor: 0.51 seconds)
LogModuleManager: Display: Found up-to-date module file ../../../../../GitHub/VR_SlaveExperience/SlaveVRExperience/Binaries/Win64/UE4Editor-SlaveVRExperience.dll (API version 3709383).
LogModuleManager: Display: Found up-to-date module file ../../../Engine/Plugins/2D/Paper2D/Binaries/Win64/UE4Editor-Paper2D.dll (API version 3709383).
LogModuleManager: Display: Found up-to-date module file ../../../Engine/Plugins/2D/Paper2D/Binaries/Win64/UE4Editor-Paper2DEditor.dll (API version 3709383).
LogModuleManager: Display: Found up-to-date module file ../../../Engine/Plugins/2D/Paper2D/Binaries/Win64/UE4Editor-PaperSpriteSheetImporter.dll (API version 3709383).
LogModuleManager: Display: Found up-to-date module file ../../../Engine/Plugins/2D/Paper2D/Binaries/Win64/UE4Editor-PaperTiledImporter.dll (API version 3709383).
LogModuleManager: Display: Found up-to-date module file ../../../Engine/Plugins/2D/Paper2D/Binaries/Win64/UE4Editor-SmartSnapping.dll (API version 3709383).
LogModuleManager: Display: Found up-to-date module file ../../../Engine/Plugins/Blendables/LightPropagationVolume/Binaries/Win64/UE4Editor-LightPropagationVolumeRuntime.dll (API version 3709383).
LogModuleManager: Display: Found up-to-date module file ../../../Engine/Plugins/Blendables/LightPropagationVolume/Binaries/Win64/UE4Editor-LightPropagationVolumeEditor.dll (API version 3709383).
LogModuleManager: Display: Found up-to-date module file ../../../Engine/Plugins/Developer/GitSourceControl/Binaries/Win64/UE4Editor-GitSourceControl.dll (API version 3709383).
LogModuleManager: Display: Found up-to-date module file ../../../Engine/Plugins/Developer/PerforceSourceControl/Binaries/Win64/UE4Editor-PerforceSourceControl.dll (API version 3709383).
LogModuleManager: Display: Found up-to-date module file ../../../Engine/Plugins/Developer/SubversionSourceControl/Binaries/Win64/UE4Editor-SubversionSourceControl.dll (API version 3709383).
LogModuleManager: Display: Found up-to-date module file ../../../Engine/Plugins/Developer/UObjectPlugin/Binaries/Win64/UE4Editor-UObjectPlugin.dll (API version 3709383).
LogModuleManager: Display: Found up-to-date module file ../../../Engine/Plugins/Developer/VisualStudioCodeSourceCodeAccess/Binaries/Win64/UE4Editor-VisualStudioCodeSourceCodeAccess.dll (API version 3709383).
LogModuleManager: Display: Found up-to-date module file ../../../Engine/Plugins/Developer/VisualStudioSourceCodeAccess/Binaries/Win64/UE4Editor-VisualStudioSourceCodeAccess.dll (API version 3709383).
LogModuleManager: Display: Found up-to-date module file ../../../Engine/Plugins/Editor/AssetManagerEditor/Binaries/Win64/UE4Editor-AssetManagerEditor.dll (API version 3709383).
LogModuleManager: Display: Found up-to-date module file ../../../Engine/Plugins/Editor/AudioCapture/Binaries/Win64/UE4Editor-AudioCapture.dll (API version 3709383).
LogModuleManager: Display: Found up-to-date module file ../../../Engine/Plugins/Editor/FacialAnimation/Binaries/Win64/UE4Editor-FacialAnimation.dll (API version 3709383).
LogModuleManager: Display: Found up-to-date module file ../../../Engine/Plugins/Editor/FacialAnimation/Binaries/Win64/UE4Editor-FacialAnimationEditor.dll (API version 3709383).
LogModuleManager: Display: Found up-to-date module file ../../../Engine/Plugins/Editor/GameplayTagsEditor/Binaries/Win64/UE4Editor-GameplayTagsEditor.dll (API version 3709383).
LogModuleManager: Display: Found up-to-date module file ../../../Engine/Plugins/Editor/MobileLauncherProfileWizard/Binaries/Win64/UE4Editor-MobileLauncherProfileWizard.dll (API version 3709383).
LogModuleManager: Display: Found up-to-date module file ../../../Engine/Plugins/Editor/PluginBrowser/Binaries/Win64/UE4Editor-PluginBrowser.dll (API version 3709383).
LogModuleManager: Display: Found up-to-date module file ../../../Engine/Plugins/Editor/SpeedTreeImporter/Binaries/Win64/UE4Editor-SpeedTreeImporter.dll (API version 3709383).
LogModuleManager: Display: Found up-to-date module file ../../../Engine/Plugins/Experimental/AlembicImporter/Binaries/Win64/UE4Editor-AlembicImporter.dll (API version 3709383).
LogModuleManager: Display: Found up-to-date module file ../../../Engine/Plugins/Experimental/AlembicImporter/Binaries/Win64/UE4Editor-AlembicLibrary.dll (API version 3709383).
LogModuleManager: Display: Found up-to-date module file ../../../Engine/Plugins/Experimental/CharacterAI/Binaries/Win64/UE4Editor-CharacterAI.dll (API version 3709383).
LogModuleManager: Display: Found up-to-date module file ../../../Engine/Plugins/Experimental/HTML5Networking/Binaries/Win64/UE4Editor-HTML5Networking.dll (API version 3709383).
LogModuleManager: Display: Found up-to-date module file ../../../Engine/Plugins/Media/AndroidMedia/Binaries/Win64/UE4Editor-AndroidMediaEditor.dll (API version 3709383).
LogModuleManager: Display: Found up-to-date module file ../../../Engine/Plugins/Media/AndroidMedia/Binaries/Win64/UE4Editor-AndroidMediaFactory.dll (API version 3709383).
LogModuleManager: Display: Found up-to-date module file ../../../Engine/Plugins/Media/AvfMedia/Binaries/Win64/UE4Editor-AvfMediaEditor.dll (API version 3709383).
LogModuleManager: Display: Found up-to-date module file ../../../Engine/Plugins/Media/AvfMedia/Binaries/Win64/UE4Editor-AvfMediaFactory.dll (API version 3709383).
LogModuleManager: Display: Found up-to-date module file ../../../Engine/Plugins/Media/AvfMedia/Binaries/Win64/UE4Editor-AvfMediaFactory.dll (API version 3709383).
LogModuleManager: Display: Found up-to-date module file ../../../Engine/Plugins/Media/ImgMedia/Binaries/Win64/UE4Editor-ImgMedia.dll (API version 3709383).
LogModuleManager: Display: Found up-to-date module file ../../../Engine/Plugins/Media/ImgMedia/Binaries/Win64/UE4Editor-ImgMediaEditor.dll (API version 3709383).
LogModuleManager: Display: Found up-to-date module file ../../../Engine/Plugins/Media/ImgMedia/Binaries/Win64/UE4Editor-ImgMediaFactory.dll (API version 3709383).
LogModuleManager: Display: Found up-to-date module file ../../../Engine/Plugins/Media/ImgMedia/Binaries/Win64/UE4Editor-ImgMediaFactory.dll (API version 3709383).
LogModuleManager: Display: Found up-to-date module file ../../../Engine/Plugins/Media/ImgMedia/Binaries/Win64/UE4Editor-OpenExrWrapper.dll (API version 3709383).
LogModuleManager: Display: Found up-to-date module file ../../../Engine/Plugins/Media/MediaCompositing/Binaries/Win64/UE4Editor-MediaCompositing.dll (API version 3709383).
LogModuleManager: Display: Found up-to-date module file ../../../Engine/Plugins/Media/MediaCompositing/Binaries/Win64/UE4Editor-MediaCompositingEditor.dll (API version 3709383).
LogModuleManager: Display: Found up-to-date module file ../../../Engine/Plugins/Media/MediaPlayerEditor/Binaries/Win64/UE4Editor-MediaPlayerEditor.dll (API version 3709383).
LogModuleManager: Display: Found up-to-date module file ../../../Engine/Plugins/Media/WmfMedia/Binaries/Win64/UE4Editor-WmfMedia.dll (API version 3709383).
LogModuleManager: Display: Found up-to-date module file ../../../Engine/Plugins/Media/WmfMedia/Binaries/Win64/UE4Editor-WmfMediaEditor.dll (API version 3709383).
LogModuleManager: Display: Found up-to-date module file ../../../Engine/Plugins/Media/WmfMedia/Binaries/Win64/UE4Editor-WmfMediaFactory.dll (API version 3709383).
LogModuleManager: Display: Found up-to-date module file ../../../Engine/Plugins/Media/WmfMedia/Binaries/Win64/UE4Editor-WmfMediaFactory.dll (API version 3709383).
LogModuleManager: Display: Found up-to-date module file ../../../Engine/Plugins/Messaging/TcpMessaging/Binaries/Win64/UE4Editor-TcpMessaging.dll (API version 3709383).
LogModuleManager: Display: Found up-to-date module file ../../../Engine/Plugins/Messaging/UdpMessaging/Binaries/Win64/UE4Editor-UdpMessaging.dll (API version 3709383).
LogModuleManager: Display: Found up-to-date module file ../../../Engine/Plugins/MovieScene/ActorSequence/Binaries/Win64/UE4Editor-ActorSequence.dll (API version 3709383).
LogModuleManager: Display: Found up-to-date module file ../../../Engine/Plugins/MovieScene/LevelSequenceEditor/Binaries/Win64/UE4Editor-LevelSequenceEditor.dll (API version 3709383).
LogModuleManager: Display: Found up-to-date module file ../../../Engine/Plugins/MovieScene/MatineeToLevelSequence/Binaries/Win64/UE4Editor-MatineeToLevelSequence.dll (API version 3709383).
LogModuleManager: Display: Found up-to-date module file ../../../Engine/Plugins/Online/OnlineSubsystem/Binaries/Win64/UE4Editor-OnlineSubsystem.dll (API version 3709383).
LogModuleManager: Display: Found up-to-date module file ../../../Engine/Plugins/Online/OnlineSubsystemNull/Binaries/Win64/UE4Editor-OnlineSubsystemNull.dll (API version 3709383).
LogModuleManager: Display: Found up-to-date module file ../../../Engine/Plugins/Online/OnlineSubsystemUtils/Binaries/Win64/UE4Editor-OnlineSubsystemUtils.dll (API version 3709383).
LogModuleManager: Display: Found up-to-date module file ../../../Engine/Plugins/Online/OnlineSubsystemUtils/Binaries/Win64/UE4Editor-OnlineBlueprintSupport.dll (API version 3709383).
LogModuleManager: Display: Found up-to-date module file ../../../Engine/Plugins/Runtime/AndroidDeviceProfileSelector/Binaries/Win64/UE4Editor-AndroidDeviceProfileSelector.dll (API version 3709383).
LogModuleManager: Display: Found up-to-date module file ../../../Engine/Plugins/Runtime/AndroidPermission/Binaries/Win64/UE4Editor-AndroidPermission.dll (API version 3709383).
LogModuleManager: Display: Found up-to-date module file ../../../Engine/Plugins/Runtime/AppleARKit/Binaries/Win64/UE4Editor-AppleARKit.dll (API version 3709383).
LogModuleManager: Display: Found up-to-date module file ../../../Engine/Plugins/Runtime/ArchVisCharacter/Binaries/Win64/UE4Editor-ArchVisCharacter.dll (API version 3709383).
LogModuleManager: Display: Found up-to-date module file ../../../Engine/Plugins/Runtime/CableComponent/Binaries/Win64/UE4Editor-CableComponent.dll (API version 3709383).
LogModuleManager: Display: Found up-to-date module file ../../../Engine/Plugins/Runtime/CustomMeshComponent/Binaries/Win64/UE4Editor-CustomMeshComponent.dll (API version 3709383).
LogModuleManager: Display: Found up-to-date module file ../../../Engine/Plugins/Runtime/ExampleDeviceProfileSelector/Binaries/Win64/UE4Editor-ExampleDeviceProfileSelector.dll (API version 3709383).
LogModuleManager: Display: Found up-to-date module file ../../../Engine/Plugins/Runtime/ImmediatePhysics/Binaries/Win64/UE4Editor-ImmediatePhysics.dll (API version 3709383).
LogModuleManager: Display: Found up-to-date module file ../../../Engine/Plugins/Runtime/ImmediatePhysics/Binaries/Win64/UE4Editor-ImmediatePhysicsEditor.dll (API version 3709383).
LogModuleManager: Display: Found up-to-date module file ../../../Engine/Plugins/Runtime/LocationServicesBPLibrary/Binaries/Win64/UE4Editor-LocationServicesBPLibrary.dll (API version 3709383).
LogModuleManager: Display: Found up-to-date module file ../../../Engine/Plugins/Runtime/MobilePatchingUtils/Binaries/Win64/UE4Editor-MobilePatchingUtils.dll (API version 3709383).
LogModuleManager: Display: Found up-to-date module file ../../../Engine/Plugins/Runtime/Oculus/OculusVR/Binaries/Win64/UE4Editor-OculusHMD.dll (API version 3709383).
LogModuleManager: Display: Found up-to-date module file ../../../Engine/Plugins/Runtime/Oculus/OculusVR/Binaries/Win64/UE4Editor-OculusInput.dll (API version 3709383).
LogModuleManager: Display: Found up-to-date module file ../../../Engine/Plugins/Runtime/Oculus/OculusVR/Binaries/Win64/UE4Editor-OculusEditor.dll (API version 3709383).
LogModuleManager: Display: Found up-to-date module file ../../../Engine/Plugins/Runtime/PhysXVehicles/Binaries/Win64/UE4Editor-PhysXVehicles.dll (API version 3709383).
LogModuleManager: Display: Found up-to-date module file ../../../Engine/Plugins/Runtime/PhysXVehicles/Binaries/Win64/UE4Editor-PhysXVehiclesEditor.dll (API version 3709383).
LogModuleManager: Display: Found up-to-date module file ../../../Engine/Plugins/Runtime/ProceduralMeshComponent/Binaries/Win64/UE4Editor-ProceduralMeshComponent.dll (API version 3709383).
LogModuleManager: Display: Found up-to-date module file ../../../Engine/Plugins/Runtime/ProceduralMeshComponent/Binaries/Win64/UE4Editor-ProceduralMeshComponentEditor.dll (API version 3709383).
LogModuleManager: Display: Found up-to-date module file ../../../Engine/Plugins/Runtime/RuntimePhysXCooking/Binaries/Win64/UE4Editor-RuntimePhysXCooking.dll (API version 3709383).
LogModuleManager: Display: Found up-to-date module file ../../../Engine/Plugins/Runtime/Steam/SteamVR/Binaries/Win64/UE4Editor-SteamVR.dll (API version 3709383).
LogModuleManager: Display: Found up-to-date module file ../../../Engine/Plugins/Runtime/Steam/SteamVR/Binaries/Win64/UE4Editor-SteamVRController.dll (API version 3709383).
LogModuleManager: Display: Found up-to-date module file ../../../Engine/Plugins/Runtime/WindowsMoviePlayer/Binaries/Win64/UE4Editor-WindowsMoviePlayer.dll (API version 3709383).
LogInit: Using libcurl 7.47.1
LogInit:  - built for x86_64-pc-win32
LogInit:  - supports SSL with OpenSSL/1.0.2g
LogInit:  - supports HTTP deflate (compression) using libz 1.2.8
LogInit:  - other features:
LogInit:      CURL_VERSION_SSL
LogInit:      CURL_VERSION_LIBZ
LogInit:      CURL_VERSION_IPV6
LogInit:      CURL_VERSION_ASYNCHDNS
LogInit:      CURL_VERSION_LARGEFILE
LogInit:      CURL_VERSION_IDN
LogInit:  CurlRequestOptions (configurable via config and command line):
LogInit:  - bVerifyPeer = false  - Libcurl will NOT verify peer certificate
LogInit:  - bUseHttpProxy = false  - Libcurl will NOT use HTTP proxy
LogInit:  - bDontReuseConnections = false  - Libcurl will reuse connections
LogInit:  - CertBundlePath = nullptr  - Libcurl will use whatever was configured at build time.
LogInit: Build: ++UE4+Release-4.18-CL-3832480
LogInit: Engine Version: 4.18.3-3832480+++UE4+Release-4.18
LogInit: Compatible Engine Version: 4.18.0-3709383+++UE4+Release-4.18
LogInit: Net CL: 3709383
LogDevObjectVersion: Number of dev versions registered: 16
LogDevObjectVersion:   Dev-Blueprints (B0D832E4-1F89-4F0D-ACCF-7EB736FD4AA2): 10
LogDevObjectVersion:   Dev-Build (E1C64328-A22C-4D53-A36C-8E866417BD8C): 0
LogDevObjectVersion:   Dev-Core (375EC13C-06E4-48FB-B500-84F0262A717E): 2
LogDevObjectVersion:   Dev-Editor (E4B068ED-F494-42E9-A231-DA0B2E46BB41): 20
LogDevObjectVersion:   Dev-Framework (CFFC743F-43B0-4480-9391-14DF171D2073): 30
LogDevObjectVersion:   Dev-Mobile (B02B49B5-BB20-44E9-A304-32B752E40360): 0
LogDevObjectVersion:   Dev-Networking (A4E4105C-59A1-49B5-A7C5-40C4547EDFEE): 0
LogDevObjectVersion:   Dev-Online (39C831C9-5AE6-47DC-9A44-9C173E1C8E7C): 0
LogDevObjectVersion:   Dev-Physics (78F01B33-EBEA-4F98-B9B4-84EACCB95AA2): 0
LogDevObjectVersion:   Dev-Platform (6631380F-2D4D-43E0-8009-CF276956A95A): 0
LogDevObjectVersion:   Dev-Rendering (12F88B9F-8875-4AFC-A67C-D90C383ABD29): 20
LogDevObjectVersion:   Dev-Sequencer (7B5AE74C-D270-4C10-A958-57980B212A5A): 4
LogDevObjectVersion:   Dev-VR (D7296918-1DD6-4BDD-9DE2-64A83CC13884): 0
LogDevObjectVersion:   Dev-LoadTimes (C2A15278-BFE7-4AFE-6C17-90FF531DF755): 1
LogDevObjectVersion:   Private-Geometry (6EACA3D4-40EC-4CC1-B786-8BED09428FC5): 1
LogDevObjectVersion:   Dev-AnimPhys (29E575DD-E0A3-4627-9D10-D276232CDCEA): 12
LogInit: Compiled (64-bit): Jan 12 2018 02:04:55
LogInit: Compiled with Visual C++: 19.00.24215.01
LogInit: Build Configuration: Development
LogInit: Branch Name: ++UE4+Release-4.18
LogInit: Command line:  
LogInit: Base directory: D:/Epic Games/UE_4.18/Engine/Binaries/Win64/
LogInit: Installed Engine Build: 1
LogInit: Presizing for max 8388607 objects, including 0 objects not considered by GC, pre-allocating 0 bytes for permanent pool.
LogInit: Object subsystem initialized
[2018.04.11-17.48.01:474][  0]LogInit: Selected Device Profile: [Windows]
[2018.04.11-17.48.01:474][  0]LogInit: Applying CVar settings loaded from the selected device profile: [Windows]
[2018.04.11-17.48.01:484][  0]LogInit: Computer: CAH812110809
[2018.04.11-17.48.01:484][  0]LogInit: User: ja999455
[2018.04.11-17.48.01:484][  0]LogInit: CPU Page size=4096, Cores=4
[2018.04.11-17.48.01:484][  0]LogInit: High frequency timer resolution =3.906252 MHz
[2018.04.11-17.48.01:484][  0]LogMemory: Memory total: Physical=15.9GB (16GB approx)
[2018.04.11-17.48.01:484][  0]LogMemory: Platform Memory Stats for Windows
[2018.04.11-17.48.01:484][  0]LogMemory: Process Physical Memory: 276.94 MB used, 276.94 MB peak
[2018.04.11-17.48.01:484][  0]LogMemory: Process Virtual Memory: 274.26 MB used, 274.26 MB peak
[2018.04.11-17.48.01:484][  0]LogMemory: Physical Memory: 4428.22 MB used,  11870.68 MB free, 16298.90 MB total
[2018.04.11-17.48.01:484][  0]LogMemory: Virtual Memory: 668.64 MB used,  11870.68 MB free, 134217728.00 MB total
[2018.04.11-17.48.01:566][  0]LogInit: Using OS detected language (en-US).
[2018.04.11-17.48.01:566][  0]LogInit: Using OS detected locale (en-US).
[2018.04.11-17.48.01:568][  0]LogTextLocalizationManager: No specific localization for 'en-US' exists, so the 'en' localization will be used.
[2018.04.11-17.48.01:899][  0]LogInit: Setting process to per monitor DPI aware
[2018.04.11-17.48.02:076][  0]LogD3D11RHI: D3D11 adapters:
[2018.04.11-17.48.02:098][  0]LogD3D11RHI:    0. 'NVIDIA GeForce GTX 960' (Feature Level 11_0)
[2018.04.11-17.48.02:098][  0]LogD3D11RHI:       2016/0/8149 MB DedicatedVideo/DedicatedSystem/SharedSystem, Outputs:1, VendorId:0x10de
[2018.04.11-17.48.02:104][  0]LogD3D11RHI:    1. 'Intel(R) HD Graphics 4600' (Feature Level 11_0)
[2018.04.11-17.48.02:104][  0]LogD3D11RHI:       112/0/2048 MB DedicatedVideo/DedicatedSystem/SharedSystem, Outputs:0, VendorId:0x8086
[2018.04.11-17.48.02:105][  0]LogD3D11RHI:    2. 'Microsoft Basic Render Driver' (Feature Level 11_0)
[2018.04.11-17.48.02:105][  0]LogD3D11RHI:       0/0/8149 MB DedicatedVideo/DedicatedSystem/SharedSystem, Outputs:0, VendorId:0x1414
[2018.04.11-17.48.02:105][  0]LogD3D11RHI: Chosen D3D11 Adapter: 0
[2018.04.11-17.48.02:108][  0]LogD3D11RHI: Creating new Direct3DDevice
[2018.04.11-17.48.02:108][  0]LogD3D11RHI:     GPU DeviceId: 0x1401 (for the marketing name, search the web for "GPU Device Id")
[2018.04.11-17.48.02:108][  0]LogWindows: EnumDisplayDevices:
[2018.04.11-17.48.02:108][  0]LogWindows:    0. 'NVIDIA GeForce GTX 960' (P:1 D:1)
[2018.04.11-17.48.02:108][  0]LogWindows:    1. 'NVIDIA GeForce GTX 960' (P:0 D:0)
[2018.04.11-17.48.02:108][  0]LogWindows:    2. 'NVIDIA GeForce GTX 960' (P:0 D:0)
[2018.04.11-17.48.02:108][  0]LogWindows:    3. 'NVIDIA GeForce GTX 960' (P:0 D:0)
[2018.04.11-17.48.02:108][  0]LogWindows:    4. 'Intel(R) HD Graphics 4600' (P:0 D:0)
[2018.04.11-17.48.02:109][  0]LogWindows:    5. 'Intel(R) HD Graphics 4600' (P:0 D:0)
[2018.04.11-17.48.02:109][  0]LogWindows:    6. 'Intel(R) HD Graphics 4600' (P:0 D:0)
[2018.04.11-17.48.02:109][  0]LogWindows: DebugString: PrimaryIsNotTheChoosenAdapter PrimaryIsNotTheChoosenAdapter PrimaryIsNotTheChoosenAdapter FoundDriverCount:4 
[2018.04.11-17.48.02:109][  0]LogD3D11RHI:     Adapter Name: NVIDIA GeForce GTX 960
[2018.04.11-17.48.02:109][  0]LogD3D11RHI:   Driver Version: 376.53 (internal:21.21.13.7653, unified:376.53)
[2018.04.11-17.48.02:109][  0]LogD3D11RHI:      Driver Date: 12-29-2016
[2018.04.11-17.48.02:109][  0]LogRHI: Texture pool is 1411 MB (70% of 2016 MB)
[2018.04.11-17.48.02:124][  0]LogD3D11RHI: Async texture creation enabled
[2018.04.11-17.48.02:134][  0]LogD3D11RHI: GPU Timing Frequency: 1000.000000 (Debug: 2 1)
[2018.04.11-17.48.02:182][  0]LogShaderCompilers: Guid format shader working directory is -10 characters bigger than the processId version (../../../../../GitHub/VR_SlaveExperience/SlaveVRExperience/Intermediate/Shaders/WorkingDirectory/13092/).
[2018.04.11-17.48.02:182][  0]LogShaderCompilers: Cleaned the shader compiler working directory 'C:/Users/ja999455/AppData/Local/Temp/UnrealShaderWorkingDir/CC61957240AE51A523E38F87DF0CB31D/'.
[2018.04.11-17.48.02:182][  0]LogShaderCompilers: Display: Using Local Shader Compiler.
[2018.04.11-17.48.02:901][  0]LogTemp: Display: Loaded TP AllDesktopTargetPlatform
[2018.04.11-17.48.02:933][  0]LogTemp: Display: Loaded TP MacClientTargetPlatform
[2018.04.11-17.48.02:965][  0]LogTemp: Display: Loaded TP MacNoEditorTargetPlatform
[2018.04.11-17.48.02:997][  0]LogTemp: Display: Loaded TP MacServerTargetPlatform
[2018.04.11-17.48.03:030][  0]LogTemp: Display: Loaded TP MacTargetPlatform
[2018.04.11-17.48.03:063][  0]LogTemp: Display: Loaded TP WindowsClientTargetPlatform
[2018.04.11-17.48.03:096][  0]LogTemp: Display: Loaded TP WindowsNoEditorTargetPlatform
[2018.04.11-17.48.03:130][  0]LogTemp: Display: Loaded TP WindowsServerTargetPlatform
[2018.04.11-17.48.03:156][  0]LogTemp: Display: Loaded TP WindowsTargetPlatform
[2018.04.11-17.48.03:188][  0]LogTemp: Display: Loaded TP Android_ASTCTargetPlatform
[2018.04.11-17.48.03:219][  0]LogTemp: Display: Loaded TP Android_ATCTargetPlatform
[2018.04.11-17.48.03:250][  0]LogTemp: Display: Loaded TP Android_DXTTargetPlatform
[2018.04.11-17.48.03:282][  0]LogTemp: Display: Loaded TP Android_ETC1TargetPlatform
[2018.04.11-17.48.03:315][  0]LogTemp: Display: Loaded TP Android_ETC2TargetPlatform
[2018.04.11-17.48.03:378][  0]LogTemp: Display: Loaded TP Android_MultiTargetPlatform
[2018.04.11-17.48.03:378][  0]LogTemp: Display: Loaded TP Android_PVRTCTargetPlatform
[2018.04.11-17.48.03:409][  0]LogTemp: Display: Loaded TP AndroidTargetPlatform
[2018.04.11-17.48.03:432][  0]LogTemp: Display: Loaded TP HTML5TargetPlatform
[2018.04.11-17.48.03:496][  0]LogTemp: Display: Loaded TP IOSTargetPlatform
[2018.04.11-17.48.03:516][  0]LogTemp: Display: Loaded TP TVOSTargetPlatform
[2018.04.11-17.48.03:548][  0]LogTemp: Display: Loaded TP LinuxClientTargetPlatform
[2018.04.11-17.48.03:579][  0]LogTemp: Display: Loaded TP LinuxNoEditorTargetPlatform
[2018.04.11-17.48.03:610][  0]LogTemp: Display: Loaded TP LinuxServerTargetPlatform
[2018.04.11-17.48.03:641][  0]LogTemp: Display: Loaded TP LinuxTargetPlatform
[2018.04.11-17.48.03:641][  0]LogTargetPlatformManager: Display: Building Assets For Windows
[2018.04.11-17.48.03:911][  0]LogDerivedDataCache: Display: Max Cache Size: 512 MB
[2018.04.11-17.48.03:997][  0]LogDerivedDataCache: Loaded boot cache 0.09s 88MB C:/Users/ja999455/AppData/Local/UnrealEngine/4.18/DerivedDataCache/Boot.ddc.
[2018.04.11-17.48.03:997][  0]LogDerivedDataCache: Display: Loaded Boot cache: C:/Users/ja999455/AppData/Local/UnrealEngine/4.18/DerivedDataCache/Boot.ddc
[2018.04.11-17.48.03:998][  0]LogDerivedDataCache: FDerivedDataBackendGraph:  Pak pak cache file ../../../../../GitHub/VR_SlaveExperience/SlaveVRExperience/DerivedDataCache/DDC.ddp not found, will not use a pak cache.
[2018.04.11-17.48.03:998][  0]LogDerivedDataCache: Unable to find inner node Pak for hierarchical cache Hierarchy.
[2018.04.11-17.48.03:998][  0]LogDerivedDataCache: FDerivedDataBackendGraph:  CompressedPak pak cache file ../../../../../GitHub/VR_SlaveExperience/SlaveVRExperience/DerivedDataCache/Compressed.ddp not found, will not use a pak cache.
[2018.04.11-17.48.03:998][  0]LogDerivedDataCache: Unable to find inner node CompressedPak for hierarchical cache Hierarchy.
[2018.04.11-17.48.04:013][  0]LogDerivedDataCache: Display: Pak cache opened for reading ../../../Engine/DerivedDataCache/Compressed.ddp.
[2018.04.11-17.48.04:025][  0]LogDerivedDataCache: Using Local data cache path C:/Users/ja999455/AppData/Local/UnrealEngine/Common/DerivedDataCache: Writable
[2018.04.11-17.48.04:034][  0]LogMaterial: Verifying Global Shaders for PCD3D_SM5
[2018.04.11-17.48.04:034][  0]LogSlate: Using Freetype 2.6.0
[2018.04.11-17.48.04:035][  0]LogSlate: SlateFontCache - WITH_FREETYPE: 1, WITH_HARFBUZZ: 1
[2018.04.11-17.48.04:035][  0]LogSlate: SlateFontCache - WITH_FREETYPE: 1, WITH_HARFBUZZ: 1
[2018.04.11-17.48.04:341][  0]LogInit: Selected Device Profile: [Windows]
[2018.04.11-17.48.04:556][  0]LogSimplygon: Simplygon DLL not present - disabling.
[2018.04.11-17.48.04:580][  0]LogMeshReduction: Using SimplygonSwarm for distributed automatic mesh merging
[2018.04.11-17.48.04:580][  0]LogMeshReduction: Using QuadricMeshReduction for automatic static mesh reduction
[2018.04.11-17.48.04:580][  0]LogMeshReduction: No automatic skeletal mesh reduction module available
[2018.04.11-17.48.04:580][  0]LogMeshReduction: No automatic mesh merging module available
[2018.04.11-17.48.04:580][  0]LogMeshMerging: No automatic mesh merging module available
[2018.04.11-17.48.04:599][  0]LogNetVersion: SlaveVRExperience , NetCL: 3709383, EngineNetVer: 2, GameNetVer: 0 (Checksum: 4075405704)
[2018.04.11-17.48.04:713][  0]LogAssetRegistry: FAssetRegistry took 0.0248 seconds to start up
[2018.04.11-17.48.05:076][  0]LogPackageLocalizationCache: Processed 7 localized package path(s) for 2 prioritized culture(s) in 0.049871 seconds
[2018.04.11-17.48.05:081][  0]LogUObjectArray: 35870 objects as part of root set at end of initial load.
[2018.04.11-17.48.05:081][  0]LogUObjectAllocator: 7363704 out of 0 bytes used by permanent object pool.
[2018.04.11-17.48.05:081][  0]LogUObjectArray: CloseDisregardForGC: 0/0 objects in disregard for GC pool
[2018.04.11-17.48.05:111][  0]LogInit: WinSock: version 1.1 (2.2), MaxSocks=32767, MaxUdp=65467
[2018.04.11-17.48.06:907][  0]LogTcpMessaging: Initializing TcpMessaging bridge
[2018.04.11-17.48.06:937][  0]LogUdpMessaging: Initializing bridge on interface 0.0.0.0:0 to multicast group 230.0.0.1:6666.
[2018.04.11-17.48.07:426][  0]LogMaterial: Uniform references updated for custom material expression Custom.
[2018.04.11-17.48.07:694][  0]SourceControl: Source control is disabled
[2018.04.11-17.48.07:694][  0]SourceControl: Source control is disabled
[2018.04.11-17.48.07:724][  0]SourceControl: Source control is disabled
[2018.04.11-17.48.07:755][  0]SourceControl: Source control is disabled
[2018.04.11-17.48.08:241][  0]LogAndroidPermission: UAndroidPermissionCallbackProxy::GetInstance
[2018.04.11-17.48.08:399][  0]LogOcInput: OculusInput pre-init called
[2018.04.11-17.48.08:567][  0]LogEngine: Initializing Engine...
[2018.04.11-17.48.12:131][  0]LogHMD: SteamVR initialized.  Driver: lighthouse  Display: LHR-CCE699A8
[2018.04.11-17.48.12:317][  0]LogStats: UGameplayTagsManager::ConstructGameplayTagTree: Construct from data asset -  0.000 s
[2018.04.11-17.48.12:317][  0]LogStats: UGameplayTagsManager::ConstructGameplayTagTree: GameplayTagTreeChangedEvent.Broadcast -  0.000 s
[2018.04.11-17.48.12:393][  0]LogAIModule: Creating AISystem for world Untitled
[2018.04.11-17.48.12:410][  0]LogInit: XAudio2 using 'Speakers / Headphones (Realtek High Definition Audio)' : 2 channels at 48 kHz using 32 bits per sample (channel mask 0x3)
[2018.04.11-17.48.12:526][  0]LogInit: FAudioDevice initialized.
[2018.04.11-17.48.12:903][  0]LogDerivedDataCache: Saved boot cache 0.38s 88MB C:/Users/ja999455/AppData/Local/UnrealEngine/4.18/DerivedDataCache/Boot.ddc.
[2018.04.11-17.48.12:918][  0]LogInit: Texture streaming: Enabled
[2018.04.11-17.48.12:976][  0]LogEngineSessionManager: EngineSessionManager initialized
[2018.04.11-17.48.13:051][  0]LogInit: Transaction tracking system initialized
[2018.04.11-17.48.13:228][  0]BlueprintLog: New page: Editor Load
[2018.04.11-17.48.13:735][  0]LocalizationService: Localization service is disabled
[2018.04.11-17.48.14:163][  0]LogConsoleResponse: Display: 
[2018.04.11-17.48.14:292][  0]LogCook: Display: Max memory allowance for cook 16384mb min free memory 0mb
[2018.04.11-17.48.14:292][  0]LogCook: Display: Mobile HDR setting 1
[2018.04.11-17.48.14:292][  0]LogGameplayTags: Display: UGameplayTagsManager::DoneAddingNativeTags. DelegateIsBound: 0
[2018.04.11-17.48.14:435][  0]LogFileCache: Scanning file cache for directory 'D:/GitHub/VR_SlaveExperience/SlaveVRExperience/Content/' took 0.01s
[2018.04.11-17.48.14:989][  0]SourceControl: Source control is disabled
[2018.04.11-17.48.14:989][  0]Cmd: MAP LOAD FILE="../../../../../GitHub/VR_SlaveExperience/SlaveVRExperience/Content/Maps/Levels/Ship.umap" TEMPLATE=0 SHOWPROGRESS=1 FEATURELEVEL=3
[2018.04.11-17.48.14:990][  0]LightingResults: New page: Lighting Build
[2018.04.11-17.48.15:013][  0]MapCheck: New page: Map Check
[2018.04.11-17.48.15:013][  0]LightingResults: New page: Lighting Build
[2018.04.11-17.48.15:362][  0]LogBlueprint: Warning: [Compiler Slave_animBP1] Node  Play Animation Sequence  uses potentially thread-unsafe call  Try Get Pawn Owner . Disable threaded update or use a thread-safe call. Function may need BlueprintThreadSafe metadata adding.
[2018.04.11-17.48.15:362][  0]LogBlueprint: Warning: [Compiler Slave_animBP1] Node  Play Animation Sequence  uses potentially thread-unsafe call  Try Get Pawn Owner . Disable threaded update or use a thread-safe call. Function may need BlueprintThreadSafe metadata adding.
[2018.04.11-17.48.15:362][  0]LogBlueprint: Warning: [Compiler Slave_animBP1] Node  Play Animation Sequence  uses potentially thread-unsafe call  Try Get Pawn Owner . Disable threaded update or use a thread-safe call. Function may need BlueprintThreadSafe metadata adding.
[2018.04.11-17.48.15:362][  0]LogBlueprint: Warning: [Compiler Slave_animBP1] Node  Result  uses potentially thread-unsafe call  Try Get Pawn Owner . Disable threaded update or use a thread-safe call. Function may need BlueprintThreadSafe metadata adding.
[2018.04.11-17.48.15:363][  0]LogBlueprint: Warning: [Compiler Slave_animBP1] Node  Result  uses potentially thread-unsafe call  Try Get Pawn Owner . Disable threaded update or use a thread-safe call. Function may need BlueprintThreadSafe metadata adding.
[2018.04.11-17.48.15:365][  0]LogBlueprint: Warning: [Compiler Slave_animBP1] [0021.60] Compile of Slave_animBP1 successful, but with 5 Warning(s) [in 133 ms] (/Game/AI/Slave_animBP1.Slave_animBP1)
[2018.04.11-17.48.19:226][  0]LogStats: FPlatformStackWalk::StackWalkAndDump -  2.957 s
[2018.04.11-17.48.19:226][  0]LogOutputDevice: Error: === Handled ensure: ===
[2018.04.11-17.48.19:226][  0]LogOutputDevice: Error: 
[2018.04.11-17.48.19:226][  0]LogOutputDevice: Error: Ensure condition failed: ObservedKeyNames.Num() > 0 [File:D:\Build\++UE4+Release-4.18+Compile\Sync\Engine\Source\Runtime\AIModule\Private\BehaviorTree\Decorators\BTDecorator_BlueprintBase.cpp] [Line: 67]
[2018.04.11-17.48.19:226][  0]LogOutputDevice: Error: 
[2018.04.11-17.48.19:226][  0]LogOutputDevice: Error: Stack: 
[2018.04.11-17.48.19:226][  0]LogOutputDevice: Error: [Callstack] 0x000000004F002786 UE4Editor-Core.dll!FWindowsPlatformStackWalk::StackWalkAndDump() [d:\build\++ue4+release-4.18+compile\sync\engine\source\runtime\core\private\windows\windowsplatformstackwalk.cpp:200]
[2018.04.11-17.48.19:226][  0]LogOutputDevice: Error: [Callstack] 0x000000004EDA123A UE4Editor-Core.dll!FDebug::EnsureFailed() [d:\build\++ue4+release-4.18+compile\sync\engine\source\runtime\core\private\misc\assertionmacros.cpp:298]
[2018.04.11-17.48.19:226][  0]LogOutputDevice: Error: [Callstack] 0x000000004EDBB906 UE4Editor-Core.dll!FDebug::OptionallyLogFormattedEnsureMessageReturningFalse() [d:\build\++ue4+release-4.18+compile\sync\engine\source\runtime\core\private\misc\assertionmacros.cpp:425]
[2018.04.11-17.48.19:226][  0]LogOutputDevice: Error: [Callstack] 0x000000003C6863FA UE4Editor-AIModule.dll!UBTDecorator_BlueprintBase::PostLoad() [d:\build\++ue4+release-4.18+compile\sync\engine\source\runtime\aimodule\private\behaviortree\decorators\btdecorator_blueprintbase.cpp:67]
[2018.04.11-17.48.19:226][  0]LogOutputDevice: Error: [Callstack] 0x000000004E84E8FD UE4Editor-CoreUObject.dll!UObject::ConditionalPostLoad() [d:\build\++ue4+release-4.18+compile\sync\engine\source\runtime\coreuobject\private\uobject\obj.cpp:988]
[2018.04.11-17.48.19:226][  0]LogOutputDevice: Error: [Callstack] 0x000000004E90DABC UE4Editor-CoreUObject.dll!EndLoad() [d:\build\++ue4+release-4.18+compile\sync\engine\source\runtime\coreuobject\private\uobject\uobjectglobals.cpp:1588]
[2018.04.11-17.48.19:226][  0]LogOutputDevice: Error: [Callstack] 0x000000004E925259 UE4Editor-CoreUObject.dll!LoadPackageInternal() [d:\build\++ue4+release-4.18+compile\sync\engine\source\runtime\coreuobject\private\uobject\uobjectglobals.cpp:1333]
[2018.04.11-17.48.19:226][  0]LogOutputDevice: Error: [Callstack] 0x000000004E924774 UE4Editor-CoreUObject.dll!LoadPackage() [d:\build\++ue4+release-4.18+compile\sync\engine\source\runtime\coreuobject\private\uobject\uobjectglobals.cpp:1430]
[2018.04.11-17.48.19:226][  0]LogOutputDevice: Error: [Callstack] 0x000000004C0F1451 UE4Editor-UnrealEd.dll!UEditorEngine::Map_Load() [d:\build\++ue4+release-4.18+compile\sync\engine\source\editor\unrealed\private\editorserver.cpp:2492]
[2018.04.11-17.48.19:226][  0]LogOutputDevice: Error: [Callstack] 0x000000004C0E2F45 UE4Editor-UnrealEd.dll!UEditorEngine::HandleMapCommand() [d:\build\++ue4+release-4.18+compile\sync\engine\source\editor\unrealed\private\editorserver.cpp:5968]
[2018.04.11-17.48.19:226][  0]LogOutputDevice: Error: [Callstack] 0x000000004C0C7982 UE4Editor-UnrealEd.dll!UEditorEngine::Exec() [d:\build\++ue4+release-4.18+compile\sync\engine\source\editor\unrealed\private\editorserver.cpp:5445]
[2018.04.11-17.48.19:226][  0]LogOutputDevice: Error: [Callstack] 0x000000004C95BAC9 UE4Editor-UnrealEd.dll!UUnrealEdEngine::Exec() [d:\build\++ue4+release-4.18+compile\sync\engine\source\editor\unrealed\private\unrealedsrv.cpp:672]
[2018.04.11-17.48.19:226][  0]LogOutputDevice: Error: [Callstack] 0x000000004C3D268B UE4Editor-UnrealEd.dll!FEditorFileUtils::LoadMap() [d:\build\++ue4+release-4.18+compile\sync\engine\source\editor\unrealed\private\filehelpers.cpp:2229]
[2018.04.11-17.48.19:226][  0]LogOutputDevice: Error: [Callstack] 0x000000004C3D22DF UE4Editor-UnrealEd.dll!FEditorFileUtils::LoadDefaultMapAtStartup() [d:\build\++ue4+release-4.18+compile\sync\engine\source\editor\unrealed\private\filehelpers.cpp:3477]
[2018.04.11-17.48.19:226][  0]LogOutputDevice: Error: [Callstack] 0x000000004C91486E UE4Editor-UnrealEd.dll!FUnrealEdMisc::OnInit() [d:\build\++ue4+release-4.18+compile\sync\engine\source\editor\unrealed\private\unrealedmisc.cpp:348]
[2018.04.11-17.48.19:226][  0]LogOutputDevice: Error: [Callstack] 0x000000004C8D882D UE4Editor-UnrealEd.dll!EditorInit() [d:\build\++ue4+release-4.18+compile\sync\engine\source\editor\unrealed\private\unrealedglobals.cpp:97]
[2018.04.11-17.48.19:226][  0]LogOutputDevice: Error: [Callstack] 0x00000000A7AB5326 UE4Editor.exe!GuardedMain() [d:\build\++ue4+release-4.18+compile\sync\engine\source\runtime\launch\private\launch.cpp:150]
[2018.04.11-17.48.19:226][  0]LogOutputDevice: Error: [Callstack] 0x00000000A7AB54AA UE4Editor.exe!GuardedMainWrapper() [d:\build\++ue4+release-4.18+compile\sync\engine\source\runtime\launch\private\windows\launchwindows.cpp:134]
[2018.04.11-17.48.19:226][  0]LogOutputDevice: Error: [Callstack] 0x00000000A7AC2379 UE4Editor.exe!WinMain() [d:\build\++ue4+release-4.18+compile\sync\engine\source\runtime\launch\private\windows\launchwindows.cpp:210]
[2018.04.11-17.48.19:226][  0]LogOutputDevice: Error: [Callstack] 0x00000000A7AC3D57 UE4Editor.exe!__scrt_common_main_seh() [f:\dd\vctools\crt\vcstartup\src\startup\exe_common.inl:253]
[2018.04.11-17.48.19:226][  0]LogOutputDevice: Error: [Callstack] 0x00000000895E8364 KERNEL32.DLL!UnknownFunction []
[2018.04.11-17.48.19:226][  0]LogOutputDevice: Error: [Callstack] 0x000000008A4870D1 ntdll.dll!UnknownFunction []
[2018.04.11-17.48.19:226][  0]LogOutputDevice: Error: 
[2018.04.11-17.48.19:234][  0]LogStats:                SubmitErrorReport -  0.000 s
[2018.04.11-17.48.19:389][  0]LogStats:                    SendNewReport -  0.156 s
[2018.04.11-17.48.19:389][  0]LogStats:             FDebug::EnsureFailed -  3.120 s
[2018.04.11-17.48.20:684][  0]LogAIModule: Creating AISystem for world Ship
[2018.04.11-17.48.21:021][  0]LogEditorServer: Finished looking for orphan Actors (0.000 secs)
[2018.04.11-17.48.21:148][  0]Cmd: MAP CHECKDEP NOCLEARLOG
[2018.04.11-17.48.21:193][  0]MapCheck: Map check complete: 0 Error(s), 0 Warning(s), took 45.218ms to complete.
[2018.04.11-17.48.21:193][  0]LogFileHelpers: Loading map 'Ship' took 6.204
[2018.04.11-17.48.21:249][  0]LogWindowsTextInputMethodSystem: Display: IME system now deactivated.
[2018.04.11-17.48.21:312][  0]LogCollectionManager: Loaded 0 collections in 0.001037 seconds
[2018.04.11-17.48.21:374][  0]LogFileCache: Scanning file cache for directory 'D:/GitHub/VR_SlaveExperience/SlaveVRExperience/Saved/Collections/' took 0.01s
[2018.04.11-17.48.21:374][  0]LogFileCache: Scanning file cache for directory 'D:/GitHub/VR_SlaveExperience/SlaveVRExperience/Content/Developers/ja999455/Collections/' took 0.01s
[2018.04.11-17.48.21:374][  0]LogFileCache: Scanning file cache for directory 'D:/GitHub/VR_SlaveExperience/SlaveVRExperience/Content/Collections/' took 0.01s
[2018.04.11-17.48.21:374][  0]LogCollectionManager: Rebuilt the GUID cache for 0 collections in 0.000000 seconds
[2018.04.11-17.48.21:382][  0]LogContentBrowser: Native class hierarchy populated in 0.0074 seconds. Added 2370 classes and 522 folders.
[2018.04.11-17.48.21:426][  0]LogContentBrowser: Native class hierarchy updated for 'WidgetCarousel' in 0.0006 seconds. Added 0 classes and 0 folders.
[2018.04.11-17.48.21:458][  0]LogContentBrowser: Native class hierarchy updated for 'AddContentDialog' in 0.0005 seconds. Added 0 classes and 0 folders.
[2018.04.11-17.48.21:487][  0]LogContentBrowser: Native class hierarchy updated for 'SceneOutliner' in 0.0005 seconds. Added 1 classes and 2 folders.
[2018.04.11-17.48.21:500][  0]LogSlate: Took 0.000189 seconds to synchronously load lazily loaded font '../../../Engine/Content/Slate/Fonts/Roboto-Regular.ttf' (155K)
[2018.04.11-17.48.21:502][  0]LogSlate: Took 0.000200 seconds to synchronously load lazily loaded font '../../../Engine/Content/Slate/Fonts/Roboto-Bold.ttf' (160K)
[2018.04.11-17.48.21:506][  0]LogSlate: Took 0.000141 seconds to synchronously load lazily loaded font '../../../Engine/Content/Editor/Slate/Fonts/FontAwesome.ttf' (139K)
[2018.04.11-17.48.21:597][  0]LogRenderer: Reallocating scene render targets to support 1112x660 Format 26 NumSamples 1 (Frame:1).
[2018.04.11-17.48.21:768][  0]LogContentBrowser: Native class hierarchy updated for 'HierarchicalLODOutliner' in 0.0005 seconds. Added 1 classes and 2 folders.
[2018.04.11-17.48.21:768][  0]LogLoad: (Engine Initialization) Total time: 28.00 seconds
[2018.04.11-17.48.21:768][  0]LogLoad: (Engine Initialization) Total Blueprint compile time: 0.00 seconds
[2018.04.11-17.48.21:768][  0]LogExternalProfiler: Found external profiler: VSPerf
[2018.04.11-17.48.21:768][  0]LogExternalProfiler: Using external profiler: VSPerf
[2018.04.11-17.48.21:810][  0]LogContentStreaming: Texture pool size now 1000 MB
[2018.04.11-17.48.21:854][  0]LogSlate: Took 0.000178 seconds to synchronously load lazily loaded font '../../../Engine/Content/Slate/Fonts/Roboto-Light.ttf' (159K)
[2018.04.11-17.48.21:867][  1]LogAssetRegistry: Asset discovery search completed in 17.1752 seconds
[2018.04.11-17.48.21:869][  1]LogCollectionManager: Rebuilt the object cache for 0 collections in 0.000001 seconds (found 0 objects)
[2018.04.11-17.48.21:869][  1]LogCollectionManager: Fixed up redirectors for 0 collections in 0.000036 seconds (updated 0 objects)
[2018.04.11-17.48.26:862][588]LogFileCache: Retrieving MD5 hashes for directory 'D:/GitHub/VR_SlaveExperience/SlaveVRExperience/Content/' took 5.07s
[2018.04.11-17.49.12:048][  8]LogEditorViewport: Clicking on Actor (LMB): ScrubbingSpots (ScrubbingSpots1)
[2018.04.11-17.49.18:629][771]LogSlate: Took 0.000160 seconds to synchronously load lazily loaded font '../../../Engine/Content/Slate/Fonts/Roboto-Light.ttf' (159K)
[2018.04.11-17.50.38:605][221]LogHotReload: New module detected: UE4Editor-SlaveVRExperience-6411.dll
[2018.04.11-17.50.39:280][224]LogHotReload: Starting Hot-Reload from IDE
[2018.04.11-17.50.39:352][224]LogClass: ENPCStateEnum HotReload.
[2018.04.11-17.50.39:352][224]LogClass: ENPCTypeEnum HotReload.
[2018.04.11-17.50.39:353][224]LogHotReload: Re-instancing DeckTeleporter after hot-reload.
[2018.04.11-17.50.39:586][224]LogHotReload: Re-instancing FoodTeleporter after hot-reload.
[2018.04.11-17.50.39:739][224]LogHotReload: Re-instancing NPC after hot-reload.
[2018.04.11-17.50.39:818][224]LogHotReload: Re-instancing NPCWorkstation after hot-reload.
[2018.04.11-17.50.39:969][224]LogHotReload: Re-instancing ScrubbingSpots after hot-reload.
[2018.04.11-17.50.40:431][224]LogContentBrowser: Native class hierarchy updated for 'SlaveVRExperience' in 0.0006 seconds. Added 7 classes and 3 folders.
[2018.04.11-17.50.40:433][224]Display: HotReload successful (9 functions remapped  0 scriptstructs remapped)
[2018.04.11-17.50.40:522][224]LogContentBrowser: Native class hierarchy populated in 0.0085 seconds. Added 2372 classes and 526 folders.
[2018.04.11-17.50.40:525][224]Display: HotReload took  1.2s.
[2018.04.11-17.50.55:695][601]LogVSAccessor: Warning: Couldn't access Visual Studio
[2018.04.11-17.50.55:698][601]Candidate modules for hot reload:
[2018.04.11-17.50.55:698][601]  SlaveVRExperience
[2018.04.11-17.50.55:698][601]Launching UnrealBuildTool... [D:/Epic Games/UE_4.18/Engine/Binaries/DotNET/UnrealBuildTool.exe SlaveVRExperience -ModuleWithSuffix SlaveVRExperience 7542 Win64 Development -editorrecompile -canskiplink "D:/GitHub/VR_SlaveExperience/SlaveVRExperience/SlaveVRExperience.uproject" ]
[2018.04.11-17.50.55:704][601]Warning: Starting HotReload took  0.0s.
[2018.04.11-17.50.59:899][968]CompilerResultsLog: New page: Compilation - Apr 11, 2018, 9:50:59 AM
[2018.04.11-17.50.59:899][968]CompilerResultsLog: Using 'git status' to determine working set for adaptive non-unity build.
[2018.04.11-17.50.59:899][968]CompilerResultsLog: Creating makefile for hot reloading SlaveVRExperience (modules to compile have changed)
[2018.04.11-17.50.59:899][968]CompilerResultsLog: Compiling game modules for hot reload
[2018.04.11-17.50.59:899][968]CompilerResultsLog: Target is up to date
[2018.04.11-17.50.59:899][968]CompilerResultsLog: Total build time: 4.04 seconds (NoActionsToExecute executor: 0.00 seconds)
[2018.04.11-17.50.59:899][968]LogMainFrame: MainFrame: Module compiling took 4.203 seconds
[2018.04.11-17.50.59:920][968]LogContentBrowser: Native class hierarchy populated in 0.0083 seconds. Added 2372 classes and 526 folders.
[2018.04.11-17.50.59:920][968]Display: HotReload took  4.2s.
[2018.04.11-17.51.48:780][251]LogHotReload: New module detected: UE4Editor-SlaveVRExperience-8837.dll
[2018.04.11-17.51.49:133][253]LogHotReload: Starting Hot-Reload from IDE
[2018.04.11-17.51.49:195][253]LogClass: ENPCStateEnum HotReload.
[2018.04.11-17.51.49:195][253]LogClass: ENPCTypeEnum HotReload.
[2018.04.11-17.51.49:197][253]LogHotReload: Re-instancing DeckTeleporter after hot-reload.
[2018.04.11-17.51.49:384][253]LogHotReload: Re-instancing FoodTeleporter after hot-reload.
[2018.04.11-17.51.49:514][253]LogHotReload: Re-instancing NPC after hot-reload.
[2018.04.11-17.51.49:579][253]LogHotReload: Re-instancing NPCWorkstation after hot-reload.
[2018.04.11-17.51.49:711][253]LogHotReload: Re-instancing ScrubbingSpots after hot-reload.
[2018.04.11-17.51.50:143][253]LogContentBrowser: Native class hierarchy updated for 'SlaveVRExperience' in 0.0005 seconds. Added 7 classes and 3 folders.
[2018.04.11-17.51.50:145][253]Display: HotReload successful (9 functions remapped  0 scriptstructs remapped)
[2018.04.11-17.51.50:192][253]LogContentBrowser: Native class hierarchy populated in 0.0083 seconds. Added 2372 classes and 526 folders.
[2018.04.11-17.51.50:195][253]Display: HotReload took  1.1s.
[2018.04.11-17.52.03:264][298]LogEditor: Attempting to add actor of class 'ScrubbingSpots' to level at -690.00,-4163.00,1684.00
[2018.04.11-17.52.04:015][368]LogEditor: Attempting to add actor of class 'ScrubbingSpots' to level at -425.00,-4194.00,1688.00
[2018.04.11-17.52.05:809][518]Cmd: DELETE
[2018.04.11-17.52.05:809][518]Cmd: ACTOR DELETE
[2018.04.11-17.52.05:840][518]LogEditorActor: Deleted Actor: ScrubbingSpots
[2018.04.11-17.52.05:850][518]LogEditorActor: Deleted 1 Actors (0.041 secs)
[2018.04.11-17.52.07:697][708]LogVSAccessor: Warning: Couldn't access Visual Studio
[2018.04.11-17.52.07:699][708]Candidate modules for hot reload:
[2018.04.11-17.52.07:699][708]  SlaveVRExperience
[2018.04.11-17.52.07:699][708]Launching UnrealBuildTool... [D:/Epic Games/UE_4.18/Engine/Binaries/DotNET/UnrealBuildTool.exe SlaveVRExperience -ModuleWithSuffix SlaveVRExperience 9281 Win64 Development -editorrecompile -canskiplink "D:/GitHub/VR_SlaveExperience/SlaveVRExperience/SlaveVRExperience.uproject" ]
[2018.04.11-17.52.07:718][708]Warning: Starting HotReload took  0.0s.
[2018.04.11-17.52.11:830][132]CompilerResultsLog: New page: Compilation - Apr 11, 2018, 9:52:11 AM
[2018.04.11-17.52.11:830][132]CompilerResultsLog: Using 'git status' to determine working set for adaptive non-unity build.
[2018.04.11-17.52.11:830][132]CompilerResultsLog: Creating makefile for hot reloading SlaveVRExperience (modules to compile have changed)
[2018.04.11-17.52.11:830][132]CompilerResultsLog: Compiling game modules for hot reload
[2018.04.11-17.52.11:830][132]CompilerResultsLog: Target is up to date
[2018.04.11-17.52.11:830][132]CompilerResultsLog: Total build time: 3.95 seconds (NoActionsToExecute executor: 0.00 seconds)
[2018.04.11-17.52.11:830][132]LogMainFrame: MainFrame: Module compiling took 4.133 seconds
[2018.04.11-17.52.11:854][132]LogContentBrowser: Native class hierarchy populated in 0.0087 seconds. Added 2372 classes and 526 folders.
[2018.04.11-17.52.11:854][132]Display: HotReload took  4.2s.
[2018.04.11-17.52.16:031][574]LogEditorViewport: Clicking on Actor (LMB): ScrubbingSpots (ScrubbingSpots1)
[2018.04.11-17.52.28:023][981]LogVSAccessor: Warning: Visual Studio is open but could not be queried - it may be blocked by a modal operation
[2018.04.11-17.52.28:648][982]LogVSAccessor: Warning: Visual Studio is open but could not be queried - it may be blocked by a modal operation
[2018.04.11-17.52.30:742][994]LogEditor: Attempting to add actor of class 'ScrubbingSpots' to level at -731.00,-4113.00,1683.00
[2018.04.11-17.52.35:857][582]LogEditor: Attempting to add actor of class 'ScrubbingSpots' to level at -850.00,-3961.00,1681.00
[2018.04.11-17.52.36:988][711]LogEditor: Attempting to add actor of class 'ScrubbingSpots' to level at -947.00,-3566.00,1811.00
[2018.04.11-17.52.45:665][578]Cmd: OBJ SAVEPACKAGE PACKAGE="/Game/Maps/Levels/Ship" FILE="../../../../../GitHub/VR_SlaveExperience/SlaveVRExperience/Content/Maps/Levels/Ship.umap" SILENT=true AUTOSAVING=false KEEPDIRTY=false
[2018.04.11-17.52.47:852][578]LogSlate: Took 0.000133 seconds to synchronously load lazily loaded font '../../../Engine/Content/Slate/Fonts/Roboto-Regular.ttf' (155K)
[2018.04.11-17.52.48:061][578]LogSavePackage: Save=2371.76ms
[2018.04.11-17.52.48:061][578]LogSavePackage: Moving '../../../../../GitHub/VR_SlaveExperience/SlaveVRExperience/Saved/ShipD02E47FC4964DD922666ED85A12911BD.tmp' to '../../../../../GitHub/VR_SlaveExperience/SlaveVRExperience/Content/Maps/Levels/Ship.umap'
[2018.04.11-17.52.48:067][578]LogSavePackage: Display: Finished SavePackage ../../../../../GitHub/VR_SlaveExperience/SlaveVRExperience/Content/Maps/Levels/Ship.umap
[2018.04.11-17.52.48:107][578]LogFileHelpers: Saving map 'Ship' took 2.489
[2018.04.11-17.52.48:216][578]LogWindowsTextInputMethodSystem: Display: IME system now deactivated.
[2018.04.11-17.52.48:396][579]Cmd: QUIT_EDITOR
[2018.04.11-17.52.48:427][579]LogExit: Preparing to exit.
[2018.04.11-17.52.49:083][579]LogDirectoryWatcher: A directory notification for 'D:/GitHub/VR_SlaveExperience/SlaveVRExperience/Content/' was aborted.
[2018.04.11-17.52.49:122][579]LogExit: Editor shut down
[2018.04.11-17.52.49:126][579]LogExit: Transaction tracking system shut down
[2018.04.11-17.52.49:325][579]LogDirectoryWatcher: A directory notification for '../../../Engine/Content/' was aborted.
[2018.04.11-17.52.49:325][579]LogDirectoryWatcher: A directory notification for '../../../../../GitHub/VR_SlaveExperience/SlaveVRExperience/Content/' was aborted.
[2018.04.11-17.52.49:325][579]LogDirectoryWatcher: A directory notification for '../../../Engine/Plugins/2D/Paper2D/Content/' was aborted.
[2018.04.11-17.52.49:325][579]LogDirectoryWatcher: A directory notification for '../../../Engine/Plugins/Media/MediaCompositing/Content/' was aborted.
[2018.04.11-17.52.49:325][579]LogDirectoryWatcher: A directory notification for '../../../Engine/Plugins/Runtime/AppleARKit/Content/' was aborted.
[2018.04.11-17.52.49:325][579]LogDirectoryWatcher: A directory notification for '../../../Engine/Plugins/Runtime/Oculus/OculusVR/Content/' was aborted.
[2018.04.11-17.52.49:325][579]LogDirectoryWatcher: A directory notification for '../../../Engine/Plugins/Runtime/Steam/SteamVR/Content/' was aborted.
[2018.04.11-17.52.49:446][579]LogExit: Object subsystem successfully closed.
[2018.04.11-17.52.49:473][579]LogD3D11RHI: Shutdown
[2018.04.11-17.52.49:473][579]LogD3D11RHI: CleanupD3DDevice
[2018.04.11-17.52.49:477][579]LogD3D11RHI: ~FD3D11DynamicRHI
[2018.04.11-17.52.49:484][579]LogModuleManager: Shutting down and abandoning module SlaveVRExperience (552)
[2018.04.11-17.52.49:484][579]LogModuleManager: Shutting down and abandoning module HierarchicalLODOutliner (550)
[2018.04.11-17.52.49:484][579]LogModuleManager: Shutting down and abandoning module SceneOutliner (548)
[2018.04.11-17.52.49:484][579]LogModuleManager: Shutting down and abandoning module AddContentDialog (546)
[2018.04.11-17.52.49:484][579]LogDirectoryWatcher: A directory notification for 'D:/Epic Games/UE_4.18/FeaturePacks/' was aborted.
[2018.04.11-17.52.49:485][579]LogModuleManager: Shutting down and abandoning module WidgetCarousel (545)
[2018.04.11-17.52.49:485][579]LogModuleManager: Shutting down and abandoning module EditorWidgets (542)
[2018.04.11-17.52.49:485][579]LogModuleManager: Shutting down and abandoning module CollectionManager (540)
[2018.04.11-17.52.49:485][579]LogDirectoryWatcher: A directory notification for 'D:/GitHub/VR_SlaveExperience/SlaveVRExperience/Content/Collections/' was aborted.
[2018.04.11-17.52.49:485][579]LogDirectoryWatcher: A directory notification for 'D:/GitHub/VR_SlaveExperience/SlaveVRExperience/Content/Developers/ja999455/Collections/' was aborted.
[2018.04.11-17.52.49:485][579]LogDirectoryWatcher: A directory notification for 'D:/GitHub/VR_SlaveExperience/SlaveVRExperience/Saved/Collections/' was aborted.
[2018.04.11-17.52.49:485][579]LogModuleManager: Shutting down and abandoning module StatsViewer (538)
[2018.04.11-17.52.49:485][579]LogModuleManager: Shutting down and abandoning module FoliageEdit (536)
[2018.04.11-17.52.49:485][579]LogModuleManager: Shutting down and abandoning module LandscapeEditor (534)
[2018.04.11-17.52.49:485][579]LogModuleManager: Shutting down and abandoning module MeshPaintMode (532)
[2018.04.11-17.52.49:485][579]LogModuleManager: Shutting down and abandoning module SceneDepthPickerMode (530)
[2018.04.11-17.52.49:485][579]LogModuleManager: Shutting down and abandoning module ActorPickerMode (528)
[2018.04.11-17.52.49:485][579]LogModuleManager: Shutting down and abandoning module GeometryMode (526)
[2018.04.11-17.52.49:485][579]LogModuleManager: Shutting down and abandoning module TextureAlignMode (524)
[2018.04.11-17.52.49:485][579]LogModuleManager: Shutting down and abandoning module BspMode (522)
[2018.04.11-17.52.49:485][579]LogModuleManager: Shutting down and abandoning module PIEPreviewDeviceProfileSelector (520)
[2018.04.11-17.52.49:485][579]LogModuleManager: Shutting down and abandoning module HardwareSurvey (518)
[2018.04.11-17.52.49:485][579]LogModuleManager: Shutting down and abandoning module SequenceRecorderSections (516)
[2018.04.11-17.52.49:485][579]LogModuleManager: Shutting down and abandoning module AutomationWorker (514)
[2018.04.11-17.52.49:485][579]LogModuleManager: Shutting down and abandoning module MatineeToLevelSequence (512)
[2018.04.11-17.52.49:485][579]LogModuleManager: Shutting down and abandoning module LevelSequenceEditor (510)
[2018.04.11-17.52.49:485][579]LogModuleManager: Shutting down and abandoning module PlacementMode (509)
[2018.04.11-17.52.49:485][579]LogModuleManager: Shutting down and abandoning module WmfMediaFactory (506)
[2018.04.11-17.52.49:485][579]LogModuleManager: Shutting down and abandoning module WmfMediaEditor (504)
[2018.04.11-17.52.49:485][579]LogModuleManager: Shutting down and abandoning module OpenExrWrapper (502)
[2018.04.11-17.52.49:485][579]LogModuleManager: Shutting down and abandoning module ImgMediaFactory (500)
[2018.04.11-17.52.49:485][579]LogModuleManager: Shutting down and abandoning module ImgMediaEditor (498)
[2018.04.11-17.52.49:485][579]LogModuleManager: Shutting down and abandoning module AvfMediaFactory (496)
[2018.04.11-17.52.49:485][579]LogModuleManager: Shutting down and abandoning module AvfMediaEditor (494)
[2018.04.11-17.52.49:485][579]LogModuleManager: Shutting down and abandoning module AndroidMediaFactory (492)
[2018.04.11-17.52.49:485][579]LogModuleManager: Shutting down and abandoning module AndroidMediaEditor (490)
[2018.04.11-17.52.49:485][579]LogModuleManager: Shutting down and abandoning module CharacterAI (488)
[2018.04.11-17.52.49:485][579]LogModuleManager: Shutting down and abandoning module AudioCapture (486)
[2018.04.11-17.52.49:485][579]LogModuleManager: Shutting down and abandoning module SequenceRecorder (485)
[2018.04.11-17.52.49:485][579]LogModuleManager: Shutting down and abandoning module SmartSnapping (482)
[2018.04.11-17.52.49:485][579]LogModuleManager: Shutting down and abandoning module SessionServices (480)
[2018.04.11-17.52.49:485][579]LogModuleManager: Shutting down and abandoning module ViewportSnapping (478)
[2018.04.11-17.52.49:485][579]LogModuleManager: Shutting down and abandoning module ViewportInteraction (476)
[2018.04.11-17.52.49:485][579]LogModuleManager: Shutting down and abandoning module ClothPainter (474)
[2018.04.11-17.52.49:485][579]LogModuleManager: Shutting down and abandoning module SkeletalMeshEditor (473)
[2018.04.11-17.52.49:485][579]LogModuleManager: Shutting down and abandoning module LogVisualizer (470)
[2018.04.11-17.52.49:485][579]LogModuleManager: Shutting down and abandoning module IntroTutorials (468)
[2018.04.11-17.52.49:486][579]LogModuleManager: Shutting down and abandoning module GameProjectGeneration (467)
[2018.04.11-17.52.49:486][579]LogModuleManager: Shutting down and abandoning module IOSPlatformEditor (464)
[2018.04.11-17.52.49:486][579]LogModuleManager: Shutting down and abandoning module HTML5PlatformEditor (462)
[2018.04.11-17.52.49:486][579]LogModuleManager: Shutting down and abandoning module AndroidPlatformEditor (460)
[2018.04.11-17.52.49:486][579]LogModuleManager: Shutting down and abandoning module AndroidDeviceDetection (459)
[2018.04.11-17.52.50:094][579]LogModuleManager: Shutting down and abandoning module WindowsPlatformEditor (456)
[2018.04.11-17.52.50:094][579]LogModuleManager: Shutting down and abandoning module IOSRuntimeSettings (454)
[2018.04.11-17.52.50:094][579]LogModuleManager: Shutting down and abandoning module AndroidRuntimeSettings (452)
[2018.04.11-17.52.50:094][579]LogModuleManager: Shutting down and abandoning module InputBindingEditor (450)
[2018.04.11-17.52.50:094][579]LogModuleManager: Shutting down and abandoning module MergeActors (448)
[2018.04.11-17.52.50:094][579]LogModuleManager: Shutting down and abandoning module SizeMap (446)
[2018.04.11-17.52.50:094][579]LogModuleManager: Shutting down and abandoning module TreeMap (444)
[2018.04.11-17.52.50:094][579]LogModuleManager: Shutting down and abandoning module ReferenceViewer (442)
[2018.04.11-17.52.50:094][579]LogModuleManager: Shutting down and abandoning module LocalizationDashboard (440)
[2018.04.11-17.52.50:094][579]LogModuleManager: Shutting down and abandoning module LocalizationService (439)
[2018.04.11-17.52.50:094][579]LogModuleManager: Shutting down and abandoning module HardwareTargeting (436)
[2018.04.11-17.52.50:094][579]LogModuleManager: Shutting down and abandoning module DeviceProfileEditor (434)
[2018.04.11-17.52.50:094][579]LogModuleManager: Shutting down and abandoning module UndoHistory (432)
[2018.04.11-17.52.50:094][579]LogModuleManager: Shutting down and abandoning module XmlParser (430)
[2018.04.11-17.52.50:094][579]LogModuleManager: Shutting down and abandoning module Blutility (428)
[2018.04.11-17.52.50:094][579]LogModuleManager: Shutting down and abandoning module ProjectSettingsViewer (426)
[2018.04.11-17.52.50:094][579]LogModuleManager: Shutting down and abandoning module ProjectTargetPlatformEditor (425)
[2018.04.11-17.52.50:095][579]LogModuleManager: Shutting down and abandoning module EditorSettingsViewer (422)
[2018.04.11-17.52.50:095][579]LogModuleManager: Shutting down and abandoning module SettingsEditor (420)
[2018.04.11-17.52.50:095][579]LogModuleManager: Shutting down and abandoning module ProjectLauncher (418)
[2018.04.11-17.52.50:095][579]LogModuleManager: Shutting down and abandoning module SessionFrontend (416)
[2018.04.11-17.52.50:095][579]LogModuleManager: Shutting down and abandoning module ProfilerClient (414)
[2018.04.11-17.52.50:095][579]LogModuleManager: Shutting down and abandoning module DeviceManager (412)
[2018.04.11-17.52.50:095][579]LogModuleManager: Shutting down and abandoning module TargetDeviceServices (411)
[2018.04.11-17.52.50:160][579]LogModuleManager: Shutting down and abandoning module AutomationController (408)
[2018.04.11-17.52.50:160][579]LogModuleManager: Shutting down and abandoning module AutomationWindow (406)
[2018.04.11-17.52.50:160][579]LogModuleManager: Shutting down and abandoning module Layers (404)
[2018.04.11-17.52.50:160][579]LogModuleManager: Shutting down and abandoning module ComponentVisualizers (402)
[2018.04.11-17.52.50:160][579]LogModuleManager: Shutting down and abandoning module DetailCustomizations (400)
[2018.04.11-17.52.50:160][579]LogModuleManager: Shutting down and abandoning module PackagesDialog (398)
[2018.04.11-17.52.50:160][579]LogModuleManager: Shutting down and abandoning module Persona (396)
[2018.04.11-17.52.50:160][579]LogModuleManager: Shutting down and abandoning module AdvancedPreviewScene (395)
[2018.04.11-17.52.50:160][579]LogModuleManager: Shutting down and abandoning module AnimGraph (393)
[2018.04.11-17.52.50:160][579]LogModuleManager: Shutting down and abandoning module Kismet (390)
[2018.04.11-17.52.50:161][579]LogModuleManager: Shutting down and abandoning module ClassViewer (388)
[2018.04.11-17.52.50:161][579]LogModuleManager: Shutting down and abandoning module Toolbox (386)
[2018.04.11-17.52.50:161][579]LogModuleManager: Shutting down and abandoning module ModuleUI (384)
[2018.04.11-17.52.50:161][579]LogModuleManager: Shutting down and abandoning module MovieSceneTools (382)
[2018.04.11-17.52.50:161][579]LogModuleManager: Shutting down and abandoning module OutputLog (380)
[2018.04.11-17.52.50:161][579]LogModuleManager: Shutting down and abandoning module GammaUI (378)
[2018.04.11-17.52.50:161][579]LogModuleManager: Shutting down and abandoning module Documentation (376)
[2018.04.11-17.52.50:161][579]LogModuleManager: Shutting down and abandoning module MovieSceneTracks (374)
[2018.04.11-17.52.50:161][579]LogModuleManager: Shutting down and abandoning module MovieScene (372)
[2018.04.11-17.52.50:161][579]LogModuleManager: Shutting down and abandoning module StreamingPauseRendering (370)
[2018.04.11-17.52.50:161][579]LogModuleManager: Shutting down and abandoning module LauncherPlatform (368)
[2018.04.11-17.52.50:161][579]LogModuleManager: Shutting down and abandoning module AnalyticsET (366)
[2018.04.11-17.52.50:161][579]LogModuleManager: Shutting down and abandoning module PortalServices (364)
[2018.04.11-17.52.50:161][579]LogModuleManager: Shutting down and abandoning module PortalRpc (362)
[2018.04.11-17.52.50:161][579]LogModuleManager: Shutting down and abandoning module MessagingRpc (360)
[2018.04.11-17.52.50:161][579]LogModuleManager: Shutting down and abandoning module AIModule (358)
[2018.04.11-17.52.50:161][579]LogModuleManager: Shutting down and abandoning module GameplayDebugger (357)
[2018.04.11-17.52.50:161][579]LogModuleManager: Shutting down and abandoning module AITestSuite (355)
[2018.04.11-17.52.50:161][579]LogModuleManager: Shutting down and abandoning module ProfilerService (352)
[2018.04.11-17.52.50:222][579]LogModuleManager: Shutting down and abandoning module TaskGraph (350)
[2018.04.11-17.52.50:222][579]LogModuleManager: Shutting down and abandoning module SteamVRController (348)
[2018.04.11-17.52.50:222][579]LogModuleManager: Shutting down and abandoning module ProceduralMeshComponentEditor (346)
[2018.04.11-17.52.50:222][579]LogModuleManager: Shutting down and abandoning module ProceduralMeshComponent (344)
[2018.04.11-17.52.50:222][579]LogModuleManager: Shutting down and abandoning module OculusInput (342)
[2018.04.11-17.52.50:222][579]LogModuleManager: Shutting down and abandoning module MobilePatchingUtils (340)
[2018.04.11-17.52.50:222][579]LogModuleManager: Shutting down and abandoning module CustomMeshComponent (338)
[2018.04.11-17.52.50:222][579]LogModuleManager: Shutting down and abandoning module CableComponent (336)
[2018.04.11-17.52.50:222][579]LogModuleManager: Shutting down and abandoning module ArchVisCharacter (334)
[2018.04.11-17.52.50:222][579]LogModuleManager: Shutting down and abandoning module AndroidPermission (332)
[2018.04.11-17.52.50:222][579]LogModuleManager: Shutting down and abandoning module ActorSequence (328)
[2018.04.11-17.52.50:222][579]LogModuleManager: Shutting down and abandoning module MediaPlayerEditor (326)
[2018.04.11-17.52.50:223][579]LogModuleManager: Shutting down and abandoning module MediaCompositingEditor (324)
[2018.04.11-17.52.50:223][579]LogModuleManager: Shutting down and abandoning module MediaCompositing (322)
[2018.04.11-17.52.50:223][579]LogModuleManager: Shutting down and abandoning module HTML5Networking (320)
[2018.04.11-17.52.50:223][579]LogModuleManager: Shutting down and abandoning module AlembicImporter (318)
[2018.04.11-17.52.50:223][579]LogModuleManager: Shutting down and abandoning module AlembicLibrary (317)
[2018.04.11-17.52.50:223][579]LogModuleManager: Shutting down and abandoning module GeometryCache (316)
[2018.04.11-17.52.50:223][579]LogModuleManager: Shutting down and abandoning module GeometryCacheEd (315)
[2018.04.11-17.52.50:223][579]LogModuleManager: Shutting down and abandoning module SpeedTreeImporter (310)
[2018.04.11-17.52.50:223][579]LogModuleManager: Shutting down and abandoning module PluginBrowser (308)
[2018.04.11-17.52.50:223][579]LogModuleManager: Shutting down and abandoning module MobileLauncherProfileWizard (306)
[2018.04.11-17.52.50:223][579]LogModuleManager: Shutting down and abandoning module VisualStudioSourceCodeAccess (304)
[2018.04.11-17.52.50:223][579]LogModuleManager: Shutting down and abandoning module VisualStudioCodeSourceCodeAccess (302)
[2018.04.11-17.52.50:223][579]LogModuleManager: Shutting down and abandoning module UObjectPlugin (300)
[2018.04.11-17.52.50:223][579]LogModuleManager: Shutting down and abandoning module SubversionSourceControl (298)
[2018.04.11-17.52.50:223][579]LogModuleManager: Shutting down and abandoning module PerforceSourceControl (296)
[2018.04.11-17.52.50:223][579]LogModuleManager: Shutting down and abandoning module GitSourceControl (294)
[2018.04.11-17.52.50:223][579]LogModuleManager: Shutting down and abandoning module SourceControl (293)
[2018.04.11-17.52.50:223][579]LogModuleManager: Shutting down and abandoning module LightPropagationVolumeEditor (290)
[2018.04.11-17.52.50:223][579]LogModuleManager: Shutting down and abandoning module PaperTiledImporter (288)
[2018.04.11-17.52.50:223][579]LogModuleManager: Shutting down and abandoning module PaperSpriteSheetImporter (286)
[2018.04.11-17.52.50:223][579]LogModuleManager: Shutting down and abandoning module Paper2DEditor (284)
[2018.04.11-17.52.50:223][579]LogModuleManager: Shutting down and abandoning module MeshPaint (283)
[2018.04.11-17.52.50:223][579]LogModuleManager: Shutting down and abandoning module LevelEditor (281)
[2018.04.11-17.52.50:224][579]LogModuleManager: Shutting down and abandoning module PixelInspectorModule (280)
[2018.04.11-17.52.50:224][579]LogModuleManager: Shutting down and abandoning module MainFrame (278)
[2018.04.11-17.52.50:224][579]LogModuleManager: Shutting down and abandoning module HotReload (277)
[2018.04.11-17.52.50:224][579]LogDirectoryWatcher: A directory notification for 'D:/GitHub/VR_SlaveExperience/SlaveVRExperience/Binaries/Win64' was aborted.
[2018.04.11-17.52.50:224][579]LogModuleManager: Shutting down and abandoning module RuntimePhysXCooking (270)
[2018.04.11-17.52.50:224][579]LogModuleManager: Shutting down and abandoning module PhysXVehiclesEditor (268)
[2018.04.11-17.52.50:224][579]LogModuleManager: Shutting down and abandoning module PhysXVehicles (266)
[2018.04.11-17.52.50:224][579]LogModuleManager: Shutting down and abandoning module OculusEditor (264)
[2018.04.11-17.52.50:224][579]LogModuleManager: Shutting down and abandoning module LocationServicesBPLibrary (262)
[2018.04.11-17.52.50:224][579]LogModuleManager: Shutting down and abandoning module ImmediatePhysicsEditor (260)
[2018.04.11-17.52.50:224][579]LogModuleManager: Shutting down and abandoning module ImmediatePhysics (258)
[2018.04.11-17.52.50:224][579]LogModuleManager: Shutting down and abandoning module UdpMessaging (256)
[2018.04.11-17.52.50:326][579]LogModuleManager: Shutting down and abandoning module TcpMessaging (254)
[2018.04.11-17.52.50:426][579]LogModuleManager: Shutting down and abandoning module GameplayTagsEditor (252)
[2018.04.11-17.52.50:426][579]LogModuleManager: Shutting down and abandoning module FacialAnimationEditor (250)
[2018.04.11-17.52.50:426][579]LogModuleManager: Shutting down and abandoning module FacialAnimation (248)
[2018.04.11-17.52.50:426][579]LogModuleManager: Shutting down and abandoning module AssetManagerEditor (246)
[2018.04.11-17.52.50:426][579]LogModuleManager: Shutting down and abandoning module GraphEditor (245)
[2018.04.11-17.52.50:426][579]LogModuleManager: Shutting down and abandoning module ContentBrowser (243)
[2018.04.11-17.52.50:427][579]LogModuleManager: Shutting down and abandoning module LightPropagationVolumeRuntime (240)
[2018.04.11-17.52.50:427][579]LogModuleManager: Shutting down and abandoning module Paper2D (238)
[2018.04.11-17.52.50:427][579]LogModuleManager: Shutting down and abandoning module WindowsMoviePlayer (236)
[2018.04.11-17.52.50:427][579]LogModuleManager: Shutting down and abandoning module WmfMedia (234)
[2018.04.11-17.52.50:427][579]LogModuleManager: Shutting down and abandoning module ImgMedia (232)
[2018.04.11-17.52.50:427][579]LogModuleManager: Shutting down and abandoning module PacketHandler (230)
[2018.04.11-17.52.50:427][579]LogModuleManager: Shutting down and abandoning module ClothingSystemEditor (228)
[2018.04.11-17.52.50:427][579]LogModuleManager: Shutting down and abandoning module ClothingSystemRuntime (226)
[2018.04.11-17.52.50:427][579]LogModuleManager: Shutting down and abandoning module MediaAssets (224)
[2018.04.11-17.52.50:427][579]LogModuleManager: Shutting down and abandoning module Media (223)
[2018.04.11-17.52.50:433][579]LogModuleManager: Shutting down and abandoning module Overlay (220)
[2018.04.11-17.52.50:433][579]LogModuleManager: Shutting down and abandoning module OverlayEditor (219)
[2018.04.11-17.52.50:433][579]LogModuleManager: Shutting down and abandoning module VREditor (216)
[2018.04.11-17.52.50:433][579]LogModuleManager: Shutting down and abandoning module StringTableEditor (214)
[2018.04.11-17.52.50:433][579]LogModuleManager: Shutting down and abandoning module GameplayTasksEditor (212)
[2018.04.11-17.52.50:433][579]LogModuleManager: Shutting down and abandoning module BehaviorTreeEditor (210)
[2018.04.11-17.52.50:433][579]LogModuleManager: Shutting down and abandoning module FunctionalTesting (208)
[2018.04.11-17.52.50:433][579]LogModuleManager: Shutting down and abandoning module CollisionAnalyzer (206)
[2018.04.11-17.52.50:433][579]LogModuleManager: Shutting down and abandoning module WorkspaceMenuStructure (205)
[2018.04.11-17.52.50:433][579]LogModuleManager: Shutting down and abandoning module UMG (202)
[2018.04.11-17.52.50:433][579]LogModuleManager: Shutting down and abandoning module UMGEditor (201)
[2018.04.11-17.52.50:433][579]LogModuleManager: Shutting down and abandoning module Sequencer (200)
[2018.04.11-17.52.50:434][579]LogModuleManager: Shutting down and abandoning module MessageLog (197)
[2018.04.11-17.52.50:434][579]LogModuleManager: Shutting down and abandoning module SlateReflector (192)
[2018.04.11-17.52.50:434][579]LogModuleManager: Shutting down and abandoning module Slate (190)
[2018.04.11-17.52.50:434][579]LogModuleManager: Shutting down and abandoning module EditorStyle (188)
[2018.04.11-17.52.50:435][579]LogModuleManager: Shutting down and abandoning module MRMesh (186)
[2018.04.11-17.52.50:435][579]LogModuleManager: Shutting down and abandoning module SourceCodeAccess (184)
[2018.04.11-17.52.50:435][579]LogModuleManager: Shutting down and abandoning module HeadMountedDisplay (182)
[2018.04.11-17.52.50:435][579]LogModuleManager: Shutting down and abandoning module XAudio2 (180)
[2018.04.11-17.52.50:435][579]LogModuleManager: Shutting down and abandoning module Networking (178)
[2018.04.11-17.52.50:435][579]LogModuleManager: Shutting down and abandoning module Core (174)
[2018.04.11-17.52.50:435][579]LogModuleManager: Shutting down and abandoning module LevelSequence (170)
[2018.04.11-17.52.50:435][579]LogModuleManager: Shutting down and abandoning module DirectoryWatcher (168)
[2018.04.11-17.52.50:436][579]LogModuleManager: Shutting down and abandoning module KismetCompiler (166)
[2018.04.11-17.52.50:436][579]LogModuleManager: Shutting down and abandoning module MeshUtilities (164)
[2018.04.11-17.52.50:436][579]LogModuleManager: Shutting down and abandoning module MeshMergeUtilities (163)
[2018.04.11-17.52.50:436][579]LogModuleManager: Shutting down and abandoning module MeshReductionInterface (162)
[2018.04.11-17.52.50:436][579]LogModuleManager: Shutting down and abandoning module SimplygonSwarm (161)
[2018.04.11-17.52.50:436][579]LogModuleManager: Shutting down and abandoning module SimplygonMeshReduction (159)
[2018.04.11-17.52.50:436][579]LogModuleManager: Shutting down and abandoning module QuadricMeshReduction (157)
[2018.04.11-17.52.50:436][579]LogModuleManager: Shutting down and abandoning module MaterialBaking (153)
[2018.04.11-17.52.50:436][579]LogModuleManager: Shutting down and abandoning module DerivedDataCache (150)
[2018.04.11-17.52.50:512][579]LogDerivedDataCache: Shutdown
[2018.04.11-17.52.50:512][579]LogModuleManager: Shutting down and abandoning module TargetPlatform (148)
[2018.04.11-17.52.50:512][579]LogModuleManager: Shutting down and abandoning module VulkanShaderFormat (147)
[2018.04.11-17.52.50:512][579]LogModuleManager: Shutting down and abandoning module ShaderFormatVectorVM (145)
[2018.04.11-17.52.50:512][579]LogModuleManager: Shutting down and abandoning module ShaderFormatOpenGL (143)
[2018.04.11-17.52.50:512][579]LogModuleManager: Shutting down and abandoning module ShaderFormatD3D (141)
[2018.04.11-17.52.50:512][579]LogModuleManager: Shutting down and abandoning module MetalShaderFormat (139)
[2018.04.11-17.52.50:512][579]LogModuleManager: Shutting down and abandoning module TextureFormatUncompressed (137)
[2018.04.11-17.52.50:512][579]LogModuleManager: Shutting down and abandoning module TextureFormatPVR (135)
[2018.04.11-17.52.50:512][579]LogModuleManager: Shutting down and abandoning module TextureFormatDXT (133)
[2018.04.11-17.52.50:512][579]LogModuleManager: Shutting down and abandoning module TextureFormatIntelISPCTexComp (131)
[2018.04.11-17.52.50:512][579]LogModuleManager: Shutting down and abandoning module TextureFormatASTC (129)
[2018.04.11-17.52.50:512][579]LogModuleManager: Shutting down and abandoning module ImageWrapper (128)
[2018.04.11-17.52.50:512][579]LogModuleManager: Shutting down and abandoning module TextureFormatAndroid (125)
[2018.04.11-17.52.50:512][579]LogModuleManager: Shutting down and abandoning module AudioFormatOpus (123)
[2018.04.11-17.52.50:512][579]LogModuleManager: Shutting down and abandoning module AudioFormatOgg (121)
[2018.04.11-17.52.50:512][579]LogModuleManager: Shutting down and abandoning module AudioFormatADPCM (119)
[2018.04.11-17.52.50:512][579]LogModuleManager: Shutting down and abandoning module LinuxTargetPlatform (117)
[2018.04.11-17.52.50:512][579]LogModuleManager: Shutting down and abandoning module LinuxServerTargetPlatform (115)
[2018.04.11-17.52.50:512][579]LogModuleManager: Shutting down and abandoning module LinuxNoEditorTargetPlatform (113)
[2018.04.11-17.52.50:512][579]LogModuleManager: Shutting down and abandoning module LinuxClientTargetPlatform (111)
[2018.04.11-17.52.50:512][579]LogModuleManager: Shutting down and abandoning module TVOSTargetPlatform (109)
[2018.04.11-17.52.50:513][579]LogModuleManager: Shutting down and abandoning module Messaging (107)
[2018.04.11-17.52.50:513][579]LogModuleManager: Shutting down and abandoning module IOSTargetPlatform (105)
[2018.04.11-17.52.50:513][579]LogModuleManager: Shutting down and abandoning module HTML5TargetPlatform (103)
[2018.04.11-17.52.50:513][579]LogModuleManager: Shutting down and abandoning module AndroidTargetPlatform (101)
[2018.04.11-17.52.50:513][579]LogModuleManager: Shutting down and abandoning module Android_PVRTCTargetPlatform (99)
[2018.04.11-17.52.50:513][579]LogModuleManager: Shutting down and abandoning module Android_MultiTargetPlatform (97)
[2018.04.11-17.52.50:513][579]LogModuleManager: Shutting down and abandoning module Android_ETC2TargetPlatform (95)
[2018.04.11-17.52.50:513][579]LogModuleManager: Shutting down and abandoning module Android_ETC1TargetPlatform (93)
[2018.04.11-17.52.50:513][579]LogModuleManager: Shutting down and abandoning module Android_DXTTargetPlatform (91)
[2018.04.11-17.52.50:513][579]LogModuleManager: Shutting down and abandoning module Android_ATCTargetPlatform (89)
[2018.04.11-17.52.50:513][579]LogModuleManager: Shutting down and abandoning module Android_ASTCTargetPlatform (87)
[2018.04.11-17.52.50:513][579]LogModuleManager: Shutting down and abandoning module WindowsTargetPlatform (85)
[2018.04.11-17.52.50:513][579]LogModuleManager: Shutting down and abandoning module WindowsServerTargetPlatform (83)
[2018.04.11-17.52.50:513][579]LogModuleManager: Shutting down and abandoning module WindowsNoEditorTargetPlatform (81)
[2018.04.11-17.52.50:513][579]LogModuleManager: Shutting down and abandoning module WindowsClientTargetPlatform (79)
[2018.04.11-17.52.50:513][579]LogModuleManager: Shutting down and abandoning module MacTargetPlatform (77)
[2018.04.11-17.52.50:513][579]LogModuleManager: Shutting down and abandoning module MacServerTargetPlatform (75)
[2018.04.11-17.52.50:513][579]LogModuleManager: Shutting down and abandoning module MacNoEditorTargetPlatform (73)
[2018.04.11-17.52.50:513][579]LogModuleManager: Shutting down and abandoning module MacClientTargetPlatform (71)
[2018.04.11-17.52.50:513][579]LogModuleManager: Shutting down and abandoning module AllDesktopTargetPlatform (69)
[2018.04.11-17.52.50:513][579]LogModuleManager: Shutting down and abandoning module InputCore (66)
[2018.04.11-17.52.50:513][579]LogModuleManager: Shutting down and abandoning module Settings (64)
[2018.04.11-17.52.50:513][579]LogModuleManager: Shutting down and abandoning module PhysXCooking (62)
[2018.04.11-17.52.50:513][579]LogModuleManager: Shutting down and abandoning module SteamVR (60)
[2018.04.11-17.52.50:513][579]LogModuleManager: Shutting down and abandoning module OculusHMD (58)
[2018.04.11-17.52.50:513][579]LogModuleManager: Shutting down and abandoning module ExampleDeviceProfileSelector (56)
[2018.04.11-17.52.50:513][579]LogModuleManager: Shutting down and abandoning module AppleARKit (54)
[2018.04.11-17.52.50:513][579]LogModuleManager: Shutting down and abandoning module AugmentedReality (53)
[2018.04.11-17.52.50:513][579]LogModuleManager: Shutting down and abandoning module OnlineBlueprintSupport (50)
[2018.04.11-17.52.50:513][579]LogModuleManager: Shutting down and abandoning module OnlineSubsystem (46)
[2018.04.11-17.52.50:513][579]LogModuleManager: Shutting down and abandoning module XMPP (45)
[2018.04.11-17.52.50:513][579]LogModuleManager: Shutting down and abandoning module HTTP (43)
[2018.04.11-17.52.50:513][579]LogHttp: Display: Http module shutting down, but needs to wait on 1 outstanding Http requests:
[2018.04.11-17.52.50:513][579]LogHttp: Display: 	verb=[POST] url=[https://datarouter.ol.epicgames.com/datarouter/api/v1/public/data?SessionID=%7B83F2ED10-4673-C3CD-A50B-BFA87FA02A7A%7D&AppID=UEEditor.Rocket.Release&AppVersion=4.18.3-3832480%2B%2B%2BUE4%2BRelease-4.18&UserID=3aa562054dff56c1de0b62a146de3239%7Cc4a40f5a9b8144829c3e1d00b7a7855b%7C980a9087-8783-4042-bea6-f203b1f08300&AppEnvironment=datacollector-binary&UploadType=eteventstream] status=Processing
[2018.04.11-17.52.50:521][579]LogModuleManager: Shutting down and abandoning module SSL (42)
[2018.04.11-17.52.50:522][579]LogModuleManager: Shutting down and abandoning module DesktopPlatform (38)
[2018.04.11-17.52.50:522][579]LogModuleManager: Shutting down and abandoning module AnimationModifiers (36)
[2018.04.11-17.52.50:522][579]LogModuleManager: Shutting down and abandoning module PropertyEditor (35)
[2018.04.11-17.52.50:522][579]LogModuleManager: Shutting down and abandoning module AudioEditor (32)
[2018.04.11-17.52.50:522][579]LogModuleManager: Shutting down and abandoning module TextureCompressor (30)
[2018.04.11-17.52.50:523][579]LogModuleManager: Shutting down and abandoning module ShaderCore (28)
[2018.04.11-17.52.50:523][579]LogModuleManager: Shutting down and abandoning module Landscape (26)
[2018.04.11-17.52.50:523][579]LogModuleManager: Shutting down and abandoning module SlateRHIRenderer (24)
[2018.04.11-17.52.50:523][579]LogModuleManager: Shutting down and abandoning module OpenGLDrv (22)
[2018.04.11-17.52.50:523][579]LogModuleManager: Shutting down and abandoning module D3D11RHI (20)
[2018.04.11-17.52.50:523][579]LogModuleManager: Shutting down and abandoning module AnimGraphRuntime (18)
[2018.04.11-17.52.50:523][579]LogModuleManager: Shutting down and abandoning module Renderer (16)
[2018.04.11-17.52.50:523][579]LogModuleManager: Shutting down and abandoning module Engine (14)
[2018.04.11-17.52.50:523][579]LogModuleManager: Shutting down and abandoning module CoreUObject (12)
[2018.04.11-17.52.50:523][579]LogModuleManager: Shutting down and abandoning module NetworkFile (10)
[2018.04.11-17.52.50:523][579]LogModuleManager: Shutting down and abandoning module CookedIterativeFile (8)
[2018.04.11-17.52.50:523][579]LogModuleManager: Shutting down and abandoning module StreamingFile (6)
[2018.04.11-17.52.50:523][579]LogModuleManager: Shutting down and abandoning module SandboxFile (4)
[2018.04.11-17.52.50:523][579]LogModuleManager: Shutting down and abandoning module PakFile (2)
[2018.04.11-17.52.50:526][579]LogExit: Exiting.
[2018.04.11-17.52.50:527][579]Log file closed, 04/11/18 13:52:50
