Log file open, 03/20/18 13:40:29
LogWindows: Failed to load 'aqProf.dll' (GetLastError=126)
LogWindows: File 'aqProf.dll' does not exist
LogWindows: Failed to load 'VtuneApi.dll' (GetLastError=126)
LogWindows: File 'VtuneApi.dll' does not exist
LogWindows: Failed to load 'VtuneApi32e.dll' (GetLastError=126)
LogWindows: File 'VtuneApi32e.dll' does not exist
LogInit: Display: Running engine for game: SlaveVRExperience
LogPlatformFile: Not using cached read wrapper
LogInit: Display: RandInit(-2034901895) SRandInit(-2034901895).
LogInit: Read version file with build ID '3709383'
LogInit: Overriding engine version to CL 3794801, compatible CL 3709383
LogInit: Registered custom module enumerator with build ID '3709383'
LogTaskGraph: Started task graph with 5 named threads and 14 total threads with 3 sets of task threads.
LogStats: Stats thread started at 3.230639
LogD3D11RHI: Aftermath initialized
LogPluginManager: Mounting plugin Paper2D
LogPluginManager: Mounting plugin LightPropagationVolume
LogPluginManager: Mounting plugin CodeLiteSourceCodeAccess
LogPluginManager: Mounting plugin GitSourceControl
LogPluginManager: Mounting plugin KDevelopSourceCodeAccess
LogPluginManager: Mounting plugin NullSourceCodeAccess
LogPluginManager: Mounting plugin PerforceSourceControl
LogPluginManager: Mounting plugin SubversionSourceControl
LogPluginManager: Mounting plugin UObjectPlugin
LogPluginManager: Mounting plugin VisualStudioCodeSourceCodeAccess
LogPluginManager: Mounting plugin VisualStudioSourceCodeAccess
LogPluginManager: Mounting plugin XCodeSourceCodeAccess
LogPluginManager: Mounting plugin AssetManagerEditor
LogPluginManager: Mounting plugin AudioCapture
LogPluginManager: Mounting plugin FacialAnimation
LogPluginManager: Mounting plugin GameplayTagsEditor
LogPluginManager: Mounting plugin MobileLauncherProfileWizard
LogPluginManager: Mounting plugin PluginBrowser
LogPluginManager: Mounting plugin SpeedTreeImporter
LogPluginManager: Mounting plugin AlembicImporter
LogPluginManager: Mounting plugin CharacterAI
LogPluginManager: Mounting plugin HTML5Networking
LogPluginManager: Mounting plugin AndroidMedia
LogPluginManager: Mounting plugin AvfMedia
LogPluginManager: Mounting plugin ImgMedia
LogPluginManager: Mounting plugin MediaCompositing
LogPluginManager: Mounting plugin MediaPlayerEditor
LogPluginManager: Mounting plugin WmfMedia
LogPluginManager: Mounting plugin TcpMessaging
LogPluginManager: Mounting plugin UdpMessaging
LogPluginManager: Mounting plugin ActorSequence
LogPluginManager: Mounting plugin LevelSequenceEditor
LogPluginManager: Mounting plugin MatineeToLevelSequence
LogPluginManager: Mounting plugin OnlineSubsystemGooglePlay
LogPluginManager: Mounting plugin OnlineSubsystemIOS
LogPluginManager: Mounting plugin OnlineSubsystem
LogPluginManager: Mounting plugin OnlineSubsystemNull
LogPluginManager: Mounting plugin OnlineSubsystemUtils
LogPluginManager: Mounting plugin AndroidDeviceProfileSelector
LogPluginManager: Mounting plugin AndroidMoviePlayer
LogPluginManager: Mounting plugin AndroidPermission
LogPluginManager: Mounting plugin AppleARKit
LogPluginManager: Mounting plugin AppleMoviePlayer
LogPluginManager: Mounting plugin ArchVisCharacter
LogPluginManager: Mounting plugin CableComponent
LogPluginManager: Mounting plugin CustomMeshComponent
LogPluginManager: Mounting plugin ExampleDeviceProfileSelector
LogPluginManager: Mounting plugin GoogleCloudMessaging
LogPluginManager: Mounting plugin ImmediatePhysics
LogPluginManager: Mounting plugin IOSDeviceProfileSelector
LogPluginManager: Mounting plugin LinuxDeviceProfileSelector
LogPluginManager: Mounting plugin LocationServicesBPLibrary
LogPluginManager: Mounting plugin MobilePatchingUtils
LogPluginManager: Mounting plugin OculusVR
LogPluginManager: Plugin shader directory ../../../Engine/Plugins/Runtime/Oculus/OculusVR/Shaders found
LogPluginManager: Mapping shader source directory ../../../Engine/Plugins/Runtime/Oculus/OculusVR/Shaders to virtual directory /Plugin/OculusVR
LogPluginManager: Mounting plugin PhysXVehicles
LogPluginManager: Mounting plugin ProceduralMeshComponent
LogPluginManager: Mounting plugin RuntimePhysXCooking
LogPluginManager: Mounting plugin SteamVR
LogPluginManager: Mounting plugin WindowsMoviePlayer
LogModuleManager: Display: Found up-to-date module file C:/Users/Thomas/Documents/GitHub/VR_SlaveExperience/SlaveVRExperience/Binaries/Win64/UE4Editor-SlaveVRExperience-1283.dll (API version 3709383).
LogModuleManager: Display: Found up-to-date module file ../../../Engine/Plugins/2D/Paper2D/Binaries/Win64/UE4Editor-Paper2D.dll (API version 3709383).
LogModuleManager: Display: Found up-to-date module file ../../../Engine/Plugins/2D/Paper2D/Binaries/Win64/UE4Editor-Paper2DEditor.dll (API version 3709383).
LogModuleManager: Display: Found up-to-date module file ../../../Engine/Plugins/2D/Paper2D/Binaries/Win64/UE4Editor-PaperSpriteSheetImporter.dll (API version 3709383).
LogModuleManager: Display: Found up-to-date module file ../../../Engine/Plugins/2D/Paper2D/Binaries/Win64/UE4Editor-PaperTiledImporter.dll (API version 3709383).
LogModuleManager: Display: Found up-to-date module file ../../../Engine/Plugins/2D/Paper2D/Binaries/Win64/UE4Editor-SmartSnapping.dll (API version 3709383).
LogModuleManager: Display: Found up-to-date module file ../../../Engine/Plugins/Blendables/LightPropagationVolume/Binaries/Win64/UE4Editor-LightPropagationVolumeRuntime.dll (API version 3709383).
LogModuleManager: Display: Found up-to-date module file ../../../Engine/Plugins/Blendables/LightPropagationVolume/Binaries/Win64/UE4Editor-LightPropagationVolumeEditor.dll (API version 3709383).
LogModuleManager: Display: Found up-to-date module file ../../../Engine/Plugins/Developer/GitSourceControl/Binaries/Win64/UE4Editor-GitSourceControl.dll (API version 3709383).
LogModuleManager: Display: Found up-to-date module file ../../../Engine/Plugins/Developer/PerforceSourceControl/Binaries/Win64/UE4Editor-PerforceSourceControl.dll (API version 3709383).
LogModuleManager: Display: Found up-to-date module file ../../../Engine/Plugins/Developer/SubversionSourceControl/Binaries/Win64/UE4Editor-SubversionSourceControl.dll (API version 3709383).
LogModuleManager: Display: Found up-to-date module file ../../../Engine/Plugins/Developer/UObjectPlugin/Binaries/Win64/UE4Editor-UObjectPlugin.dll (API version 3709383).
LogModuleManager: Display: Found up-to-date module file ../../../Engine/Plugins/Developer/VisualStudioCodeSourceCodeAccess/Binaries/Win64/UE4Editor-VisualStudioCodeSourceCodeAccess.dll (API version 3709383).
LogModuleManager: Display: Found up-to-date module file ../../../Engine/Plugins/Developer/VisualStudioSourceCodeAccess/Binaries/Win64/UE4Editor-VisualStudioSourceCodeAccess.dll (API version 3709383).
LogModuleManager: Display: Found up-to-date module file ../../../Engine/Plugins/Editor/AssetManagerEditor/Binaries/Win64/UE4Editor-AssetManagerEditor.dll (API version 3709383).
LogModuleManager: Display: Found up-to-date module file ../../../Engine/Plugins/Editor/AudioCapture/Binaries/Win64/UE4Editor-AudioCapture.dll (API version 3709383).
LogModuleManager: Display: Found up-to-date module file ../../../Engine/Plugins/Editor/FacialAnimation/Binaries/Win64/UE4Editor-FacialAnimation.dll (API version 3709383).
LogModuleManager: Display: Found up-to-date module file ../../../Engine/Plugins/Editor/FacialAnimation/Binaries/Win64/UE4Editor-FacialAnimationEditor.dll (API version 3709383).
LogModuleManager: Display: Found up-to-date module file ../../../Engine/Plugins/Editor/GameplayTagsEditor/Binaries/Win64/UE4Editor-GameplayTagsEditor.dll (API version 3709383).
LogModuleManager: Display: Found up-to-date module file ../../../Engine/Plugins/Editor/MobileLauncherProfileWizard/Binaries/Win64/UE4Editor-MobileLauncherProfileWizard.dll (API version 3709383).
LogModuleManager: Display: Found up-to-date module file ../../../Engine/Plugins/Editor/PluginBrowser/Binaries/Win64/UE4Editor-PluginBrowser.dll (API version 3709383).
LogModuleManager: Display: Found up-to-date module file ../../../Engine/Plugins/Editor/SpeedTreeImporter/Binaries/Win64/UE4Editor-SpeedTreeImporter.dll (API version 3709383).
LogModuleManager: Display: Found up-to-date module file ../../../Engine/Plugins/Experimental/AlembicImporter/Binaries/Win64/UE4Editor-AlembicImporter.dll (API version 3709383).
LogModuleManager: Display: Found up-to-date module file ../../../Engine/Plugins/Experimental/AlembicImporter/Binaries/Win64/UE4Editor-AlembicLibrary.dll (API version 3709383).
LogModuleManager: Display: Found up-to-date module file ../../../Engine/Plugins/Experimental/CharacterAI/Binaries/Win64/UE4Editor-CharacterAI.dll (API version 3709383).
LogModuleManager: Display: Found up-to-date module file ../../../Engine/Plugins/Experimental/HTML5Networking/Binaries/Win64/UE4Editor-HTML5Networking.dll (API version 3709383).
LogModuleManager: Display: Found up-to-date module file ../../../Engine/Plugins/Media/AndroidMedia/Binaries/Win64/UE4Editor-AndroidMediaEditor.dll (API version 3709383).
LogModuleManager: Display: Found up-to-date module file ../../../Engine/Plugins/Media/AndroidMedia/Binaries/Win64/UE4Editor-AndroidMediaFactory.dll (API version 3709383).
LogModuleManager: Display: Found up-to-date module file ../../../Engine/Plugins/Media/AvfMedia/Binaries/Win64/UE4Editor-AvfMediaEditor.dll (API version 3709383).
LogModuleManager: Display: Found up-to-date module file ../../../Engine/Plugins/Media/AvfMedia/Binaries/Win64/UE4Editor-AvfMediaFactory.dll (API version 3709383).
LogModuleManager: Display: Found up-to-date module file ../../../Engine/Plugins/Media/AvfMedia/Binaries/Win64/UE4Editor-AvfMediaFactory.dll (API version 3709383).
LogModuleManager: Display: Found up-to-date module file ../../../Engine/Plugins/Media/ImgMedia/Binaries/Win64/UE4Editor-ImgMedia.dll (API version 3709383).
LogModuleManager: Display: Found up-to-date module file ../../../Engine/Plugins/Media/ImgMedia/Binaries/Win64/UE4Editor-ImgMediaEditor.dll (API version 3709383).
LogModuleManager: Display: Found up-to-date module file ../../../Engine/Plugins/Media/ImgMedia/Binaries/Win64/UE4Editor-ImgMediaFactory.dll (API version 3709383).
LogModuleManager: Display: Found up-to-date module file ../../../Engine/Plugins/Media/ImgMedia/Binaries/Win64/UE4Editor-ImgMediaFactory.dll (API version 3709383).
LogModuleManager: Display: Found up-to-date module file ../../../Engine/Plugins/Media/ImgMedia/Binaries/Win64/UE4Editor-OpenExrWrapper.dll (API version 3709383).
LogModuleManager: Display: Found up-to-date module file ../../../Engine/Plugins/Media/MediaCompositing/Binaries/Win64/UE4Editor-MediaCompositing.dll (API version 3709383).
LogModuleManager: Display: Found up-to-date module file ../../../Engine/Plugins/Media/MediaCompositing/Binaries/Win64/UE4Editor-MediaCompositingEditor.dll (API version 3709383).
LogModuleManager: Display: Found up-to-date module file ../../../Engine/Plugins/Media/MediaPlayerEditor/Binaries/Win64/UE4Editor-MediaPlayerEditor.dll (API version 3709383).
LogModuleManager: Display: Found up-to-date module file ../../../Engine/Plugins/Media/WmfMedia/Binaries/Win64/UE4Editor-WmfMedia.dll (API version 3709383).
LogModuleManager: Display: Found up-to-date module file ../../../Engine/Plugins/Media/WmfMedia/Binaries/Win64/UE4Editor-WmfMediaEditor.dll (API version 3709383).
LogModuleManager: Display: Found up-to-date module file ../../../Engine/Plugins/Media/WmfMedia/Binaries/Win64/UE4Editor-WmfMediaFactory.dll (API version 3709383).
LogModuleManager: Display: Found up-to-date module file ../../../Engine/Plugins/Media/WmfMedia/Binaries/Win64/UE4Editor-WmfMediaFactory.dll (API version 3709383).
LogModuleManager: Display: Found up-to-date module file ../../../Engine/Plugins/Messaging/TcpMessaging/Binaries/Win64/UE4Editor-TcpMessaging.dll (API version 3709383).
LogModuleManager: Display: Found up-to-date module file ../../../Engine/Plugins/Messaging/UdpMessaging/Binaries/Win64/UE4Editor-UdpMessaging.dll (API version 3709383).
LogModuleManager: Display: Found up-to-date module file ../../../Engine/Plugins/MovieScene/ActorSequence/Binaries/Win64/UE4Editor-ActorSequence.dll (API version 3709383).
LogModuleManager: Display: Found up-to-date module file ../../../Engine/Plugins/MovieScene/LevelSequenceEditor/Binaries/Win64/UE4Editor-LevelSequenceEditor.dll (API version 3709383).
LogModuleManager: Display: Found up-to-date module file ../../../Engine/Plugins/MovieScene/MatineeToLevelSequence/Binaries/Win64/UE4Editor-MatineeToLevelSequence.dll (API version 3709383).
LogModuleManager: Display: Found up-to-date module file ../../../Engine/Plugins/Online/OnlineSubsystem/Binaries/Win64/UE4Editor-OnlineSubsystem.dll (API version 3709383).
LogModuleManager: Display: Found up-to-date module file ../../../Engine/Plugins/Online/OnlineSubsystemNull/Binaries/Win64/UE4Editor-OnlineSubsystemNull.dll (API version 3709383).
LogModuleManager: Display: Found up-to-date module file ../../../Engine/Plugins/Online/OnlineSubsystemUtils/Binaries/Win64/UE4Editor-OnlineSubsystemUtils.dll (API version 3709383).
LogModuleManager: Display: Found up-to-date module file ../../../Engine/Plugins/Online/OnlineSubsystemUtils/Binaries/Win64/UE4Editor-OnlineBlueprintSupport.dll (API version 3709383).
LogModuleManager: Display: Found up-to-date module file ../../../Engine/Plugins/Runtime/AndroidDeviceProfileSelector/Binaries/Win64/UE4Editor-AndroidDeviceProfileSelector.dll (API version 3709383).
LogModuleManager: Display: Found up-to-date module file ../../../Engine/Plugins/Runtime/AndroidPermission/Binaries/Win64/UE4Editor-AndroidPermission.dll (API version 3709383).
LogModuleManager: Display: Found up-to-date module file ../../../Engine/Plugins/Runtime/AppleARKit/Binaries/Win64/UE4Editor-AppleARKit.dll (API version 3709383).
LogModuleManager: Display: Found up-to-date module file ../../../Engine/Plugins/Runtime/ArchVisCharacter/Binaries/Win64/UE4Editor-ArchVisCharacter.dll (API version 3709383).
LogModuleManager: Display: Found up-to-date module file ../../../Engine/Plugins/Runtime/CableComponent/Binaries/Win64/UE4Editor-CableComponent.dll (API version 3709383).
LogModuleManager: Display: Found up-to-date module file ../../../Engine/Plugins/Runtime/CustomMeshComponent/Binaries/Win64/UE4Editor-CustomMeshComponent.dll (API version 3709383).
LogModuleManager: Display: Found up-to-date module file ../../../Engine/Plugins/Runtime/ExampleDeviceProfileSelector/Binaries/Win64/UE4Editor-ExampleDeviceProfileSelector.dll (API version 3709383).
LogModuleManager: Display: Found up-to-date module file ../../../Engine/Plugins/Runtime/ImmediatePhysics/Binaries/Win64/UE4Editor-ImmediatePhysics.dll (API version 3709383).
LogModuleManager: Display: Found up-to-date module file ../../../Engine/Plugins/Runtime/ImmediatePhysics/Binaries/Win64/UE4Editor-ImmediatePhysicsEditor.dll (API version 3709383).
LogModuleManager: Display: Found up-to-date module file ../../../Engine/Plugins/Runtime/LocationServicesBPLibrary/Binaries/Win64/UE4Editor-LocationServicesBPLibrary.dll (API version 3709383).
LogModuleManager: Display: Found up-to-date module file ../../../Engine/Plugins/Runtime/MobilePatchingUtils/Binaries/Win64/UE4Editor-MobilePatchingUtils.dll (API version 3709383).
LogModuleManager: Display: Found up-to-date module file ../../../Engine/Plugins/Runtime/Oculus/OculusVR/Binaries/Win64/UE4Editor-OculusHMD.dll (API version 3709383).
LogModuleManager: Display: Found up-to-date module file ../../../Engine/Plugins/Runtime/Oculus/OculusVR/Binaries/Win64/UE4Editor-OculusInput.dll (API version 3709383).
LogModuleManager: Display: Found up-to-date module file ../../../Engine/Plugins/Runtime/Oculus/OculusVR/Binaries/Win64/UE4Editor-OculusEditor.dll (API version 3709383).
LogModuleManager: Display: Found up-to-date module file ../../../Engine/Plugins/Runtime/PhysXVehicles/Binaries/Win64/UE4Editor-PhysXVehicles.dll (API version 3709383).
LogModuleManager: Display: Found up-to-date module file ../../../Engine/Plugins/Runtime/PhysXVehicles/Binaries/Win64/UE4Editor-PhysXVehiclesEditor.dll (API version 3709383).
LogModuleManager: Display: Found up-to-date module file ../../../Engine/Plugins/Runtime/ProceduralMeshComponent/Binaries/Win64/UE4Editor-ProceduralMeshComponent.dll (API version 3709383).
LogModuleManager: Display: Found up-to-date module file ../../../Engine/Plugins/Runtime/ProceduralMeshComponent/Binaries/Win64/UE4Editor-ProceduralMeshComponentEditor.dll (API version 3709383).
LogModuleManager: Display: Found up-to-date module file ../../../Engine/Plugins/Runtime/RuntimePhysXCooking/Binaries/Win64/UE4Editor-RuntimePhysXCooking.dll (API version 3709383).
LogModuleManager: Display: Found up-to-date module file ../../../Engine/Plugins/Runtime/Steam/SteamVR/Binaries/Win64/UE4Editor-SteamVR.dll (API version 3709383).
LogModuleManager: Display: Found up-to-date module file ../../../Engine/Plugins/Runtime/Steam/SteamVR/Binaries/Win64/UE4Editor-SteamVRController.dll (API version 3709383).
LogModuleManager: Display: Found up-to-date module file ../../../Engine/Plugins/Runtime/WindowsMoviePlayer/Binaries/Win64/UE4Editor-WindowsMoviePlayer.dll (API version 3709383).
LogInit: Using libcurl 7.47.1
LogInit:  - built for x86_64-pc-win32
LogInit:  - supports SSL with OpenSSL/1.0.2g
LogInit:  - supports HTTP deflate (compression) using libz 1.2.8
LogInit:  - other features:
LogInit:      CURL_VERSION_SSL
LogInit:      CURL_VERSION_LIBZ
LogInit:      CURL_VERSION_IPV6
LogInit:      CURL_VERSION_ASYNCHDNS
LogInit:      CURL_VERSION_LARGEFILE
LogInit:      CURL_VERSION_IDN
LogInit:  CurlRequestOptions (configurable via config and command line):
LogInit:  - bVerifyPeer = false  - Libcurl will NOT verify peer certificate
LogInit:  - bUseHttpProxy = false  - Libcurl will NOT use HTTP proxy
LogInit:  - bDontReuseConnections = false  - Libcurl will reuse connections
LogInit:  - CertBundlePath = nullptr  - Libcurl will use whatever was configured at build time.
LogInit: Build: ++UE4+Release-4.18-CL-3794801
LogInit: Engine Version: 4.18.2-3794801+++UE4+Release-4.18
LogInit: Compatible Engine Version: 4.18.0-3709383+++UE4+Release-4.18
LogInit: Net CL: 3709383
LogDevObjectVersion: Number of dev versions registered: 16
LogDevObjectVersion:   Dev-Blueprints (B0D832E4-1F89-4F0D-ACCF-7EB736FD4AA2): 10
LogDevObjectVersion:   Dev-Build (E1C64328-A22C-4D53-A36C-8E866417BD8C): 0
LogDevObjectVersion:   Dev-Core (375EC13C-06E4-48FB-B500-84F0262A717E): 2
LogDevObjectVersion:   Dev-Editor (E4B068ED-F494-42E9-A231-DA0B2E46BB41): 20
LogDevObjectVersion:   Dev-Framework (CFFC743F-43B0-4480-9391-14DF171D2073): 30
LogDevObjectVersion:   Dev-Mobile (B02B49B5-BB20-44E9-A304-32B752E40360): 0
LogDevObjectVersion:   Dev-Networking (A4E4105C-59A1-49B5-A7C5-40C4547EDFEE): 0
LogDevObjectVersion:   Dev-Online (39C831C9-5AE6-47DC-9A44-9C173E1C8E7C): 0
LogDevObjectVersion:   Dev-Physics (78F01B33-EBEA-4F98-B9B4-84EACCB95AA2): 0
LogDevObjectVersion:   Dev-Platform (6631380F-2D4D-43E0-8009-CF276956A95A): 0
LogDevObjectVersion:   Dev-Rendering (12F88B9F-8875-4AFC-A67C-D90C383ABD29): 20
LogDevObjectVersion:   Dev-Sequencer (7B5AE74C-D270-4C10-A958-57980B212A5A): 4
LogDevObjectVersion:   Dev-VR (D7296918-1DD6-4BDD-9DE2-64A83CC13884): 0
LogDevObjectVersion:   Dev-LoadTimes (C2A15278-BFE7-4AFE-6C17-90FF531DF755): 1
LogDevObjectVersion:   Private-Geometry (6EACA3D4-40EC-4CC1-B786-8BED09428FC5): 1
LogDevObjectVersion:   Dev-AnimPhys (29E575DD-E0A3-4627-9D10-D276232CDCEA): 12
LogInit: Compiled (64-bit): Dec  8 2017 02:04:53
LogInit: Compiled with Visual C++: 19.00.24215.01
LogInit: Build Configuration: Development
LogInit: Branch Name: ++UE4+Release-4.18
LogInit: Command line:  
LogInit: Base directory: D:/UE_4.18/Engine/Binaries/Win64/
LogInit: Installed Engine Build: 1
LogInit: Presizing for max 8388607 objects, including 0 objects not considered by GC, pre-allocating 0 bytes for permanent pool.
LogInit: Object subsystem initialized
[2018.03.20-17.40.33:005][  0]LogInit: Selected Device Profile: [Windows]
[2018.03.20-17.40.33:005][  0]LogInit: Applying CVar settings loaded from the selected device profile: [Windows]
[2018.03.20-17.40.33:062][  0]LogInit: Computer: DESKTOP-08H0EEE
[2018.03.20-17.40.33:062][  0]LogInit: User: Thomas
[2018.03.20-17.40.33:062][  0]LogInit: CPU Page size=4096, Cores=4
[2018.03.20-17.40.33:062][  0]LogInit: High frequency timer resolution =3.914065 MHz
[2018.03.20-17.40.33:062][  0]LogMemory: Memory total: Physical=31.9GB (32GB approx)
[2018.03.20-17.40.33:062][  0]LogMemory: Platform Memory Stats for Windows
[2018.03.20-17.40.33:062][  0]LogMemory: Process Physical Memory: 275.42 MB used, 275.42 MB peak
[2018.03.20-17.40.33:062][  0]LogMemory: Process Virtual Memory: 271.88 MB used, 271.88 MB peak
[2018.03.20-17.40.33:062][  0]LogMemory: Physical Memory: 7064.96 MB used,  25623.68 MB free, 32688.63 MB total
[2018.03.20-17.40.33:062][  0]LogMemory: Virtual Memory: 666.08 MB used,  25623.68 MB free, 134217728.00 MB total
[2018.03.20-17.40.33:556][  0]LogInit: Using OS detected language (en-US).
[2018.03.20-17.40.33:556][  0]LogInit: Using OS detected locale (en-US).
[2018.03.20-17.40.33:707][  0]LogTextLocalizationManager: No specific localization for 'en-US' exists, so the 'en' localization will be used.
[2018.03.20-17.40.34:158][  0]LogInit: Setting process to per monitor DPI aware
[2018.03.20-17.40.35:253][  0]LogD3D11RHI: D3D11 adapters:
[2018.03.20-17.40.35:290][  0]LogD3D11RHI:    0. 'NVIDIA GeForce GTX 1080' (Feature Level 11_0)
[2018.03.20-17.40.35:290][  0]LogD3D11RHI:       8086/0/16344 MB DedicatedVideo/DedicatedSystem/SharedSystem, Outputs:1, VendorId:0x10de
[2018.03.20-17.40.35:292][  0]LogD3D11RHI:    1. 'Microsoft Basic Render Driver' (Feature Level 11_0)
[2018.03.20-17.40.35:292][  0]LogD3D11RHI:       0/0/16344 MB DedicatedVideo/DedicatedSystem/SharedSystem, Outputs:0, VendorId:0x1414
[2018.03.20-17.40.35:292][  0]LogD3D11RHI: Chosen D3D11 Adapter: 0
[2018.03.20-17.40.35:298][  0]LogD3D11RHI: Creating new Direct3DDevice
[2018.03.20-17.40.35:298][  0]LogD3D11RHI:     GPU DeviceId: 0x1b80 (for the marketing name, search the web for "GPU Device Id")
[2018.03.20-17.40.35:298][  0]LogWindows: EnumDisplayDevices:
[2018.03.20-17.40.35:299][  0]LogWindows:    0. 'NVIDIA GeForce GTX 1080' (P:1 D:1)
[2018.03.20-17.40.35:299][  0]LogWindows:    1. 'NVIDIA GeForce GTX 1080' (P:0 D:0)
[2018.03.20-17.40.35:299][  0]LogWindows:    2. 'NVIDIA GeForce GTX 1080' (P:0 D:0)
[2018.03.20-17.40.35:299][  0]LogWindows:    3. 'NVIDIA GeForce GTX 1080' (P:0 D:0)
[2018.03.20-17.40.35:299][  0]LogWindows: DebugString: GetVideoDriverDetailsInvalid PrimaryIsNotTheChoosenAdapter GetVideoDriverDetailsInvalid PrimaryIsNotTheChoosenAdapter GetVideoDriverDetailsInvalid PrimaryIsNotTheChoosenAdapter GetVideoDriverDetailsInvalid PrimaryIsNotTheChoosenAdapter FoundDriverCount:0 
[2018.03.20-17.40.35:299][  0]LogD3D11RHI:     Adapter Name: NVIDIA GeForce GTX 1080
[2018.03.20-17.40.35:299][  0]LogD3D11RHI:   Driver Version: Unknown (internal:Unknown, unified:Unknown)
[2018.03.20-17.40.35:299][  0]LogD3D11RHI:      Driver Date: Unknown
[2018.03.20-17.40.35:299][  0]LogRHI: Texture pool is 5660 MB (70% of 8086 MB)
[2018.03.20-17.40.35:334][  0]LogD3D11RHI: Async texture creation enabled
[2018.03.20-17.40.35:588][  0]LogD3D11RHI: GPU Timing Frequency: 1000.000000 (Debug: 2 1)
[2018.03.20-17.40.35:681][  0]LogShaderCompilers: Guid format shader working directory is -22 characters bigger than the processId version (C:/Users/Thomas/Documents/GitHub/VR_SlaveExperience/SlaveVRExperience/Intermediate/Shaders/WorkingDirectory/4504/).
[2018.03.20-17.40.35:681][  0]LogShaderCompilers: Cleaned the shader compiler working directory 'C:/Users/Thomas/AppData/Local/Temp/UnrealShaderWorkingDir/B8D6AF744C0E15953634E98B1457927A/'.
[2018.03.20-17.40.35:687][  0]LogShaderCompilers: Display: Using Local Shader Compiler.
[2018.03.20-17.40.37:478][  0]LogTemp: Display: Loaded TP AllDesktopTargetPlatform
[2018.03.20-17.40.37:515][  0]LogTemp: Display: Loaded TP MacClientTargetPlatform
[2018.03.20-17.40.37:550][  0]LogTemp: Display: Loaded TP MacNoEditorTargetPlatform
[2018.03.20-17.40.37:587][  0]LogTemp: Display: Loaded TP MacServerTargetPlatform
[2018.03.20-17.40.37:642][  0]LogTemp: Display: Loaded TP MacTargetPlatform
[2018.03.20-17.40.37:678][  0]LogTemp: Display: Loaded TP WindowsClientTargetPlatform
[2018.03.20-17.40.37:715][  0]LogTemp: Display: Loaded TP WindowsNoEditorTargetPlatform
[2018.03.20-17.40.37:750][  0]LogTemp: Display: Loaded TP WindowsServerTargetPlatform
[2018.03.20-17.40.37:781][  0]LogTemp: Display: Loaded TP WindowsTargetPlatform
[2018.03.20-17.40.37:816][  0]LogTemp: Display: Loaded TP Android_ASTCTargetPlatform
[2018.03.20-17.40.37:851][  0]LogTemp: Display: Loaded TP Android_ATCTargetPlatform
[2018.03.20-17.40.37:886][  0]LogTemp: Display: Loaded TP Android_DXTTargetPlatform
[2018.03.20-17.40.37:921][  0]LogTemp: Display: Loaded TP Android_ETC1TargetPlatform
[2018.03.20-17.40.37:957][  0]LogTemp: Display: Loaded TP Android_ETC2TargetPlatform
[2018.03.20-17.40.38:027][  0]LogTemp: Display: Loaded TP Android_MultiTargetPlatform
[2018.03.20-17.40.38:027][  0]LogTemp: Display: Loaded TP Android_PVRTCTargetPlatform
[2018.03.20-17.40.38:071][  0]LogTemp: Display: Loaded TP AndroidTargetPlatform
[2018.03.20-17.40.38:100][  0]LogTemp: Display: Loaded TP HTML5TargetPlatform
[2018.03.20-17.40.38:199][  0]LogTemp: Display: Loaded TP IOSTargetPlatform
[2018.03.20-17.40.38:216][  0]LogTemp: Display: Loaded TP TVOSTargetPlatform
[2018.03.20-17.40.38:251][  0]LogTemp: Display: Loaded TP LinuxClientTargetPlatform
[2018.03.20-17.40.38:285][  0]LogTemp: Display: Loaded TP LinuxNoEditorTargetPlatform
[2018.03.20-17.40.38:320][  0]LogTemp: Display: Loaded TP LinuxServerTargetPlatform
[2018.03.20-17.40.38:362][  0]LogTemp: Display: Loaded TP LinuxTargetPlatform
[2018.03.20-17.40.38:362][  0]LogTargetPlatformManager: Display: Building Assets For Windows
[2018.03.20-17.40.39:061][  0]LogDerivedDataCache: Display: Max Cache Size: 512 MB
[2018.03.20-17.40.39:356][  0]LogDerivedDataCache: Loaded boot cache 0.29s 88MB C:/Users/Thomas/AppData/Local/UnrealEngine/4.18/DerivedDataCache/Boot.ddc.
[2018.03.20-17.40.39:357][  0]LogDerivedDataCache: Display: Loaded Boot cache: C:/Users/Thomas/AppData/Local/UnrealEngine/4.18/DerivedDataCache/Boot.ddc
[2018.03.20-17.40.39:357][  0]LogDerivedDataCache: FDerivedDataBackendGraph:  Pak pak cache file C:/Users/Thomas/Documents/GitHub/VR_SlaveExperience/SlaveVRExperience/DerivedDataCache/DDC.ddp not found, will not use a pak cache.
[2018.03.20-17.40.39:357][  0]LogDerivedDataCache: Unable to find inner node Pak for hierarchical cache Hierarchy.
[2018.03.20-17.40.39:357][  0]LogDerivedDataCache: FDerivedDataBackendGraph:  CompressedPak pak cache file C:/Users/Thomas/Documents/GitHub/VR_SlaveExperience/SlaveVRExperience/DerivedDataCache/Compressed.ddp not found, will not use a pak cache.
[2018.03.20-17.40.39:357][  0]LogDerivedDataCache: Unable to find inner node CompressedPak for hierarchical cache Hierarchy.
[2018.03.20-17.40.39:398][  0]LogDerivedDataCache: Display: Pak cache opened for reading ../../../Engine/DerivedDataCache/Compressed.ddp.
[2018.03.20-17.40.39:411][  0]LogDerivedDataCache: Using Local data cache path C:/Users/Thomas/AppData/Local/UnrealEngine/Common/DerivedDataCache: Writable
[2018.03.20-17.40.39:446][  0]LogMaterial: Verifying Global Shaders for PCD3D_SM5
[2018.03.20-17.40.39:482][  0]LogSlate: Using Freetype 2.6.0
[2018.03.20-17.40.39:527][  0]LogSlate: SlateFontCache - WITH_FREETYPE: 1, WITH_HARFBUZZ: 1
[2018.03.20-17.40.39:531][  0]LogSlate: SlateFontCache - WITH_FREETYPE: 1, WITH_HARFBUZZ: 1
[2018.03.20-17.40.43:139][  0]LogInit: Selected Device Profile: [Windows]
[2018.03.20-17.40.44:505][  0]LogSimplygon: Simplygon DLL not present - disabling.
[2018.03.20-17.40.44:534][  0]LogMeshReduction: Using SimplygonSwarm for distributed automatic mesh merging
[2018.03.20-17.40.44:537][  0]LogMeshReduction: Using QuadricMeshReduction for automatic static mesh reduction
[2018.03.20-17.40.44:545][  0]LogMeshReduction: No automatic skeletal mesh reduction module available
[2018.03.20-17.40.44:545][  0]LogMeshReduction: No automatic mesh merging module available
[2018.03.20-17.40.44:545][  0]LogMeshMerging: No automatic mesh merging module available
[2018.03.20-17.40.45:035][  0]LogNetVersion: SlaveVRExperience , NetCL: 3709383, EngineNetVer: 2, GameNetVer: 0 (Checksum: 4075405704)
[2018.03.20-17.40.45:972][  0]LogAssetRegistry: FAssetRegistry took 0.0664 seconds to start up
[2018.03.20-17.40.51:292][  0]LogPackageLocalizationCache: Processed 7 localized package path(s) for 2 prioritized culture(s) in 0.140853 seconds
[2018.03.20-17.40.51:322][  0]LogUObjectArray: 35900 objects as part of root set at end of initial load.
[2018.03.20-17.40.51:323][  0]LogUObjectAllocator: 7372016 out of 0 bytes used by permanent object pool.
[2018.03.20-17.40.51:323][  0]LogUObjectArray: CloseDisregardForGC: 0/0 objects in disregard for GC pool
[2018.03.20-17.40.51:369][  0]LogInit: WinSock: version 1.1 (2.2), MaxSocks=32767, MaxUdp=65467
[2018.03.20-17.41.01:686][  0]LogTcpMessaging: Initializing TcpMessaging bridge
[2018.03.20-17.41.01:779][  0]LogUdpMessaging: Initializing bridge on interface 0.0.0.0:0 to multicast group 230.0.0.1:6666.
[2018.03.20-17.41.03:072][  0]LogMaterial: Uniform references updated for custom material expression Custom.
[2018.03.20-17.41.03:721][  0]SourceControl: Source control is disabled
[2018.03.20-17.41.03:728][  0]SourceControl: Source control is disabled
[2018.03.20-17.41.03:823][  0]SourceControl: Source control is disabled
[2018.03.20-17.41.03:891][  0]SourceControl: Source control is disabled
[2018.03.20-17.41.05:084][  0]LogAndroidPermission: UAndroidPermissionCallbackProxy::GetInstance
[2018.03.20-17.41.05:408][  0]LogOcInput: OculusInput pre-init called
[2018.03.20-17.41.06:076][  0]LogEngine: Initializing Engine...
[2018.03.20-17.41.06:150][  0]LogHMD: Failed to initialize OpenVR with code 110
[2018.03.20-17.41.06:442][  0]LogStats: UGameplayTagsManager::ConstructGameplayTagTree: Construct from data asset -  0.000 s
[2018.03.20-17.41.06:443][  0]LogStats: UGameplayTagsManager::ConstructGameplayTagTree: GameplayTagTreeChangedEvent.Broadcast -  0.000 s
[2018.03.20-17.41.06:853][  0]LogAIModule: Creating AISystem for world Untitled
[2018.03.20-17.41.07:049][  0]LogInit: XAudio2 using 'Speakers (2- Logitech G933 Gaming Headset)' : 6 channels at 48 kHz using 16 bits per sample (channel mask 0x3f)
[2018.03.20-17.41.07:103][  0]LogInit: FAudioDevice initialized.
[2018.03.20-17.41.07:198][  0]LogDerivedDataCache: Saved boot cache 0.07s 88MB C:/Users/Thomas/AppData/Local/UnrealEngine/4.18/DerivedDataCache/Boot.ddc.
[2018.03.20-17.41.07:210][  0]LogInit: Texture streaming: Enabled
[2018.03.20-17.41.07:363][  0]LogEngineSessionManager: EngineSessionManager initialized
[2018.03.20-17.41.07:626][  0]LogInit: Transaction tracking system initialized
[2018.03.20-17.41.08:088][  0]BlueprintLog: New page: Editor Load
[2018.03.20-17.41.09:693][  0]LocalizationService: Localization service is disabled
[2018.03.20-17.41.10:424][  0]LogLinker: Warning: Can't find file '/Game/ThirdPersonBP/ThirdPersonOverview'
[2018.03.20-17.41.10:433][  0]LogLinker: Warning: Can't find file '/Game/ThirdPersonBP/ThirdPersonOverview'
[2018.03.20-17.41.10:438][  0]LogUObjectGlobals: Warning: Failed to find object 'Class /Game/ThirdPersonBP/ThirdPersonOverview.ThirdPersonOverview_C'
[2018.03.20-17.41.10:821][  0]LogConsoleResponse: Display: 
[2018.03.20-17.41.11:798][  0]LogFileCache: Scanning file cache for directory 'C:/Users/Thomas/Documents/GitHub/VR_SlaveExperience/SlaveVRExperience/Content/' took 0.01s
[2018.03.20-17.41.11:798][  0]LogCook: Display: Max memory allowance for cook 16384mb min free memory 0mb
[2018.03.20-17.41.11:798][  0]LogCook: Display: Mobile HDR setting 1
[2018.03.20-17.41.11:798][  0]LogGameplayTags: Display: UGameplayTagsManager::DoneAddingNativeTags. DelegateIsBound: 0
[2018.03.20-17.41.14:413][  0]SourceControl: Source control is disabled
[2018.03.20-17.41.14:456][  0]Cmd: MAP LOAD FILE="C:/Users/Thomas/Documents/GitHub/VR_SlaveExperience/SlaveVRExperience/Content/Maps/Levels/Ship.umap" TEMPLATE=0 SHOWPROGRESS=1 FEATURELEVEL=3
[2018.03.20-17.41.14:469][  0]LightingResults: New page: Lighting Build
[2018.03.20-17.41.14:686][  0]MapCheck: New page: Map Check
[2018.03.20-17.41.14:686][  0]LightingResults: New page: Lighting Build
[2018.03.20-17.41.15:927][  0]LogLinker: Warning: Can't find file '/Game/Maps/Levels/Ship_BuiltData'
[2018.03.20-17.41.15:927][  0]LogLinker: Warning: Can't find file for asset '/Game/Maps/Levels/Ship_BuiltData' while loading C:/Users/Thomas/Documents/GitHub/VR_SlaveExperience/SlaveVRExperience/Content/Maps/Levels/Ship.umap.
[2018.03.20-17.41.15:927][  0]LoadErrors: Error: /Game/Maps/Levels/Ship : Can't find file for asset. /Game/Maps/Levels/Ship_BuiltData
[2018.03.20-17.41.16:037][  0]LogLinker: Warning: Can't find file '/Game/Maps/Levels/Ship_BuiltData'
[2018.03.20-17.41.16:037][  0]LogLinker: Warning: Can't find file for asset '/Game/Maps/Levels/Ship_BuiltData' while loading C:/Users/Thomas/Documents/GitHub/VR_SlaveExperience/SlaveVRExperience/Content/Maps/Levels/Ship.umap.
[2018.03.20-17.41.16:037][  0]LoadErrors: Error: /Game/Maps/Levels/Ship : Can't find file for asset. /Game/Maps/Levels/Ship_BuiltData
[2018.03.20-17.41.16:088][  0]LogLinker: Warning: Can't find file '/Game/Maps/Levels/Ship_BuiltData'
[2018.03.20-17.41.16:088][  0]LogLinker: Warning: Can't find file for asset '/Game/Maps/Levels/Ship_BuiltData' while loading NULL.
[2018.03.20-17.41.16:088][  0]LogLinker: Warning: Can't find file '/Game/Maps/Levels/Ship_BuiltData'
[2018.03.20-17.41.16:088][  0]LogLinker: Warning: Can't find file for asset '/Game/Maps/Levels/Ship_BuiltData' while loading NULL.
[2018.03.20-17.41.16:414][  0]LogLinker: Warning: Can't find file '/Game/Maps/Levels/Ship_BuiltData'
[2018.03.20-17.41.16:414][  0]LoadErrors: Failed to load /Game/Maps/Levels/Ship_BuiltData.Ship_BuiltData Referenced by PersistentLevel
[2018.03.20-17.41.16:414][  0]LogLinker: Warning: Can't find file for asset '/Game/Maps/Levels/Ship_BuiltData' while loading NULL.
[2018.03.20-17.41.16:414][  0]LoadErrors: Failed to load /Game/Maps/Levels/Ship_BuiltData.Ship_BuiltData Referenced by PersistentLevel
[2018.03.20-17.41.16:632][  0]LogTexture: Display: Building textures: ScrubberSurface_Color (AutoDXT, 512X512)
[2018.03.20-17.41.16:632][  0]LogTexture: Display: Building textures: shipUV (AutoDXT, 1000X1000)
[2018.03.20-17.41.16:632][  0]LogTexture: Display: Building textures: bowspritUV (AutoDXT, 1000X1000)
[2018.03.20-17.41.16:632][  0]LogTexture: Display: Building textures: Cannon_1Surface_Color (AutoDXT, 2048X2048)
[2018.03.20-17.41.16:671][  0]LogTexture: Display: Building textures: Array_3Surface_Color (AutoDXT, 2048X2048)
[2018.03.20-17.41.16:671][  0]LogAudioDerivedData: Display: Building compressed audio format OGG wave 91072__lxx-70__on-a-wooden-ship-at-sea-02...
[2018.03.20-17.41.19:458][  0]LogMaterial: Missing cached shader map for material dbl_Gruppe_305_003_ncl1_1, compiling. 
[2018.03.20-17.41.19:605][  0]LogMaterial: Missing cached shader map for material dbl_Gruppe_305_003, compiling. 
[2018.03.20-17.41.20:291][  0]LogStaticMesh: Building static mesh Cannon2...
[2018.03.20-17.41.20:467][  0]LogStaticMesh: Built static mesh [0.18s] /Game/Models/Cannon2.Cannon2
[2018.03.20-17.41.20:510][  0]LogStaticMesh: Building static mesh DM_Ship...
[2018.03.20-17.41.32:942][  0]LogStaticMesh: Built static mesh [12.43s] /Game/Models/ShipUpdate/DM_Ship.DM_Ship
[2018.03.20-17.41.38:239][  0]LogStaticMesh: Building static mesh 3d-model...
[2018.03.20-17.41.38:322][  0]LogStaticMesh: Built static mesh [0.09s] /Game/Models/EnvironmentModels/Seagull/3d-model.3d-model
[2018.03.20-17.41.38:327][  0]LogStaticMesh: Building static mesh Scrubber...
[2018.03.20-17.41.38:333][  0]LogStaticMesh: Built static mesh [0.01s] /Game/Models/Scrubber.Scrubber
[2018.03.20-17.41.38:339][  0]LogStaticMesh: Building static mesh Wheel...
[2018.03.20-17.41.39:841][  0]LogStaticMesh: Built static mesh [1.50s] /Game/Models/Wheel.Wheel
[2018.03.20-17.41.40:313][  0]LogMaterial: Missing cached shader map for material Scrubber1, compiling. 
[2018.03.20-17.41.40:342][  0]LogMaterial: Missing cached shader map for material dbl_Gruppe_305_002_ncl1_1, compiling. 
[2018.03.20-17.41.40:359][  0]LogMaterial: Missing cached shader map for material dbl_Gruppe_305_002, compiling. 
[2018.03.20-17.41.40:383][  0]LogMaterial: Missing cached shader map for material dbl_Gruppe_305_001_ncl1_1, compiling. 
[2018.03.20-17.41.40:409][  0]LogMaterial: Missing cached shader map for material dbl_Gruppe_305_001, compiling. 
[2018.03.20-17.41.40:433][  0]LogMaterial: Missing cached shader map for material dbl_Gruppe_300_001_ncl1_3, compiling. 
[2018.03.20-17.41.40:457][  0]LogMaterial: Missing cached shader map for material dbl_Gruppe_300_001_ncl1_2, compiling. 
[2018.03.20-17.41.40:480][  0]LogMaterial: Missing cached shader map for material dbl_Gruppe_300_001_ncl1_1, compiling. 
[2018.03.20-17.41.40:503][  0]LogMaterial: Missing cached shader map for material dbl_Gruppe_300_001, compiling. 
[2018.03.20-17.41.40:528][  0]LogMaterial: Missing cached shader map for material dbl_Group_001_ncl1_3, compiling. 
[2018.03.20-17.41.40:554][  0]LogMaterial: Missing cached shader map for material dbl_Group_001_ncl1_2, compiling. 
[2018.03.20-17.41.40:579][  0]LogMaterial: Missing cached shader map for material dbl_Group_001_ncl1_1, compiling. 
[2018.03.20-17.41.40:603][  0]LogMaterial: Missing cached shader map for material dbl_Group_001, compiling. 
[2018.03.20-17.41.40:629][  0]LogMaterial: Missing cached shader map for material Cannon1, compiling. 
[2018.03.20-17.41.40:683][  0]LogMaterial: Missing cached shader map for material Array, compiling. 
[2018.03.20-17.41.40:741][  0]LogMaterial: Missing cached shader map for material ship_lambert, compiling. 
[2018.03.20-17.41.40:776][  0]LogMaterial: Missing cached shader map for material rope_lambert, compiling. 
[2018.03.20-17.41.40:812][  0]LogMaterial: Missing cached shader map for material rebar_lambert, compiling. 
[2018.03.20-17.41.40:846][  0]LogMaterial: Missing cached shader map for material lambert3, compiling. 
[2018.03.20-17.41.40:881][  0]LogMaterial: Missing cached shader map for material lambert1, compiling. 
[2018.03.20-17.41.40:916][  0]LogMaterial: Missing cached shader map for material bowsprit_lambert, compiling. 
[2018.03.20-17.41.41:006][  0]LogAIModule: Creating AISystem for world Ship
[2018.03.20-17.41.43:857][  0]LogSkinnedMeshComp: Warning: GetSocketByName(GripPoint): No SkeletalMesh for Component(CharacterMesh1P) Actor(FP_FirstPersonCharacter_1)
[2018.03.20-17.41.43:857][  0]LogSkinnedMeshComp: Warning: GetSocketByName(GripPoint): No SkeletalMesh for Component(CharacterMesh1P) Actor(FP_FirstPersonCharacter_1)
[2018.03.20-17.41.43:857][  0]LogSkinnedMeshComp: Warning: GetSocketByName(GripPoint): No SkeletalMesh for Component(CharacterMesh1P) Actor(FP_FirstPersonCharacter_1)
[2018.03.20-17.41.44:156][  0]LogSkinnedMeshComp: Warning: GetSocketByName(GripPoint): No SkeletalMesh for Component(CharacterMesh1P) Actor(FP_FirstPersonCharacter_1)
[2018.03.20-17.41.44:281][  0]LogEditorServer: Finished looking for orphan Actors (0.000 secs)
[2018.03.20-17.41.44:694][  0]Cmd: MAP CHECKDEP NOCLEARLOG
[2018.03.20-17.41.44:801][  0]MapCheck: Map check complete: 0 Error(s), 0 Warning(s), took 102.873ms to complete.
[2018.03.20-17.41.44:801][  0]LogFileHelpers: Loading map 'Ship' took 30.367
[2018.03.20-17.41.46:368][  0]LogCollectionManager: Loaded 0 collections in 0.001895 seconds
[2018.03.20-17.41.46:557][  0]LogFileCache: Scanning file cache for directory 'C:/Users/Thomas/Documents/GitHub/VR_SlaveExperience/SlaveVRExperience/Saved/Collections/' took 0.01s
[2018.03.20-17.41.46:557][  0]LogFileCache: Scanning file cache for directory 'C:/Users/Thomas/Documents/GitHub/VR_SlaveExperience/SlaveVRExperience/Content/Developers/Thomas/Collections/' took 0.01s
[2018.03.20-17.41.46:557][  0]LogFileCache: Scanning file cache for directory 'C:/Users/Thomas/Documents/GitHub/VR_SlaveExperience/SlaveVRExperience/Content/Collections/' took 0.01s
[2018.03.20-17.41.46:557][  0]LogCollectionManager: Rebuilt the GUID cache for 0 collections in 0.000001 seconds
[2018.03.20-17.41.46:599][  0]LogContentBrowser: Native class hierarchy populated in 0.0410 seconds. Added 2369 classes and 522 folders.
[2018.03.20-17.41.46:763][  0]LogContentBrowser: Native class hierarchy updated for 'WidgetCarousel' in 0.0011 seconds. Added 0 classes and 0 folders.
[2018.03.20-17.41.47:606][  0]LogContentBrowser: Native class hierarchy updated for 'AddContentDialog' in 0.0010 seconds. Added 0 classes and 0 folders.
[2018.03.20-17.41.47:723][  0]LogContentBrowser: Native class hierarchy updated for 'SceneOutliner' in 0.0011 seconds. Added 1 classes and 2 folders.
[2018.03.20-17.41.48:502][  0]LogSlate: Took 0.008260 seconds to synchronously load lazily loaded font '../../../Engine/Content/Slate/Fonts/Roboto-Regular.ttf' (155K)
[2018.03.20-17.41.48:520][  0]LogSlate: Took 0.007079 seconds to synchronously load lazily loaded font '../../../Engine/Content/Slate/Fonts/Roboto-Bold.ttf' (160K)
[2018.03.20-17.41.48:562][  0]LogSlate: Took 0.004228 seconds to synchronously load lazily loaded font '../../../Engine/Content/Editor/Slate/Fonts/FontAwesome.ttf' (139K)
[2018.03.20-17.41.48:947][  0]LogRenderer: Reallocating scene render targets to support 1208x576 Format 26 NumSamples 1 (Frame:1).
[2018.03.20-17.41.49:633][  0]LogContentBrowser: Native class hierarchy updated for 'HierarchicalLODOutliner' in 0.0010 seconds. Added 1 classes and 2 folders.
[2018.03.20-17.41.49:633][  0]LogLoad: (Engine Initialization) Total time: 91.09 seconds
[2018.03.20-17.41.49:633][  0]LogLoad: (Engine Initialization) Total Blueprint compile time: 0.00 seconds
[2018.03.20-17.41.49:649][  0]LogExternalProfiler: Found external profiler: VSPerf
[2018.03.20-17.41.49:649][  0]LogExternalProfiler: Using external profiler: VSPerf
[2018.03.20-17.41.49:714][  0]LogWindowsTextInputMethodSystem: Display: IME system now deactivated.
[2018.03.20-17.41.49:894][  0]LogContentStreaming: Texture pool size now 1000 MB
[2018.03.20-17.41.50:161][  1]LogFileCache: Retrieving MD5 hashes for directory 'C:/Users/Thomas/Documents/GitHub/VR_SlaveExperience/SlaveVRExperience/Content/' took 0.39s
[2018.03.20-17.41.50:287][  1]LogSlate: Took 0.006941 seconds to synchronously load lazily loaded font '../../../Engine/Content/Slate/Fonts/Roboto-Light.ttf' (159K)
[2018.03.20-17.41.50:405][  3]LogAssetRegistry: Asset discovery search completed in 64.4558 seconds
[2018.03.20-17.41.50:444][  3]LogCollectionManager: Rebuilt the object cache for 0 collections in 0.000000 seconds (found 0 objects)
[2018.03.20-17.41.50:444][  3]LogCollectionManager: Fixed up redirectors for 0 collections in 0.000075 seconds (updated 0 objects)
[2018.03.20-17.42.32:922][386]LogVSAccessor: Warning: Couldn't access Visual Studio
[2018.03.20-17.42.32:957][386]Candidate modules for hot reload:
[2018.03.20-17.42.32:957][386]  SlaveVRExperience
[2018.03.20-17.42.32:958][386]Launching UnrealBuildTool... [D:/UE_4.18/Engine/Binaries/DotNET/UnrealBuildTool.exe SlaveVRExperience -ModuleWithSuffix SlaveVRExperience 360 Win64 Development -editorrecompile -canskiplink "C:/Users/Thomas/Documents/GitHub/VR_SlaveExperience/SlaveVRExperience/SlaveVRExperience.uproject" ]
[2018.03.20-17.42.32:963][386]Warning: Starting HotReload took  0.1s.
[2018.03.20-17.42.55:198][369]CompilerResultsLog: New page: Compilation - Mar 20, 2018, 9:42:55 AM
[2018.03.20-17.42.55:198][369]CompilerResultsLog: Using 'git status' to determine working set for adaptive non-unity build.
[2018.03.20-17.42.55:198][369]CompilerResultsLog: Creating makefile for hot reloading SlaveVRExperience (game project files are newer)
[2018.03.20-17.42.55:198][369]CompilerResultsLog: Compiling game modules for hot reload
[2018.03.20-17.42.55:198][369]CompilerResultsLog: Parsing headers for SlaveVRExperienceEditor
[2018.03.20-17.42.55:198][369]CompilerResultsLog:   Running UnrealHeaderTool "C:\Users\Thomas\Documents\GitHub\VR_SlaveExperience\SlaveVRExperience\SlaveVRExperience.uproject" "C:\Users\Thomas\Documents\GitHub\VR_SlaveExperience\SlaveVRExperience\Intermediate\Build\Win64\SlaveVRExperienceEditor\Development\SlaveVRExperienceEditor.uhtmanifest" -LogCmds="loginit warning, logexit warning, logdatabase error" -Unattended -WarningsAsErrors -installed
[2018.03.20-17.42.55:198][369]CompilerResultsLog: Error: C:/Users/Thomas/Documents/GitHub/VR_SlaveExperience/SlaveVRExperience/Source/SlaveVRExperience/FoodTeleporter.h(39)  : Error: Expected an include at the top of the header: '#include "FoodTeleporter.generated.h"'
[2018.03.20-17.42.55:198][369]CompilerResultsLog: Error: UnrealHeaderTool failed for target 'SlaveVRExperienceEditor' (platform: Win64, module info: C:\Users\Thomas\Documents\GitHub\VR_SlaveExperience\SlaveVRExperience\Intermediate\Build\Win64\SlaveVRExperienceEditor\Development\SlaveVRExperienceEditor.uhtmanifest, exit code: OtherCompilationError (5)).
[2018.03.20-17.42.55:198][369]CompilerResultsLog: Failed to write dependency cache: Access to the path 'C:\Users\DARKSIDER-II\Documents\GitHub\VR_SlaveExperience\SlaveVRExperience\Intermediate\Build\Win64\SlaveVRExperienceEditor' is denied.
[2018.03.20-17.42.55:198][369]LogMainFrame: MainFrame: Module compiling took 22.275 seconds
[2018.03.20-17.42.55:198][369]Warning: HotReload failed, recompile failed
[2018.03.20-17.43.38:700][  0]LogScript: Warning: Accessed None trying to read property CallFunc_TryGetPawnOwner_ReturnValue
	Slave_animBP1_C /Engine/Transient.World_3:PersistentLevel.SkeletalMeshActor_0.SkeletalMeshComponent0.Slave_animBP1_C_0
	Function /Game/AI/Slave_animBP1.Slave_animBP1_C:ExecuteUbergraph_Slave_animBP1:00C6
[2018.03.20-17.43.38:700][  0]LogScript: Warning: Accessed None trying to read property CallFunc_GetMovementComponent_ReturnValue
	Slave_animBP1_C /Engine/Transient.World_3:PersistentLevel.SkeletalMeshActor_0.SkeletalMeshComponent0.Slave_animBP1_C_0
	Function /Game/AI/Slave_animBP1.Slave_animBP1_C:ExecuteUbergraph_Slave_animBP1:0105
[2018.03.20-17.44.47:829][113]LogVSAccessor: Warning: Couldn't access Visual Studio
[2018.03.20-17.44.47:846][113]Candidate modules for hot reload:
[2018.03.20-17.44.47:846][113]  SlaveVRExperience
[2018.03.20-17.44.47:846][113]Launching UnrealBuildTool... [D:/UE_4.18/Engine/Binaries/DotNET/UnrealBuildTool.exe SlaveVRExperience -ModuleWithSuffix SlaveVRExperience 8107 Win64 Development -editorrecompile -canskiplink "C:/Users/Thomas/Documents/GitHub/VR_SlaveExperience/SlaveVRExperience/SlaveVRExperience.uproject" ]
[2018.03.20-17.44.47:852][113]Warning: Starting HotReload took  0.0s.
[2018.03.20-17.44.59:628][625]CompilerResultsLog: New page: Compilation - Mar 20, 2018, 9:44:59 AM
[2018.03.20-17.44.59:628][625]CompilerResultsLog: Using 'git status' to determine working set for adaptive non-unity build.
[2018.03.20-17.44.59:628][625]CompilerResultsLog: Creating makefile for hot reloading SlaveVRExperience (game project files are newer)
[2018.03.20-17.44.59:628][625]CompilerResultsLog: Compiling game modules for hot reload
[2018.03.20-17.44.59:628][625]CompilerResultsLog: Performing full C++ include scan (no include cache file)
[2018.03.20-17.44.59:628][625]CompilerResultsLog: Parsing headers for SlaveVRExperienceEditor
[2018.03.20-17.44.59:628][625]CompilerResultsLog:   Running UnrealHeaderTool "C:\Users\Thomas\Documents\GitHub\VR_SlaveExperience\SlaveVRExperience\SlaveVRExperience.uproject" "C:\Users\Thomas\Documents\GitHub\VR_SlaveExperience\SlaveVRExperience\Intermediate\Build\Win64\SlaveVRExperienceEditor\Development\SlaveVRExperienceEditor.uhtmanifest" -LogCmds="loginit warning, logexit warning, logdatabase error" -Unattended -WarningsAsErrors -installed
[2018.03.20-17.44.59:628][625]CompilerResultsLog: Error: C:/Users/Thomas/Documents/GitHub/VR_SlaveExperience/SlaveVRExperience/Source/SlaveVRExperience/FoodTeleporter.h(39)  : Error: Expected an include at the top of the header: '#include "FoodTeleporter.generated.h"'
[2018.03.20-17.44.59:628][625]CompilerResultsLog: Error: UnrealHeaderTool failed for target 'SlaveVRExperienceEditor' (platform: Win64, module info: C:\Users\Thomas\Documents\GitHub\VR_SlaveExperience\SlaveVRExperience\Intermediate\Build\Win64\SlaveVRExperienceEditor\Development\SlaveVRExperienceEditor.uhtmanifest, exit code: OtherCompilationError (5)).
[2018.03.20-17.44.59:628][625]LogMainFrame: MainFrame: Module compiling took 11.799 seconds
[2018.03.20-17.44.59:628][625]Warning: HotReload failed, recompile failed
[2018.03.20-17.45.47:972][ 71]LogMaterial: Missing cached shader map for material Material_0, compiling. 
[2018.03.20-17.45.47:972][ 71]LogMaterial: Warning: /Engine/Transient.Material_0 (no disk path found): Failed to compile Material for platform PCD3D_SM5, Default Material will be used in game.
[2018.03.20-17.45.47:972][ 71]LogMaterial: 	Only transparent or postprocess materials can read from scene depth.
[2018.03.20-17.48.50:179][754]LogSlate: Took 0.000234 seconds to synchronously load lazily loaded font '../../../Engine/Content/Slate/Fonts/Roboto-Light.ttf' (159K)
[2018.03.20-17.48.54:656][831]LogVSAccessor: Warning: Couldn't goto line number '0' in 'C:/Users/Thomas/Documents/GitHub/VR_SlaveExperience/SlaveVRExperience/Source/SlaveVRExperience/FP_FirstPerson/FP_FirstPersonCharacter.h'
[2018.03.20-17.48.54:676][831]LogVSAccessor: Warning: Couldn't goto line number '0' in 'C:/Users/Thomas/Documents/GitHub/VR_SlaveExperience/SlaveVRExperience/Source/SlaveVRExperience/FP_FirstPerson/FP_FirstPersonCharacter.cpp'
[2018.03.20-17.51.49:947][508]LogVSAccessor: Warning: Couldn't access Visual Studio
[2018.03.20-17.51.49:961][508]Candidate modules for hot reload:
[2018.03.20-17.51.49:961][508]  SlaveVRExperience
[2018.03.20-17.51.49:961][508]Launching UnrealBuildTool... [D:/UE_4.18/Engine/Binaries/DotNET/UnrealBuildTool.exe SlaveVRExperience -ModuleWithSuffix SlaveVRExperience 4365 Win64 Development -editorrecompile -canskiplink "C:/Users/Thomas/Documents/GitHub/VR_SlaveExperience/SlaveVRExperience/SlaveVRExperience.uproject" ]
[2018.03.20-17.51.49:966][508]Warning: Starting HotReload took  0.0s.
[2018.03.20-17.51.55:992][786]CompilerResultsLog: New page: Compilation - Mar 20, 2018, 9:51:55 AM
[2018.03.20-17.51.55:993][786]CompilerResultsLog: Using 'git status' to determine working set for adaptive non-unity build.
[2018.03.20-17.51.55:993][786]CompilerResultsLog: Creating makefile for hot reloading SlaveVRExperience (game project files are newer)
[2018.03.20-17.51.55:993][786]CompilerResultsLog: Compiling game modules for hot reload
[2018.03.20-17.51.55:993][786]CompilerResultsLog: Parsing headers for SlaveVRExperienceEditor
[2018.03.20-17.51.55:993][786]CompilerResultsLog:   Running UnrealHeaderTool "C:\Users\Thomas\Documents\GitHub\VR_SlaveExperience\SlaveVRExperience\SlaveVRExperience.uproject" "C:\Users\Thomas\Documents\GitHub\VR_SlaveExperience\SlaveVRExperience\Intermediate\Build\Win64\SlaveVRExperienceEditor\Development\SlaveVRExperienceEditor.uhtmanifest" -LogCmds="loginit warning, logexit warning, logdatabase error" -Unattended -WarningsAsErrors -installed
[2018.03.20-17.51.55:993][786]CompilerResultsLog: Error: C:/Users/Thomas/Documents/GitHub/VR_SlaveExperience/SlaveVRExperience/Source/SlaveVRExperience/FoodTeleporter.h(9) : Error: #include found after .generated.h file - the .generated.h file should always be the last #include in a header
[2018.03.20-17.51.55:993][786]CompilerResultsLog: Error: UnrealHeaderTool failed for target 'SlaveVRExperienceEditor' (platform: Win64, module info: C:\Users\Thomas\Documents\GitHub\VR_SlaveExperience\SlaveVRExperience\Intermediate\Build\Win64\SlaveVRExperienceEditor\Development\SlaveVRExperienceEditor.uhtmanifest, exit code: OtherCompilationError (5)).
[2018.03.20-17.51.55:993][786]LogMainFrame: MainFrame: Module compiling took 6.045 seconds
[2018.03.20-17.51.55:993][786]Warning: HotReload failed, recompile failed
[2018.03.20-17.52.49:365][672]LogVSAccessor: Warning: Couldn't access Visual Studio
[2018.03.20-17.52.49:380][672]Candidate modules for hot reload:
[2018.03.20-17.52.49:380][672]  SlaveVRExperience
[2018.03.20-17.52.49:380][672]Launching UnrealBuildTool... [D:/UE_4.18/Engine/Binaries/DotNET/UnrealBuildTool.exe SlaveVRExperience -ModuleWithSuffix SlaveVRExperience 5253 Win64 Development -editorrecompile -canskiplink "C:/Users/Thomas/Documents/GitHub/VR_SlaveExperience/SlaveVRExperience/SlaveVRExperience.uproject" ]
[2018.03.20-17.52.49:386][672]Warning: Starting HotReload took  0.0s.
[2018.03.20-17.55.34:669][692]CompilerResultsLog: New page: Compilation - Mar 20, 2018, 9:55:34 AM
[2018.03.20-17.55.34:670][692]CompilerResultsLog: Using 'git status' to determine working set for adaptive non-unity build.
[2018.03.20-17.55.34:670][692]CompilerResultsLog: Creating makefile for hot reloading SlaveVRExperience (game project files are newer)
[2018.03.20-17.55.34:670][692]CompilerResultsLog: Compiling game modules for hot reload
[2018.03.20-17.55.34:670][692]CompilerResultsLog: Performing full C++ include scan (no include cache file)
[2018.03.20-17.55.34:670][692]CompilerResultsLog: Parsing headers for SlaveVRExperienceEditor
[2018.03.20-17.55.34:670][692]CompilerResultsLog:   Running UnrealHeaderTool "C:\Users\Thomas\Documents\GitHub\VR_SlaveExperience\SlaveVRExperience\SlaveVRExperience.uproject" "C:\Users\Thomas\Documents\GitHub\VR_SlaveExperience\SlaveVRExperience\Intermediate\Build\Win64\SlaveVRExperienceEditor\Development\SlaveVRExperienceEditor.uhtmanifest" -LogCmds="loginit warning, logexit warning, logdatabase error" -Unattended -WarningsAsErrors -installed
[2018.03.20-17.55.34:670][692]CompilerResultsLog: Reflection code generated for SlaveVRExperienceEditor in 7.3802415 seconds
[2018.03.20-17.55.34:670][692]CompilerResultsLog: Performing 18 actions (4 in parallel)
[2018.03.20-17.55.34:670][692]CompilerResultsLog: NPC.gen.cpp
[2018.03.20-17.55.34:670][692]CompilerResultsLog: CustomPlayerController.gen.cpp
[2018.03.20-17.55.34:670][692]CompilerResultsLog: FP_FirstPersonCharacter.gen.cpp
[2018.03.20-17.55.34:670][692]CompilerResultsLog: NPCWorkstation.gen.cpp
[2018.03.20-17.55.34:670][692]CompilerResultsLog: DeckTeleporter.gen.cpp
[2018.03.20-17.55.34:670][692]CompilerResultsLog: FP_FirstPersonCharacter.cpp
[2018.03.20-17.55.34:670][692]CompilerResultsLog: SlaveVRExperience.cpp
[2018.03.20-17.55.34:670][692]CompilerResultsLog: FoodTeleporter.gen.cpp
[2018.03.20-17.55.34:670][692]CompilerResultsLog: ScrubbingSpots.cpp
[2018.03.20-17.55.34:670][692]CompilerResultsLog: NPCWorkstation.cpp
[2018.03.20-17.55.34:670][692]CompilerResultsLog: NPC.cpp
[2018.03.20-17.55.34:670][692]CompilerResultsLog: FoodTeleporter.cpp
[2018.03.20-17.55.34:670][692]CompilerResultsLog: DeckTeleporter.cpp
[2018.03.20-17.55.34:670][692]CompilerResultsLog: CustomPlayerController.cpp
[2018.03.20-17.55.34:670][692]CompilerResultsLog: ScrubbingSpots.gen.cpp
[2018.03.20-17.55.34:670][692]CompilerResultsLog: SlaveVRExperience.init.gen.cpp
[2018.03.20-17.55.34:670][692]CompilerResultsLog: [17/18] Link UE4Editor-SlaveVRExperience-5253.dll
[2018.03.20-17.55.34:670][692]CompilerResultsLog: [18/18] Link UE4Editor-SlaveVRExperience-5253.lib
[2018.03.20-17.55.34:670][692]CompilerResultsLog:    Creating library C:\Users\Thomas\Documents\GitHub\VR_SlaveExperience\SlaveVRExperience\Intermediate\Build\Win64\UE4Editor\Development\UE4Editor-SlaveVRExperience-5253.suppressed.lib and object C:\Users\Thomas\Documents\GitHub\VR_SlaveExperience\SlaveVRExperience\Intermediate\Build\Win64\UE4Editor\Development\UE4Editor-SlaveVRExperience-5253.suppressed.exp
[2018.03.20-17.55.34:670][692]CompilerResultsLog:    Creating library C:\Users\Thomas\Documents\GitHub\VR_SlaveExperience\SlaveVRExperience\Intermediate\Build\Win64\UE4Editor\Development\UE4Editor-SlaveVRExperience-5253.lib and object C:\Users\Thomas\Documents\GitHub\VR_SlaveExperience\SlaveVRExperience\Intermediate\Build\Win64\UE4Editor\Development\UE4Editor-SlaveVRExperience-5253.exp
[2018.03.20-17.55.34:670][692]CompilerResultsLog: Total build time: 165.10 seconds (Local executor: 152.23 seconds)
[2018.03.20-17.55.34:670][692]LogMainFrame: MainFrame: Module compiling took 165.305 seconds
[2018.03.20-17.55.34:754][692]LogClass: Could not find existing class FoodTeleporter in package /Script/SlaveVRExperience for HotReload, assuming new class
[2018.03.20-17.55.34:754][692]LogClass: Function OnOverlapBegin is new.
[2018.03.20-17.55.34:755][692]LogClass: Function OnOverlapEnd is new.
[2018.03.20-17.55.34:757][692]LogClass: ENPCStateEnum HotReload.
[2018.03.20-17.55.34:757][692]LogClass: ENPCTypeEnum HotReload.
[2018.03.20-17.55.34:768][692]LogHotReload: Re-instancing DeckTeleporter after hot-reload.
[2018.03.20-17.55.35:165][692]LogHotReload: Re-instancing FP_FirstPersonCharacter after hot-reload.
[2018.03.20-17.55.35:166][692]LogSkinnedMeshComp: Warning: GetSocketByName(GripPoint): No SkeletalMesh for Component(CharacterMesh1P) Actor(FP_FirstPersonCharacter_1)
[2018.03.20-17.55.35:166][692]LogSkinnedMeshComp: Warning: GetSocketByName(GripPoint): No SkeletalMesh for Component(CharacterMesh1P) Actor(FP_FirstPersonCharacter_1)
[2018.03.20-17.55.35:166][692]LogSkinnedMeshComp: Warning: GetSocketByName(GripPoint): No SkeletalMesh for Component(CharacterMesh1P) Actor(FP_FirstPersonCharacter_1)
[2018.03.20-17.55.35:170][692]LogSkinnedMeshComp: Warning: GetSocketByName(GripPoint): No SkeletalMesh for Component(CharacterMesh1P) Actor(FP_FirstPersonCharacter_1)
[2018.03.20-17.55.35:170][692]LogSkinnedMeshComp: Warning: GetSocketByName(GripPoint): No SkeletalMesh for Component(CharacterMesh1P) Actor(FP_FirstPersonCharacter_1)
[2018.03.20-17.55.35:170][692]LogSkinnedMeshComp: Warning: GetSocketByName(GripPoint): No SkeletalMesh for Component(CharacterMesh1P) Actor(FP_FirstPersonCharacter_1)
[2018.03.20-17.55.35:170][692]LogSkinnedMeshComp: Warning: GetSocketByName(GripPoint): No SkeletalMesh for Component(CharacterMesh1P) Actor(FP_FirstPersonCharacter_1)
[2018.03.20-17.55.35:286][692]LogHotReload: Re-instancing NPC after hot-reload.
[2018.03.20-17.55.35:520][692]LogHotReload: Re-instancing NPCWorkstation after hot-reload.
[2018.03.20-17.55.35:612][692]LogHotReload: Re-instancing ScrubbingSpots after hot-reload.
[2018.03.20-17.55.35:882][692]LogContentBrowser: Native class hierarchy updated for 'SlaveVRExperience' in 0.0008 seconds. Added 7 classes and 3 folders.
[2018.03.20-17.55.35:884][692]Display: HotReload successful (7 functions remapped  0 scriptstructs remapped)
[2018.03.20-17.55.35:978][692]LogContentBrowser: Native class hierarchy populated in 0.0067 seconds. Added 2372 classes and 526 folders.
[2018.03.20-17.55.35:984][692]Display: HotReload took 166.6s.
