Log file open, 04/14/18 13:50:30
LogWindows: Failed to load 'aqProf.dll' (GetLastError=126)
LogWindows: File 'aqProf.dll' does not exist
LogWindows: Failed to load 'VtuneApi.dll' (GetLastError=126)
LogWindows: File 'VtuneApi.dll' does not exist
LogWindows: Failed to load 'VtuneApi32e.dll' (GetLastError=126)
LogWindows: File 'VtuneApi32e.dll' does not exist
LogInit: Display: Running engine for game: SlaveVRExperience
LogPlatformFile: Not using cached read wrapper
LogInit: Display: RandInit(-2023692611) SRandInit(-2023692611).
LogInit: Read version file with build ID '3709383'
LogInit: Overriding engine version to CL 3832480, compatible CL 3709383
LogInit: Registered custom module enumerator with build ID '3709383'
LogTaskGraph: Started task graph with 5 named threads and 14 total threads with 3 sets of task threads.
LogStats: Stats thread started at 0.224489
LogD3D11RHI: Aftermath initialized
LogPluginManager: Mounting plugin Paper2D
LogPluginManager: Mounting plugin LightPropagationVolume
LogPluginManager: Mounting plugin CodeLiteSourceCodeAccess
LogPluginManager: Mounting plugin GitSourceControl
LogPluginManager: Mounting plugin KDevelopSourceCodeAccess
LogPluginManager: Mounting plugin NullSourceCodeAccess
LogPluginManager: Mounting plugin PerforceSourceControl
LogPluginManager: Mounting plugin SubversionSourceControl
LogPluginManager: Mounting plugin UObjectPlugin
LogPluginManager: Mounting plugin VisualStudioCodeSourceCodeAccess
LogPluginManager: Mounting plugin VisualStudioSourceCodeAccess
LogPluginManager: Mounting plugin XCodeSourceCodeAccess
LogPluginManager: Mounting plugin AssetManagerEditor
LogPluginManager: Mounting plugin AudioCapture
LogPluginManager: Mounting plugin FacialAnimation
LogPluginManager: Mounting plugin GameplayTagsEditor
LogPluginManager: Mounting plugin MobileLauncherProfileWizard
LogPluginManager: Mounting plugin PluginBrowser
LogPluginManager: Mounting plugin SpeedTreeImporter
LogPluginManager: Mounting plugin AlembicImporter
LogPluginManager: Mounting plugin CharacterAI
LogPluginManager: Mounting plugin HTML5Networking
LogPluginManager: Mounting plugin AndroidMedia
LogPluginManager: Mounting plugin AvfMedia
LogPluginManager: Mounting plugin ImgMedia
LogPluginManager: Mounting plugin MediaCompositing
LogPluginManager: Mounting plugin MediaPlayerEditor
LogPluginManager: Mounting plugin WmfMedia
LogPluginManager: Mounting plugin TcpMessaging
LogPluginManager: Mounting plugin UdpMessaging
LogPluginManager: Mounting plugin ActorSequence
LogPluginManager: Mounting plugin LevelSequenceEditor
LogPluginManager: Mounting plugin MatineeToLevelSequence
LogPluginManager: Mounting plugin OnlineSubsystemGooglePlay
LogPluginManager: Mounting plugin OnlineSubsystemIOS
LogPluginManager: Mounting plugin OnlineSubsystem
LogPluginManager: Mounting plugin OnlineSubsystemNull
LogPluginManager: Mounting plugin OnlineSubsystemUtils
LogPluginManager: Mounting plugin AndroidDeviceProfileSelector
LogPluginManager: Mounting plugin AndroidMoviePlayer
LogPluginManager: Mounting plugin AndroidPermission
LogPluginManager: Mounting plugin AppleARKit
LogPluginManager: Mounting plugin AppleMoviePlayer
LogPluginManager: Mounting plugin ArchVisCharacter
LogPluginManager: Mounting plugin CableComponent
LogPluginManager: Mounting plugin CustomMeshComponent
LogPluginManager: Mounting plugin ExampleDeviceProfileSelector
LogPluginManager: Mounting plugin GoogleCloudMessaging
LogPluginManager: Mounting plugin ImmediatePhysics
LogPluginManager: Mounting plugin IOSDeviceProfileSelector
LogPluginManager: Mounting plugin LinuxDeviceProfileSelector
LogPluginManager: Mounting plugin LocationServicesBPLibrary
LogPluginManager: Mounting plugin MobilePatchingUtils
LogPluginManager: Mounting plugin OculusVR
LogPluginManager: Plugin shader directory ../../../Engine/Plugins/Runtime/Oculus/OculusVR/Shaders found
LogPluginManager: Mapping shader source directory ../../../Engine/Plugins/Runtime/Oculus/OculusVR/Shaders to virtual directory /Plugin/OculusVR
LogPluginManager: Mounting plugin PhysXVehicles
LogPluginManager: Mounting plugin ProceduralMeshComponent
LogPluginManager: Mounting plugin RuntimePhysXCooking
LogPluginManager: Mounting plugin SteamVR
LogPluginManager: Mounting plugin WindowsMoviePlayer
LogModuleManager: Display: Found up-to-date module file ../../../../../../Users/Nutty_000/Documents/GitHub/VR_SlaveExperience/SlaveVRExperience/Binaries/Win64/UE4Editor-SlaveVRExperience.dll (API version 3709383).
LogModuleManager: Display: Found up-to-date module file ../../../Engine/Plugins/2D/Paper2D/Binaries/Win64/UE4Editor-Paper2D.dll (API version 3709383).
LogModuleManager: Display: Found up-to-date module file ../../../Engine/Plugins/2D/Paper2D/Binaries/Win64/UE4Editor-Paper2DEditor.dll (API version 3709383).
LogModuleManager: Display: Found up-to-date module file ../../../Engine/Plugins/2D/Paper2D/Binaries/Win64/UE4Editor-PaperSpriteSheetImporter.dll (API version 3709383).
LogModuleManager: Display: Found up-to-date module file ../../../Engine/Plugins/2D/Paper2D/Binaries/Win64/UE4Editor-PaperTiledImporter.dll (API version 3709383).
LogModuleManager: Display: Found up-to-date module file ../../../Engine/Plugins/2D/Paper2D/Binaries/Win64/UE4Editor-SmartSnapping.dll (API version 3709383).
LogModuleManager: Display: Found up-to-date module file ../../../Engine/Plugins/Blendables/LightPropagationVolume/Binaries/Win64/UE4Editor-LightPropagationVolumeRuntime.dll (API version 3709383).
LogModuleManager: Display: Found up-to-date module file ../../../Engine/Plugins/Blendables/LightPropagationVolume/Binaries/Win64/UE4Editor-LightPropagationVolumeEditor.dll (API version 3709383).
LogModuleManager: Display: Found up-to-date module file ../../../Engine/Plugins/Developer/GitSourceControl/Binaries/Win64/UE4Editor-GitSourceControl.dll (API version 3709383).
LogModuleManager: Display: Found up-to-date module file ../../../Engine/Plugins/Developer/PerforceSourceControl/Binaries/Win64/UE4Editor-PerforceSourceControl.dll (API version 3709383).
LogModuleManager: Display: Found up-to-date module file ../../../Engine/Plugins/Developer/SubversionSourceControl/Binaries/Win64/UE4Editor-SubversionSourceControl.dll (API version 3709383).
LogModuleManager: Display: Found up-to-date module file ../../../Engine/Plugins/Developer/UObjectPlugin/Binaries/Win64/UE4Editor-UObjectPlugin.dll (API version 3709383).
LogModuleManager: Display: Found up-to-date module file ../../../Engine/Plugins/Developer/VisualStudioCodeSourceCodeAccess/Binaries/Win64/UE4Editor-VisualStudioCodeSourceCodeAccess.dll (API version 3709383).
LogModuleManager: Display: Found up-to-date module file ../../../Engine/Plugins/Developer/VisualStudioSourceCodeAccess/Binaries/Win64/UE4Editor-VisualStudioSourceCodeAccess.dll (API version 3709383).
LogModuleManager: Display: Found up-to-date module file ../../../Engine/Plugins/Editor/AssetManagerEditor/Binaries/Win64/UE4Editor-AssetManagerEditor.dll (API version 3709383).
LogModuleManager: Display: Found up-to-date module file ../../../Engine/Plugins/Editor/AudioCapture/Binaries/Win64/UE4Editor-AudioCapture.dll (API version 3709383).
LogModuleManager: Display: Found up-to-date module file ../../../Engine/Plugins/Editor/FacialAnimation/Binaries/Win64/UE4Editor-FacialAnimation.dll (API version 3709383).
LogModuleManager: Display: Found up-to-date module file ../../../Engine/Plugins/Editor/FacialAnimation/Binaries/Win64/UE4Editor-FacialAnimationEditor.dll (API version 3709383).
LogModuleManager: Display: Found up-to-date module file ../../../Engine/Plugins/Editor/GameplayTagsEditor/Binaries/Win64/UE4Editor-GameplayTagsEditor.dll (API version 3709383).
LogModuleManager: Display: Found up-to-date module file ../../../Engine/Plugins/Editor/MobileLauncherProfileWizard/Binaries/Win64/UE4Editor-MobileLauncherProfileWizard.dll (API version 3709383).
LogModuleManager: Display: Found up-to-date module file ../../../Engine/Plugins/Editor/PluginBrowser/Binaries/Win64/UE4Editor-PluginBrowser.dll (API version 3709383).
LogModuleManager: Display: Found up-to-date module file ../../../Engine/Plugins/Editor/SpeedTreeImporter/Binaries/Win64/UE4Editor-SpeedTreeImporter.dll (API version 3709383).
LogModuleManager: Display: Found up-to-date module file ../../../Engine/Plugins/Experimental/AlembicImporter/Binaries/Win64/UE4Editor-AlembicImporter.dll (API version 3709383).
LogModuleManager: Display: Found up-to-date module file ../../../Engine/Plugins/Experimental/AlembicImporter/Binaries/Win64/UE4Editor-AlembicLibrary.dll (API version 3709383).
LogModuleManager: Display: Found up-to-date module file ../../../Engine/Plugins/Experimental/CharacterAI/Binaries/Win64/UE4Editor-CharacterAI.dll (API version 3709383).
LogModuleManager: Display: Found up-to-date module file ../../../Engine/Plugins/Experimental/HTML5Networking/Binaries/Win64/UE4Editor-HTML5Networking.dll (API version 3709383).
LogModuleManager: Display: Found up-to-date module file ../../../Engine/Plugins/Media/AndroidMedia/Binaries/Win64/UE4Editor-AndroidMediaEditor.dll (API version 3709383).
LogModuleManager: Display: Found up-to-date module file ../../../Engine/Plugins/Media/AndroidMedia/Binaries/Win64/UE4Editor-AndroidMediaFactory.dll (API version 3709383).
LogModuleManager: Display: Found up-to-date module file ../../../Engine/Plugins/Media/AvfMedia/Binaries/Win64/UE4Editor-AvfMediaEditor.dll (API version 3709383).
LogModuleManager: Display: Found up-to-date module file ../../../Engine/Plugins/Media/AvfMedia/Binaries/Win64/UE4Editor-AvfMediaFactory.dll (API version 3709383).
LogModuleManager: Display: Found up-to-date module file ../../../Engine/Plugins/Media/AvfMedia/Binaries/Win64/UE4Editor-AvfMediaFactory.dll (API version 3709383).
LogModuleManager: Display: Found up-to-date module file ../../../Engine/Plugins/Media/ImgMedia/Binaries/Win64/UE4Editor-ImgMedia.dll (API version 3709383).
LogModuleManager: Display: Found up-to-date module file ../../../Engine/Plugins/Media/ImgMedia/Binaries/Win64/UE4Editor-ImgMediaEditor.dll (API version 3709383).
LogModuleManager: Display: Found up-to-date module file ../../../Engine/Plugins/Media/ImgMedia/Binaries/Win64/UE4Editor-ImgMediaFactory.dll (API version 3709383).
LogModuleManager: Display: Found up-to-date module file ../../../Engine/Plugins/Media/ImgMedia/Binaries/Win64/UE4Editor-ImgMediaFactory.dll (API version 3709383).
LogModuleManager: Display: Found up-to-date module file ../../../Engine/Plugins/Media/ImgMedia/Binaries/Win64/UE4Editor-OpenExrWrapper.dll (API version 3709383).
LogModuleManager: Display: Found up-to-date module file ../../../Engine/Plugins/Media/MediaCompositing/Binaries/Win64/UE4Editor-MediaCompositing.dll (API version 3709383).
LogModuleManager: Display: Found up-to-date module file ../../../Engine/Plugins/Media/MediaCompositing/Binaries/Win64/UE4Editor-MediaCompositingEditor.dll (API version 3709383).
LogModuleManager: Display: Found up-to-date module file ../../../Engine/Plugins/Media/MediaPlayerEditor/Binaries/Win64/UE4Editor-MediaPlayerEditor.dll (API version 3709383).
LogModuleManager: Display: Found up-to-date module file ../../../Engine/Plugins/Media/WmfMedia/Binaries/Win64/UE4Editor-WmfMedia.dll (API version 3709383).
LogModuleManager: Display: Found up-to-date module file ../../../Engine/Plugins/Media/WmfMedia/Binaries/Win64/UE4Editor-WmfMediaEditor.dll (API version 3709383).
LogModuleManager: Display: Found up-to-date module file ../../../Engine/Plugins/Media/WmfMedia/Binaries/Win64/UE4Editor-WmfMediaFactory.dll (API version 3709383).
LogModuleManager: Display: Found up-to-date module file ../../../Engine/Plugins/Media/WmfMedia/Binaries/Win64/UE4Editor-WmfMediaFactory.dll (API version 3709383).
LogModuleManager: Display: Found up-to-date module file ../../../Engine/Plugins/Messaging/TcpMessaging/Binaries/Win64/UE4Editor-TcpMessaging.dll (API version 3709383).
LogModuleManager: Display: Found up-to-date module file ../../../Engine/Plugins/Messaging/UdpMessaging/Binaries/Win64/UE4Editor-UdpMessaging.dll (API version 3709383).
LogModuleManager: Display: Found up-to-date module file ../../../Engine/Plugins/MovieScene/ActorSequence/Binaries/Win64/UE4Editor-ActorSequence.dll (API version 3709383).
LogModuleManager: Display: Found up-to-date module file ../../../Engine/Plugins/MovieScene/LevelSequenceEditor/Binaries/Win64/UE4Editor-LevelSequenceEditor.dll (API version 3709383).
LogModuleManager: Display: Found up-to-date module file ../../../Engine/Plugins/MovieScene/MatineeToLevelSequence/Binaries/Win64/UE4Editor-MatineeToLevelSequence.dll (API version 3709383).
LogModuleManager: Display: Found up-to-date module file ../../../Engine/Plugins/Online/OnlineSubsystem/Binaries/Win64/UE4Editor-OnlineSubsystem.dll (API version 3709383).
LogModuleManager: Display: Found up-to-date module file ../../../Engine/Plugins/Online/OnlineSubsystemNull/Binaries/Win64/UE4Editor-OnlineSubsystemNull.dll (API version 3709383).
LogModuleManager: Display: Found up-to-date module file ../../../Engine/Plugins/Online/OnlineSubsystemUtils/Binaries/Win64/UE4Editor-OnlineSubsystemUtils.dll (API version 3709383).
LogModuleManager: Display: Found up-to-date module file ../../../Engine/Plugins/Online/OnlineSubsystemUtils/Binaries/Win64/UE4Editor-OnlineBlueprintSupport.dll (API version 3709383).
LogModuleManager: Display: Found up-to-date module file ../../../Engine/Plugins/Runtime/AndroidDeviceProfileSelector/Binaries/Win64/UE4Editor-AndroidDeviceProfileSelector.dll (API version 3709383).
LogModuleManager: Display: Found up-to-date module file ../../../Engine/Plugins/Runtime/AndroidPermission/Binaries/Win64/UE4Editor-AndroidPermission.dll (API version 3709383).
LogModuleManager: Display: Found up-to-date module file ../../../Engine/Plugins/Runtime/AppleARKit/Binaries/Win64/UE4Editor-AppleARKit.dll (API version 3709383).
LogModuleManager: Display: Found up-to-date module file ../../../Engine/Plugins/Runtime/ArchVisCharacter/Binaries/Win64/UE4Editor-ArchVisCharacter.dll (API version 3709383).
LogModuleManager: Display: Found up-to-date module file ../../../Engine/Plugins/Runtime/CableComponent/Binaries/Win64/UE4Editor-CableComponent.dll (API version 3709383).
LogModuleManager: Display: Found up-to-date module file ../../../Engine/Plugins/Runtime/CustomMeshComponent/Binaries/Win64/UE4Editor-CustomMeshComponent.dll (API version 3709383).
LogModuleManager: Display: Found up-to-date module file ../../../Engine/Plugins/Runtime/ExampleDeviceProfileSelector/Binaries/Win64/UE4Editor-ExampleDeviceProfileSelector.dll (API version 3709383).
LogModuleManager: Display: Found up-to-date module file ../../../Engine/Plugins/Runtime/ImmediatePhysics/Binaries/Win64/UE4Editor-ImmediatePhysics.dll (API version 3709383).
LogModuleManager: Display: Found up-to-date module file ../../../Engine/Plugins/Runtime/ImmediatePhysics/Binaries/Win64/UE4Editor-ImmediatePhysicsEditor.dll (API version 3709383).
LogModuleManager: Display: Found up-to-date module file ../../../Engine/Plugins/Runtime/LocationServicesBPLibrary/Binaries/Win64/UE4Editor-LocationServicesBPLibrary.dll (API version 3709383).
LogModuleManager: Display: Found up-to-date module file ../../../Engine/Plugins/Runtime/MobilePatchingUtils/Binaries/Win64/UE4Editor-MobilePatchingUtils.dll (API version 3709383).
LogModuleManager: Display: Found up-to-date module file ../../../Engine/Plugins/Runtime/Oculus/OculusVR/Binaries/Win64/UE4Editor-OculusHMD.dll (API version 3709383).
LogModuleManager: Display: Found up-to-date module file ../../../Engine/Plugins/Runtime/Oculus/OculusVR/Binaries/Win64/UE4Editor-OculusInput.dll (API version 3709383).
LogModuleManager: Display: Found up-to-date module file ../../../Engine/Plugins/Runtime/Oculus/OculusVR/Binaries/Win64/UE4Editor-OculusEditor.dll (API version 3709383).
LogModuleManager: Display: Found up-to-date module file ../../../Engine/Plugins/Runtime/PhysXVehicles/Binaries/Win64/UE4Editor-PhysXVehicles.dll (API version 3709383).
LogModuleManager: Display: Found up-to-date module file ../../../Engine/Plugins/Runtime/PhysXVehicles/Binaries/Win64/UE4Editor-PhysXVehiclesEditor.dll (API version 3709383).
LogModuleManager: Display: Found up-to-date module file ../../../Engine/Plugins/Runtime/ProceduralMeshComponent/Binaries/Win64/UE4Editor-ProceduralMeshComponent.dll (API version 3709383).
LogModuleManager: Display: Found up-to-date module file ../../../Engine/Plugins/Runtime/ProceduralMeshComponent/Binaries/Win64/UE4Editor-ProceduralMeshComponentEditor.dll (API version 3709383).
LogModuleManager: Display: Found up-to-date module file ../../../Engine/Plugins/Runtime/RuntimePhysXCooking/Binaries/Win64/UE4Editor-RuntimePhysXCooking.dll (API version 3709383).
LogModuleManager: Display: Found up-to-date module file ../../../Engine/Plugins/Runtime/Steam/SteamVR/Binaries/Win64/UE4Editor-SteamVR.dll (API version 3709383).
LogModuleManager: Display: Found up-to-date module file ../../../Engine/Plugins/Runtime/Steam/SteamVR/Binaries/Win64/UE4Editor-SteamVRController.dll (API version 3709383).
LogModuleManager: Display: Found up-to-date module file ../../../Engine/Plugins/Runtime/WindowsMoviePlayer/Binaries/Win64/UE4Editor-WindowsMoviePlayer.dll (API version 3709383).
LogInit: Using libcurl 7.47.1
LogInit:  - built for x86_64-pc-win32
LogInit:  - supports SSL with OpenSSL/1.0.2g
LogInit:  - supports HTTP deflate (compression) using libz 1.2.8
LogInit:  - other features:
LogInit:      CURL_VERSION_SSL
LogInit:      CURL_VERSION_LIBZ
LogInit:      CURL_VERSION_IPV6
LogInit:      CURL_VERSION_ASYNCHDNS
LogInit:      CURL_VERSION_LARGEFILE
LogInit:      CURL_VERSION_IDN
LogInit:  CurlRequestOptions (configurable via config and command line):
LogInit:  - bVerifyPeer = false  - Libcurl will NOT verify peer certificate
LogInit:  - bUseHttpProxy = false  - Libcurl will NOT use HTTP proxy
LogInit:  - bDontReuseConnections = false  - Libcurl will reuse connections
LogInit:  - CertBundlePath = nullptr  - Libcurl will use whatever was configured at build time.
LogInit: Build: ++UE4+Release-4.18-CL-3832480
LogInit: Engine Version: 4.18.3-3832480+++UE4+Release-4.18
LogInit: Compatible Engine Version: 4.18.0-3709383+++UE4+Release-4.18
LogInit: Net CL: 3709383
LogDevObjectVersion: Number of dev versions registered: 16
LogDevObjectVersion:   Dev-Blueprints (B0D832E4-1F89-4F0D-ACCF-7EB736FD4AA2): 10
LogDevObjectVersion:   Dev-Build (E1C64328-A22C-4D53-A36C-8E866417BD8C): 0
LogDevObjectVersion:   Dev-Core (375EC13C-06E4-48FB-B500-84F0262A717E): 2
LogDevObjectVersion:   Dev-Editor (E4B068ED-F494-42E9-A231-DA0B2E46BB41): 20
LogDevObjectVersion:   Dev-Framework (CFFC743F-43B0-4480-9391-14DF171D2073): 30
LogDevObjectVersion:   Dev-Mobile (B02B49B5-BB20-44E9-A304-32B752E40360): 0
LogDevObjectVersion:   Dev-Networking (A4E4105C-59A1-49B5-A7C5-40C4547EDFEE): 0
LogDevObjectVersion:   Dev-Online (39C831C9-5AE6-47DC-9A44-9C173E1C8E7C): 0
LogDevObjectVersion:   Dev-Physics (78F01B33-EBEA-4F98-B9B4-84EACCB95AA2): 0
LogDevObjectVersion:   Dev-Platform (6631380F-2D4D-43E0-8009-CF276956A95A): 0
LogDevObjectVersion:   Dev-Rendering (12F88B9F-8875-4AFC-A67C-D90C383ABD29): 20
LogDevObjectVersion:   Dev-Sequencer (7B5AE74C-D270-4C10-A958-57980B212A5A): 4
LogDevObjectVersion:   Dev-VR (D7296918-1DD6-4BDD-9DE2-64A83CC13884): 0
LogDevObjectVersion:   Dev-LoadTimes (C2A15278-BFE7-4AFE-6C17-90FF531DF755): 1
LogDevObjectVersion:   Private-Geometry (6EACA3D4-40EC-4CC1-B786-8BED09428FC5): 1
LogDevObjectVersion:   Dev-AnimPhys (29E575DD-E0A3-4627-9D10-D276232CDCEA): 12
LogInit: Compiled (64-bit): Jan 12 2018 02:04:55
LogInit: Compiled with Visual C++: 19.00.24215.01
LogInit: Build Configuration: Development
LogInit: Branch Name: ++UE4+Release-4.18
LogInit: Command line:  
LogInit: Base directory: C:/Program Files/Epic Games/UE_4.18/Engine/Binaries/Win64/
LogInit: Installed Engine Build: 1
LogInit: Presizing for max 8388607 objects, including 0 objects not considered by GC, pre-allocating 0 bytes for permanent pool.
LogInit: Object subsystem initialized
[2018.04.14-17.50.36:415][  0]LogInit: Selected Device Profile: [Windows]
[2018.04.14-17.50.36:415][  0]LogInit: Applying CVar settings loaded from the selected device profile: [Windows]
[2018.04.14-17.50.36:518][  0]LogInit: Computer: IDEA-PC
[2018.04.14-17.50.36:518][  0]LogInit: User: Nutty000
[2018.04.14-17.50.36:518][  0]LogInit: CPU Page size=4096, Cores=4
[2018.04.14-17.50.36:518][  0]LogInit: High frequency timer resolution =2.923062 MHz
[2018.04.14-17.50.36:519][  0]LogMemory: Memory total: Physical=8.0GB (8GB approx)
[2018.04.14-17.50.36:519][  0]LogMemory: Platform Memory Stats for Windows
[2018.04.14-17.50.36:519][  0]LogMemory: Process Physical Memory: 277.56 MB used, 277.56 MB peak
[2018.04.14-17.50.36:519][  0]LogMemory: Process Virtual Memory: 279.74 MB used, 279.74 MB peak
[2018.04.14-17.50.36:519][  0]LogMemory: Physical Memory: 3274.20 MB used,  4875.42 MB free, 8149.62 MB total
[2018.04.14-17.50.36:519][  0]LogMemory: Virtual Memory: 677.49 MB used,  4875.42 MB free, 134217728.00 MB total
[2018.04.14-17.50.37:339][  0]LogInit: Using OS detected language (en-US).
[2018.04.14-17.50.37:339][  0]LogInit: Using OS detected locale (en-US).
[2018.04.14-17.50.37:595][  0]LogTextLocalizationManager: No specific localization for 'en-US' exists, so the 'en' localization will be used.
[2018.04.14-17.50.38:534][  0]LogInit: Setting process to per monitor DPI aware
[2018.04.14-17.50.42:475][  0]LogD3D11RHI: D3D11 adapters:
[2018.04.14-17.50.42:589][  0]LogD3D11RHI:    0. 'NVIDIA GeForce GTX 1070' (Feature Level 11_0)
[2018.04.14-17.50.42:589][  0]LogD3D11RHI:       8096/0/4074 MB DedicatedVideo/DedicatedSystem/SharedSystem, Outputs:1, VendorId:0x10de
[2018.04.14-17.50.42:592][  0]LogD3D11RHI:    1. 'Microsoft Basic Render Driver' (Feature Level 11_0)
[2018.04.14-17.50.42:593][  0]LogD3D11RHI:       0/0/4074 MB DedicatedVideo/DedicatedSystem/SharedSystem, Outputs:0, VendorId:0x1414
[2018.04.14-17.50.42:593][  0]LogD3D11RHI: Chosen D3D11 Adapter: 0
[2018.04.14-17.50.42:600][  0]LogD3D11RHI: Creating new Direct3DDevice
[2018.04.14-17.50.42:600][  0]LogD3D11RHI:     GPU DeviceId: 0x1b81 (for the marketing name, search the web for "GPU Device Id")
[2018.04.14-17.50.42:600][  0]LogWindows: EnumDisplayDevices:
[2018.04.14-17.50.42:601][  0]LogWindows:    0. 'NVIDIA GeForce GTX 1070' (P:1 D:1)
[2018.04.14-17.50.42:601][  0]LogWindows:    1. 'NVIDIA GeForce GTX 1070' (P:0 D:0)
[2018.04.14-17.50.42:601][  0]LogWindows:    2. 'NVIDIA GeForce GTX 1070' (P:0 D:0)
[2018.04.14-17.50.42:601][  0]LogWindows:    3. 'NVIDIA GeForce GTX 1070' (P:0 D:0)
[2018.04.14-17.50.42:601][  0]LogWindows: DebugString: GetVideoDriverDetailsInvalid PrimaryIsNotTheChoosenAdapter GetVideoDriverDetailsInvalid PrimaryIsNotTheChoosenAdapter GetVideoDriverDetailsInvalid PrimaryIsNotTheChoosenAdapter GetVideoDriverDetailsInvalid PrimaryIsNotTheChoosenAdapter FoundDriverCount:0 
[2018.04.14-17.50.42:601][  0]LogD3D11RHI:     Adapter Name: NVIDIA GeForce GTX 1070
[2018.04.14-17.50.42:601][  0]LogD3D11RHI:   Driver Version: Unknown (internal:Unknown, unified:Unknown)
[2018.04.14-17.50.42:601][  0]LogD3D11RHI:      Driver Date: Unknown
[2018.04.14-17.50.42:601][  0]LogRHI: Texture pool is 5667 MB (70% of 8096 MB)
[2018.04.14-17.50.42:634][  0]LogD3D11RHI: Async texture creation enabled
[2018.04.14-17.50.42:705][  0]LogD3D11RHI: GPU Timing Frequency: 1000.000000 (Debug: 2 1)
[2018.04.14-17.50.42:711][  0]LogShaderCompilers: Guid format shader working directory is -37 characters bigger than the processId version (../../../../../../Users/Nutty_000/Documents/GitHub/VR_SlaveExperience/SlaveVRExperience/Intermediate/Shaders/WorkingDirectory/7804/).
[2018.04.14-17.50.42:711][  0]LogShaderCompilers: Cleaned the shader compiler working directory 'C:/Users/Nutty_000/AppData/Local/Temp/UnrealShaderWorkingDir/2851070A466192C0E6C45CB9E79CA85E/'.
[2018.04.14-17.50.42:711][  0]LogShaderCompilers: Display: Using Local Shader Compiler.
[2018.04.14-17.50.47:525][  0]LogTemp: Display: Loaded TP AllDesktopTargetPlatform
[2018.04.14-17.50.47:636][  0]LogTemp: Display: Loaded TP MacClientTargetPlatform
[2018.04.14-17.50.47:745][  0]LogTemp: Display: Loaded TP MacNoEditorTargetPlatform
[2018.04.14-17.50.47:853][  0]LogTemp: Display: Loaded TP MacServerTargetPlatform
[2018.04.14-17.50.47:969][  0]LogTemp: Display: Loaded TP MacTargetPlatform
[2018.04.14-17.50.48:076][  0]LogTemp: Display: Loaded TP WindowsClientTargetPlatform
[2018.04.14-17.50.48:183][  0]LogTemp: Display: Loaded TP WindowsNoEditorTargetPlatform
[2018.04.14-17.50.48:289][  0]LogTemp: Display: Loaded TP WindowsServerTargetPlatform
[2018.04.14-17.50.48:387][  0]LogTemp: Display: Loaded TP WindowsTargetPlatform
[2018.04.14-17.50.48:493][  0]LogTemp: Display: Loaded TP Android_ASTCTargetPlatform
[2018.04.14-17.50.48:597][  0]LogTemp: Display: Loaded TP Android_ATCTargetPlatform
[2018.04.14-17.50.48:701][  0]LogTemp: Display: Loaded TP Android_DXTTargetPlatform
[2018.04.14-17.50.48:808][  0]LogTemp: Display: Loaded TP Android_ETC1TargetPlatform
[2018.04.14-17.50.48:913][  0]LogTemp: Display: Loaded TP Android_ETC2TargetPlatform
[2018.04.14-17.50.49:122][  0]LogTemp: Display: Loaded TP Android_MultiTargetPlatform
[2018.04.14-17.50.49:122][  0]LogTemp: Display: Loaded TP Android_PVRTCTargetPlatform
[2018.04.14-17.50.49:297][  0]LogTemp: Display: Loaded TP AndroidTargetPlatform
[2018.04.14-17.50.49:400][  0]LogTemp: Display: Loaded TP HTML5TargetPlatform
[2018.04.14-17.50.49:634][  0]LogTemp: Display: Loaded TP IOSTargetPlatform
[2018.04.14-17.50.49:704][  0]LogTemp: Display: Loaded TP TVOSTargetPlatform
[2018.04.14-17.50.49:809][  0]LogTemp: Display: Loaded TP LinuxClientTargetPlatform
[2018.04.14-17.50.49:913][  0]LogTemp: Display: Loaded TP LinuxNoEditorTargetPlatform
[2018.04.14-17.50.50:017][  0]LogTemp: Display: Loaded TP LinuxServerTargetPlatform
[2018.04.14-17.50.50:132][  0]LogTemp: Display: Loaded TP LinuxTargetPlatform
[2018.04.14-17.50.50:132][  0]LogTargetPlatformManager: Display: Building Assets For Windows
[2018.04.14-17.50.51:618][  0]LogDerivedDataCache: Display: Max Cache Size: 512 MB
[2018.04.14-17.50.53:346][  0]LogDerivedDataCache: Loaded boot cache 1.72s 88MB C:/Users/Nutty_000/AppData/Local/UnrealEngine/4.18/DerivedDataCache/Boot.ddc.
[2018.04.14-17.50.53:346][  0]LogDerivedDataCache: Display: Loaded Boot cache: C:/Users/Nutty_000/AppData/Local/UnrealEngine/4.18/DerivedDataCache/Boot.ddc
[2018.04.14-17.50.53:346][  0]LogDerivedDataCache: FDerivedDataBackendGraph:  Pak pak cache file ../../../../../../Users/Nutty_000/Documents/GitHub/VR_SlaveExperience/SlaveVRExperience/DerivedDataCache/DDC.ddp not found, will not use a pak cache.
[2018.04.14-17.50.53:346][  0]LogDerivedDataCache: Unable to find inner node Pak for hierarchical cache Hierarchy.
[2018.04.14-17.50.53:346][  0]LogDerivedDataCache: FDerivedDataBackendGraph:  CompressedPak pak cache file ../../../../../../Users/Nutty_000/Documents/GitHub/VR_SlaveExperience/SlaveVRExperience/DerivedDataCache/Compressed.ddp not found, will not use a pak cache.
[2018.04.14-17.50.53:346][  0]LogDerivedDataCache: Unable to find inner node CompressedPak for hierarchical cache Hierarchy.
[2018.04.14-17.50.53:404][  0]LogDerivedDataCache: Display: Pak cache opened for reading ../../../Engine/DerivedDataCache/Compressed.ddp.
[2018.04.14-17.50.53:420][  0]LogDerivedDataCache: Using Local data cache path C:/Users/Nutty_000/AppData/Local/UnrealEngine/Common/DerivedDataCache: Writable
[2018.04.14-17.50.53:444][  0]LogMaterial: Verifying Global Shaders for PCD3D_SM5
[2018.04.14-17.50.53:445][  0]LogSlate: Using Freetype 2.6.0
[2018.04.14-17.50.53:524][  0]LogSlate: SlateFontCache - WITH_FREETYPE: 1, WITH_HARFBUZZ: 1
[2018.04.14-17.50.53:525][  0]LogSlate: SlateFontCache - WITH_FREETYPE: 1, WITH_HARFBUZZ: 1
[2018.04.14-17.50.58:965][  0]LogInit: Selected Device Profile: [Windows]
[2018.04.14-17.51.00:069][  0]LogSimplygon: Simplygon DLL not present - disabling.
[2018.04.14-17.51.00:176][  0]LogMeshReduction: Using SimplygonSwarm for distributed automatic mesh merging
[2018.04.14-17.51.00:182][  0]LogMeshReduction: Using QuadricMeshReduction for automatic static mesh reduction
[2018.04.14-17.51.00:182][  0]LogMeshReduction: No automatic skeletal mesh reduction module available
[2018.04.14-17.51.00:182][  0]LogMeshReduction: No automatic mesh merging module available
[2018.04.14-17.51.00:182][  0]LogMeshMerging: No automatic mesh merging module available
[2018.04.14-17.51.00:243][  0]LogNetVersion: SlaveVRExperience , NetCL: 3709383, EngineNetVer: 2, GameNetVer: 0 (Checksum: 4075405704)
[2018.04.14-17.51.00:586][  0]LogAssetRegistry: FAssetRegistry took 0.0286 seconds to start up
[2018.04.14-17.51.03:704][  0]LogPackageLocalizationCache: Processed 7 localized package path(s) for 2 prioritized culture(s) in 0.196607 seconds
[2018.04.14-17.51.03:783][  0]LogUObjectArray: 35870 objects as part of root set at end of initial load.
[2018.04.14-17.51.03:783][  0]LogUObjectAllocator: 7363704 out of 0 bytes used by permanent object pool.
[2018.04.14-17.51.03:783][  0]LogUObjectArray: CloseDisregardForGC: 0/0 objects in disregard for GC pool
[2018.04.14-17.51.03:936][  0]LogInit: WinSock: version 1.1 (2.2), MaxSocks=32767, MaxUdp=65467
[2018.04.14-17.52.02:882][  0]LogTcpMessaging: Initializing TcpMessaging bridge
[2018.04.14-17.52.02:978][  0]LogUdpMessaging: Initializing bridge on interface 0.0.0.0:0 to multicast group 230.0.0.1:6666.
[2018.04.14-17.52.05:374][  0]LogMaterial: Uniform references updated for custom material expression Custom.
[2018.04.14-17.52.06:485][  0]SourceControl: Source control is disabled
[2018.04.14-17.52.06:485][  0]SourceControl: Source control is disabled
[2018.04.14-17.52.06:649][  0]SourceControl: Source control is disabled
[2018.04.14-17.52.06:806][  0]SourceControl: Source control is disabled
[2018.04.14-17.52.09:387][  0]LogAndroidPermission: UAndroidPermissionCallbackProxy::GetInstance
[2018.04.14-17.52.10:099][  0]LogOcInput: OculusInput pre-init called
[2018.04.14-17.52.10:902][  0]LogEngine: Initializing Engine...
[2018.04.14-17.52.11:015][  0]LogHMD: Failed to initialize OpenVR with code 105
[2018.04.14-17.52.11:371][  0]LogStats: UGameplayTagsManager::ConstructGameplayTagTree: Construct from data asset -  0.000 s
[2018.04.14-17.52.11:371][  0]LogStats: UGameplayTagsManager::ConstructGameplayTagTree: GameplayTagTreeChangedEvent.Broadcast -  0.000 s
[2018.04.14-17.52.11:705][  0]LogAIModule: Creating AISystem for world Untitled
[2018.04.14-17.52.11:739][  0]LogInit: XAudio2 using 'Speakers (Realtek High Definition Audio)' : 2 channels at 48 kHz using 32 bits per sample (channel mask 0x3)
[2018.04.14-17.52.11:807][  0]LogInit: FAudioDevice initialized.
[2018.04.14-17.52.11:980][  0]LogDerivedDataCache: Saved boot cache 0.17s 88MB C:/Users/Nutty_000/AppData/Local/UnrealEngine/4.18/DerivedDataCache/Boot.ddc.
[2018.04.14-17.52.11:993][  0]LogInit: Texture streaming: Enabled
[2018.04.14-17.52.12:308][  0]LogEngineSessionManager: EngineSessionManager initialized
[2018.04.14-17.52.12:639][  0]LogInit: Transaction tracking system initialized
[2018.04.14-17.52.13:615][  0]BlueprintLog: New page: Editor Load
[2018.04.14-17.52.16:296][  0]LocalizationService: Localization service is disabled
[2018.04.14-17.52.18:568][  0]LogConsoleResponse: Display: 
[2018.04.14-17.52.20:171][  0]LogCook: Display: Max memory allowance for cook 16384mb min free memory 0mb
[2018.04.14-17.52.20:172][  0]LogCook: Display: Mobile HDR setting 1
[2018.04.14-17.52.20:172][  0]LogGameplayTags: Display: UGameplayTagsManager::DoneAddingNativeTags. DelegateIsBound: 0
[2018.04.14-17.52.20:880][  0]LogFileCache: Scanning file cache for directory 'C:/Users/Nutty_000/Documents/GitHub/VR_SlaveExperience/SlaveVRExperience/Content/' took 0.02s
[2018.04.14-17.52.23:992][  0]SourceControl: Source control is disabled
[2018.04.14-17.52.23:993][  0]Cmd: MAP LOAD FILE="../../../../../../Users/Nutty_000/Documents/GitHub/VR_SlaveExperience/SlaveVRExperience/Content/Maps/Levels/Ship.umap" TEMPLATE=0 SHOWPROGRESS=1 FEATURELEVEL=3
[2018.04.14-17.52.23:993][  0]LightingResults: New page: Lighting Build
[2018.04.14-17.52.24:100][  0]MapCheck: New page: Map Check
[2018.04.14-17.52.24:100][  0]LightingResults: New page: Lighting Build
[2018.04.14-17.52.25:467][  0]LogBlueprint: Warning: [Compiler Slave_animBP1] Node  Play Animation Sequence  uses potentially thread-unsafe call  Try Get Pawn Owner . Disable threaded update or use a thread-safe call. Function may need BlueprintThreadSafe metadata adding.
[2018.04.14-17.52.25:467][  0]LogBlueprint: Warning: [Compiler Slave_animBP1] Node  Play Animation Sequence  uses potentially thread-unsafe call  Try Get Pawn Owner . Disable threaded update or use a thread-safe call. Function may need BlueprintThreadSafe metadata adding.
[2018.04.14-17.52.25:467][  0]LogBlueprint: Warning: [Compiler Slave_animBP1] Node  Play Animation Sequence  uses potentially thread-unsafe call  Try Get Pawn Owner . Disable threaded update or use a thread-safe call. Function may need BlueprintThreadSafe metadata adding.
[2018.04.14-17.52.25:467][  0]LogBlueprint: Warning: [Compiler Slave_animBP1] Node  Result  uses potentially thread-unsafe call  Try Get Pawn Owner . Disable threaded update or use a thread-safe call. Function may need BlueprintThreadSafe metadata adding.
[2018.04.14-17.52.25:468][  0]LogBlueprint: Warning: [Compiler Slave_animBP1] Node  Result  uses potentially thread-unsafe call  Try Get Pawn Owner . Disable threaded update or use a thread-safe call. Function may need BlueprintThreadSafe metadata adding.
[2018.04.14-17.52.25:473][  0]LogBlueprint: Warning: [Compiler Slave_animBP1] [0128.31] Compile of Slave_animBP1 successful, but with 5 Warning(s) [in 621 ms] (/Game/AI/Slave_animBP1.Slave_animBP1)
[2018.04.14-17.52.25:786][  0]LogLinker: Warning: Can't find file '/Game/Maps/Levels/Ship_BuiltData'
[2018.04.14-17.52.25:786][  0]LogLinker: Warning: Can't find file for asset '/Game/Maps/Levels/Ship_BuiltData' while loading ../../../../../../Users/Nutty_000/Documents/GitHub/VR_SlaveExperience/SlaveVRExperience/Content/Maps/Levels/Ship.umap.
[2018.04.14-17.52.25:786][  0]LoadErrors: Error: /Game/Maps/Levels/Ship : Can't find file for asset. /Game/Maps/Levels/Ship_BuiltData
[2018.04.14-17.52.26:107][  0]LogLinker: Warning: Can't find file '/Game/Maps/Levels/Ship_BuiltData'
[2018.04.14-17.52.26:107][  0]LogLinker: Warning: Can't find file for asset '/Game/Maps/Levels/Ship_BuiltData' while loading ../../../../../../Users/Nutty_000/Documents/GitHub/VR_SlaveExperience/SlaveVRExperience/Content/Maps/Levels/Ship.umap.
[2018.04.14-17.52.26:107][  0]LoadErrors: Error: /Game/Maps/Levels/Ship : Can't find file for asset. /Game/Maps/Levels/Ship_BuiltData
[2018.04.14-17.52.26:300][  0]LogLinker: Warning: Can't find file '/Game/Models/ShipUpdate/DM_Ship'
[2018.04.14-17.52.26:300][  0]LogLinker: Warning: Can't find file for asset '/Game/Models/ShipUpdate/DM_Ship' while loading ../../../../../../Users/Nutty_000/Documents/GitHub/VR_SlaveExperience/SlaveVRExperience/Content/Maps/Levels/Ship.umap.
[2018.04.14-17.52.26:300][  0]LoadErrors: Error: /Game/Maps/Levels/Ship : Can't find file for asset. /Game/Models/ShipUpdate/DM_Ship
[2018.04.14-17.52.26:408][  0]LogLinker: Warning: Can't find file '/Game/Models/ShipUpdate/DM_Ship'
[2018.04.14-17.52.26:408][  0]LogLinker: Warning: Can't find file for asset '/Game/Models/ShipUpdate/DM_Ship' while loading ../../../../../../Users/Nutty_000/Documents/GitHub/VR_SlaveExperience/SlaveVRExperience/Content/Maps/Levels/Ship.umap.
[2018.04.14-17.52.26:408][  0]LoadErrors: Error: /Game/Maps/Levels/Ship : Can't find file for asset. /Game/Models/ShipUpdate/DM_Ship
[2018.04.14-17.52.26:411][  0]LogLinker: Warning: Can't find file '/Game/Maps/Levels/Ship_BuiltData'
[2018.04.14-17.52.26:411][  0]LogLinker: Warning: Can't find file for asset '/Game/Maps/Levels/Ship_BuiltData' while loading NULL.
[2018.04.14-17.52.26:412][  0]LogLinker: Warning: Can't find file '/Game/Maps/Levels/Ship_BuiltData'
[2018.04.14-17.52.26:412][  0]LogLinker: Warning: Can't find file for asset '/Game/Maps/Levels/Ship_BuiltData' while loading NULL.
[2018.04.14-17.52.26:412][  0]LogLinker: Warning: Can't find file '/Game/Models/ShipUpdate/DM_Ship'
[2018.04.14-17.52.26:412][  0]LogLinker: Warning: Can't find file for asset '/Game/Models/ShipUpdate/DM_Ship' while loading NULL.
[2018.04.14-17.52.26:412][  0]LogLinker: Warning: Can't find file '/Game/Models/ShipUpdate/DM_Ship'
[2018.04.14-17.52.26:412][  0]LogLinker: Warning: Can't find file for asset '/Game/Models/ShipUpdate/DM_Ship' while loading NULL.
[2018.04.14-17.52.26:898][  0]LogLinker: Warning: Can't find file '/Game/Maps/Levels/Ship_BuiltData'
[2018.04.14-17.52.26:898][  0]LoadErrors: Failed to load /Game/Maps/Levels/Ship_BuiltData.Ship_BuiltData Referenced by PersistentLevel
[2018.04.14-17.52.26:899][  0]LogLinker: Warning: Can't find file for asset '/Game/Maps/Levels/Ship_BuiltData' while loading NULL.
[2018.04.14-17.52.26:899][  0]LoadErrors: Failed to load /Game/Maps/Levels/Ship_BuiltData.Ship_BuiltData Referenced by PersistentLevel
[2018.04.14-17.52.26:910][  0]LogLinker: Warning: Can't find file '/Game/Models/ShipUpdate/DM_Ship'
[2018.04.14-17.52.26:910][  0]LoadErrors: Failed to load /Game/Models/ShipUpdate/DM_Ship.DM_Ship Referenced by StaticMeshComponent0
[2018.04.14-17.52.26:910][  0]LogLinker: Warning: Can't find file for asset '/Game/Models/ShipUpdate/DM_Ship' while loading NULL.
[2018.04.14-17.52.26:910][  0]LoadErrors: Failed to load /Game/Models/ShipUpdate/DM_Ship.DM_Ship Referenced by StaticMeshComponent0
[2018.04.14-17.52.28:661][  0]LogStats: FPlatformStackWalk::StackWalkAndDump -  0.731 s
[2018.04.14-17.52.28:661][  0]LogOutputDevice: Error: === Handled ensure: ===
[2018.04.14-17.52.28:661][  0]LogOutputDevice: Error: 
[2018.04.14-17.52.28:661][  0]LogOutputDevice: Error: Ensure condition failed: ObservedKeyNames.Num() > 0 [File:D:\Build\++UE4+Release-4.18+Compile\Sync\Engine\Source\Runtime\AIModule\Private\BehaviorTree\Decorators\BTDecorator_BlueprintBase.cpp] [Line: 67]
[2018.04.14-17.52.28:662][  0]LogOutputDevice: Error: 
[2018.04.14-17.52.28:662][  0]LogOutputDevice: Error: Stack: 
[2018.04.14-17.52.28:662][  0]LogOutputDevice: Error: [Callstack] 0x00000000ED512786 UE4Editor-Core.dll!UnknownFunction []
[2018.04.14-17.52.28:662][  0]LogOutputDevice: Error: [Callstack] 0x00000000ED2B123A UE4Editor-Core.dll!UnknownFunction []
[2018.04.14-17.52.28:662][  0]LogOutputDevice: Error: [Callstack] 0x00000000ED2CB906 UE4Editor-Core.dll!UnknownFunction []
[2018.04.14-17.52.28:662][  0]LogOutputDevice: Error: [Callstack] 0x00000000E10563FA UE4Editor-AIModule.dll!UnknownFunction []
[2018.04.14-17.52.28:662][  0]LogOutputDevice: Error: [Callstack] 0x00000000EC0CE8FD UE4Editor-CoreUObject.dll!UnknownFunction []
[2018.04.14-17.52.28:662][  0]LogOutputDevice: Error: [Callstack] 0x00000000EC18DABC UE4Editor-CoreUObject.dll!UnknownFunction []
[2018.04.14-17.52.28:662][  0]LogOutputDevice: Error: [Callstack] 0x00000000EC1A5259 UE4Editor-CoreUObject.dll!UnknownFunction []
[2018.04.14-17.52.28:662][  0]LogOutputDevice: Error: [Callstack] 0x00000000EC1A4774 UE4Editor-CoreUObject.dll!UnknownFunction []
[2018.04.14-17.52.28:662][  0]LogOutputDevice: Error: [Callstack] 0x00000000E1BC1451 UE4Editor-UnrealEd.dll!UnknownFunction []
[2018.04.14-17.52.28:662][  0]LogOutputDevice: Error: [Callstack] 0x00000000E1BB2F45 UE4Editor-UnrealEd.dll!UnknownFunction []
[2018.04.14-17.52.28:662][  0]LogOutputDevice: Error: [Callstack] 0x00000000E1B97982 UE4Editor-UnrealEd.dll!UnknownFunction []
[2018.04.14-17.52.28:662][  0]LogOutputDevice: Error: [Callstack] 0x00000000E242BAC9 UE4Editor-UnrealEd.dll!UnknownFunction []
[2018.04.14-17.52.28:662][  0]LogOutputDevice: Error: [Callstack] 0x00000000E1EA268B UE4Editor-UnrealEd.dll!UnknownFunction []
[2018.04.14-17.52.28:662][  0]LogOutputDevice: Error: [Callstack] 0x00000000E1EA22DF UE4Editor-UnrealEd.dll!UnknownFunction []
[2018.04.14-17.52.28:662][  0]LogOutputDevice: Error: [Callstack] 0x00000000E23E486E UE4Editor-UnrealEd.dll!UnknownFunction []
[2018.04.14-17.52.28:662][  0]LogOutputDevice: Error: [Callstack] 0x00000000E23A882D UE4Editor-UnrealEd.dll!UnknownFunction []
[2018.04.14-17.52.28:662][  0]LogOutputDevice: Error: [Callstack] 0x00000000250D5326 UE4Editor.exe!UnknownFunction []
[2018.04.14-17.52.28:662][  0]LogOutputDevice: Error: [Callstack] 0x00000000250D54AA UE4Editor.exe!UnknownFunction []
[2018.04.14-17.52.28:662][  0]LogOutputDevice: Error: [Callstack] 0x00000000250E2379 UE4Editor.exe!UnknownFunction []
[2018.04.14-17.52.28:662][  0]LogOutputDevice: Error: [Callstack] 0x00000000250E3D57 UE4Editor.exe!UnknownFunction []
[2018.04.14-17.52.28:662][  0]LogOutputDevice: Error: [Callstack] 0x000000001FAC1FE4 KERNEL32.DLL!UnknownFunction []
[2018.04.14-17.52.28:662][  0]LogOutputDevice: Error: [Callstack] 0x000000002007F061 ntdll.dll!UnknownFunction []
[2018.04.14-17.52.28:662][  0]LogOutputDevice: Error: 
[2018.04.14-17.52.28:667][  0]LogStats:                SubmitErrorReport -  0.000 s
[2018.04.14-17.52.32:719][  0]LogStats:                    SendNewReport -  4.052 s
[2018.04.14-17.52.32:719][  0]LogStats:             FDebug::EnsureFailed -  4.789 s
[2018.04.14-17.52.37:788][  0]LogAIModule: Creating AISystem for world Ship
[2018.04.14-17.52.48:522][  0]LogSkeletalMesh: USkeletalMeshComponent::InitArticulated : Could not find root physics body: '/Game/Maps/Levels/Ship.Ship:PersistentLevel.friend.SkeletalMeshComponent0'
[2018.04.14-17.52.48:525][  0]LogSkeletalMesh: USkeletalMeshComponent::InitArticulated : Could not find root physics body: '/Game/Maps/Levels/Ship.Ship:PersistentLevel.Laying_Down_Coughing_5.SkeletalMeshComponent0'
[2018.04.14-17.52.48:532][  0]LogSkeletalMesh: USkeletalMeshComponent::InitArticulated : Could not find root physics body: '/Game/Maps/Levels/Ship.Ship:PersistentLevel.NPC10.CharacterMesh0'
[2018.04.14-17.52.48:533][  0]LogSkeletalMesh: USkeletalMeshComponent::InitArticulated : Could not find root physics body: '/Game/Maps/Levels/Ship.Ship:PersistentLevel.NPC11.CharacterMesh0'
[2018.04.14-17.52.48:533][  0]LogSkeletalMesh: USkeletalMeshComponent::InitArticulated : Could not find root physics body: '/Game/Maps/Levels/Ship.Ship:PersistentLevel.NPC12.CharacterMesh0'
[2018.04.14-17.52.48:534][  0]LogSkeletalMesh: USkeletalMeshComponent::InitArticulated : Could not find root physics body: '/Game/Maps/Levels/Ship.Ship:PersistentLevel.NPC13.CharacterMesh0'
[2018.04.14-17.52.48:534][  0]LogSkeletalMesh: USkeletalMeshComponent::InitArticulated : Could not find root physics body: '/Game/Maps/Levels/Ship.Ship:PersistentLevel.NPC14.CharacterMesh0'
[2018.04.14-17.52.48:535][  0]LogSkeletalMesh: USkeletalMeshComponent::InitArticulated : Could not find root physics body: '/Game/Maps/Levels/Ship.Ship:PersistentLevel.NPC15.CharacterMesh0'
[2018.04.14-17.52.48:536][  0]LogSkeletalMesh: USkeletalMeshComponent::InitArticulated : Could not find root physics body: '/Game/Maps/Levels/Ship.Ship:PersistentLevel.NPC16.CharacterMesh0'
[2018.04.14-17.52.48:537][  0]LogSkeletalMesh: USkeletalMeshComponent::InitArticulated : Could not find root physics body: '/Game/Maps/Levels/Ship.Ship:PersistentLevel.NPC17.CharacterMesh0'
[2018.04.14-17.52.48:537][  0]LogSkeletalMesh: USkeletalMeshComponent::InitArticulated : Could not find root physics body: '/Game/Maps/Levels/Ship.Ship:PersistentLevel.NPC18.CharacterMesh0'
[2018.04.14-17.52.48:537][  0]LogSkeletalMesh: USkeletalMeshComponent::InitArticulated : Could not find root physics body: '/Game/Maps/Levels/Ship.Ship:PersistentLevel.NPC19.CharacterMesh0'
[2018.04.14-17.52.48:538][  0]LogSkeletalMesh: USkeletalMeshComponent::InitArticulated : Could not find root physics body: '/Game/Maps/Levels/Ship.Ship:PersistentLevel.NPC1_2.CharacterMesh0'
[2018.04.14-17.52.48:538][  0]LogSkeletalMesh: USkeletalMeshComponent::InitArticulated : Could not find root physics body: '/Game/Maps/Levels/Ship.Ship:PersistentLevel.NPC20.CharacterMesh0'
[2018.04.14-17.52.48:539][  0]LogSkeletalMesh: USkeletalMeshComponent::InitArticulated : Could not find root physics body: '/Game/Maps/Levels/Ship.Ship:PersistentLevel.NPC21.CharacterMesh0'
[2018.04.14-17.52.48:539][  0]LogSkeletalMesh: USkeletalMeshComponent::InitArticulated : Could not find root physics body: '/Game/Maps/Levels/Ship.Ship:PersistentLevel.NPC22.CharacterMesh0'
[2018.04.14-17.52.48:540][  0]LogSkeletalMesh: USkeletalMeshComponent::InitArticulated : Could not find root physics body: '/Game/Maps/Levels/Ship.Ship:PersistentLevel.NPC23.CharacterMesh0'
[2018.04.14-17.52.48:540][  0]LogSkeletalMesh: USkeletalMeshComponent::InitArticulated : Could not find root physics body: '/Game/Maps/Levels/Ship.Ship:PersistentLevel.NPC24.CharacterMesh0'
[2018.04.14-17.52.48:540][  0]LogSkeletalMesh: USkeletalMeshComponent::InitArticulated : Could not find root physics body: '/Game/Maps/Levels/Ship.Ship:PersistentLevel.NPC2_2.CharacterMesh0'
[2018.04.14-17.52.48:541][  0]LogSkeletalMesh: USkeletalMeshComponent::InitArticulated : Could not find root physics body: '/Game/Maps/Levels/Ship.Ship:PersistentLevel.NPC3_2.CharacterMesh0'
[2018.04.14-17.52.48:541][  0]LogSkeletalMesh: USkeletalMeshComponent::InitArticulated : Could not find root physics body: '/Game/Maps/Levels/Ship.Ship:PersistentLevel.NPC4_5.CharacterMesh0'
[2018.04.14-17.52.48:542][  0]LogSkeletalMesh: USkeletalMeshComponent::InitArticulated : Could not find root physics body: '/Game/Maps/Levels/Ship.Ship:PersistentLevel.NPC5_8.CharacterMesh0'
[2018.04.14-17.52.48:542][  0]LogSkeletalMesh: USkeletalMeshComponent::InitArticulated : Could not find root physics body: '/Game/Maps/Levels/Ship.Ship:PersistentLevel.NPC6_2.CharacterMesh0'
[2018.04.14-17.52.48:542][  0]LogSkeletalMesh: USkeletalMeshComponent::InitArticulated : Could not find root physics body: '/Game/Maps/Levels/Ship.Ship:PersistentLevel.NPC7_2.CharacterMesh0'
[2018.04.14-17.52.48:543][  0]LogSkeletalMesh: USkeletalMeshComponent::InitArticulated : Could not find root physics body: '/Game/Maps/Levels/Ship.Ship:PersistentLevel.NPC8_5.CharacterMesh0'
[2018.04.14-17.52.48:543][  0]LogSkeletalMesh: USkeletalMeshComponent::InitArticulated : Could not find root physics body: '/Game/Maps/Levels/Ship.Ship:PersistentLevel.NPC9_8.CharacterMesh0'
[2018.04.14-17.52.48:572][  0]LogScriptCore: Warning: Script Msg: Attempted to access index 0 from array 'CallFunc_GetAllActorsOfClass_OutActors' of length 0 in '/Game/VirtualRealityBP/Blueprints/BP_PickupCube.BP_PickupCube_C:UserConstructionScript'!
[2018.04.14-17.52.48:572][  0]LogScriptCore: Warning: Script Msg: Attempted to access index 0 from array 'CallFunc_GetAllActorsOfClass_OutActors' of length 0 in '/Game/VirtualRealityBP/Blueprints/BP_PickupCube.BP_PickupCube_C:UserConstructionScript'!
[2018.04.14-17.52.48:579][  0]LogEditorServer: Finished looking for orphan Actors (0.000 secs)
[2018.04.14-17.52.48:648][  0]Cmd: MAP CHECKDEP NOCLEARLOG
[2018.04.14-17.52.48:808][  0]MapCheck: Map check complete: 0 Error(s), 0 Warning(s), took 159.69ms to complete.
[2018.04.14-17.52.48:808][  0]LogFileHelpers: Loading map 'Ship' took 24.815
[2018.04.14-17.52.49:229][  0]LogCollectionManager: Loaded 0 collections in 0.004294 seconds
[2018.04.14-17.52.49:413][  0]LogFileCache: Scanning file cache for directory 'C:/Users/Nutty_000/Documents/GitHub/VR_SlaveExperience/SlaveVRExperience/Saved/Collections/' took 0.01s
[2018.04.14-17.52.49:414][  0]LogFileCache: Scanning file cache for directory 'C:/Users/Nutty_000/Documents/GitHub/VR_SlaveExperience/SlaveVRExperience/Content/Developers/Nutty000/Collections/' took 0.01s
[2018.04.14-17.52.49:414][  0]LogFileCache: Scanning file cache for directory 'C:/Users/Nutty_000/Documents/GitHub/VR_SlaveExperience/SlaveVRExperience/Content/Collections/' took 0.01s
[2018.04.14-17.52.49:414][  0]LogCollectionManager: Rebuilt the GUID cache for 0 collections in 0.000000 seconds
[2018.04.14-17.52.49:437][  0]LogContentBrowser: Native class hierarchy populated in 0.0142 seconds. Added 2370 classes and 522 folders.
[2018.04.14-17.52.49:601][  0]LogContentBrowser: Native class hierarchy updated for 'WidgetCarousel' in 0.0018 seconds. Added 0 classes and 0 folders.
[2018.04.14-17.52.51:888][  0]LogContentBrowser: Native class hierarchy updated for 'AddContentDialog' in 0.0039 seconds. Added 0 classes and 0 folders.
[2018.04.14-17.52.52:086][  0]LogContentBrowser: Native class hierarchy updated for 'SceneOutliner' in 0.0023 seconds. Added 1 classes and 2 folders.
[2018.04.14-17.52.52:278][  0]LogSlate: Took 0.011260 seconds to synchronously load lazily loaded font '../../../Engine/Content/Slate/Fonts/Roboto-Regular.ttf' (155K)
[2018.04.14-17.52.52:295][  0]LogSlate: Took 0.014215 seconds to synchronously load lazily loaded font '../../../Engine/Content/Slate/Fonts/Roboto-Bold.ttf' (160K)
[2018.04.14-17.52.52:316][  0]LogSlate: Took 0.014800 seconds to synchronously load lazily loaded font '../../../Engine/Content/Editor/Slate/Fonts/FontAwesome.ttf' (139K)
[2018.04.14-17.52.52:666][  0]LogRenderer: Reallocating scene render targets to support 1208x576 Format 26 NumSamples 1 (Frame:1).
[2018.04.14-17.52.53:324][  0]LogContentBrowser: Native class hierarchy updated for 'HierarchicalLODOutliner' in 0.0020 seconds. Added 1 classes and 2 folders.
[2018.04.14-17.52.53:324][  0]LogLoad: (Engine Initialization) Total time: 156.16 seconds
[2018.04.14-17.52.53:324][  0]LogLoad: (Engine Initialization) Total Blueprint compile time: 0.00 seconds
[2018.04.14-17.52.53:324][  0]LogExternalProfiler: Found external profiler: VSPerf
[2018.04.14-17.52.53:324][  0]LogExternalProfiler: Using external profiler: VSPerf
[2018.04.14-17.52.53:703][  0]LogContentStreaming: Texture pool size now 1000 MB
[2018.04.14-17.52.53:999][  1]LogFileCache: Retrieving MD5 hashes for directory 'C:/Users/Nutty_000/Documents/GitHub/VR_SlaveExperience/SlaveVRExperience/Content/' took 0.32s
[2018.04.14-17.52.54:340][  2]LogAssetRegistry: Asset discovery search completed in 113.7759 seconds
[2018.04.14-17.52.54:344][  2]LogCollectionManager: Rebuilt the object cache for 0 collections in 0.000000 seconds (found 0 objects)
[2018.04.14-17.52.54:344][  2]LogCollectionManager: Fixed up redirectors for 0 collections in 0.000099 seconds (updated 0 objects)
[2018.04.14-17.52.58:020][ 13]LogSlate: Took 0.002161 seconds to synchronously load lazily loaded font '../../../Engine/Content/Slate/Fonts/Roboto-Light.ttf' (159K)
[2018.04.14-17.55.20:210][662]LogWindowsTextInputMethodSystem: Display: IME system now deactivated.
[2018.04.14-17.55.21:042][663]Cmd: QUIT_EDITOR
[2018.04.14-17.55.22:830][663]LogExit: Preparing to exit.
[2018.04.14-17.55.25:230][663]LogDirectoryWatcher: A directory notification failed for 'C:/Users/Nutty_000/Documents/GitHub/VR_SlaveExperience/SlaveVRExperience/Content/', and we were unable to create a new request.
[2018.04.14-17.55.26:415][663]LogExit: Editor shut down
[2018.04.14-17.55.26:420][663]LogExit: Transaction tracking system shut down
[2018.04.14-17.55.27:905][663]LogDirectoryWatcher: A directory notification for '../../../Engine/Content/' was aborted.
[2018.04.14-17.55.27:905][663]LogDirectoryWatcher: A directory notification for '../../../../../../Users/Nutty_000/Documents/GitHub/VR_SlaveExperience/SlaveVRExperience/Content/' was aborted.
[2018.04.14-17.55.27:906][663]LogDirectoryWatcher: A directory notification for '../../../Engine/Plugins/2D/Paper2D/Content/' was aborted.
[2018.04.14-17.55.27:906][663]LogDirectoryWatcher: A directory notification for '../../../Engine/Plugins/Media/MediaCompositing/Content/' was aborted.
[2018.04.14-17.55.27:906][663]LogDirectoryWatcher: A directory notification for '../../../Engine/Plugins/Runtime/AppleARKit/Content/' was aborted.
[2018.04.14-17.55.27:906][663]LogDirectoryWatcher: A directory notification for '../../../Engine/Plugins/Runtime/Oculus/OculusVR/Content/' was aborted.
[2018.04.14-17.55.27:906][663]LogDirectoryWatcher: A directory notification for '../../../Engine/Plugins/Runtime/Steam/SteamVR/Content/' was aborted.
[2018.04.14-17.55.32:130][663]LogExit: Object subsystem successfully closed.
[2018.04.14-17.55.32:594][663]LogD3D11RHI: Shutdown
[2018.04.14-17.55.32:613][663]LogD3D11RHI: CleanupD3DDevice
[2018.04.14-17.55.32:747][663]LogD3D11RHI: ~FD3D11DynamicRHI
[2018.04.14-17.55.34:897][663]LogModuleManager: Shutting down and abandoning module HierarchicalLODOutliner (550)
[2018.04.14-17.55.34:898][663]LogModuleManager: Shutting down and abandoning module DesktopPlatform (548)
[2018.04.14-17.55.34:934][663]LogModuleManager: Shutting down and abandoning module SceneOutliner (546)
[2018.04.14-17.55.34:934][663]LogModuleManager: Shutting down and abandoning module AddContentDialog (544)
[2018.04.14-17.55.34:963][663]LogDirectoryWatcher: A directory notification for 'C:/Program Files/Epic Games/UE_4.18/FeaturePacks/' was aborted.
[2018.04.14-17.55.34:965][663]LogModuleManager: Shutting down and abandoning module WidgetCarousel (543)
[2018.04.14-17.55.34:965][663]LogModuleManager: Shutting down and abandoning module EditorWidgets (540)
[2018.04.14-17.55.34:965][663]LogModuleManager: Shutting down and abandoning module CollectionManager (538)
[2018.04.14-17.55.34:999][663]LogDirectoryWatcher: A directory notification for 'C:/Users/Nutty_000/Documents/GitHub/VR_SlaveExperience/SlaveVRExperience/Content/Collections/' was aborted.
[2018.04.14-17.55.35:000][663]LogDirectoryWatcher: A directory notification for 'C:/Users/Nutty_000/Documents/GitHub/VR_SlaveExperience/SlaveVRExperience/Content/Developers/Nutty000/Collections/' was aborted.
[2018.04.14-17.55.35:000][663]LogDirectoryWatcher: A directory notification for 'C:/Users/Nutty_000/Documents/GitHub/VR_SlaveExperience/SlaveVRExperience/Saved/Collections/' was aborted.
[2018.04.14-17.55.35:000][663]LogModuleManager: Shutting down and abandoning module StatsViewer (536)
[2018.04.14-17.55.35:017][663]LogModuleManager: Shutting down and abandoning module FoliageEdit (534)
[2018.04.14-17.55.35:021][663]LogModuleManager: Shutting down and abandoning module LandscapeEditor (532)
[2018.04.14-17.55.35:116][663]LogModuleManager: Shutting down and abandoning module MeshPaintMode (530)
[2018.04.14-17.55.35:124][663]LogModuleManager: Shutting down and abandoning module SceneDepthPickerMode (528)
[2018.04.14-17.55.35:124][663]LogModuleManager: Shutting down and abandoning module ActorPickerMode (526)
[2018.04.14-17.55.35:124][663]LogModuleManager: Shutting down and abandoning module GeometryMode (524)
[2018.04.14-17.55.35:124][663]LogModuleManager: Shutting down and abandoning module TextureAlignMode (522)
[2018.04.14-17.55.35:124][663]LogModuleManager: Shutting down and abandoning module BspMode (520)
[2018.04.14-17.55.35:124][663]LogModuleManager: Shutting down and abandoning module PIEPreviewDeviceProfileSelector (518)
[2018.04.14-17.55.35:124][663]LogModuleManager: Shutting down and abandoning module HardwareSurvey (516)
[2018.04.14-17.55.35:124][663]LogModuleManager: Shutting down and abandoning module SequenceRecorderSections (514)
[2018.04.14-17.55.35:132][663]LogModuleManager: Shutting down and abandoning module AutomationWorker (512)
[2018.04.14-17.55.35:145][663]LogModuleManager: Shutting down and abandoning module MatineeToLevelSequence (510)
[2018.04.14-17.55.35:165][663]LogModuleManager: Shutting down and abandoning module LevelSequenceEditor (508)
[2018.04.14-17.55.35:230][663]LogModuleManager: Shutting down and abandoning module PlacementMode (507)
[2018.04.14-17.55.35:230][663]LogModuleManager: Shutting down and abandoning module WmfMediaFactory (504)
[2018.04.14-17.55.35:230][663]LogModuleManager: Shutting down and abandoning module WmfMediaEditor (502)
[2018.04.14-17.55.35:230][663]LogModuleManager: Shutting down and abandoning module OpenExrWrapper (500)
[2018.04.14-17.55.35:230][663]LogModuleManager: Shutting down and abandoning module ImgMediaFactory (498)
[2018.04.14-17.55.35:230][663]LogModuleManager: Shutting down and abandoning module ImgMediaEditor (496)
[2018.04.14-17.55.35:230][663]LogModuleManager: Shutting down and abandoning module AvfMediaFactory (494)
[2018.04.14-17.55.35:230][663]LogModuleManager: Shutting down and abandoning module AvfMediaEditor (492)
[2018.04.14-17.55.35:230][663]LogModuleManager: Shutting down and abandoning module AndroidMediaFactory (490)
[2018.04.14-17.55.35:230][663]LogModuleManager: Shutting down and abandoning module AndroidMediaEditor (488)
[2018.04.14-17.55.35:230][663]LogModuleManager: Shutting down and abandoning module CharacterAI (486)
[2018.04.14-17.55.35:230][663]LogModuleManager: Shutting down and abandoning module AudioCapture (484)
[2018.04.14-17.55.35:248][663]LogModuleManager: Shutting down and abandoning module SequenceRecorder (483)
[2018.04.14-17.55.35:273][663]LogModuleManager: Shutting down and abandoning module SmartSnapping (480)
[2018.04.14-17.55.35:273][663]LogModuleManager: Shutting down and abandoning module SessionServices (478)
[2018.04.14-17.55.35:273][663]LogModuleManager: Shutting down and abandoning module ViewportSnapping (476)
[2018.04.14-17.55.35:273][663]LogModuleManager: Shutting down and abandoning module ViewportInteraction (474)
[2018.04.14-17.55.35:273][663]LogModuleManager: Shutting down and abandoning module ClothPainter (472)
[2018.04.14-17.55.35:291][663]LogModuleManager: Shutting down and abandoning module SkeletalMeshEditor (471)
[2018.04.14-17.55.35:375][663]LogModuleManager: Shutting down and abandoning module LogVisualizer (468)
[2018.04.14-17.55.35:398][663]LogModuleManager: Shutting down and abandoning module IntroTutorials (466)
[2018.04.14-17.55.35:429][663]LogModuleManager: Shutting down and abandoning module GameProjectGeneration (465)
[2018.04.14-17.55.35:458][663]LogModuleManager: Shutting down and abandoning module IOSPlatformEditor (462)
[2018.04.14-17.55.35:458][663]LogModuleManager: Shutting down and abandoning module HTML5PlatformEditor (460)
[2018.04.14-17.55.35:458][663]LogModuleManager: Shutting down and abandoning module AndroidPlatformEditor (458)
[2018.04.14-17.55.35:458][663]LogModuleManager: Shutting down and abandoning module AndroidDeviceDetection (457)
[2018.04.14-17.55.35:754][663]LogModuleManager: Shutting down and abandoning module WindowsPlatformEditor (454)
[2018.04.14-17.55.35:754][663]LogModuleManager: Shutting down and abandoning module IOSRuntimeSettings (452)
[2018.04.14-17.55.35:754][663]LogModuleManager: Shutting down and abandoning module AndroidRuntimeSettings (450)
[2018.04.14-17.55.35:754][663]LogModuleManager: Shutting down and abandoning module InputBindingEditor (448)
[2018.04.14-17.55.35:779][663]LogModuleManager: Shutting down and abandoning module MergeActors (446)
[2018.04.14-17.55.35:793][663]LogModuleManager: Shutting down and abandoning module SizeMap (444)
[2018.04.14-17.55.35:793][663]LogModuleManager: Shutting down and abandoning module TreeMap (442)
[2018.04.14-17.55.35:809][663]LogModuleManager: Shutting down and abandoning module ReferenceViewer (440)
[2018.04.14-17.55.35:809][663]LogModuleManager: Shutting down and abandoning module LocalizationDashboard (438)
[2018.04.14-17.55.35:819][663]LogModuleManager: Shutting down and abandoning module LocalizationService (437)
[2018.04.14-17.55.35:825][663]LogModuleManager: Shutting down and abandoning module HardwareTargeting (434)
[2018.04.14-17.55.35:825][663]LogModuleManager: Shutting down and abandoning module DeviceProfileEditor (432)
[2018.04.14-17.55.35:825][663]LogModuleManager: Shutting down and abandoning module UndoHistory (430)
[2018.04.14-17.55.35:825][663]LogModuleManager: Shutting down and abandoning module XmlParser (428)
[2018.04.14-17.55.35:832][663]LogModuleManager: Shutting down and abandoning module Blutility (426)
[2018.04.14-17.55.35:832][663]LogModuleManager: Shutting down and abandoning module ProjectSettingsViewer (424)
[2018.04.14-17.55.35:843][663]LogModuleManager: Shutting down and abandoning module ProjectTargetPlatformEditor (423)
[2018.04.14-17.55.35:853][663]LogModuleManager: Shutting down and abandoning module EditorSettingsViewer (420)
[2018.04.14-17.55.35:853][663]LogModuleManager: Shutting down and abandoning module SettingsEditor (418)
[2018.04.14-17.55.35:865][663]LogModuleManager: Shutting down and abandoning module ProjectLauncher (416)
[2018.04.14-17.55.35:891][663]LogModuleManager: Shutting down and abandoning module SessionFrontend (414)
[2018.04.14-17.55.35:902][663]LogModuleManager: Shutting down and abandoning module ProfilerClient (412)
[2018.04.14-17.55.35:911][663]LogModuleManager: Shutting down and abandoning module DeviceManager (410)
[2018.04.14-17.55.35:921][663]LogModuleManager: Shutting down and abandoning module TargetDeviceServices (409)
[2018.04.14-17.55.35:973][663]LogModuleManager: Shutting down and abandoning module AutomationController (406)
[2018.04.14-17.55.35:997][663]LogModuleManager: Shutting down and abandoning module AutomationWindow (404)
[2018.04.14-17.55.36:017][663]LogModuleManager: Shutting down and abandoning module Layers (402)
[2018.04.14-17.55.36:040][663]LogModuleManager: Shutting down and abandoning module ComponentVisualizers (400)
[2018.04.14-17.55.36:040][663]LogModuleManager: Shutting down and abandoning module DetailCustomizations (398)
[2018.04.14-17.55.36:065][663]LogModuleManager: Shutting down and abandoning module PackagesDialog (396)
[2018.04.14-17.55.36:083][663]LogModuleManager: Shutting down and abandoning module Persona (394)
[2018.04.14-17.55.36:125][663]LogModuleManager: Shutting down and abandoning module AdvancedPreviewScene (393)
[2018.04.14-17.55.36:125][663]LogModuleManager: Shutting down and abandoning module AnimGraph (391)
[2018.04.14-17.55.36:125][663]LogModuleManager: Shutting down and abandoning module Kismet (388)
[2018.04.14-17.55.36:163][663]LogModuleManager: Shutting down and abandoning module ClassViewer (386)
[2018.04.14-17.55.36:163][663]LogModuleManager: Shutting down and abandoning module Toolbox (384)
[2018.04.14-17.55.36:163][663]LogModuleManager: Shutting down and abandoning module ModuleUI (382)
[2018.04.14-17.55.36:182][663]LogModuleManager: Shutting down and abandoning module MovieSceneTools (380)
[2018.04.14-17.55.36:230][663]LogModuleManager: Shutting down and abandoning module OutputLog (378)
[2018.04.14-17.55.36:254][663]LogModuleManager: Shutting down and abandoning module GammaUI (376)
[2018.04.14-17.55.36:260][663]LogModuleManager: Shutting down and abandoning module Documentation (374)
[2018.04.14-17.55.36:260][663]LogModuleManager: Shutting down and abandoning module MovieSceneTracks (372)
[2018.04.14-17.55.36:260][663]LogModuleManager: Shutting down and abandoning module MovieScene (370)
[2018.04.14-17.55.36:260][663]LogModuleManager: Shutting down and abandoning module StreamingPauseRendering (368)
[2018.04.14-17.55.36:260][663]LogModuleManager: Shutting down and abandoning module LauncherPlatform (366)
[2018.04.14-17.55.36:260][663]LogModuleManager: Shutting down and abandoning module AnalyticsET (364)
[2018.04.14-17.55.36:260][663]LogModuleManager: Shutting down and abandoning module PortalServices (362)
[2018.04.14-17.55.36:260][663]LogModuleManager: Shutting down and abandoning module PortalRpc (360)
[2018.04.14-17.55.36:260][663]LogModuleManager: Shutting down and abandoning module MessagingRpc (358)
[2018.04.14-17.55.36:260][663]LogModuleManager: Shutting down and abandoning module AIModule (356)
[2018.04.14-17.55.36:271][663]LogModuleManager: Shutting down and abandoning module GameplayDebugger (355)
[2018.04.14-17.55.36:277][663]LogModuleManager: Shutting down and abandoning module AITestSuite (353)
[2018.04.14-17.55.36:285][663]LogModuleManager: Shutting down and abandoning module ProfilerService (350)
[2018.04.14-17.55.36:510][663]LogModuleManager: Shutting down and abandoning module TaskGraph (348)
[2018.04.14-17.55.36:564][663]LogModuleManager: Shutting down and abandoning module SteamVRController (346)
[2018.04.14-17.55.36:564][663]LogModuleManager: Shutting down and abandoning module ProceduralMeshComponentEditor (344)
[2018.04.14-17.55.36:564][663]LogModuleManager: Shutting down and abandoning module ProceduralMeshComponent (342)
[2018.04.14-17.55.36:571][663]LogModuleManager: Shutting down and abandoning module OculusInput (340)
[2018.04.14-17.55.36:577][663]LogModuleManager: Shutting down and abandoning module MobilePatchingUtils (338)
[2018.04.14-17.55.36:577][663]LogModuleManager: Shutting down and abandoning module CustomMeshComponent (336)
[2018.04.14-17.55.36:577][663]LogModuleManager: Shutting down and abandoning module CableComponent (334)
[2018.04.14-17.55.36:580][663]LogModuleManager: Shutting down and abandoning module ArchVisCharacter (332)
[2018.04.14-17.55.36:580][663]LogModuleManager: Shutting down and abandoning module AndroidPermission (330)
[2018.04.14-17.55.36:580][663]LogModuleManager: Shutting down and abandoning module ActorSequence (326)
[2018.04.14-17.55.36:580][663]LogModuleManager: Shutting down and abandoning module MediaPlayerEditor (324)
[2018.04.14-17.55.36:594][663]LogModuleManager: Shutting down and abandoning module MediaCompositingEditor (322)
[2018.04.14-17.55.36:594][663]LogModuleManager: Shutting down and abandoning module MediaCompositing (320)
[2018.04.14-17.55.36:594][663]LogModuleManager: Shutting down and abandoning module HTML5Networking (318)
[2018.04.14-17.55.36:594][663]LogModuleManager: Shutting down and abandoning module AlembicImporter (316)
[2018.04.14-17.55.36:600][663]LogModuleManager: Shutting down and abandoning module AlembicLibrary (315)
[2018.04.14-17.55.36:600][663]LogModuleManager: Shutting down and abandoning module GeometryCache (314)
[2018.04.14-17.55.36:608][663]LogModuleManager: Shutting down and abandoning module GeometryCacheEd (313)
[2018.04.14-17.55.36:608][663]LogModuleManager: Shutting down and abandoning module SpeedTreeImporter (308)
[2018.04.14-17.55.36:608][663]LogModuleManager: Shutting down and abandoning module PluginBrowser (306)
[2018.04.14-17.55.36:632][663]LogModuleManager: Shutting down and abandoning module MobileLauncherProfileWizard (304)
[2018.04.14-17.55.36:644][663]LogModuleManager: Shutting down and abandoning module VisualStudioSourceCodeAccess (302)
[2018.04.14-17.55.36:644][663]LogModuleManager: Shutting down and abandoning module VisualStudioCodeSourceCodeAccess (300)
[2018.04.14-17.55.36:644][663]LogModuleManager: Shutting down and abandoning module UObjectPlugin (298)
[2018.04.14-17.55.36:644][663]LogModuleManager: Shutting down and abandoning module SubversionSourceControl (296)
[2018.04.14-17.55.36:654][663]LogModuleManager: Shutting down and abandoning module PerforceSourceControl (294)
[2018.04.14-17.55.36:681][663]LogModuleManager: Shutting down and abandoning module GitSourceControl (292)
[2018.04.14-17.55.36:705][663]LogModuleManager: Shutting down and abandoning module SourceControl (291)
[2018.04.14-17.55.36:720][663]LogModuleManager: Shutting down and abandoning module LightPropagationVolumeEditor (288)
[2018.04.14-17.55.36:720][663]LogModuleManager: Shutting down and abandoning module PaperTiledImporter (286)
[2018.04.14-17.55.36:720][663]LogModuleManager: Shutting down and abandoning module PaperSpriteSheetImporter (284)
[2018.04.14-17.55.36:720][663]LogModuleManager: Shutting down and abandoning module Paper2DEditor (282)
[2018.04.14-17.55.36:733][663]LogModuleManager: Shutting down and abandoning module MeshPaint (281)
[2018.04.14-17.55.36:742][663]LogModuleManager: Shutting down and abandoning module LevelEditor (279)
[2018.04.14-17.55.36:748][663]LogModuleManager: Shutting down and abandoning module PixelInspectorModule (278)
[2018.04.14-17.55.36:787][663]LogModuleManager: Shutting down and abandoning module MainFrame (276)
[2018.04.14-17.55.36:787][663]LogModuleManager: Shutting down and abandoning module HotReload (275)
[2018.04.14-17.55.36:798][663]LogDirectoryWatcher: A directory notification for 'C:/Users/Nutty_000/Documents/GitHub/VR_SlaveExperience/SlaveVRExperience/Binaries/Win64' was aborted.
[2018.04.14-17.55.36:847][663]LogModuleManager: Shutting down and abandoning module SlaveVRExperience (270)
[2018.04.14-17.55.36:847][663]LogModuleManager: Shutting down and abandoning module RuntimePhysXCooking (268)
[2018.04.14-17.55.36:847][663]LogModuleManager: Shutting down and abandoning module PhysXVehiclesEditor (266)
[2018.04.14-17.55.36:853][663]LogModuleManager: Shutting down and abandoning module PhysXVehicles (264)
[2018.04.14-17.55.36:853][663]LogModuleManager: Shutting down and abandoning module OculusEditor (262)
[2018.04.14-17.55.36:853][663]LogModuleManager: Shutting down and abandoning module LocationServicesBPLibrary (260)
[2018.04.14-17.55.36:853][663]LogModuleManager: Shutting down and abandoning module ImmediatePhysicsEditor (258)
[2018.04.14-17.55.36:853][663]LogModuleManager: Shutting down and abandoning module ImmediatePhysics (256)
[2018.04.14-17.55.36:864][663]LogModuleManager: Shutting down and abandoning module UdpMessaging (254)
[2018.04.14-17.55.37:014][663]LogModuleManager: Shutting down and abandoning module TcpMessaging (252)
[2018.04.14-17.55.37:123][663]LogModuleManager: Shutting down and abandoning module GameplayTagsEditor (250)
[2018.04.14-17.55.37:161][663]LogModuleManager: Shutting down and abandoning module FacialAnimationEditor (248)
[2018.04.14-17.55.37:161][663]LogModuleManager: Shutting down and abandoning module FacialAnimation (246)
[2018.04.14-17.55.37:161][663]LogModuleManager: Shutting down and abandoning module AssetManagerEditor (244)
[2018.04.14-17.55.37:172][663]LogModuleManager: Shutting down and abandoning module GraphEditor (243)
[2018.04.14-17.55.37:246][663]LogModuleManager: Shutting down and abandoning module ContentBrowser (241)
[2018.04.14-17.55.37:247][663]LogModuleManager: Shutting down and abandoning module LightPropagationVolumeRuntime (238)
[2018.04.14-17.55.37:247][663]LogModuleManager: Shutting down and abandoning module Paper2D (236)
[2018.04.14-17.55.37:247][663]LogModuleManager: Shutting down and abandoning module WindowsMoviePlayer (234)
[2018.04.14-17.55.37:254][663]LogModuleManager: Shutting down and abandoning module WmfMedia (232)
[2018.04.14-17.55.37:260][663]LogModuleManager: Shutting down and abandoning module ImgMedia (230)
[2018.04.14-17.55.37:261][663]LogModuleManager: Shutting down and abandoning module PacketHandler (228)
[2018.04.14-17.55.37:261][663]LogModuleManager: Shutting down and abandoning module ClothingSystemEditor (226)
[2018.04.14-17.55.37:261][663]LogModuleManager: Shutting down and abandoning module ClothingSystemRuntime (224)
[2018.04.14-17.55.37:278][663]LogModuleManager: Shutting down and abandoning module MediaAssets (222)
[2018.04.14-17.55.37:278][663]LogModuleManager: Shutting down and abandoning module Media (221)
[2018.04.14-17.55.37:285][663]LogModuleManager: Shutting down and abandoning module Overlay (218)
[2018.04.14-17.55.37:285][663]LogModuleManager: Shutting down and abandoning module OverlayEditor (217)
[2018.04.14-17.55.37:285][663]LogModuleManager: Shutting down and abandoning module VREditor (214)
[2018.04.14-17.55.37:332][663]LogModuleManager: Shutting down and abandoning module StringTableEditor (212)
[2018.04.14-17.55.37:341][663]LogModuleManager: Shutting down and abandoning module GameplayTasksEditor (210)
[2018.04.14-17.55.37:341][663]LogModuleManager: Shutting down and abandoning module BehaviorTreeEditor (208)
[2018.04.14-17.55.37:403][663]LogModuleManager: Shutting down and abandoning module FunctionalTesting (206)
[2018.04.14-17.55.37:410][663]LogModuleManager: Shutting down and abandoning module CollisionAnalyzer (204)
[2018.04.14-17.55.37:423][663]LogModuleManager: Shutting down and abandoning module WorkspaceMenuStructure (203)
[2018.04.14-17.55.37:423][663]LogModuleManager: Shutting down and abandoning module UMG (200)
[2018.04.14-17.55.37:432][663]LogModuleManager: Shutting down and abandoning module UMGEditor (199)
[2018.04.14-17.55.37:500][663]LogModuleManager: Shutting down and abandoning module Sequencer (198)
[2018.04.14-17.55.37:589][663]LogModuleManager: Shutting down and abandoning module MessageLog (195)
[2018.04.14-17.55.37:589][663]LogModuleManager: Shutting down and abandoning module SlateReflector (190)
[2018.04.14-17.55.37:660][663]LogModuleManager: Shutting down and abandoning module Slate (188)
[2018.04.14-17.55.37:660][663]LogModuleManager: Shutting down and abandoning module EditorStyle (186)
[2018.04.14-17.55.37:674][663]LogModuleManager: Shutting down and abandoning module MRMesh (184)
[2018.04.14-17.55.37:674][663]LogModuleManager: Shutting down and abandoning module SourceCodeAccess (182)
[2018.04.14-17.55.37:674][663]LogModuleManager: Shutting down and abandoning module HeadMountedDisplay (180)
[2018.04.14-17.55.37:674][663]LogModuleManager: Shutting down and abandoning module XAudio2 (178)
[2018.04.14-17.55.37:674][663]LogModuleManager: Shutting down and abandoning module Networking (176)
[2018.04.14-17.55.37:674][663]LogModuleManager: Shutting down and abandoning module Core (172)
[2018.04.14-17.55.37:674][663]LogModuleManager: Shutting down and abandoning module LevelSequence (168)
[2018.04.14-17.55.37:683][663]LogModuleManager: Shutting down and abandoning module DirectoryWatcher (166)
[2018.04.14-17.55.37:685][663]LogModuleManager: Shutting down and abandoning module KismetCompiler (164)
[2018.04.14-17.55.37:686][663]LogModuleManager: Shutting down and abandoning module MeshUtilities (162)
[2018.04.14-17.55.37:749][663]LogModuleManager: Shutting down and abandoning module MeshMergeUtilities (161)
[2018.04.14-17.55.37:758][663]LogModuleManager: Shutting down and abandoning module MeshReductionInterface (160)
[2018.04.14-17.55.37:758][663]LogModuleManager: Shutting down and abandoning module SimplygonSwarm (159)
[2018.04.14-17.55.37:800][663]LogModuleManager: Shutting down and abandoning module SimplygonMeshReduction (157)
[2018.04.14-17.55.37:800][663]LogModuleManager: Shutting down and abandoning module QuadricMeshReduction (155)
[2018.04.14-17.55.37:811][663]LogModuleManager: Shutting down and abandoning module MaterialBaking (151)
[2018.04.14-17.55.37:817][663]LogModuleManager: Shutting down and abandoning module DerivedDataCache (148)
[2018.04.14-17.55.37:866][663]LogDerivedDataCache: Shutdown
[2018.04.14-17.55.37:866][663]LogModuleManager: Shutting down and abandoning module TargetPlatform (146)
[2018.04.14-17.55.37:867][663]LogModuleManager: Shutting down and abandoning module VulkanShaderFormat (145)
[2018.04.14-17.55.37:873][663]LogModuleManager: Shutting down and abandoning module ShaderFormatVectorVM (143)
[2018.04.14-17.55.37:889][663]LogModuleManager: Shutting down and abandoning module ShaderFormatOpenGL (141)
[2018.04.14-17.55.37:902][663]LogModuleManager: Shutting down and abandoning module ShaderFormatD3D (139)
[2018.04.14-17.55.37:910][663]LogModuleManager: Shutting down and abandoning module MetalShaderFormat (137)
[2018.04.14-17.55.37:957][663]LogModuleManager: Shutting down and abandoning module TextureFormatUncompressed (135)
[2018.04.14-17.55.37:957][663]LogModuleManager: Shutting down and abandoning module TextureFormatPVR (133)
[2018.04.14-17.55.37:957][663]LogModuleManager: Shutting down and abandoning module TextureFormatDXT (131)
[2018.04.14-17.55.37:966][663]LogModuleManager: Shutting down and abandoning module TextureFormatIntelISPCTexComp (129)
[2018.04.14-17.55.37:972][663]LogModuleManager: Shutting down and abandoning module TextureFormatASTC (127)
[2018.04.14-17.55.37:972][663]LogModuleManager: Shutting down and abandoning module ImageWrapper (126)
[2018.04.14-17.55.37:972][663]LogModuleManager: Shutting down and abandoning module TextureFormatAndroid (123)
[2018.04.14-17.55.37:972][663]LogModuleManager: Shutting down and abandoning module AudioFormatOpus (121)
[2018.04.14-17.55.37:972][663]LogModuleManager: Shutting down and abandoning module AudioFormatOgg (119)
[2018.04.14-17.55.37:972][663]LogModuleManager: Shutting down and abandoning module AudioFormatADPCM (117)
[2018.04.14-17.55.37:972][663]LogModuleManager: Shutting down and abandoning module LinuxTargetPlatform (115)
[2018.04.14-17.55.37:972][663]LogModuleManager: Shutting down and abandoning module LinuxServerTargetPlatform (113)
[2018.04.14-17.55.37:972][663]LogModuleManager: Shutting down and abandoning module LinuxNoEditorTargetPlatform (111)
[2018.04.14-17.55.37:972][663]LogModuleManager: Shutting down and abandoning module LinuxClientTargetPlatform (109)
[2018.04.14-17.55.37:972][663]LogModuleManager: Shutting down and abandoning module TVOSTargetPlatform (107)
[2018.04.14-17.55.37:973][663]LogModuleManager: Shutting down and abandoning module Messaging (105)
[2018.04.14-17.55.37:973][663]LogModuleManager: Shutting down and abandoning module IOSTargetPlatform (103)
[2018.04.14-17.55.37:973][663]LogModuleManager: Shutting down and abandoning module HTML5TargetPlatform (101)
[2018.04.14-17.55.37:973][663]LogModuleManager: Shutting down and abandoning module AndroidTargetPlatform (99)
[2018.04.14-17.55.37:973][663]LogModuleManager: Shutting down and abandoning module Android_PVRTCTargetPlatform (97)
[2018.04.14-17.55.37:973][663]LogModuleManager: Shutting down and abandoning module Android_MultiTargetPlatform (95)
[2018.04.14-17.55.37:973][663]LogModuleManager: Shutting down and abandoning module Android_ETC2TargetPlatform (93)
[2018.04.14-17.55.37:973][663]LogModuleManager: Shutting down and abandoning module Android_ETC1TargetPlatform (91)
[2018.04.14-17.55.37:973][663]LogModuleManager: Shutting down and abandoning module Android_DXTTargetPlatform (89)
[2018.04.14-17.55.37:973][663]LogModuleManager: Shutting down and abandoning module Android_ATCTargetPlatform (87)
[2018.04.14-17.55.37:973][663]LogModuleManager: Shutting down and abandoning module Android_ASTCTargetPlatform (85)
[2018.04.14-17.55.37:973][663]LogModuleManager: Shutting down and abandoning module WindowsTargetPlatform (83)
[2018.04.14-17.55.37:973][663]LogModuleManager: Shutting down and abandoning module WindowsServerTargetPlatform (81)
[2018.04.14-17.55.37:973][663]LogModuleManager: Shutting down and abandoning module WindowsNoEditorTargetPlatform (79)
[2018.04.14-17.55.37:973][663]LogModuleManager: Shutting down and abandoning module WindowsClientTargetPlatform (77)
[2018.04.14-17.55.37:973][663]LogModuleManager: Shutting down and abandoning module MacTargetPlatform (75)
[2018.04.14-17.55.37:973][663]LogModuleManager: Shutting down and abandoning module MacServerTargetPlatform (73)
[2018.04.14-17.55.37:973][663]LogModuleManager: Shutting down and abandoning module MacNoEditorTargetPlatform (71)
[2018.04.14-17.55.37:973][663]LogModuleManager: Shutting down and abandoning module MacClientTargetPlatform (69)
[2018.04.14-17.55.37:973][663]LogModuleManager: Shutting down and abandoning module AllDesktopTargetPlatform (67)
[2018.04.14-17.55.37:973][663]LogModuleManager: Shutting down and abandoning module InputCore (64)
[2018.04.14-17.55.37:973][663]LogModuleManager: Shutting down and abandoning module Settings (62)
[2018.04.14-17.55.37:974][663]LogModuleManager: Shutting down and abandoning module PhysXCooking (60)
[2018.04.14-17.55.37:974][663]LogModuleManager: Shutting down and abandoning module SteamVR (58)
[2018.04.14-17.55.37:974][663]LogModuleManager: Shutting down and abandoning module OculusHMD (56)
[2018.04.14-17.55.37:983][663]LogModuleManager: Shutting down and abandoning module ExampleDeviceProfileSelector (54)
[2018.04.14-17.55.37:983][663]LogModuleManager: Shutting down and abandoning module AppleARKit (52)
[2018.04.14-17.55.37:983][663]LogModuleManager: Shutting down and abandoning module AugmentedReality (51)
[2018.04.14-17.55.37:983][663]LogModuleManager: Shutting down and abandoning module OnlineBlueprintSupport (48)
[2018.04.14-17.55.37:983][663]LogModuleManager: Shutting down and abandoning module OnlineSubsystem (44)
[2018.04.14-17.55.38:019][663]LogModuleManager: Shutting down and abandoning module XMPP (43)
[2018.04.14-17.55.38:040][663]LogModuleManager: Shutting down and abandoning module HTTP (41)
[2018.04.14-17.55.38:040][663]LogHttp: Display: Http module shutting down, but needs to wait on 1 outstanding Http requests:
[2018.04.14-17.55.38:079][663]LogHttp: Display: 	verb=[POST] url=[https://datarouter.ol.epicgames.com/datarouter/api/v1/public/data?SessionID=%7B41848012-406B-C819-2183-A9B11DD11D87%7D&AppID=UEEditor.Rocket.Release&AppVersion=4.18.3-3832480%2B%2B%2BUE4%2BRelease-4.18&UserID=3d1892574d6d85f7c82f1da4090d07ef%7Cc4a40f5a9b8144829c3e1d00b7a7855b%7C9324596c-d87d-4900-b1f8-f554b619d94f&AppEnvironment=datacollector-binary&UploadType=eteventstream] status=Processing
[2018.04.14-17.55.38:124][663]LogModuleManager: Shutting down and abandoning module SSL (40)
[2018.04.14-17.55.38:134][663]LogModuleManager: Shutting down and abandoning module AnimationModifiers (36)
[2018.04.14-17.55.38:150][663]LogModuleManager: Shutting down and abandoning module PropertyEditor (35)
[2018.04.14-17.55.38:169][663]LogModuleManager: Shutting down and abandoning module AudioEditor (32)
[2018.04.14-17.55.38:176][663]LogModuleManager: Shutting down and abandoning module TextureCompressor (30)
[2018.04.14-17.55.38:250][663]LogModuleManager: Shutting down and abandoning module ShaderCore (28)
[2018.04.14-17.55.38:250][663]LogModuleManager: Shutting down and abandoning module Landscape (26)
[2018.04.14-17.55.38:250][663]LogModuleManager: Shutting down and abandoning module SlateRHIRenderer (24)
[2018.04.14-17.55.38:302][663]LogModuleManager: Shutting down and abandoning module OpenGLDrv (22)
[2018.04.14-17.55.38:353][663]LogModuleManager: Shutting down and abandoning module D3D11RHI (20)
[2018.04.14-17.55.38:353][663]LogModuleManager: Shutting down and abandoning module AnimGraphRuntime (18)
[2018.04.14-17.55.38:406][663]LogModuleManager: Shutting down and abandoning module Renderer (16)
[2018.04.14-17.55.38:407][663]LogModuleManager: Shutting down and abandoning module Engine (14)
[2018.04.14-17.55.38:424][663]LogModuleManager: Shutting down and abandoning module CoreUObject (12)
[2018.04.14-17.55.38:424][663]LogModuleManager: Shutting down and abandoning module NetworkFile (10)
[2018.04.14-17.55.38:472][663]LogModuleManager: Shutting down and abandoning module CookedIterativeFile (8)
[2018.04.14-17.55.38:472][663]LogModuleManager: Shutting down and abandoning module StreamingFile (6)
[2018.04.14-17.55.38:480][663]LogModuleManager: Shutting down and abandoning module SandboxFile (4)
[2018.04.14-17.55.38:491][663]LogModuleManager: Shutting down and abandoning module PakFile (2)
[2018.04.14-17.55.38:528][663]LogExit: Exiting.
[2018.04.14-17.55.38:530][663]Log file closed, 04/14/18 13:55:38
