Log file open, 02/20/18 19:29:46
LogWindows: Failed to load 'aqProf.dll' (GetLastError=126)
LogWindows: File 'aqProf.dll' does not exist
LogWindows: Failed to load 'VtuneApi.dll' (GetLastError=126)
LogWindows: File 'VtuneApi.dll' does not exist
LogWindows: Failed to load 'VtuneApi32e.dll' (GetLastError=126)
LogWindows: File 'VtuneApi32e.dll' does not exist
LogInit: Display: Running engine for game: SlaveVRExperience
LogPlatformFile: Not using cached read wrapper
LogInit: Display: RandInit(-111472975) SRandInit(-111472975).
LogInit: Read version file with build ID '3709383'
LogInit: Overriding engine version to CL 3794801, compatible CL 3709383
LogInit: Registered custom module enumerator with build ID '3709383'
LogTaskGraph: Started task graph with 5 named threads and 14 total threads with 3 sets of task threads.
LogStats: Stats thread started at 6.630259
LogD3D11RHI: Aftermath initialized
LogModuleManager: Display: Found up-to-date module file ../../../Engine/Plugins/2D/Paper2D/Binaries/Win64/UE4Editor-Paper2D.dll (API version 3709383).
LogModuleManager: Display: Found up-to-date module file ../../../Engine/Plugins/2D/Paper2D/Binaries/Win64/UE4Editor-Paper2DEditor.dll (API version 3709383).
LogModuleManager: Display: Found up-to-date module file ../../../Engine/Plugins/2D/Paper2D/Binaries/Win64/UE4Editor-PaperSpriteSheetImporter.dll (API version 3709383).
LogModuleManager: Display: Found up-to-date module file ../../../Engine/Plugins/2D/Paper2D/Binaries/Win64/UE4Editor-PaperTiledImporter.dll (API version 3709383).
LogModuleManager: Display: Found up-to-date module file ../../../Engine/Plugins/2D/Paper2D/Binaries/Win64/UE4Editor-SmartSnapping.dll (API version 3709383).
LogModuleManager: Display: Found up-to-date module file ../../../Engine/Plugins/Blendables/LightPropagationVolume/Binaries/Win64/UE4Editor-LightPropagationVolumeRuntime.dll (API version 3709383).
LogModuleManager: Display: Found up-to-date module file ../../../Engine/Plugins/Blendables/LightPropagationVolume/Binaries/Win64/UE4Editor-LightPropagationVolumeEditor.dll (API version 3709383).
LogModuleManager: Display: Found up-to-date module file ../../../Engine/Plugins/Developer/GitSourceControl/Binaries/Win64/UE4Editor-GitSourceControl.dll (API version 3709383).
LogModuleManager: Display: Found up-to-date module file ../../../Engine/Plugins/Developer/PerforceSourceControl/Binaries/Win64/UE4Editor-PerforceSourceControl.dll (API version 3709383).
LogModuleManager: Display: Found up-to-date module file ../../../Engine/Plugins/Developer/SubversionSourceControl/Binaries/Win64/UE4Editor-SubversionSourceControl.dll (API version 3709383).
LogModuleManager: Display: Found up-to-date module file ../../../Engine/Plugins/Developer/UObjectPlugin/Binaries/Win64/UE4Editor-UObjectPlugin.dll (API version 3709383).
LogModuleManager: Display: Found up-to-date module file ../../../Engine/Plugins/Developer/VisualStudioCodeSourceCodeAccess/Binaries/Win64/UE4Editor-VisualStudioCodeSourceCodeAccess.dll (API version 3709383).
LogModuleManager: Display: Found up-to-date module file ../../../Engine/Plugins/Developer/VisualStudioSourceCodeAccess/Binaries/Win64/UE4Editor-VisualStudioSourceCodeAccess.dll (API version 3709383).
LogModuleManager: Display: Found up-to-date module file ../../../Engine/Plugins/Editor/AssetManagerEditor/Binaries/Win64/UE4Editor-AssetManagerEditor.dll (API version 3709383).
LogModuleManager: Display: Found up-to-date module file ../../../Engine/Plugins/Editor/AudioCapture/Binaries/Win64/UE4Editor-AudioCapture.dll (API version 3709383).
LogModuleManager: Display: Found up-to-date module file ../../../Engine/Plugins/Editor/FacialAnimation/Binaries/Win64/UE4Editor-FacialAnimation.dll (API version 3709383).
LogModuleManager: Display: Found up-to-date module file ../../../Engine/Plugins/Editor/FacialAnimation/Binaries/Win64/UE4Editor-FacialAnimationEditor.dll (API version 3709383).
LogModuleManager: Display: Found up-to-date module file ../../../Engine/Plugins/Editor/GameplayTagsEditor/Binaries/Win64/UE4Editor-GameplayTagsEditor.dll (API version 3709383).
LogModuleManager: Display: Found up-to-date module file ../../../Engine/Plugins/Editor/MobileLauncherProfileWizard/Binaries/Win64/UE4Editor-MobileLauncherProfileWizard.dll (API version 3709383).
LogModuleManager: Display: Found up-to-date module file ../../../Engine/Plugins/Editor/PluginBrowser/Binaries/Win64/UE4Editor-PluginBrowser.dll (API version 3709383).
LogModuleManager: Display: Found up-to-date module file ../../../Engine/Plugins/Editor/SpeedTreeImporter/Binaries/Win64/UE4Editor-SpeedTreeImporter.dll (API version 3709383).
LogModuleManager: Display: Found up-to-date module file ../../../Engine/Plugins/Experimental/AlembicImporter/Binaries/Win64/UE4Editor-AlembicImporter.dll (API version 3709383).
LogModuleManager: Display: Found up-to-date module file ../../../Engine/Plugins/Experimental/AlembicImporter/Binaries/Win64/UE4Editor-AlembicLibrary.dll (API version 3709383).
LogModuleManager: Display: Found up-to-date module file ../../../Engine/Plugins/Experimental/CharacterAI/Binaries/Win64/UE4Editor-CharacterAI.dll (API version 3709383).
LogModuleManager: Display: Found up-to-date module file ../../../Engine/Plugins/Experimental/HTML5Networking/Binaries/Win64/UE4Editor-HTML5Networking.dll (API version 3709383).
LogModuleManager: Display: Found up-to-date module file ../../../Engine/Plugins/Media/AndroidMedia/Binaries/Win64/UE4Editor-AndroidMediaEditor.dll (API version 3709383).
LogModuleManager: Display: Found up-to-date module file ../../../Engine/Plugins/Media/AndroidMedia/Binaries/Win64/UE4Editor-AndroidMediaFactory.dll (API version 3709383).
LogModuleManager: Display: Found up-to-date module file ../../../Engine/Plugins/Media/AvfMedia/Binaries/Win64/UE4Editor-AvfMediaEditor.dll (API version 3709383).
LogModuleManager: Display: Found up-to-date module file ../../../Engine/Plugins/Media/AvfMedia/Binaries/Win64/UE4Editor-AvfMediaFactory.dll (API version 3709383).
LogModuleManager: Display: Found up-to-date module file ../../../Engine/Plugins/Media/AvfMedia/Binaries/Win64/UE4Editor-AvfMediaFactory.dll (API version 3709383).
LogModuleManager: Display: Found up-to-date module file ../../../Engine/Plugins/Media/ImgMedia/Binaries/Win64/UE4Editor-ImgMedia.dll (API version 3709383).
LogModuleManager: Display: Found up-to-date module file ../../../Engine/Plugins/Media/ImgMedia/Binaries/Win64/UE4Editor-ImgMediaEditor.dll (API version 3709383).
LogModuleManager: Display: Found up-to-date module file ../../../Engine/Plugins/Media/ImgMedia/Binaries/Win64/UE4Editor-ImgMediaFactory.dll (API version 3709383).
LogModuleManager: Display: Found up-to-date module file ../../../Engine/Plugins/Media/ImgMedia/Binaries/Win64/UE4Editor-ImgMediaFactory.dll (API version 3709383).
LogModuleManager: Display: Found up-to-date module file ../../../Engine/Plugins/Media/ImgMedia/Binaries/Win64/UE4Editor-OpenExrWrapper.dll (API version 3709383).
LogModuleManager: Display: Found up-to-date module file ../../../Engine/Plugins/Media/MediaCompositing/Binaries/Win64/UE4Editor-MediaCompositing.dll (API version 3709383).
LogModuleManager: Display: Found up-to-date module file ../../../Engine/Plugins/Media/MediaCompositing/Binaries/Win64/UE4Editor-MediaCompositingEditor.dll (API version 3709383).
LogModuleManager: Display: Found up-to-date module file ../../../Engine/Plugins/Media/MediaPlayerEditor/Binaries/Win64/UE4Editor-MediaPlayerEditor.dll (API version 3709383).
LogModuleManager: Display: Found up-to-date module file ../../../Engine/Plugins/Media/WmfMedia/Binaries/Win64/UE4Editor-WmfMedia.dll (API version 3709383).
LogModuleManager: Display: Found up-to-date module file ../../../Engine/Plugins/Media/WmfMedia/Binaries/Win64/UE4Editor-WmfMediaEditor.dll (API version 3709383).
LogModuleManager: Display: Found up-to-date module file ../../../Engine/Plugins/Media/WmfMedia/Binaries/Win64/UE4Editor-WmfMediaFactory.dll (API version 3709383).
LogModuleManager: Display: Found up-to-date module file ../../../Engine/Plugins/Media/WmfMedia/Binaries/Win64/UE4Editor-WmfMediaFactory.dll (API version 3709383).
LogModuleManager: Display: Found up-to-date module file ../../../Engine/Plugins/Messaging/TcpMessaging/Binaries/Win64/UE4Editor-TcpMessaging.dll (API version 3709383).
LogModuleManager: Display: Found up-to-date module file ../../../Engine/Plugins/Messaging/UdpMessaging/Binaries/Win64/UE4Editor-UdpMessaging.dll (API version 3709383).
LogModuleManager: Display: Found up-to-date module file ../../../Engine/Plugins/MovieScene/ActorSequence/Binaries/Win64/UE4Editor-ActorSequence.dll (API version 3709383).
LogModuleManager: Display: Found up-to-date module file ../../../Engine/Plugins/MovieScene/LevelSequenceEditor/Binaries/Win64/UE4Editor-LevelSequenceEditor.dll (API version 3709383).
LogModuleManager: Display: Found up-to-date module file ../../../Engine/Plugins/MovieScene/MatineeToLevelSequence/Binaries/Win64/UE4Editor-MatineeToLevelSequence.dll (API version 3709383).
LogModuleManager: Display: Found up-to-date module file ../../../Engine/Plugins/Online/OnlineSubsystem/Binaries/Win64/UE4Editor-OnlineSubsystem.dll (API version 3709383).
LogModuleManager: Display: Found up-to-date module file ../../../Engine/Plugins/Runtime/AndroidPermission/Binaries/Win64/UE4Editor-AndroidPermission.dll (API version 3709383).
LogModuleManager: Display: Found up-to-date module file ../../../Engine/Plugins/Online/OnlineSubsystemNull/Binaries/Win64/UE4Editor-OnlineSubsystemNull.dll (API version 3709383).
LogModuleManager: Display: Found up-to-date module file ../../../Engine/Plugins/Online/OnlineSubsystemUtils/Binaries/Win64/UE4Editor-OnlineSubsystemUtils.dll (API version 3709383).
LogModuleManager: Display: Found up-to-date module file ../../../Engine/Plugins/Online/OnlineSubsystemUtils/Binaries/Win64/UE4Editor-OnlineBlueprintSupport.dll (API version 3709383).
LogModuleManager: Display: Found up-to-date module file ../../../Engine/Plugins/Runtime/AndroidDeviceProfileSelector/Binaries/Win64/UE4Editor-AndroidDeviceProfileSelector.dll (API version 3709383).
LogModuleManager: Display: Found up-to-date module file ../../../Engine/Plugins/Runtime/AppleARKit/Binaries/Win64/UE4Editor-AppleARKit.dll (API version 3709383).
LogModuleManager: Display: Found up-to-date module file ../../../Engine/Plugins/Runtime/ArchVisCharacter/Binaries/Win64/UE4Editor-ArchVisCharacter.dll (API version 3709383).
LogModuleManager: Display: Found up-to-date module file ../../../Engine/Plugins/Runtime/CableComponent/Binaries/Win64/UE4Editor-CableComponent.dll (API version 3709383).
LogModuleManager: Display: Found up-to-date module file ../../../Engine/Plugins/Runtime/CustomMeshComponent/Binaries/Win64/UE4Editor-CustomMeshComponent.dll (API version 3709383).
LogModuleManager: Display: Found up-to-date module file ../../../Engine/Plugins/Runtime/ExampleDeviceProfileSelector/Binaries/Win64/UE4Editor-ExampleDeviceProfileSelector.dll (API version 3709383).
LogModuleManager: Display: Found up-to-date module file ../../../Engine/Plugins/Runtime/ImmediatePhysics/Binaries/Win64/UE4Editor-ImmediatePhysics.dll (API version 3709383).
LogModuleManager: Display: Found up-to-date module file ../../../Engine/Plugins/Runtime/ImmediatePhysics/Binaries/Win64/UE4Editor-ImmediatePhysicsEditor.dll (API version 3709383).
LogModuleManager: Display: Found up-to-date module file ../../../Engine/Plugins/Runtime/LocationServicesBPLibrary/Binaries/Win64/UE4Editor-LocationServicesBPLibrary.dll (API version 3709383).
LogModuleManager: Display: Found up-to-date module file ../../../Engine/Plugins/Runtime/MobilePatchingUtils/Binaries/Win64/UE4Editor-MobilePatchingUtils.dll (API version 3709383).
LogModuleManager: Display: Found up-to-date module file ../../../Engine/Plugins/Runtime/Oculus/OculusVR/Binaries/Win64/UE4Editor-OculusHMD.dll (API version 3709383).
LogModuleManager: Display: Found up-to-date module file ../../../Engine/Plugins/Runtime/Oculus/OculusVR/Binaries/Win64/UE4Editor-OculusInput.dll (API version 3709383).
LogModuleManager: Display: Found up-to-date module file ../../../Engine/Plugins/Runtime/Oculus/OculusVR/Binaries/Win64/UE4Editor-OculusEditor.dll (API version 3709383).
LogModuleManager: Display: Found up-to-date module file ../../../Engine/Plugins/Runtime/PhysXVehicles/Binaries/Win64/UE4Editor-PhysXVehicles.dll (API version 3709383).
LogModuleManager: Display: Found up-to-date module file ../../../Engine/Plugins/Runtime/PhysXVehicles/Binaries/Win64/UE4Editor-PhysXVehiclesEditor.dll (API version 3709383).
LogModuleManager: Display: Found up-to-date module file ../../../Engine/Plugins/Runtime/ProceduralMeshComponent/Binaries/Win64/UE4Editor-ProceduralMeshComponent.dll (API version 3709383).
LogModuleManager: Display: Found up-to-date module file ../../../Engine/Plugins/Runtime/ProceduralMeshComponent/Binaries/Win64/UE4Editor-ProceduralMeshComponentEditor.dll (API version 3709383).
LogModuleManager: Display: Found up-to-date module file ../../../Engine/Plugins/Runtime/RuntimePhysXCooking/Binaries/Win64/UE4Editor-RuntimePhysXCooking.dll (API version 3709383).
LogModuleManager: Display: Found up-to-date module file ../../../Engine/Plugins/Runtime/Steam/SteamVR/Binaries/Win64/UE4Editor-SteamVR.dll (API version 3709383).
LogModuleManager: Display: Found up-to-date module file ../../../Engine/Plugins/Runtime/Steam/SteamVR/Binaries/Win64/UE4Editor-SteamVRController.dll (API version 3709383).
LogModuleManager: Display: Found up-to-date module file ../../../Engine/Plugins/Runtime/WindowsMoviePlayer/Binaries/Win64/UE4Editor-WindowsMoviePlayer.dll (API version 3709383).
LogPluginManager: Mounting plugin Paper2D
LogPluginManager: Mounting plugin LightPropagationVolume
LogPluginManager: Mounting plugin CodeLiteSourceCodeAccess
LogPluginManager: Mounting plugin GitSourceControl
LogPluginManager: Mounting plugin KDevelopSourceCodeAccess
LogPluginManager: Mounting plugin NullSourceCodeAccess
LogPluginManager: Mounting plugin PerforceSourceControl
LogPluginManager: Mounting plugin SubversionSourceControl
LogPluginManager: Mounting plugin UObjectPlugin
LogPluginManager: Mounting plugin VisualStudioCodeSourceCodeAccess
LogPluginManager: Mounting plugin VisualStudioSourceCodeAccess
LogPluginManager: Mounting plugin XCodeSourceCodeAccess
LogPluginManager: Mounting plugin AssetManagerEditor
LogPluginManager: Mounting plugin AudioCapture
LogPluginManager: Mounting plugin FacialAnimation
LogPluginManager: Mounting plugin GameplayTagsEditor
LogPluginManager: Mounting plugin MobileLauncherProfileWizard
LogPluginManager: Mounting plugin PluginBrowser
LogPluginManager: Mounting plugin SpeedTreeImporter
LogPluginManager: Mounting plugin AlembicImporter
LogPluginManager: Mounting plugin CharacterAI
LogPluginManager: Mounting plugin HTML5Networking
LogPluginManager: Mounting plugin AndroidMedia
LogPluginManager: Mounting plugin AvfMedia
LogPluginManager: Mounting plugin ImgMedia
LogPluginManager: Mounting plugin MediaCompositing
LogPluginManager: Mounting plugin MediaPlayerEditor
LogPluginManager: Mounting plugin WmfMedia
LogPluginManager: Mounting plugin TcpMessaging
LogPluginManager: Mounting plugin UdpMessaging
LogPluginManager: Mounting plugin ActorSequence
LogPluginManager: Mounting plugin LevelSequenceEditor
LogPluginManager: Mounting plugin MatineeToLevelSequence
LogPluginManager: Mounting plugin OnlineSubsystemGooglePlay
LogPluginManager: Mounting plugin OnlineSubsystemIOS
LogPluginManager: Mounting plugin OnlineSubsystem
LogPluginManager: Mounting plugin OnlineSubsystemNull
LogPluginManager: Mounting plugin OnlineSubsystemUtils
LogPluginManager: Mounting plugin AndroidDeviceProfileSelector
LogPluginManager: Mounting plugin AndroidMoviePlayer
LogPluginManager: Mounting plugin AndroidPermission
LogPluginManager: Mounting plugin AppleARKit
LogPluginManager: Mounting plugin AppleMoviePlayer
LogPluginManager: Mounting plugin ArchVisCharacter
LogPluginManager: Mounting plugin CableComponent
LogPluginManager: Mounting plugin CustomMeshComponent
LogPluginManager: Mounting plugin ExampleDeviceProfileSelector
LogPluginManager: Mounting plugin GoogleCloudMessaging
LogPluginManager: Mounting plugin ImmediatePhysics
LogPluginManager: Mounting plugin IOSDeviceProfileSelector
LogPluginManager: Mounting plugin LinuxDeviceProfileSelector
LogPluginManager: Mounting plugin LocationServicesBPLibrary
LogPluginManager: Mounting plugin MobilePatchingUtils
LogPluginManager: Mounting plugin OculusVR
LogPluginManager: Plugin shader directory ../../../Engine/Plugins/Runtime/Oculus/OculusVR/Shaders found
LogPluginManager: Mapping shader source directory ../../../Engine/Plugins/Runtime/Oculus/OculusVR/Shaders to virtual directory /Plugin/OculusVR
LogPluginManager: Mounting plugin PhysXVehicles
LogPluginManager: Mounting plugin ProceduralMeshComponent
LogPluginManager: Mounting plugin RuntimePhysXCooking
LogPluginManager: Mounting plugin SteamVR
LogPluginManager: Mounting plugin WindowsMoviePlayer
LogInit: Using libcurl 7.47.1
LogInit:  - built for x86_64-pc-win32
LogInit:  - supports SSL with OpenSSL/1.0.2g
LogInit:  - supports HTTP deflate (compression) using libz 1.2.8
LogInit:  - other features:
LogInit:      CURL_VERSION_SSL
LogInit:      CURL_VERSION_LIBZ
LogInit:      CURL_VERSION_IPV6
LogInit:      CURL_VERSION_ASYNCHDNS
LogInit:      CURL_VERSION_LARGEFILE
LogInit:      CURL_VERSION_IDN
LogInit:  CurlRequestOptions (configurable via config and command line):
LogInit:  - bVerifyPeer = false  - Libcurl will NOT verify peer certificate
LogInit:  - bUseHttpProxy = false  - Libcurl will NOT use HTTP proxy
LogInit:  - bDontReuseConnections = false  - Libcurl will reuse connections
LogInit:  - CertBundlePath = nullptr  - Libcurl will use whatever was configured at build time.
LogInit: Build: ++UE4+Release-4.18-CL-3794801
LogInit: Engine Version: 4.18.2-3794801+++UE4+Release-4.18
LogInit: Compatible Engine Version: 4.18.0-3709383+++UE4+Release-4.18
LogInit: Net CL: 3709383
LogDevObjectVersion: Number of dev versions registered: 16
LogDevObjectVersion:   Dev-Blueprints (B0D832E4-1F89-4F0D-ACCF-7EB736FD4AA2): 10
LogDevObjectVersion:   Dev-Build (E1C64328-A22C-4D53-A36C-8E866417BD8C): 0
LogDevObjectVersion:   Dev-Core (375EC13C-06E4-48FB-B500-84F0262A717E): 2
LogDevObjectVersion:   Dev-Editor (E4B068ED-F494-42E9-A231-DA0B2E46BB41): 20
LogDevObjectVersion:   Dev-Framework (CFFC743F-43B0-4480-9391-14DF171D2073): 30
LogDevObjectVersion:   Dev-Mobile (B02B49B5-BB20-44E9-A304-32B752E40360): 0
LogDevObjectVersion:   Dev-Networking (A4E4105C-59A1-49B5-A7C5-40C4547EDFEE): 0
LogDevObjectVersion:   Dev-Online (39C831C9-5AE6-47DC-9A44-9C173E1C8E7C): 0
LogDevObjectVersion:   Dev-Physics (78F01B33-EBEA-4F98-B9B4-84EACCB95AA2): 0
LogDevObjectVersion:   Dev-Platform (6631380F-2D4D-43E0-8009-CF276956A95A): 0
LogDevObjectVersion:   Dev-Rendering (12F88B9F-8875-4AFC-A67C-D90C383ABD29): 20
LogDevObjectVersion:   Dev-Sequencer (7B5AE74C-D270-4C10-A958-57980B212A5A): 4
LogDevObjectVersion:   Dev-VR (D7296918-1DD6-4BDD-9DE2-64A83CC13884): 0
LogDevObjectVersion:   Dev-LoadTimes (C2A15278-BFE7-4AFE-6C17-90FF531DF755): 1
LogDevObjectVersion:   Private-Geometry (6EACA3D4-40EC-4CC1-B786-8BED09428FC5): 1
LogDevObjectVersion:   Dev-AnimPhys (29E575DD-E0A3-4627-9D10-D276232CDCEA): 12
LogInit: Compiled (64-bit): Dec  8 2017 02:04:53
LogInit: Compiled with Visual C++: 19.00.24215.01
LogInit: Build Configuration: Development
LogInit: Branch Name: ++UE4+Release-4.18
LogInit: Command line:  
LogInit: Base directory: D:/UE_4.18/Engine/Binaries/Win64/
LogInit: Installed Engine Build: 1
LogInit: Presizing for max 8388607 objects, including 0 objects not considered by GC, pre-allocating 0 bytes for permanent pool.
LogInit: Object subsystem initialized
[2018.02.21-00.29.52:108][  0]LogInit: Selected Device Profile: [Windows]
[2018.02.21-00.29.52:108][  0]LogInit: Applying CVar settings loaded from the selected device profile: [Windows]
[2018.02.21-00.29.52:165][  0]LogInit: Computer: DESKTOP-08H0EEE
[2018.02.21-00.29.52:165][  0]LogInit: User: Thomas
[2018.02.21-00.29.52:165][  0]LogInit: CPU Page size=4096, Cores=4
[2018.02.21-00.29.52:165][  0]LogInit: High frequency timer resolution =3.914069 MHz
[2018.02.21-00.29.52:165][  0]LogMemory: Memory total: Physical=31.9GB (32GB approx)
[2018.02.21-00.29.52:165][  0]LogMemory: Platform Memory Stats for Windows
[2018.02.21-00.29.52:165][  0]LogMemory: Process Physical Memory: 274.57 MB used, 274.57 MB peak
[2018.02.21-00.29.52:165][  0]LogMemory: Process Virtual Memory: 269.88 MB used, 269.88 MB peak
[2018.02.21-00.29.52:165][  0]LogMemory: Physical Memory: 8532.33 MB used,  24156.30 MB free, 32688.63 MB total
[2018.02.21-00.29.52:165][  0]LogMemory: Virtual Memory: 664.02 MB used,  24156.30 MB free, 134217728.00 MB total
[2018.02.21-00.29.53:542][  0]LogInit: Using OS detected language (en-US).
[2018.02.21-00.29.53:542][  0]LogInit: Using OS detected locale (en-US).
[2018.02.21-00.29.53:760][  0]LogTextLocalizationManager: No specific localization for 'en-US' exists, so the 'en' localization will be used.
[2018.02.21-00.29.54:782][  0]LogInit: Setting process to per monitor DPI aware
[2018.02.21-00.29.56:948][  0]LogD3D11RHI: D3D11 adapters:
[2018.02.21-00.29.56:990][  0]LogD3D11RHI:    0. 'NVIDIA GeForce GTX 1080' (Feature Level 11_0)
[2018.02.21-00.29.56:990][  0]LogD3D11RHI:       8086/0/16344 MB DedicatedVideo/DedicatedSystem/SharedSystem, Outputs:1, VendorId:0x10de
[2018.02.21-00.29.56:992][  0]LogD3D11RHI:    1. 'Microsoft Basic Render Driver' (Feature Level 11_0)
[2018.02.21-00.29.56:992][  0]LogD3D11RHI:       0/0/16344 MB DedicatedVideo/DedicatedSystem/SharedSystem, Outputs:0, VendorId:0x1414
[2018.02.21-00.29.56:992][  0]LogD3D11RHI: Chosen D3D11 Adapter: 0
[2018.02.21-00.29.56:997][  0]LogD3D11RHI: Creating new Direct3DDevice
[2018.02.21-00.29.56:998][  0]LogD3D11RHI:     GPU DeviceId: 0x1b80 (for the marketing name, search the web for "GPU Device Id")
[2018.02.21-00.29.56:998][  0]LogWindows: EnumDisplayDevices:
[2018.02.21-00.29.56:998][  0]LogWindows:    0. 'NVIDIA GeForce GTX 1080' (P:1 D:1)
[2018.02.21-00.29.56:998][  0]LogWindows:    1. 'NVIDIA GeForce GTX 1080' (P:0 D:0)
[2018.02.21-00.29.56:998][  0]LogWindows:    2. 'NVIDIA GeForce GTX 1080' (P:0 D:0)
[2018.02.21-00.29.56:998][  0]LogWindows:    3. 'NVIDIA GeForce GTX 1080' (P:0 D:0)
[2018.02.21-00.29.56:998][  0]LogWindows: DebugString: GetVideoDriverDetailsInvalid PrimaryIsNotTheChoosenAdapter GetVideoDriverDetailsInvalid PrimaryIsNotTheChoosenAdapter GetVideoDriverDetailsInvalid PrimaryIsNotTheChoosenAdapter GetVideoDriverDetailsInvalid PrimaryIsNotTheChoosenAdapter FoundDriverCount:0 
[2018.02.21-00.29.56:999][  0]LogD3D11RHI:     Adapter Name: NVIDIA GeForce GTX 1080
[2018.02.21-00.29.56:999][  0]LogD3D11RHI:   Driver Version: Unknown (internal:Unknown, unified:Unknown)
[2018.02.21-00.29.56:999][  0]LogD3D11RHI:      Driver Date: Unknown
[2018.02.21-00.29.56:999][  0]LogRHI: Texture pool is 5660 MB (70% of 8086 MB)
[2018.02.21-00.29.57:036][  0]LogD3D11RHI: Async texture creation enabled
[2018.02.21-00.29.57:590][  0]LogD3D11RHI: GPU Timing Frequency: 1000.000000 (Debug: 2 1)
[2018.02.21-00.29.57:717][  0]LogShaderCompilers: Guid format shader working directory is -23 characters bigger than the processId version (C:/Users/Thomas/Documents/GitHub/VR_SlaveExperience/SlaveVRExperience/Intermediate/Shaders/WorkingDirectory/13712/).
[2018.02.21-00.29.57:717][  0]LogShaderCompilers: Cleaned the shader compiler working directory 'C:/Users/Thomas/AppData/Local/Temp/UnrealShaderWorkingDir/9C1B59BC49B97744DED51E91ABDA2188/'.
[2018.02.21-00.29.57:724][  0]LogShaderCompilers: Display: Using Local Shader Compiler.
[2018.02.21-00.30.01:073][  0]LogTemp: Display: Loaded TP AllDesktopTargetPlatform
[2018.02.21-00.30.01:106][  0]LogTemp: Display: Loaded TP MacClientTargetPlatform
[2018.02.21-00.30.01:138][  0]LogTemp: Display: Loaded TP MacNoEditorTargetPlatform
[2018.02.21-00.30.01:172][  0]LogTemp: Display: Loaded TP MacServerTargetPlatform
[2018.02.21-00.30.01:328][  0]LogTemp: Display: Loaded TP MacTargetPlatform
[2018.02.21-00.30.01:404][  0]LogTemp: Display: Loaded TP WindowsClientTargetPlatform
[2018.02.21-00.30.01:485][  0]LogTemp: Display: Loaded TP WindowsNoEditorTargetPlatform
[2018.02.21-00.30.01:517][  0]LogTemp: Display: Loaded TP WindowsServerTargetPlatform
[2018.02.21-00.30.01:567][  0]LogTemp: Display: Loaded TP WindowsTargetPlatform
[2018.02.21-00.30.01:641][  0]LogTemp: Display: Loaded TP Android_ASTCTargetPlatform
[2018.02.21-00.30.01:697][  0]LogTemp: Display: Loaded TP Android_ATCTargetPlatform
[2018.02.21-00.30.01:753][  0]LogTemp: Display: Loaded TP Android_DXTTargetPlatform
[2018.02.21-00.30.01:821][  0]LogTemp: Display: Loaded TP Android_ETC1TargetPlatform
[2018.02.21-00.30.01:890][  0]LogTemp: Display: Loaded TP Android_ETC2TargetPlatform
[2018.02.21-00.30.02:033][  0]LogTemp: Display: Loaded TP Android_MultiTargetPlatform
[2018.02.21-00.30.02:033][  0]LogTemp: Display: Loaded TP Android_PVRTCTargetPlatform
[2018.02.21-00.30.02:115][  0]LogTemp: Display: Loaded TP AndroidTargetPlatform
[2018.02.21-00.30.02:162][  0]LogTemp: Display: Loaded TP HTML5TargetPlatform
[2018.02.21-00.30.02:415][  0]LogTemp: Display: Loaded TP IOSTargetPlatform
[2018.02.21-00.30.02:433][  0]LogTemp: Display: Loaded TP TVOSTargetPlatform
[2018.02.21-00.30.02:491][  0]LogTemp: Display: Loaded TP LinuxClientTargetPlatform
[2018.02.21-00.30.02:544][  0]LogTemp: Display: Loaded TP LinuxNoEditorTargetPlatform
[2018.02.21-00.30.02:804][  0]LogTemp: Display: Loaded TP LinuxServerTargetPlatform
[2018.02.21-00.30.02:848][  0]LogTemp: Display: Loaded TP LinuxTargetPlatform
[2018.02.21-00.30.02:848][  0]LogTargetPlatformManager: Display: Building Assets For Windows
[2018.02.21-00.30.04:431][  0]LogDerivedDataCache: Display: Max Cache Size: 512 MB
[2018.02.21-00.30.04:694][  0]LogDerivedDataCache: Loaded boot cache 0.26s 79MB C:/Users/Thomas/AppData/Local/UnrealEngine/4.18/DerivedDataCache/Boot.ddc.
[2018.02.21-00.30.04:695][  0]LogDerivedDataCache: Display: Loaded Boot cache: C:/Users/Thomas/AppData/Local/UnrealEngine/4.18/DerivedDataCache/Boot.ddc
[2018.02.21-00.30.04:695][  0]LogDerivedDataCache: FDerivedDataBackendGraph:  Pak pak cache file C:/Users/Thomas/Documents/GitHub/VR_SlaveExperience/SlaveVRExperience/DerivedDataCache/DDC.ddp not found, will not use a pak cache.
[2018.02.21-00.30.04:695][  0]LogDerivedDataCache: Unable to find inner node Pak for hierarchical cache Hierarchy.
[2018.02.21-00.30.04:695][  0]LogDerivedDataCache: FDerivedDataBackendGraph:  CompressedPak pak cache file C:/Users/Thomas/Documents/GitHub/VR_SlaveExperience/SlaveVRExperience/DerivedDataCache/Compressed.ddp not found, will not use a pak cache.
[2018.02.21-00.30.04:695][  0]LogDerivedDataCache: Unable to find inner node CompressedPak for hierarchical cache Hierarchy.
[2018.02.21-00.30.04:768][  0]LogDerivedDataCache: Display: Pak cache opened for reading ../../../Engine/DerivedDataCache/Compressed.ddp.
[2018.02.21-00.30.04:784][  0]LogDerivedDataCache: Using Local data cache path C:/Users/Thomas/AppData/Local/UnrealEngine/Common/DerivedDataCache: Writable
[2018.02.21-00.30.04:864][  0]LogMaterial: Verifying Global Shaders for PCD3D_SM5
[2018.02.21-00.30.04:953][  0]LogSlate: Using Freetype 2.6.0
[2018.02.21-00.30.05:030][  0]LogSlate: SlateFontCache - WITH_FREETYPE: 1, WITH_HARFBUZZ: 1
[2018.02.21-00.30.05:033][  0]LogSlate: SlateFontCache - WITH_FREETYPE: 1, WITH_HARFBUZZ: 1
[2018.02.21-00.30.13:148][  0]LogInit: Selected Device Profile: [Windows]
[2018.02.21-00.30.16:928][  0]LogSimplygon: Simplygon DLL not present - disabling.
[2018.02.21-00.30.16:999][  0]LogMeshReduction: Using SimplygonSwarm for distributed automatic mesh merging
[2018.02.21-00.30.17:006][  0]LogMeshReduction: Using QuadricMeshReduction for automatic static mesh reduction
[2018.02.21-00.30.17:006][  0]LogMeshReduction: No automatic skeletal mesh reduction module available
[2018.02.21-00.30.17:006][  0]LogMeshReduction: No automatic mesh merging module available
[2018.02.21-00.30.17:006][  0]LogMeshMerging: No automatic mesh merging module available
[2018.02.21-00.30.18:122][  0]LogNetVersion: SlaveVRExperience , NetCL: 3709383, EngineNetVer: 2, GameNetVer: 0 (Checksum: 4075405704)
[2018.02.21-00.30.20:889][  0]LogAssetRegistry: FAssetRegistry took 0.0815 seconds to start up
[2018.02.21-00.30.29:338][  0]LogPackageLocalizationCache: Processed 7 localized package path(s) for 2 prioritized culture(s) in 0.132800 seconds
[2018.02.21-00.30.29:390][  0]LogUObjectArray: 35900 objects as part of root set at end of initial load.
[2018.02.21-00.30.29:391][  0]LogUObjectAllocator: 7372024 out of 0 bytes used by permanent object pool.
[2018.02.21-00.30.29:391][  0]LogUObjectArray: CloseDisregardForGC: 0/0 objects in disregard for GC pool
[2018.02.21-00.30.29:466][  0]LogInit: WinSock: version 1.1 (2.2), MaxSocks=32767, MaxUdp=65467
[2018.02.21-00.30.50:836][  0]LogTcpMessaging: Initializing TcpMessaging bridge
[2018.02.21-00.30.50:947][  0]LogUdpMessaging: Initializing bridge on interface 0.0.0.0:0 to multicast group 230.0.0.1:6666.
[2018.02.21-00.30.53:711][  0]LogMaterial: Uniform references updated for custom material expression Custom.
[2018.02.21-00.30.55:122][  0]SourceControl: Source control is disabled
[2018.02.21-00.30.55:130][  0]SourceControl: Source control is disabled
[2018.02.21-00.30.55:241][  0]SourceControl: Source control is disabled
[2018.02.21-00.30.55:387][  0]SourceControl: Source control is disabled
[2018.02.21-00.30.57:782][  0]LogAndroidPermission: UAndroidPermissionCallbackProxy::GetInstance
[2018.02.21-00.30.58:142][  0]LogOcInput: OculusInput pre-init called
[2018.02.21-00.30.59:433][  0]LogEngine: Initializing Engine...
[2018.02.21-00.30.59:525][  0]LogHMD: Failed to initialize OpenVR with code 110
[2018.02.21-00.31.00:585][  0]LogStats: UGameplayTagsManager::ConstructGameplayTagTree: Construct from data asset -  0.000 s
[2018.02.21-00.31.00:586][  0]LogStats: UGameplayTagsManager::ConstructGameplayTagTree: GameplayTagTreeChangedEvent.Broadcast -  0.000 s
[2018.02.21-00.31.01:503][  0]LogAIModule: Creating AISystem for world Untitled
[2018.02.21-00.31.01:937][  0]LogInit: XAudio2 using 'Speakers (2- Logitech G933 Gaming Headset)' : 6 channels at 48 kHz using 16 bits per sample (channel mask 0x3f)
[2018.02.21-00.31.01:970][  0]LogInit: FAudioDevice initialized.
[2018.02.21-00.31.02:071][  0]LogDerivedDataCache: Saved boot cache 0.07s 79MB C:/Users/Thomas/AppData/Local/UnrealEngine/4.18/DerivedDataCache/Boot.ddc.
[2018.02.21-00.31.02:078][  0]LogInit: Texture streaming: Enabled
[2018.02.21-00.31.02:447][  0]LogEngineSessionManager: EngineSessionManager initialized
[2018.02.21-00.31.03:118][  0]LogInit: Transaction tracking system initialized
[2018.02.21-00.31.03:763][  0]BlueprintLog: New page: Editor Load
[2018.02.21-00.31.06:218][  0]LocalizationService: Localization service is disabled
[2018.02.21-00.31.09:046][  0]LogConsoleResponse: Display: 
[2018.02.21-00.31.12:231][  0]LogFileCache: Scanning file cache for directory 'C:/Users/Thomas/Documents/GitHub/VR_SlaveExperience/SlaveVRExperience/Content/' took 0.01s
[2018.02.21-00.31.12:231][  0]LogCook: Display: Max memory allowance for cook 16384mb min free memory 0mb
[2018.02.21-00.31.12:232][  0]LogCook: Display: Mobile HDR setting 1
[2018.02.21-00.31.12:258][  0]LogGameplayTags: Display: UGameplayTagsManager::DoneAddingNativeTags. DelegateIsBound: 0
[2018.02.21-00.31.17:906][  0]SourceControl: Source control is disabled
[2018.02.21-00.31.17:983][  0]Cmd: MAP LOAD FILE="C:/Users/Thomas/Documents/GitHub/VR_SlaveExperience/SlaveVRExperience/Content/Maps/Levels/Ship.umap" TEMPLATE=0 SHOWPROGRESS=1 FEATURELEVEL=3
[2018.02.21-00.31.18:010][  0]LightingResults: New page: Lighting Build
[2018.02.21-00.31.18:352][  0]MapCheck: New page: Map Check
[2018.02.21-00.31.18:352][  0]LightingResults: New page: Lighting Build
[2018.02.21-00.31.23:257][  0]LogAIModule: Creating AISystem for world Ship
[2018.02.21-00.31.25:073][  0]LogEditorServer: Finished looking for orphan Actors (0.000 secs)
[2018.02.21-00.31.25:445][  0]Cmd: MAP CHECKDEP NOCLEARLOG
[2018.02.21-00.31.25:528][  0]MapCheck: Map check complete: 0 Error(s), 0 Warning(s), took 70.729ms to complete.
[2018.02.21-00.31.25:538][  0]LogFileHelpers: Loading map 'Ship' took 7.595
[2018.02.21-00.31.29:393][  0]LogCollectionManager: Loaded 0 collections in 0.001203 seconds
[2018.02.21-00.31.29:664][  0]LogFileCache: Scanning file cache for directory 'C:/Users/Thomas/Documents/GitHub/VR_SlaveExperience/SlaveVRExperience/Saved/Collections/' took 0.01s
[2018.02.21-00.31.29:664][  0]LogFileCache: Scanning file cache for directory 'C:/Users/Thomas/Documents/GitHub/VR_SlaveExperience/SlaveVRExperience/Content/Developers/Thomas/Collections/' took 0.01s
[2018.02.21-00.31.29:664][  0]LogFileCache: Scanning file cache for directory 'C:/Users/Thomas/Documents/GitHub/VR_SlaveExperience/SlaveVRExperience/Content/Collections/' took 0.01s
[2018.02.21-00.31.29:664][  0]LogCollectionManager: Rebuilt the GUID cache for 0 collections in 0.000001 seconds
[2018.02.21-00.31.29:684][  0]LogContentBrowser: Native class hierarchy populated in 0.0181 seconds. Added 2363 classes and 519 folders.
[2018.02.21-00.31.30:108][  0]LogContentBrowser: Native class hierarchy updated for 'WidgetCarousel' in 0.0002 seconds. Added 0 classes and 0 folders.
[2018.02.21-00.31.31:822][  0]LogContentBrowser: Native class hierarchy updated for 'AddContentDialog' in 0.0002 seconds. Added 0 classes and 0 folders.
[2018.02.21-00.31.31:977][  0]LogContentBrowser: Native class hierarchy updated for 'SceneOutliner' in 0.0002 seconds. Added 1 classes and 2 folders.
[2018.02.21-00.31.33:753][  0]LogSlate: Took 0.021400 seconds to synchronously load lazily loaded font '../../../Engine/Content/Slate/Fonts/Roboto-Regular.ttf' (155K)
[2018.02.21-00.31.33:862][  0]LogSlate: Took 0.006660 seconds to synchronously load lazily loaded font '../../../Engine/Content/Slate/Fonts/Roboto-Bold.ttf' (160K)
[2018.02.21-00.31.34:321][  0]LogSlate: Took 0.004737 seconds to synchronously load lazily loaded font '../../../Engine/Content/Editor/Slate/Fonts/FontAwesome.ttf' (139K)
[2018.02.21-00.31.35:280][  0]LogRenderer: Reallocating scene render targets to support 1208x576 Format 26 NumSamples 1 (Frame:1).
[2018.02.21-00.31.37:204][  0]LogContentBrowser: Native class hierarchy updated for 'HierarchicalLODOutliner' in 0.0002 seconds. Added 1 classes and 2 folders.
[2018.02.21-00.31.37:204][  0]LogLoad: (Engine Initialization) Total time: 134.83 seconds
[2018.02.21-00.31.37:204][  0]LogLoad: (Engine Initialization) Total Blueprint compile time: 0.00 seconds
[2018.02.21-00.31.37:225][  0]LogExternalProfiler: Found external profiler: VSPerf
[2018.02.21-00.31.37:225][  0]LogExternalProfiler: Using external profiler: VSPerf
[2018.02.21-00.31.38:340][  0]LogContentStreaming: Texture pool size now 1000 MB
[2018.02.21-00.31.39:257][  1]LogSlate: Took 0.031278 seconds to synchronously load lazily loaded font '../../../Engine/Content/Slate/Fonts/Roboto-Light.ttf' (159K)
[2018.02.21-00.31.40:117][  4]LogAssetRegistry: Asset discovery search completed in 79.2511 seconds
[2018.02.21-00.31.40:173][  4]LogCollectionManager: Rebuilt the object cache for 0 collections in 0.000001 seconds (found 0 objects)
[2018.02.21-00.31.40:173][  4]LogCollectionManager: Fixed up redirectors for 0 collections in 0.003528 seconds (updated 0 objects)
[2018.02.21-00.33.18:253][158]LogSlate: Took 0.000148 seconds to synchronously load lazily loaded font '../../../Engine/Content/Slate/Fonts/Roboto-Light.ttf' (159K)
[2018.02.21-00.33.19:692][158]LogSlate: Took 0.000149 seconds to synchronously load lazily loaded font '../../../Engine/Content/Slate/Fonts/Roboto-Light.ttf' (159K)
[2018.02.21-00.33.19:720][158]LogSlate: Took 0.017563 seconds to synchronously load lazily loaded font '../../../Engine/Content/Editor/Slate/Fonts/Roboto-BoldCondensed.ttf' (158K)
[2018.02.21-00.37.17:261][515]LogContentBrowser: Native class hierarchy updated for 'BlueprintGraph' in 0.0078 seconds. Added 116 classes and 0 folders.
[2018.02.21-00.37.18:132][515]LogPackageName: SearchForPackageOnDisk took   0.000s, but failed to resolve /Game/AI/BTTask_BlueprintBase_New.
[2018.02.21-00.37.34:284][241]Cmd: OBJ SAVEPACKAGE PACKAGE="/Game/AI/BTTask_BlueprintBase_New" FILE="C:/Users/Thomas/Documents/GitHub/VR_SlaveExperience/SlaveVRExperience/Content/AI/BTTask_BlueprintBase_New.uasset" SILENT=true
[2018.02.21-00.37.34:400][241]LogSavePackage: Save=100.50ms
[2018.02.21-00.37.34:400][241]LogSavePackage: Moving 'C:/Users/Thomas/Documents/GitHub/VR_SlaveExperience/SlaveVRExperience/Saved/BTTask_BlueprintBase_New66CD63494613E5BB20D6C784D2552E33.tmp' to 'C:/Users/Thomas/Documents/GitHub/VR_SlaveExperience/SlaveVRExperience/Content/AI/BTTask_BlueprintBase_New.uasset'
[2018.02.21-00.37.34:444][241]LogSavePackage: Display: Finished SavePackage C:/Users/Thomas/Documents/GitHub/VR_SlaveExperience/SlaveVRExperience/Content/AI/BTTask_BlueprintBase_New.uasset
[2018.02.21-00.37.34:493][244]LogPackageName: SearchForPackageOnDisk took   0.000s to resolve /Game/AI/BTTask_BlueprintBase_New.
[2018.02.21-00.37.58:326][772]LogMetaData: Removing '/Game/AI/RapidMoveTo.SKEL_RapidMoveTo_C' ref from Metadata '/Game/AI/BTTask_BlueprintBase_New.PackageMetaData'
[2018.02.21-00.37.58:326][772]LogMetaData: Removing '/Game/AI/RapidMoveTo.RapidMoveTo_C' ref from Metadata '/Game/AI/BTTask_BlueprintBase_New.PackageMetaData'
[2018.02.21-00.37.58:375][772]Cmd: OBJ SAVEPACKAGE PACKAGE="/Game/AI/RapidMoveTo" FILE="C:/Users/Thomas/Documents/GitHub/VR_SlaveExperience/SlaveVRExperience/Content/AI/RapidMoveTo.uasset" SILENT=true
[2018.02.21-00.37.58:379][772]LogSavePackage: Save=2.48ms
[2018.02.21-00.37.58:379][772]LogSavePackage: Moving 'C:/Users/Thomas/Documents/GitHub/VR_SlaveExperience/SlaveVRExperience/Saved/RapidMoveTo33FE1A744147FB5CF818A881E0C9A685.tmp' to 'C:/Users/Thomas/Documents/GitHub/VR_SlaveExperience/SlaveVRExperience/Content/AI/RapidMoveTo.uasset'
[2018.02.21-00.37.58:382][772]LogSavePackage: Display: Finished SavePackage C:/Users/Thomas/Documents/GitHub/VR_SlaveExperience/SlaveVRExperience/Content/AI/RapidMoveTo.uasset
[2018.02.21-00.37.58:640][777]LogPackageName: SearchForPackageOnDisk took   0.000s to resolve /Game/AI/RapidMoveTo.
[2018.02.21-00.38.46:395][625]LogSlate: Took 0.016422 seconds to synchronously load lazily loaded font '../../../Engine/Content/Editor/Slate/Fonts/Roboto-BoldCondensedItalic.ttf' (160K)
[2018.02.21-00.41.47:073][303]LogFileHelpers: Editor autosave (incl. sublevels) for '/Game/Maps/Levels/Ship' took 0.024
[2018.02.21-00.41.47:075][303]OBJ SavePackage: Generating thumbnails for [0] asset(s) in package [/Game/AI/TestAIBehaviorTree] ([1] browsable assets)...
[2018.02.21-00.41.47:075][303]OBJ SavePackage: Finished generating thumbnails for package [/Game/AI/TestAIBehaviorTree]
[2018.02.21-00.41.47:090][303]LogSavePackage: Save=4.50ms
[2018.02.21-00.41.47:090][303]LogSavePackage: Moving 'C:/Users/Thomas/Documents/GitHub/VR_SlaveExperience/SlaveVRExperience/Saved/TestAIBehaviorTree_Auto13DE30260453700B856BEFAB1D75F787F.tmp' to 'C:/Users/Thomas/Documents/GitHub/VR_SlaveExperience/SlaveVRExperience/Saved/Autosaves/Game/AI/TestAIBehaviorTree_Auto1.uasset'
[2018.02.21-00.41.47:092][303]LogSavePackage: Display: Finished SavePackage C:/Users/Thomas/Documents/GitHub/VR_SlaveExperience/SlaveVRExperience/Saved/Autosaves/Game/AI/TestAIBehaviorTree_Auto1.uasset
[2018.02.21-00.41.47:093][303]OBJ SavePackage: Generating thumbnails for [0] asset(s) in package [/Game/AI/RapidMoveTo] ([1] browsable assets)...
[2018.02.21-00.41.47:093][303]OBJ SavePackage: Finished generating thumbnails for package [/Game/AI/RapidMoveTo]
[2018.02.21-00.41.47:104][303]LogSavePackage: Save=2.10ms
[2018.02.21-00.41.47:104][303]LogSavePackage: Moving 'C:/Users/Thomas/Documents/GitHub/VR_SlaveExperience/SlaveVRExperience/Saved/RapidMoveTo_Auto11847D59D45E2B1C382315088CAD8D046.tmp' to 'C:/Users/Thomas/Documents/GitHub/VR_SlaveExperience/SlaveVRExperience/Saved/Autosaves/Game/AI/RapidMoveTo_Auto1.uasset'
[2018.02.21-00.41.47:106][303]LogSavePackage: Display: Finished SavePackage C:/Users/Thomas/Documents/GitHub/VR_SlaveExperience/SlaveVRExperience/Saved/Autosaves/Game/AI/RapidMoveTo_Auto1.uasset
[2018.02.21-00.41.47:106][303]LogFileHelpers: Auto-saving content packages took 0.032
[2018.02.21-00.44.16:735][222]Cmd: OBJ SAVEPACKAGE PACKAGE="/Game/AI/RapidMoveTo" FILE="C:/Users/Thomas/Documents/GitHub/VR_SlaveExperience/SlaveVRExperience/Content/AI/RapidMoveTo.uasset" SILENT=true
[2018.02.21-00.44.16:750][222]LogSavePackage: Save=5.06ms
[2018.02.21-00.44.16:750][222]LogSavePackage: Moving 'C:/Users/Thomas/Documents/GitHub/VR_SlaveExperience/SlaveVRExperience/Saved/RapidMoveTo04F9084D43E7952AC7D27490BDF5BC95.tmp' to 'C:/Users/Thomas/Documents/GitHub/VR_SlaveExperience/SlaveVRExperience/Content/AI/RapidMoveTo.uasset'
[2018.02.21-00.44.16:754][222]LogSavePackage: Display: Finished SavePackage C:/Users/Thomas/Documents/GitHub/VR_SlaveExperience/SlaveVRExperience/Content/AI/RapidMoveTo.uasset
[2018.02.21-00.47.53:939][493]LogSlate: Took 0.011705 seconds to synchronously load lazily loaded font '../../../Engine/Content/Editor/Slate/Fonts/Roboto-Italic.ttf' (157K)
[2018.02.21-00.50.05:351][739]Cmd: OBJ SAVEPACKAGE PACKAGE="/Game/AI/RapidMoveTo" FILE="C:/Users/Thomas/Documents/GitHub/VR_SlaveExperience/SlaveVRExperience/Content/AI/RapidMoveTo.uasset" SILENT=true
[2018.02.21-00.50.05:374][739]LogSavePackage: Save=12.78ms
[2018.02.21-00.50.05:374][739]LogSavePackage: Moving 'C:/Users/Thomas/Documents/GitHub/VR_SlaveExperience/SlaveVRExperience/Saved/RapidMoveTo42D8783E48DD74E6852E1D8FC61B06E9.tmp' to 'C:/Users/Thomas/Documents/GitHub/VR_SlaveExperience/SlaveVRExperience/Content/AI/RapidMoveTo.uasset'
[2018.02.21-00.50.05:377][739]LogSavePackage: Display: Finished SavePackage C:/Users/Thomas/Documents/GitHub/VR_SlaveExperience/SlaveVRExperience/Content/AI/RapidMoveTo.uasset
[2018.02.21-00.51.01:970][474]LogSavePackage: Save=193.56ms
[2018.02.21-00.51.01:970][474]LogSavePackage: Moving 'C:/Users/Thomas/Documents/GitHub/VR_SlaveExperience/SlaveVRExperience/Saved/Ship890FAA6046E8AC37D27594969BDB4116.tmp' to 'C:/Users/Thomas/Documents/GitHub/VR_SlaveExperience/SlaveVRExperience/Content/Maps/Levels/Ship.umap'
[2018.02.21-00.51.01:972][474]LogSavePackage: Display: Finished SavePackage C:/Users/Thomas/Documents/GitHub/VR_SlaveExperience/SlaveVRExperience/Content/Maps/Levels/Ship.umap
[2018.02.21-00.51.02:017][474]Cmd: OBJ SAVEPACKAGE PACKAGE="/Game/Maps/Levels/Ship_BuiltData" FILE="C:/Users/Thomas/Documents/GitHub/VR_SlaveExperience/SlaveVRExperience/Content/Maps/Levels/Ship_BuiltData.uasset" SILENT=true
[2018.02.21-00.51.02:132][474]LogSavePackage: Save=102.63ms
[2018.02.21-00.51.02:132][474]LogSavePackage: Moving 'C:/Users/Thomas/Documents/GitHub/VR_SlaveExperience/SlaveVRExperience/Saved/Ship_BuiltData96DE62F942A6CD1A971B61A11C51BE32.tmp' to 'C:/Users/Thomas/Documents/GitHub/VR_SlaveExperience/SlaveVRExperience/Content/Maps/Levels/Ship_BuiltData.uasset'
[2018.02.21-00.51.02:134][474]LogSavePackage: Display: Finished SavePackage C:/Users/Thomas/Documents/GitHub/VR_SlaveExperience/SlaveVRExperience/Content/Maps/Levels/Ship_BuiltData.uasset
[2018.02.21-04.26.24:772][447]Cmd: OBJ SAVEPACKAGE PACKAGE="/Game/AI/TestAIBehaviorTree" FILE="C:/Users/Thomas/Documents/GitHub/VR_SlaveExperience/SlaveVRExperience/Content/AI/TestAIBehaviorTree.uasset" SILENT=true
[2018.02.21-04.26.24:788][447]LogSavePackage: Save=4.64ms
[2018.02.21-04.26.24:788][447]LogSavePackage: Moving 'C:/Users/Thomas/Documents/GitHub/VR_SlaveExperience/SlaveVRExperience/Saved/TestAIBehaviorTreeB85D6B06453A7EE4D8A537950B590471.tmp' to 'C:/Users/Thomas/Documents/GitHub/VR_SlaveExperience/SlaveVRExperience/Content/AI/TestAIBehaviorTree.uasset'
[2018.02.21-04.26.24:794][447]LogSavePackage: Display: Finished SavePackage C:/Users/Thomas/Documents/GitHub/VR_SlaveExperience/SlaveVRExperience/Content/AI/TestAIBehaviorTree.uasset
[2018.02.21-04.26.36:776][860]LogPackageName: SearchForPackageOnDisk took   0.000s, but failed to resolve /Game/AI/BTDecorator_BlueprintBase_New.
[2018.02.21-04.27.03:539][ 77]LogFileHelpers: Editor autosave (incl. sublevels) for '/Game/Maps/Levels/Ship' took 0.013
[2018.02.21-04.27.03:550][ 77]OBJ SavePackage: Generating thumbnails for [0] asset(s) in package [/Game/AI/BTDecorator_BlueprintBase_New] ([1] browsable assets)...
[2018.02.21-04.27.03:550][ 77]OBJ SavePackage: Finished generating thumbnails for package [/Game/AI/BTDecorator_BlueprintBase_New]
[2018.02.21-04.27.03:554][ 77]LogSavePackage: Save=2.03ms
[2018.02.21-04.27.03:554][ 77]LogSavePackage: Moving 'C:/Users/Thomas/Documents/GitHub/VR_SlaveExperience/SlaveVRExperience/Saved/BTDecorator_BlueprintBase_New_AuC30F8D5F42730ED988FAC3AB2C379A4F.tmp' to 'C:/Users/Thomas/Documents/GitHub/VR_SlaveExperience/SlaveVRExperience/Saved/Autosaves/Game/AI/BTDecorator_BlueprintBase_New_Auto2.uasset'
[2018.02.21-04.27.03:555][ 77]LogSavePackage: Display: Finished SavePackage C:/Users/Thomas/Documents/GitHub/VR_SlaveExperience/SlaveVRExperience/Saved/Autosaves/Game/AI/BTDecorator_BlueprintBase_New_Auto2.uasset
[2018.02.21-04.27.03:555][ 77]LogFileHelpers: Auto-saving content packages took 0.006
[2018.02.21-04.28.57:121][774]LogSavePackage: Save=4.28ms
[2018.02.21-04.28.57:121][774]LogSavePackage: Moving 'C:/Users/Thomas/Documents/GitHub/VR_SlaveExperience/SlaveVRExperience/Saved/BTDecorator_BlueprintBase_New322622DA4B12B2D9DFFED6B4A56CFFA4.tmp' to 'C:/Users/Thomas/Documents/GitHub/VR_SlaveExperience/SlaveVRExperience/Content/AI/BTDecorator_BlueprintBase_New.uasset'
[2018.02.21-04.28.57:125][774]LogSavePackage: Display: Finished SavePackage C:/Users/Thomas/Documents/GitHub/VR_SlaveExperience/SlaveVRExperience/Content/AI/BTDecorator_BlueprintBase_New.uasset
[2018.02.21-04.28.57:179][777]LogPackageName: SearchForPackageOnDisk took   0.000s to resolve /Game/AI/BTDecorator_BlueprintBase_New.
[2018.02.21-04.29.39:318][  4]LogMaterial: Missing cached shader map for material M_LightStage_Arrows, compiling. 
[2018.02.21-04.29.39:403][  4]LogMaterial: Missing cached shader map for material M_LightStage_Skybox_Master, compiling. 
[2018.02.21-04.29.39:412][  4]LogMaterial: Missing cached shader map for material M_LightStage_Skybox_Master, compiling. 
[2018.02.21-04.29.39:542][  4]LogSlate: Warning: Slate: Had to block on waiting for a draw buffer
[2018.02.21-04.29.39:672][  4]LogSlate: Warning: Slate: Had to block on waiting for a draw buffer
[2018.02.21-04.29.39:728][  4]LogSlate: Warning: Slate: Had to block on waiting for a draw buffer
[2018.02.21-04.29.39:771][  4]LogSlate: Warning: Slate: Had to block on waiting for a draw buffer
[2018.02.21-04.29.39:814][  4]LogSlate: Warning: Slate: Had to block on waiting for a draw buffer
[2018.02.21-04.29.39:857][  4]LogSlate: Warning: Slate: Had to block on waiting for a draw buffer
[2018.02.21-04.29.39:896][  4]LogSlate: Warning: Slate: Had to block on waiting for a draw buffer
[2018.02.21-04.29.39:935][  4]LogSlate: Warning: Slate: Had to block on waiting for a draw buffer
[2018.02.21-04.29.39:976][  4]LogSlate: Warning: Slate: Had to block on waiting for a draw buffer
[2018.02.21-04.29.40:015][  4]LogSlate: Warning: Slate: Had to block on waiting for a draw buffer
[2018.02.21-04.29.40:054][  4]LogSlate: Warning: Slate: Had to block on waiting for a draw buffer
[2018.02.21-04.29.40:094][  4]LogSlate: Warning: Slate: Had to block on waiting for a draw buffer
[2018.02.21-04.29.40:133][  4]LogSlate: Warning: Slate: Had to block on waiting for a draw buffer
[2018.02.21-04.29.40:181][  4]LogSlate: Took 0.000148 seconds to synchronously load lazily loaded font '../../../Engine/Content/Slate/Fonts/Roboto-Regular.ttf' (155K)
[2018.02.21-04.29.40:182][  4]LogSlate: Warning: Slate: Had to block on waiting for a draw buffer
[2018.02.21-04.29.40:227][  4]LogSlate: Warning: Slate: Had to block on waiting for a draw buffer
[2018.02.21-04.29.40:227][  4]LogSavePackage: Save=737.56ms
[2018.02.21-04.29.40:249][  4]LogSavePackage: Moving 'C:/Users/Thomas/Documents/GitHub/VR_SlaveExperience/SlaveVRExperience/Saved/BP_LightStudio4569A333468D2F8EC99F559EAA2DFF10.tmp' to 'C:/Users/Thomas/Documents/GitHub/VR_SlaveExperience/SlaveVRExperience/Content/StarterContent/Blueprints/BP_LightStudio.uasset'
[2018.02.21-04.29.40:270][  4]LogSlate: Warning: Slate: Had to block on waiting for a draw buffer
[2018.02.21-04.29.40:311][  4]LogSlate: Warning: Slate: Had to block on waiting for a draw buffer
[2018.02.21-04.29.40:312][  4]LogSavePackage: Display: Finished SavePackage C:/Users/Thomas/Documents/GitHub/VR_SlaveExperience/SlaveVRExperience/Content/StarterContent/Blueprints/BP_LightStudio.uasset
[2018.02.21-04.29.40:440][  5]LogMaterial: Missing cached shader map for material M_Lamp, compiling. 
[2018.02.21-04.29.40:592][  5]LogSlate: Warning: Slate: Had to block on waiting for a draw buffer
[2018.02.21-04.29.40:642][  5]LogSlate: Warning: Slate: Had to block on waiting for a draw buffer
[2018.02.21-04.29.40:693][  5]LogSlate: Warning: Slate: Had to block on waiting for a draw buffer
[2018.02.21-04.29.40:750][  5]LogSlate: Warning: Slate: Had to block on waiting for a draw buffer
[2018.02.21-04.29.40:807][  5]LogSlate: Warning: Slate: Had to block on waiting for a draw buffer
[2018.02.21-04.29.40:865][  5]LogSlate: Warning: Slate: Had to block on waiting for a draw buffer
[2018.02.21-04.29.40:922][  5]LogSlate: Warning: Slate: Had to block on waiting for a draw buffer
[2018.02.21-04.29.40:979][  5]LogSlate: Warning: Slate: Had to block on waiting for a draw buffer
[2018.02.21-04.29.41:037][  5]LogSlate: Warning: Slate: Had to block on waiting for a draw buffer
[2018.02.21-04.29.41:095][  5]LogSlate: Warning: Slate: Had to block on waiting for a draw buffer
[2018.02.21-04.29.41:153][  5]LogSlate: Warning: Slate: Had to block on waiting for a draw buffer
[2018.02.21-04.29.41:212][  5]LogSlate: Warning: Slate: Had to block on waiting for a draw buffer
[2018.02.21-04.29.41:269][  5]LogSlate: Warning: Slate: Had to block on waiting for a draw buffer
[2018.02.21-04.29.41:330][  5]LogSlate: Warning: Slate: Had to block on waiting for a draw buffer
[2018.02.21-04.29.41:362][  5]LogSavePackage: Save=848.49ms
[2018.02.21-04.29.41:390][  5]LogSlate: Warning: Slate: Had to block on waiting for a draw buffer
[2018.02.21-04.29.41:390][  5]LogSavePackage: Moving 'C:/Users/Thomas/Documents/GitHub/VR_SlaveExperience/SlaveVRExperience/Saved/Blueprint_CeilingLight15AD74974DB05B8B0A7C3FAA890BE499.tmp' to 'C:/Users/Thomas/Documents/GitHub/VR_SlaveExperience/SlaveVRExperience/Content/StarterContent/Blueprints/Blueprint_CeilingLight.uasset'
[2018.02.21-04.29.41:451][  5]LogSlate: Warning: Slate: Had to block on waiting for a draw buffer
[2018.02.21-04.29.41:480][  5]LogSavePackage: Display: Finished SavePackage C:/Users/Thomas/Documents/GitHub/VR_SlaveExperience/SlaveVRExperience/Content/StarterContent/Blueprints/Blueprint_CeilingLight.uasset
[2018.02.21-04.29.41:574][  6]LogSlate: Warning: Slate: Had to block on waiting for a draw buffer
[2018.02.21-04.29.41:684][  6]LogMaterial: Missing cached shader map for material M_smoke_subUV, compiling. 
[2018.02.21-04.29.41:847][  6]LogMaterial: Missing cached shader map for material m_flare_01, compiling. 
[2018.02.21-04.29.41:892][  6]LogMaterial: Missing cached shader map for material M_radial_ramp, compiling. 
[2018.02.21-04.29.41:928][  6]LogMaterial: Missing cached shader map for material M_explosion_subUV, compiling. 
[2018.02.21-04.29.41:959][  6]LogMaterial: Missing cached shader map for material M_Burst, compiling. 
[2018.02.21-04.29.42:112][  6]LogSlate: Warning: Slate: Had to block on waiting for a draw buffer
[2018.02.21-04.29.42:171][  6]LogSlate: Warning: Slate: Had to block on waiting for a draw buffer
[2018.02.21-04.29.42:232][  6]LogSlate: Warning: Slate: Had to block on waiting for a draw buffer
[2018.02.21-04.29.42:291][  6]LogSlate: Warning: Slate: Had to block on waiting for a draw buffer
[2018.02.21-04.29.42:346][  6]LogSlate: Warning: Slate: Had to block on waiting for a draw buffer
[2018.02.21-04.29.42:407][  6]LogSlate: Warning: Slate: Had to block on waiting for a draw buffer
[2018.02.21-04.29.42:468][  6]LogSlate: Warning: Slate: Had to block on waiting for a draw buffer
[2018.02.21-04.29.42:527][  6]LogSlate: Warning: Slate: Had to block on waiting for a draw buffer
[2018.02.21-04.29.42:584][  6]LogSlate: Warning: Slate: Had to block on waiting for a draw buffer
[2018.02.21-04.29.42:640][  6]LogSlate: Warning: Slate: Had to block on waiting for a draw buffer
[2018.02.21-04.29.42:701][  6]LogSlate: Warning: Slate: Had to block on waiting for a draw buffer
[2018.02.21-04.29.42:760][  6]LogSlate: Warning: Slate: Had to block on waiting for a draw buffer
[2018.02.21-04.29.42:817][  6]LogSlate: Warning: Slate: Had to block on waiting for a draw buffer
[2018.02.21-04.29.42:875][  6]LogSlate: Warning: Slate: Had to block on waiting for a draw buffer
[2018.02.21-04.29.42:905][  6]LogSavePackage: Save=872.68ms
[2018.02.21-04.29.42:936][  6]LogSlate: Warning: Slate: Had to block on waiting for a draw buffer
[2018.02.21-04.29.42:936][  6]LogSavePackage: Moving 'C:/Users/Thomas/Documents/GitHub/VR_SlaveExperience/SlaveVRExperience/Saved/Blueprint_Effect_ExplosionBBD3E9A041CC7114E5E46FBA41186C8A.tmp' to 'C:/Users/Thomas/Documents/GitHub/VR_SlaveExperience/SlaveVRExperience/Content/StarterContent/Blueprints/Blueprint_Effect_Explosion.uasset'
[2018.02.21-04.29.42:997][  6]LogSlate: Warning: Slate: Had to block on waiting for a draw buffer
[2018.02.21-04.29.43:026][  6]LogSavePackage: Display: Finished SavePackage C:/Users/Thomas/Documents/GitHub/VR_SlaveExperience/SlaveVRExperience/Content/StarterContent/Blueprints/Blueprint_Effect_Explosion.uasset
[2018.02.21-04.29.43:122][  7]LogSlate: Warning: Slate: Had to block on waiting for a draw buffer
[2018.02.21-04.29.43:210][  7]LogMaterial: Missing cached shader map for material M_Radial_Gradient, compiling. 
[2018.02.21-04.29.43:243][  7]LogMaterial: Missing cached shader map for material M_Fire_SubUV, compiling. 
[2018.02.21-04.29.43:270][  7]LogMaterial: Missing cached shader map for material M_Heat_Distortion, compiling. 
[2018.02.21-04.29.43:413][  7]LogSlate: Warning: Slate: Had to block on waiting for a draw buffer
[2018.02.21-04.29.43:474][  7]LogSlate: Warning: Slate: Had to block on waiting for a draw buffer
[2018.02.21-04.29.43:533][  7]LogSlate: Warning: Slate: Had to block on waiting for a draw buffer
[2018.02.21-04.29.43:593][  7]LogSlate: Warning: Slate: Had to block on waiting for a draw buffer
[2018.02.21-04.29.43:653][  7]LogSlate: Warning: Slate: Had to block on waiting for a draw buffer
[2018.02.21-04.29.43:711][  7]LogSlate: Warning: Slate: Had to block on waiting for a draw buffer
[2018.02.21-04.29.43:770][  7]LogSlate: Warning: Slate: Had to block on waiting for a draw buffer
[2018.02.21-04.29.43:831][  7]LogSlate: Warning: Slate: Had to block on waiting for a draw buffer
[2018.02.21-04.29.43:888][  7]LogSlate: Warning: Slate: Had to block on waiting for a draw buffer
[2018.02.21-04.29.43:948][  7]LogSlate: Warning: Slate: Had to block on waiting for a draw buffer
[2018.02.21-04.29.44:005][  7]LogSlate: Warning: Slate: Had to block on waiting for a draw buffer
[2018.02.21-04.29.44:064][  7]LogSlate: Warning: Slate: Had to block on waiting for a draw buffer
[2018.02.21-04.29.44:124][  7]LogSlate: Warning: Slate: Had to block on waiting for a draw buffer
[2018.02.21-04.29.44:181][  7]LogSlate: Warning: Slate: Had to block on waiting for a draw buffer
[2018.02.21-04.29.44:212][  7]LogSavePackage: Save=880.14ms
[2018.02.21-04.29.44:243][  7]LogSlate: Warning: Slate: Had to block on waiting for a draw buffer
[2018.02.21-04.29.44:244][  7]LogSavePackage: Moving 'C:/Users/Thomas/Documents/GitHub/VR_SlaveExperience/SlaveVRExperience/Saved/Blueprint_Effect_FireF0FBABA64F957D4127750D8BF1137058.tmp' to 'C:/Users/Thomas/Documents/GitHub/VR_SlaveExperience/SlaveVRExperience/Content/StarterContent/Blueprints/Blueprint_Effect_Fire.uasset'
[2018.02.21-04.29.44:304][  7]LogSlate: Warning: Slate: Had to block on waiting for a draw buffer
[2018.02.21-04.29.44:332][  7]LogSavePackage: Display: Finished SavePackage C:/Users/Thomas/Documents/GitHub/VR_SlaveExperience/SlaveVRExperience/Content/StarterContent/Blueprints/Blueprint_Effect_Fire.uasset
[2018.02.21-04.29.44:639][  8]LogSlate: Warning: Slate: Had to block on waiting for a draw buffer
[2018.02.21-04.29.44:732][  8]LogSlate: Warning: Slate: Had to block on waiting for a draw buffer
[2018.02.21-04.29.44:825][  8]LogSlate: Warning: Slate: Had to block on waiting for a draw buffer
[2018.02.21-04.29.44:916][  8]LogSlate: Warning: Slate: Had to block on waiting for a draw buffer
[2018.02.21-04.29.45:007][  8]LogSlate: Warning: Slate: Had to block on waiting for a draw buffer
[2018.02.21-04.29.45:093][  8]LogSlate: Warning: Slate: Had to block on waiting for a draw buffer
[2018.02.21-04.29.45:179][  8]LogSlate: Warning: Slate: Had to block on waiting for a draw buffer
[2018.02.21-04.29.45:270][  8]LogSlate: Warning: Slate: Had to block on waiting for a draw buffer
[2018.02.21-04.29.45:359][  8]LogSlate: Warning: Slate: Had to block on waiting for a draw buffer
[2018.02.21-04.29.45:448][  8]LogSlate: Warning: Slate: Had to block on waiting for a draw buffer
[2018.02.21-04.29.45:543][  8]LogSlate: Warning: Slate: Had to block on waiting for a draw buffer
[2018.02.21-04.29.45:638][  8]LogSlate: Warning: Slate: Had to block on waiting for a draw buffer
[2018.02.21-04.29.45:738][  8]LogSlate: Warning: Slate: Had to block on waiting for a draw buffer
[2018.02.21-04.29.45:831][  8]LogSlate: Warning: Slate: Had to block on waiting for a draw buffer
[2018.02.21-04.29.45:876][  8]LogSavePackage: Save=1356.37ms
[2018.02.21-04.29.45:923][  8]LogSlate: Warning: Slate: Had to block on waiting for a draw buffer
[2018.02.21-04.29.45:923][  8]LogSavePackage: Moving 'C:/Users/Thomas/Documents/GitHub/VR_SlaveExperience/SlaveVRExperience/Saved/Blueprint_Effect_SmokeA828113240F9AEC68D62D9BBD79F6AB3.tmp' to 'C:/Users/Thomas/Documents/GitHub/VR_SlaveExperience/SlaveVRExperience/Content/StarterContent/Blueprints/Blueprint_Effect_Smoke.uasset'
[2018.02.21-04.29.46:012][  8]LogSlate: Warning: Slate: Had to block on waiting for a draw buffer
[2018.02.21-04.29.46:054][  8]LogSavePackage: Display: Finished SavePackage C:/Users/Thomas/Documents/GitHub/VR_SlaveExperience/SlaveVRExperience/Content/StarterContent/Blueprints/Blueprint_Effect_Smoke.uasset
[2018.02.21-04.29.46:176][  9]LogSlate: Warning: Slate: Had to block on waiting for a draw buffer
[2018.02.21-04.29.46:229][  9]LogMaterial: Missing cached shader map for material M_Spark, compiling. 
[2018.02.21-04.29.46:404][  9]LogSlate: Warning: Slate: Had to block on waiting for a draw buffer
[2018.02.21-04.29.46:494][  9]LogSlate: Warning: Slate: Had to block on waiting for a draw buffer
[2018.02.21-04.29.46:580][  9]LogSlate: Warning: Slate: Had to block on waiting for a draw buffer
[2018.02.21-04.29.46:669][  9]LogSlate: Warning: Slate: Had to block on waiting for a draw buffer
[2018.02.21-04.29.46:753][  9]LogSlate: Warning: Slate: Had to block on waiting for a draw buffer
[2018.02.21-04.29.46:842][  9]LogSlate: Warning: Slate: Had to block on waiting for a draw buffer
[2018.02.21-04.29.46:929][  9]LogSlate: Warning: Slate: Had to block on waiting for a draw buffer
[2018.02.21-04.29.47:015][  9]LogSlate: Warning: Slate: Had to block on waiting for a draw buffer
[2018.02.21-04.29.47:102][  9]LogSlate: Warning: Slate: Had to block on waiting for a draw buffer
[2018.02.21-04.29.47:189][  9]LogSlate: Warning: Slate: Had to block on waiting for a draw buffer
[2018.02.21-04.29.47:280][  9]LogSlate: Warning: Slate: Had to block on waiting for a draw buffer
[2018.02.21-04.29.47:369][  9]LogSlate: Warning: Slate: Had to block on waiting for a draw buffer
[2018.02.21-04.29.47:459][  9]LogSlate: Warning: Slate: Had to block on waiting for a draw buffer
[2018.02.21-04.29.47:546][  9]LogSlate: Warning: Slate: Had to block on waiting for a draw buffer
[2018.02.21-04.29.47:593][  9]LogSavePackage: Save=1301.81ms
[2018.02.21-04.29.47:638][  9]LogSlate: Warning: Slate: Had to block on waiting for a draw buffer
[2018.02.21-04.29.47:638][  9]LogSavePackage: Moving 'C:/Users/Thomas/Documents/GitHub/VR_SlaveExperience/SlaveVRExperience/Saved/Blueprint_Effect_Sparks8153F2484AA2B1599E57B59EDC2C0D8E.tmp' to 'C:/Users/Thomas/Documents/GitHub/VR_SlaveExperience/SlaveVRExperience/Content/StarterContent/Blueprints/Blueprint_Effect_Sparks.uasset'
[2018.02.21-04.29.47:721][  9]LogSlate: Warning: Slate: Had to block on waiting for a draw buffer
[2018.02.21-04.29.47:764][  9]LogSavePackage: Display: Finished SavePackage C:/Users/Thomas/Documents/GitHub/VR_SlaveExperience/SlaveVRExperience/Content/StarterContent/Blueprints/Blueprint_Effect_Sparks.uasset
[2018.02.21-04.29.47:887][ 10]LogSlate: Warning: Slate: Had to block on waiting for a draw buffer
[2018.02.21-04.29.48:057][ 10]LogSlate: Warning: Slate: Had to block on waiting for a draw buffer
[2018.02.21-04.29.48:146][ 10]LogSlate: Warning: Slate: Had to block on waiting for a draw buffer
[2018.02.21-04.29.48:233][ 10]LogSlate: Warning: Slate: Had to block on waiting for a draw buffer
[2018.02.21-04.29.48:316][ 10]LogSlate: Warning: Slate: Had to block on waiting for a draw buffer
[2018.02.21-04.29.48:399][ 10]LogSlate: Warning: Slate: Had to block on waiting for a draw buffer
[2018.02.21-04.29.48:488][ 10]LogSlate: Warning: Slate: Had to block on waiting for a draw buffer
[2018.02.21-04.29.48:572][ 10]LogSlate: Warning: Slate: Had to block on waiting for a draw buffer
[2018.02.21-04.29.48:660][ 10]LogSlate: Warning: Slate: Had to block on waiting for a draw buffer
[2018.02.21-04.29.48:748][ 10]LogSlate: Warning: Slate: Had to block on waiting for a draw buffer
[2018.02.21-04.29.48:837][ 10]LogSlate: Warning: Slate: Had to block on waiting for a draw buffer
[2018.02.21-04.29.48:928][ 10]LogSlate: Warning: Slate: Had to block on waiting for a draw buffer
[2018.02.21-04.29.49:016][ 10]LogSlate: Warning: Slate: Had to block on waiting for a draw buffer
[2018.02.21-04.29.49:106][ 10]LogSlate: Warning: Slate: Had to block on waiting for a draw buffer
[2018.02.21-04.29.49:195][ 10]LogSlate: Warning: Slate: Had to block on waiting for a draw buffer
[2018.02.21-04.29.49:243][ 10]LogSavePackage: Save=1294.81ms
[2018.02.21-04.29.49:284][ 10]LogSlate: Warning: Slate: Had to block on waiting for a draw buffer
[2018.02.21-04.29.49:284][ 10]LogSavePackage: Moving 'C:/Users/Thomas/Documents/GitHub/VR_SlaveExperience/SlaveVRExperience/Saved/Blueprint_Effect_Steam2C4531334678305F01855BB2BF83F3F4.tmp' to 'C:/Users/Thomas/Documents/GitHub/VR_SlaveExperience/SlaveVRExperience/Content/StarterContent/Blueprints/Blueprint_Effect_Steam.uasset'
[2018.02.21-04.29.49:375][ 10]LogSlate: Warning: Slate: Had to block on waiting for a draw buffer
[2018.02.21-04.29.49:419][ 10]LogSavePackage: Display: Finished SavePackage C:/Users/Thomas/Documents/GitHub/VR_SlaveExperience/SlaveVRExperience/Content/StarterContent/Blueprints/Blueprint_Effect_Steam.uasset
[2018.02.21-04.29.49:539][ 11]LogSlate: Warning: Slate: Had to block on waiting for a draw buffer
[2018.02.21-04.29.49:698][ 11]LogSlate: Warning: Slate: Had to block on waiting for a draw buffer
[2018.02.21-04.29.49:782][ 11]LogSlate: Warning: Slate: Had to block on waiting for a draw buffer
[2018.02.21-04.29.49:869][ 11]LogSlate: Warning: Slate: Had to block on waiting for a draw buffer
[2018.02.21-04.29.49:956][ 11]LogSlate: Warning: Slate: Had to block on waiting for a draw buffer
[2018.02.21-04.29.50:035][ 11]LogSlate: Warning: Slate: Had to block on waiting for a draw buffer
[2018.02.21-04.29.50:121][ 11]LogSlate: Warning: Slate: Had to block on waiting for a draw buffer
[2018.02.21-04.29.50:207][ 11]LogSlate: Warning: Slate: Had to block on waiting for a draw buffer
[2018.02.21-04.29.50:294][ 11]LogSlate: Warning: Slate: Had to block on waiting for a draw buffer
[2018.02.21-04.29.50:380][ 11]LogSlate: Warning: Slate: Had to block on waiting for a draw buffer
[2018.02.21-04.29.50:467][ 11]LogSlate: Warning: Slate: Had to block on waiting for a draw buffer
[2018.02.21-04.29.50:558][ 11]LogSlate: Warning: Slate: Had to block on waiting for a draw buffer
[2018.02.21-04.29.50:647][ 11]LogSlate: Warning: Slate: Had to block on waiting for a draw buffer
[2018.02.21-04.29.50:732][ 11]LogSlate: Warning: Slate: Had to block on waiting for a draw buffer
[2018.02.21-04.29.50:830][ 11]LogSlate: Warning: Slate: Had to block on waiting for a draw buffer
[2018.02.21-04.29.50:879][ 11]LogSavePackage: Save=1289.01ms
[2018.02.21-04.29.50:928][ 11]LogSlate: Warning: Slate: Had to block on waiting for a draw buffer
[2018.02.21-04.29.50:928][ 11]LogSavePackage: Moving 'C:/Users/Thomas/Documents/GitHub/VR_SlaveExperience/SlaveVRExperience/Saved/Blueprint_WallSconceDC96BADE434201358AF0399F253CF4FD.tmp' to 'C:/Users/Thomas/Documents/GitHub/VR_SlaveExperience/SlaveVRExperience/Content/StarterContent/Blueprints/Blueprint_WallSconce.uasset'
[2018.02.21-04.29.51:013][ 11]LogSlate: Warning: Slate: Had to block on waiting for a draw buffer
[2018.02.21-04.29.51:058][ 11]LogSavePackage: Display: Finished SavePackage C:/Users/Thomas/Documents/GitHub/VR_SlaveExperience/SlaveVRExperience/Content/StarterContent/Blueprints/Blueprint_WallSconce.uasset
[2018.02.21-04.29.51:195][ 12]LogSlate: Warning: Slate: Had to block on waiting for a draw buffer
