Log file open, 04/11/18 17:33:52
LogWindows: Failed to load 'aqProf.dll' (GetLastError=126)
LogWindows: File 'aqProf.dll' does not exist
LogWindows: Failed to load 'VtuneApi.dll' (GetLastError=126)
LogWindows: File 'VtuneApi.dll' does not exist
LogWindows: Failed to load 'VtuneApi32e.dll' (GetLastError=126)
LogWindows: File 'VtuneApi32e.dll' does not exist
LogInit: Display: Running engine for game: SlaveVRExperience
LogPlatformFile: Not using cached read wrapper
LogInit: Display: RandInit(-571719640) SRandInit(-571719640).
LogInit: Read version file with build ID '3709383'
LogInit: Overriding engine version to CL 3832480, compatible CL 3709383
LogInit: Registered custom module enumerator with build ID '3709383'
LogTaskGraph: Started task graph with 5 named threads and 14 total threads with 3 sets of task threads.
LogStats: Stats thread started at 0.171518
LogD3D11RHI: Aftermath initialized
LogPluginManager: Mounting plugin Paper2D
LogPluginManager: Mounting plugin LightPropagationVolume
LogPluginManager: Mounting plugin CodeLiteSourceCodeAccess
LogPluginManager: Mounting plugin GitSourceControl
LogPluginManager: Mounting plugin KDevelopSourceCodeAccess
LogPluginManager: Mounting plugin NullSourceCodeAccess
LogPluginManager: Mounting plugin PerforceSourceControl
LogPluginManager: Mounting plugin SubversionSourceControl
LogPluginManager: Mounting plugin UObjectPlugin
LogPluginManager: Mounting plugin VisualStudioCodeSourceCodeAccess
LogPluginManager: Mounting plugin VisualStudioSourceCodeAccess
LogPluginManager: Mounting plugin XCodeSourceCodeAccess
LogPluginManager: Mounting plugin AssetManagerEditor
LogPluginManager: Mounting plugin AudioCapture
LogPluginManager: Mounting plugin FacialAnimation
LogPluginManager: Mounting plugin GameplayTagsEditor
LogPluginManager: Mounting plugin MobileLauncherProfileWizard
LogPluginManager: Mounting plugin PluginBrowser
LogPluginManager: Mounting plugin SpeedTreeImporter
LogPluginManager: Mounting plugin AlembicImporter
LogPluginManager: Mounting plugin CharacterAI
LogPluginManager: Mounting plugin HTML5Networking
LogPluginManager: Mounting plugin AndroidMedia
LogPluginManager: Mounting plugin AvfMedia
LogPluginManager: Mounting plugin ImgMedia
LogPluginManager: Mounting plugin MediaCompositing
LogPluginManager: Mounting plugin MediaPlayerEditor
LogPluginManager: Mounting plugin WmfMedia
LogPluginManager: Mounting plugin TcpMessaging
LogPluginManager: Mounting plugin UdpMessaging
LogPluginManager: Mounting plugin ActorSequence
LogPluginManager: Mounting plugin LevelSequenceEditor
LogPluginManager: Mounting plugin MatineeToLevelSequence
LogPluginManager: Mounting plugin OnlineSubsystemGooglePlay
LogPluginManager: Mounting plugin OnlineSubsystemIOS
LogPluginManager: Mounting plugin OnlineSubsystem
LogPluginManager: Mounting plugin OnlineSubsystemNull
LogPluginManager: Mounting plugin OnlineSubsystemUtils
LogPluginManager: Mounting plugin AndroidDeviceProfileSelector
LogPluginManager: Mounting plugin AndroidMoviePlayer
LogPluginManager: Mounting plugin AndroidPermission
LogPluginManager: Mounting plugin AppleARKit
LogPluginManager: Mounting plugin AppleMoviePlayer
LogPluginManager: Mounting plugin ArchVisCharacter
LogPluginManager: Mounting plugin CableComponent
LogPluginManager: Mounting plugin CustomMeshComponent
LogPluginManager: Mounting plugin ExampleDeviceProfileSelector
LogPluginManager: Mounting plugin GoogleCloudMessaging
LogPluginManager: Mounting plugin ImmediatePhysics
LogPluginManager: Mounting plugin IOSDeviceProfileSelector
LogPluginManager: Mounting plugin LinuxDeviceProfileSelector
LogPluginManager: Mounting plugin LocationServicesBPLibrary
LogPluginManager: Mounting plugin MobilePatchingUtils
LogPluginManager: Mounting plugin OculusVR
LogPluginManager: Plugin shader directory ../../../Engine/Plugins/Runtime/Oculus/OculusVR/Shaders found
LogPluginManager: Mapping shader source directory ../../../Engine/Plugins/Runtime/Oculus/OculusVR/Shaders to virtual directory /Plugin/OculusVR
LogPluginManager: Mounting plugin PhysXVehicles
LogPluginManager: Mounting plugin ProceduralMeshComponent
LogPluginManager: Mounting plugin RuntimePhysXCooking
LogPluginManager: Mounting plugin SteamVR
LogPluginManager: Mounting plugin WindowsMoviePlayer
LogModuleManager: Display: Found up-to-date module file ../../../../../GitHub/VR_SlaveExperience/SlaveVRExperience/Binaries/Win64/UE4Editor-SlaveVRExperience.dll (API version 3709383).
LogModuleManager: Display: Found up-to-date module file ../../../Engine/Plugins/2D/Paper2D/Binaries/Win64/UE4Editor-Paper2D.dll (API version 3709383).
LogModuleManager: Display: Found up-to-date module file ../../../Engine/Plugins/2D/Paper2D/Binaries/Win64/UE4Editor-Paper2DEditor.dll (API version 3709383).
LogModuleManager: Display: Found up-to-date module file ../../../Engine/Plugins/2D/Paper2D/Binaries/Win64/UE4Editor-PaperSpriteSheetImporter.dll (API version 3709383).
LogModuleManager: Display: Found up-to-date module file ../../../Engine/Plugins/2D/Paper2D/Binaries/Win64/UE4Editor-PaperTiledImporter.dll (API version 3709383).
LogModuleManager: Display: Found up-to-date module file ../../../Engine/Plugins/2D/Paper2D/Binaries/Win64/UE4Editor-SmartSnapping.dll (API version 3709383).
LogModuleManager: Display: Found up-to-date module file ../../../Engine/Plugins/Blendables/LightPropagationVolume/Binaries/Win64/UE4Editor-LightPropagationVolumeRuntime.dll (API version 3709383).
LogModuleManager: Display: Found up-to-date module file ../../../Engine/Plugins/Blendables/LightPropagationVolume/Binaries/Win64/UE4Editor-LightPropagationVolumeEditor.dll (API version 3709383).
LogModuleManager: Display: Found up-to-date module file ../../../Engine/Plugins/Developer/GitSourceControl/Binaries/Win64/UE4Editor-GitSourceControl.dll (API version 3709383).
LogModuleManager: Display: Found up-to-date module file ../../../Engine/Plugins/Developer/PerforceSourceControl/Binaries/Win64/UE4Editor-PerforceSourceControl.dll (API version 3709383).
LogModuleManager: Display: Found up-to-date module file ../../../Engine/Plugins/Developer/SubversionSourceControl/Binaries/Win64/UE4Editor-SubversionSourceControl.dll (API version 3709383).
LogModuleManager: Display: Found up-to-date module file ../../../Engine/Plugins/Developer/UObjectPlugin/Binaries/Win64/UE4Editor-UObjectPlugin.dll (API version 3709383).
LogModuleManager: Display: Found up-to-date module file ../../../Engine/Plugins/Developer/VisualStudioCodeSourceCodeAccess/Binaries/Win64/UE4Editor-VisualStudioCodeSourceCodeAccess.dll (API version 3709383).
LogModuleManager: Display: Found up-to-date module file ../../../Engine/Plugins/Developer/VisualStudioSourceCodeAccess/Binaries/Win64/UE4Editor-VisualStudioSourceCodeAccess.dll (API version 3709383).
LogModuleManager: Display: Found up-to-date module file ../../../Engine/Plugins/Editor/AssetManagerEditor/Binaries/Win64/UE4Editor-AssetManagerEditor.dll (API version 3709383).
LogModuleManager: Display: Found up-to-date module file ../../../Engine/Plugins/Editor/AudioCapture/Binaries/Win64/UE4Editor-AudioCapture.dll (API version 3709383).
LogModuleManager: Display: Found up-to-date module file ../../../Engine/Plugins/Editor/FacialAnimation/Binaries/Win64/UE4Editor-FacialAnimation.dll (API version 3709383).
LogModuleManager: Display: Found up-to-date module file ../../../Engine/Plugins/Editor/FacialAnimation/Binaries/Win64/UE4Editor-FacialAnimationEditor.dll (API version 3709383).
LogModuleManager: Display: Found up-to-date module file ../../../Engine/Plugins/Editor/GameplayTagsEditor/Binaries/Win64/UE4Editor-GameplayTagsEditor.dll (API version 3709383).
LogModuleManager: Display: Found up-to-date module file ../../../Engine/Plugins/Editor/MobileLauncherProfileWizard/Binaries/Win64/UE4Editor-MobileLauncherProfileWizard.dll (API version 3709383).
LogModuleManager: Display: Found up-to-date module file ../../../Engine/Plugins/Editor/PluginBrowser/Binaries/Win64/UE4Editor-PluginBrowser.dll (API version 3709383).
LogModuleManager: Display: Found up-to-date module file ../../../Engine/Plugins/Editor/SpeedTreeImporter/Binaries/Win64/UE4Editor-SpeedTreeImporter.dll (API version 3709383).
LogModuleManager: Display: Found up-to-date module file ../../../Engine/Plugins/Experimental/AlembicImporter/Binaries/Win64/UE4Editor-AlembicImporter.dll (API version 3709383).
LogModuleManager: Display: Found up-to-date module file ../../../Engine/Plugins/Experimental/AlembicImporter/Binaries/Win64/UE4Editor-AlembicLibrary.dll (API version 3709383).
LogModuleManager: Display: Found up-to-date module file ../../../Engine/Plugins/Experimental/CharacterAI/Binaries/Win64/UE4Editor-CharacterAI.dll (API version 3709383).
LogModuleManager: Display: Found up-to-date module file ../../../Engine/Plugins/Experimental/HTML5Networking/Binaries/Win64/UE4Editor-HTML5Networking.dll (API version 3709383).
LogModuleManager: Display: Found up-to-date module file ../../../Engine/Plugins/Media/AndroidMedia/Binaries/Win64/UE4Editor-AndroidMediaEditor.dll (API version 3709383).
LogModuleManager: Display: Found up-to-date module file ../../../Engine/Plugins/Media/AndroidMedia/Binaries/Win64/UE4Editor-AndroidMediaFactory.dll (API version 3709383).
LogModuleManager: Display: Found up-to-date module file ../../../Engine/Plugins/Media/AvfMedia/Binaries/Win64/UE4Editor-AvfMediaEditor.dll (API version 3709383).
LogModuleManager: Display: Found up-to-date module file ../../../Engine/Plugins/Media/AvfMedia/Binaries/Win64/UE4Editor-AvfMediaFactory.dll (API version 3709383).
LogModuleManager: Display: Found up-to-date module file ../../../Engine/Plugins/Media/AvfMedia/Binaries/Win64/UE4Editor-AvfMediaFactory.dll (API version 3709383).
LogModuleManager: Display: Found up-to-date module file ../../../Engine/Plugins/Media/ImgMedia/Binaries/Win64/UE4Editor-ImgMedia.dll (API version 3709383).
LogModuleManager: Display: Found up-to-date module file ../../../Engine/Plugins/Media/ImgMedia/Binaries/Win64/UE4Editor-ImgMediaEditor.dll (API version 3709383).
LogModuleManager: Display: Found up-to-date module file ../../../Engine/Plugins/Media/ImgMedia/Binaries/Win64/UE4Editor-ImgMediaFactory.dll (API version 3709383).
LogModuleManager: Display: Found up-to-date module file ../../../Engine/Plugins/Media/ImgMedia/Binaries/Win64/UE4Editor-ImgMediaFactory.dll (API version 3709383).
LogModuleManager: Display: Found up-to-date module file ../../../Engine/Plugins/Media/ImgMedia/Binaries/Win64/UE4Editor-OpenExrWrapper.dll (API version 3709383).
LogModuleManager: Display: Found up-to-date module file ../../../Engine/Plugins/Media/MediaCompositing/Binaries/Win64/UE4Editor-MediaCompositing.dll (API version 3709383).
LogModuleManager: Display: Found up-to-date module file ../../../Engine/Plugins/Media/MediaCompositing/Binaries/Win64/UE4Editor-MediaCompositingEditor.dll (API version 3709383).
LogModuleManager: Display: Found up-to-date module file ../../../Engine/Plugins/Media/MediaPlayerEditor/Binaries/Win64/UE4Editor-MediaPlayerEditor.dll (API version 3709383).
LogModuleManager: Display: Found up-to-date module file ../../../Engine/Plugins/Media/WmfMedia/Binaries/Win64/UE4Editor-WmfMedia.dll (API version 3709383).
LogModuleManager: Display: Found up-to-date module file ../../../Engine/Plugins/Media/WmfMedia/Binaries/Win64/UE4Editor-WmfMediaEditor.dll (API version 3709383).
LogModuleManager: Display: Found up-to-date module file ../../../Engine/Plugins/Media/WmfMedia/Binaries/Win64/UE4Editor-WmfMediaFactory.dll (API version 3709383).
LogModuleManager: Display: Found up-to-date module file ../../../Engine/Plugins/Media/WmfMedia/Binaries/Win64/UE4Editor-WmfMediaFactory.dll (API version 3709383).
LogModuleManager: Display: Found up-to-date module file ../../../Engine/Plugins/Messaging/TcpMessaging/Binaries/Win64/UE4Editor-TcpMessaging.dll (API version 3709383).
LogModuleManager: Display: Found up-to-date module file ../../../Engine/Plugins/Messaging/UdpMessaging/Binaries/Win64/UE4Editor-UdpMessaging.dll (API version 3709383).
LogModuleManager: Display: Found up-to-date module file ../../../Engine/Plugins/MovieScene/ActorSequence/Binaries/Win64/UE4Editor-ActorSequence.dll (API version 3709383).
LogModuleManager: Display: Found up-to-date module file ../../../Engine/Plugins/MovieScene/LevelSequenceEditor/Binaries/Win64/UE4Editor-LevelSequenceEditor.dll (API version 3709383).
LogModuleManager: Display: Found up-to-date module file ../../../Engine/Plugins/MovieScene/MatineeToLevelSequence/Binaries/Win64/UE4Editor-MatineeToLevelSequence.dll (API version 3709383).
LogModuleManager: Display: Found up-to-date module file ../../../Engine/Plugins/Online/OnlineSubsystem/Binaries/Win64/UE4Editor-OnlineSubsystem.dll (API version 3709383).
LogModuleManager: Display: Found up-to-date module file ../../../Engine/Plugins/Online/OnlineSubsystemNull/Binaries/Win64/UE4Editor-OnlineSubsystemNull.dll (API version 3709383).
LogModuleManager: Display: Found up-to-date module file ../../../Engine/Plugins/Online/OnlineSubsystemUtils/Binaries/Win64/UE4Editor-OnlineSubsystemUtils.dll (API version 3709383).
LogModuleManager: Display: Found up-to-date module file ../../../Engine/Plugins/Online/OnlineSubsystemUtils/Binaries/Win64/UE4Editor-OnlineBlueprintSupport.dll (API version 3709383).
LogModuleManager: Display: Found up-to-date module file ../../../Engine/Plugins/Runtime/AndroidDeviceProfileSelector/Binaries/Win64/UE4Editor-AndroidDeviceProfileSelector.dll (API version 3709383).
LogModuleManager: Display: Found up-to-date module file ../../../Engine/Plugins/Runtime/AndroidPermission/Binaries/Win64/UE4Editor-AndroidPermission.dll (API version 3709383).
LogModuleManager: Display: Found up-to-date module file ../../../Engine/Plugins/Runtime/AppleARKit/Binaries/Win64/UE4Editor-AppleARKit.dll (API version 3709383).
LogModuleManager: Display: Found up-to-date module file ../../../Engine/Plugins/Runtime/ArchVisCharacter/Binaries/Win64/UE4Editor-ArchVisCharacter.dll (API version 3709383).
LogModuleManager: Display: Found up-to-date module file ../../../Engine/Plugins/Runtime/CableComponent/Binaries/Win64/UE4Editor-CableComponent.dll (API version 3709383).
LogModuleManager: Display: Found up-to-date module file ../../../Engine/Plugins/Runtime/CustomMeshComponent/Binaries/Win64/UE4Editor-CustomMeshComponent.dll (API version 3709383).
LogModuleManager: Display: Found up-to-date module file ../../../Engine/Plugins/Runtime/ExampleDeviceProfileSelector/Binaries/Win64/UE4Editor-ExampleDeviceProfileSelector.dll (API version 3709383).
LogModuleManager: Display: Found up-to-date module file ../../../Engine/Plugins/Runtime/ImmediatePhysics/Binaries/Win64/UE4Editor-ImmediatePhysics.dll (API version 3709383).
LogModuleManager: Display: Found up-to-date module file ../../../Engine/Plugins/Runtime/ImmediatePhysics/Binaries/Win64/UE4Editor-ImmediatePhysicsEditor.dll (API version 3709383).
LogModuleManager: Display: Found up-to-date module file ../../../Engine/Plugins/Runtime/LocationServicesBPLibrary/Binaries/Win64/UE4Editor-LocationServicesBPLibrary.dll (API version 3709383).
LogModuleManager: Display: Found up-to-date module file ../../../Engine/Plugins/Runtime/MobilePatchingUtils/Binaries/Win64/UE4Editor-MobilePatchingUtils.dll (API version 3709383).
LogModuleManager: Display: Found up-to-date module file ../../../Engine/Plugins/Runtime/Oculus/OculusVR/Binaries/Win64/UE4Editor-OculusHMD.dll (API version 3709383).
LogModuleManager: Display: Found up-to-date module file ../../../Engine/Plugins/Runtime/Oculus/OculusVR/Binaries/Win64/UE4Editor-OculusInput.dll (API version 3709383).
LogModuleManager: Display: Found up-to-date module file ../../../Engine/Plugins/Runtime/Oculus/OculusVR/Binaries/Win64/UE4Editor-OculusEditor.dll (API version 3709383).
LogModuleManager: Display: Found up-to-date module file ../../../Engine/Plugins/Runtime/PhysXVehicles/Binaries/Win64/UE4Editor-PhysXVehicles.dll (API version 3709383).
LogModuleManager: Display: Found up-to-date module file ../../../Engine/Plugins/Runtime/PhysXVehicles/Binaries/Win64/UE4Editor-PhysXVehiclesEditor.dll (API version 3709383).
LogModuleManager: Display: Found up-to-date module file ../../../Engine/Plugins/Runtime/ProceduralMeshComponent/Binaries/Win64/UE4Editor-ProceduralMeshComponent.dll (API version 3709383).
LogModuleManager: Display: Found up-to-date module file ../../../Engine/Plugins/Runtime/ProceduralMeshComponent/Binaries/Win64/UE4Editor-ProceduralMeshComponentEditor.dll (API version 3709383).
LogModuleManager: Display: Found up-to-date module file ../../../Engine/Plugins/Runtime/RuntimePhysXCooking/Binaries/Win64/UE4Editor-RuntimePhysXCooking.dll (API version 3709383).
LogModuleManager: Display: Found up-to-date module file ../../../Engine/Plugins/Runtime/Steam/SteamVR/Binaries/Win64/UE4Editor-SteamVR.dll (API version 3709383).
LogModuleManager: Display: Found up-to-date module file ../../../Engine/Plugins/Runtime/Steam/SteamVR/Binaries/Win64/UE4Editor-SteamVRController.dll (API version 3709383).
LogModuleManager: Display: Found up-to-date module file ../../../Engine/Plugins/Runtime/WindowsMoviePlayer/Binaries/Win64/UE4Editor-WindowsMoviePlayer.dll (API version 3709383).
LogInit: Using libcurl 7.47.1
LogInit:  - built for x86_64-pc-win32
LogInit:  - supports SSL with OpenSSL/1.0.2g
LogInit:  - supports HTTP deflate (compression) using libz 1.2.8
LogInit:  - other features:
LogInit:      CURL_VERSION_SSL
LogInit:      CURL_VERSION_LIBZ
LogInit:      CURL_VERSION_IPV6
LogInit:      CURL_VERSION_ASYNCHDNS
LogInit:      CURL_VERSION_LARGEFILE
LogInit:      CURL_VERSION_IDN
LogInit:  CurlRequestOptions (configurable via config and command line):
LogInit:  - bVerifyPeer = false  - Libcurl will NOT verify peer certificate
LogInit:  - bUseHttpProxy = false  - Libcurl will NOT use HTTP proxy
LogInit:  - bDontReuseConnections = false  - Libcurl will reuse connections
LogInit:  - CertBundlePath = nullptr  - Libcurl will use whatever was configured at build time.
LogInit: Build: ++UE4+Release-4.18-CL-3832480
LogInit: Engine Version: 4.18.3-3832480+++UE4+Release-4.18
LogInit: Compatible Engine Version: 4.18.0-3709383+++UE4+Release-4.18
LogInit: Net CL: 3709383
LogDevObjectVersion: Number of dev versions registered: 16
LogDevObjectVersion:   Dev-Blueprints (B0D832E4-1F89-4F0D-ACCF-7EB736FD4AA2): 10
LogDevObjectVersion:   Dev-Build (E1C64328-A22C-4D53-A36C-8E866417BD8C): 0
LogDevObjectVersion:   Dev-Core (375EC13C-06E4-48FB-B500-84F0262A717E): 2
LogDevObjectVersion:   Dev-Editor (E4B068ED-F494-42E9-A231-DA0B2E46BB41): 20
LogDevObjectVersion:   Dev-Framework (CFFC743F-43B0-4480-9391-14DF171D2073): 30
LogDevObjectVersion:   Dev-Mobile (B02B49B5-BB20-44E9-A304-32B752E40360): 0
LogDevObjectVersion:   Dev-Networking (A4E4105C-59A1-49B5-A7C5-40C4547EDFEE): 0
LogDevObjectVersion:   Dev-Online (39C831C9-5AE6-47DC-9A44-9C173E1C8E7C): 0
LogDevObjectVersion:   Dev-Physics (78F01B33-EBEA-4F98-B9B4-84EACCB95AA2): 0
LogDevObjectVersion:   Dev-Platform (6631380F-2D4D-43E0-8009-CF276956A95A): 0
LogDevObjectVersion:   Dev-Rendering (12F88B9F-8875-4AFC-A67C-D90C383ABD29): 20
LogDevObjectVersion:   Dev-Sequencer (7B5AE74C-D270-4C10-A958-57980B212A5A): 4
LogDevObjectVersion:   Dev-VR (D7296918-1DD6-4BDD-9DE2-64A83CC13884): 0
LogDevObjectVersion:   Dev-LoadTimes (C2A15278-BFE7-4AFE-6C17-90FF531DF755): 1
LogDevObjectVersion:   Private-Geometry (6EACA3D4-40EC-4CC1-B786-8BED09428FC5): 1
LogDevObjectVersion:   Dev-AnimPhys (29E575DD-E0A3-4627-9D10-D276232CDCEA): 12
LogInit: Compiled (64-bit): Jan 12 2018 02:04:55
LogInit: Compiled with Visual C++: 19.00.24215.01
LogInit: Build Configuration: Development
LogInit: Branch Name: ++UE4+Release-4.18
LogInit: Command line:  
LogInit: Base directory: D:/Epic Games/UE_4.18/Engine/Binaries/Win64/
LogInit: Installed Engine Build: 1
LogInit: Presizing for max 8388607 objects, including 0 objects not considered by GC, pre-allocating 0 bytes for permanent pool.
LogInit: Object subsystem initialized
[2018.04.11-21.33.53:856][  0]LogInit: Selected Device Profile: [Windows]
[2018.04.11-21.33.53:856][  0]LogInit: Applying CVar settings loaded from the selected device profile: [Windows]
[2018.04.11-21.33.53:879][  0]LogInit: Computer: CAH812110809
[2018.04.11-21.33.53:879][  0]LogInit: User: ja999455
[2018.04.11-21.33.53:879][  0]LogInit: CPU Page size=4096, Cores=4
[2018.04.11-21.33.53:879][  0]LogInit: High frequency timer resolution =3.906252 MHz
[2018.04.11-21.33.53:880][  0]LogMemory: Memory total: Physical=15.9GB (16GB approx)
[2018.04.11-21.33.53:880][  0]LogMemory: Platform Memory Stats for Windows
[2018.04.11-21.33.53:880][  0]LogMemory: Process Physical Memory: 274.04 MB used, 274.04 MB peak
[2018.04.11-21.33.53:880][  0]LogMemory: Process Virtual Memory: 266.09 MB used, 266.09 MB peak
[2018.04.11-21.33.53:880][  0]LogMemory: Physical Memory: 4633.14 MB used,  11665.77 MB free, 16298.90 MB total
[2018.04.11-21.33.53:880][  0]LogMemory: Virtual Memory: 640.55 MB used,  11665.77 MB free, 134217728.00 MB total
[2018.04.11-21.33.53:993][  0]LogInit: Using OS detected language (en-US).
[2018.04.11-21.33.53:993][  0]LogInit: Using OS detected locale (en-US).
[2018.04.11-21.33.53:995][  0]LogTextLocalizationManager: No specific localization for 'en-US' exists, so the 'en' localization will be used.
[2018.04.11-21.33.54:433][  0]LogInit: Setting process to per monitor DPI aware
[2018.04.11-21.33.54:829][  0]LogD3D11RHI: D3D11 adapters:
[2018.04.11-21.33.54:855][  0]LogD3D11RHI:    0. 'NVIDIA GeForce GTX 960' (Feature Level 11_0)
[2018.04.11-21.33.54:855][  0]LogD3D11RHI:       2016/0/8149 MB DedicatedVideo/DedicatedSystem/SharedSystem, Outputs:1, VendorId:0x10de
[2018.04.11-21.33.54:862][  0]LogD3D11RHI:    1. 'Intel(R) HD Graphics 4600' (Feature Level 11_0)
[2018.04.11-21.33.54:862][  0]LogD3D11RHI:       112/0/2048 MB DedicatedVideo/DedicatedSystem/SharedSystem, Outputs:0, VendorId:0x8086
[2018.04.11-21.33.54:863][  0]LogD3D11RHI:    2. 'Microsoft Basic Render Driver' (Feature Level 11_0)
[2018.04.11-21.33.54:863][  0]LogD3D11RHI:       0/0/8149 MB DedicatedVideo/DedicatedSystem/SharedSystem, Outputs:0, VendorId:0x1414
[2018.04.11-21.33.54:863][  0]LogD3D11RHI: Chosen D3D11 Adapter: 0
[2018.04.11-21.33.54:870][  0]LogD3D11RHI: Creating new Direct3DDevice
[2018.04.11-21.33.54:870][  0]LogD3D11RHI:     GPU DeviceId: 0x1401 (for the marketing name, search the web for "GPU Device Id")
[2018.04.11-21.33.54:870][  0]LogWindows: EnumDisplayDevices:
[2018.04.11-21.33.54:871][  0]LogWindows:    0. 'NVIDIA GeForce GTX 960' (P:1 D:1)
[2018.04.11-21.33.54:871][  0]LogWindows:    1. 'NVIDIA GeForce GTX 960' (P:0 D:0)
[2018.04.11-21.33.54:871][  0]LogWindows:    2. 'NVIDIA GeForce GTX 960' (P:0 D:0)
[2018.04.11-21.33.54:871][  0]LogWindows:    3. 'NVIDIA GeForce GTX 960' (P:0 D:0)
[2018.04.11-21.33.54:872][  0]LogWindows:    4. 'Intel(R) HD Graphics 4600' (P:0 D:0)
[2018.04.11-21.33.54:872][  0]LogWindows:    5. 'Intel(R) HD Graphics 4600' (P:0 D:0)
[2018.04.11-21.33.54:872][  0]LogWindows:    6. 'Intel(R) HD Graphics 4600' (P:0 D:0)
[2018.04.11-21.33.54:872][  0]LogWindows: DebugString: PrimaryIsNotTheChoosenAdapter PrimaryIsNotTheChoosenAdapter PrimaryIsNotTheChoosenAdapter FoundDriverCount:4 
[2018.04.11-21.33.54:872][  0]LogD3D11RHI:     Adapter Name: NVIDIA GeForce GTX 960
[2018.04.11-21.33.54:872][  0]LogD3D11RHI:   Driver Version: 376.53 (internal:21.21.13.7653, unified:376.53)
[2018.04.11-21.33.54:872][  0]LogD3D11RHI:      Driver Date: 12-29-2016
[2018.04.11-21.33.54:872][  0]LogRHI: Texture pool is 1411 MB (70% of 2016 MB)
[2018.04.11-21.33.54:896][  0]LogD3D11RHI: Async texture creation enabled
[2018.04.11-21.33.54:923][  0]LogD3D11RHI: GPU Timing Frequency: 1000.000000 (Debug: 2 4)
[2018.04.11-21.33.54:972][  0]LogShaderCompilers: Guid format shader working directory is -10 characters bigger than the processId version (../../../../../GitHub/VR_SlaveExperience/SlaveVRExperience/Intermediate/Shaders/WorkingDirectory/10748/).
[2018.04.11-21.33.54:972][  0]LogShaderCompilers: Cleaned the shader compiler working directory 'C:/Users/ja999455/AppData/Local/Temp/UnrealShaderWorkingDir/F005D85248794814CE9A2FA0E0DB3769/'.
[2018.04.11-21.33.54:973][  0]LogShaderCompilers: Display: Using Local Shader Compiler.
[2018.04.11-21.33.55:982][  0]LogTemp: Display: Loaded TP AllDesktopTargetPlatform
[2018.04.11-21.33.56:017][  0]LogTemp: Display: Loaded TP MacClientTargetPlatform
[2018.04.11-21.33.56:051][  0]LogTemp: Display: Loaded TP MacNoEditorTargetPlatform
[2018.04.11-21.33.56:099][  0]LogTemp: Display: Loaded TP MacServerTargetPlatform
[2018.04.11-21.33.56:138][  0]LogTemp: Display: Loaded TP MacTargetPlatform
[2018.04.11-21.33.56:177][  0]LogTemp: Display: Loaded TP WindowsClientTargetPlatform
[2018.04.11-21.33.56:214][  0]LogTemp: Display: Loaded TP WindowsNoEditorTargetPlatform
[2018.04.11-21.33.56:251][  0]LogTemp: Display: Loaded TP WindowsServerTargetPlatform
[2018.04.11-21.33.56:288][  0]LogTemp: Display: Loaded TP WindowsTargetPlatform
[2018.04.11-21.33.56:323][  0]LogTemp: Display: Loaded TP Android_ASTCTargetPlatform
[2018.04.11-21.33.56:363][  0]LogTemp: Display: Loaded TP Android_ATCTargetPlatform
[2018.04.11-21.33.56:403][  0]LogTemp: Display: Loaded TP Android_DXTTargetPlatform
[2018.04.11-21.33.56:439][  0]LogTemp: Display: Loaded TP Android_ETC1TargetPlatform
[2018.04.11-21.33.56:482][  0]LogTemp: Display: Loaded TP Android_ETC2TargetPlatform
[2018.04.11-21.33.56:557][  0]LogTemp: Display: Loaded TP Android_MultiTargetPlatform
[2018.04.11-21.33.56:557][  0]LogTemp: Display: Loaded TP Android_PVRTCTargetPlatform
[2018.04.11-21.33.56:591][  0]LogTemp: Display: Loaded TP AndroidTargetPlatform
[2018.04.11-21.33.56:616][  0]LogTemp: Display: Loaded TP HTML5TargetPlatform
[2018.04.11-21.33.56:687][  0]LogTemp: Display: Loaded TP IOSTargetPlatform
[2018.04.11-21.33.56:707][  0]LogTemp: Display: Loaded TP TVOSTargetPlatform
[2018.04.11-21.33.56:741][  0]LogTemp: Display: Loaded TP LinuxClientTargetPlatform
[2018.04.11-21.33.56:777][  0]LogTemp: Display: Loaded TP LinuxNoEditorTargetPlatform
[2018.04.11-21.33.56:811][  0]LogTemp: Display: Loaded TP LinuxServerTargetPlatform
[2018.04.11-21.33.56:845][  0]LogTemp: Display: Loaded TP LinuxTargetPlatform
[2018.04.11-21.33.56:845][  0]LogTargetPlatformManager: Display: Building Assets For Windows
[2018.04.11-21.33.57:173][  0]LogDerivedDataCache: Display: Max Cache Size: 512 MB
[2018.04.11-21.33.57:281][  0]LogDerivedDataCache: Loaded boot cache 0.11s 88MB C:/Users/ja999455/AppData/Local/UnrealEngine/4.18/DerivedDataCache/Boot.ddc.
[2018.04.11-21.33.57:281][  0]LogDerivedDataCache: Display: Loaded Boot cache: C:/Users/ja999455/AppData/Local/UnrealEngine/4.18/DerivedDataCache/Boot.ddc
[2018.04.11-21.33.57:281][  0]LogDerivedDataCache: FDerivedDataBackendGraph:  Pak pak cache file ../../../../../GitHub/VR_SlaveExperience/SlaveVRExperience/DerivedDataCache/DDC.ddp not found, will not use a pak cache.
[2018.04.11-21.33.57:281][  0]LogDerivedDataCache: Unable to find inner node Pak for hierarchical cache Hierarchy.
[2018.04.11-21.33.57:281][  0]LogDerivedDataCache: FDerivedDataBackendGraph:  CompressedPak pak cache file ../../../../../GitHub/VR_SlaveExperience/SlaveVRExperience/DerivedDataCache/Compressed.ddp not found, will not use a pak cache.
[2018.04.11-21.33.57:281][  0]LogDerivedDataCache: Unable to find inner node CompressedPak for hierarchical cache Hierarchy.
[2018.04.11-21.33.57:304][  0]LogDerivedDataCache: Display: Pak cache opened for reading ../../../Engine/DerivedDataCache/Compressed.ddp.
[2018.04.11-21.33.57:316][  0]LogDerivedDataCache: Using Local data cache path C:/Users/ja999455/AppData/Local/UnrealEngine/Common/DerivedDataCache: Writable
[2018.04.11-21.33.57:330][  0]LogMaterial: Verifying Global Shaders for PCD3D_SM5
[2018.04.11-21.33.57:330][  0]LogSlate: Using Freetype 2.6.0
[2018.04.11-21.33.57:331][  0]LogSlate: SlateFontCache - WITH_FREETYPE: 1, WITH_HARFBUZZ: 1
[2018.04.11-21.33.57:331][  0]LogSlate: SlateFontCache - WITH_FREETYPE: 1, WITH_HARFBUZZ: 1
[2018.04.11-21.33.57:700][  0]LogInit: Selected Device Profile: [Windows]
[2018.04.11-21.33.57:941][  0]LogSimplygon: Simplygon DLL not present - disabling.
[2018.04.11-21.33.57:968][  0]LogMeshReduction: Using SimplygonSwarm for distributed automatic mesh merging
[2018.04.11-21.33.57:968][  0]LogMeshReduction: Using QuadricMeshReduction for automatic static mesh reduction
[2018.04.11-21.33.57:968][  0]LogMeshReduction: No automatic skeletal mesh reduction module available
[2018.04.11-21.33.57:968][  0]LogMeshReduction: No automatic mesh merging module available
[2018.04.11-21.33.57:968][  0]LogMeshMerging: No automatic mesh merging module available
[2018.04.11-21.33.57:992][  0]LogNetVersion: SlaveVRExperience , NetCL: 3709383, EngineNetVer: 2, GameNetVer: 0 (Checksum: 4075405704)
[2018.04.11-21.33.58:132][  0]LogAssetRegistry: FAssetRegistry took 0.0260 seconds to start up
[2018.04.11-21.33.58:546][  0]LogPackageLocalizationCache: Processed 7 localized package path(s) for 2 prioritized culture(s) in 0.061532 seconds
[2018.04.11-21.33.58:552][  0]LogUObjectArray: 35870 objects as part of root set at end of initial load.
[2018.04.11-21.33.58:552][  0]LogUObjectAllocator: 7363704 out of 0 bytes used by permanent object pool.
[2018.04.11-21.33.58:552][  0]LogUObjectArray: CloseDisregardForGC: 0/0 objects in disregard for GC pool
[2018.04.11-21.33.58:587][  0]LogInit: WinSock: version 1.1 (2.2), MaxSocks=32767, MaxUdp=65467
[2018.04.11-21.34.00:621][  0]LogTcpMessaging: Initializing TcpMessaging bridge
[2018.04.11-21.34.00:654][  0]LogUdpMessaging: Initializing bridge on interface 0.0.0.0:0 to multicast group 230.0.0.1:6666.
[2018.04.11-21.34.01:206][  0]LogMaterial: Uniform references updated for custom material expression Custom.
[2018.04.11-21.34.01:506][  0]SourceControl: Source control is disabled
[2018.04.11-21.34.01:506][  0]SourceControl: Source control is disabled
[2018.04.11-21.34.01:540][  0]SourceControl: Source control is disabled
[2018.04.11-21.34.01:580][  0]SourceControl: Source control is disabled
[2018.04.11-21.34.02:165][  0]LogAndroidPermission: UAndroidPermissionCallbackProxy::GetInstance
[2018.04.11-21.34.02:358][  0]LogOcInput: OculusInput pre-init called
[2018.04.11-21.34.02:550][  0]LogEngine: Initializing Engine...
[2018.04.11-21.34.03:095][  0]LogHMD: SteamVR initialized.  Driver: lighthouse  Display: LHR-CCE699A8
[2018.04.11-21.34.03:298][  0]LogStats: UGameplayTagsManager::ConstructGameplayTagTree: Construct from data asset -  0.000 s
[2018.04.11-21.34.03:298][  0]LogStats: UGameplayTagsManager::ConstructGameplayTagTree: GameplayTagTreeChangedEvent.Broadcast -  0.000 s
[2018.04.11-21.34.03:386][  0]LogAIModule: Creating AISystem for world Untitled
[2018.04.11-21.34.03:406][  0]LogInit: XAudio2 using 'Speakers / Headphones (Realtek High Definition Audio)' : 2 channels at 48 kHz using 32 bits per sample (channel mask 0x3)
[2018.04.11-21.34.03:522][  0]LogInit: FAudioDevice initialized.
[2018.04.11-21.34.03:600][  0]LogDerivedDataCache: Saved boot cache 0.08s 88MB C:/Users/ja999455/AppData/Local/UnrealEngine/4.18/DerivedDataCache/Boot.ddc.
[2018.04.11-21.34.03:617][  0]LogInit: Texture streaming: Enabled
[2018.04.11-21.34.03:694][  0]LogEngineSessionManager: EngineSessionManager initialized
[2018.04.11-21.34.03:779][  0]LogInit: Transaction tracking system initialized
[2018.04.11-21.34.03:995][  0]BlueprintLog: New page: Editor Load
[2018.04.11-21.34.04:593][  0]LocalizationService: Localization service is disabled
[2018.04.11-21.34.05:089][  0]LogConsoleResponse: Display: 
[2018.04.11-21.34.05:221][  0]LogCook: Display: Max memory allowance for cook 16384mb min free memory 0mb
[2018.04.11-21.34.05:221][  0]LogCook: Display: Mobile HDR setting 1
[2018.04.11-21.34.05:221][  0]LogGameplayTags: Display: UGameplayTagsManager::DoneAddingNativeTags. DelegateIsBound: 0
[2018.04.11-21.34.05:352][  0]LogFileCache: Scanning file cache for directory 'D:/GitHub/VR_SlaveExperience/SlaveVRExperience/Content/' took 0.01s
[2018.04.11-21.34.06:016][  0]SourceControl: Source control is disabled
[2018.04.11-21.34.06:016][  0]Cmd: MAP LOAD FILE="../../../../../GitHub/VR_SlaveExperience/SlaveVRExperience/Content/Maps/Levels/Ship.umap" TEMPLATE=0 SHOWPROGRESS=1 FEATURELEVEL=3
[2018.04.11-21.34.06:017][  0]LightingResults: New page: Lighting Build
[2018.04.11-21.34.06:043][  0]MapCheck: New page: Map Check
[2018.04.11-21.34.06:043][  0]LightingResults: New page: Lighting Build
[2018.04.11-21.34.06:443][  0]LogBlueprint: Warning: [Compiler Slave_animBP1] Node  Play Animation Sequence  uses potentially thread-unsafe call  Try Get Pawn Owner . Disable threaded update or use a thread-safe call. Function may need BlueprintThreadSafe metadata adding.
[2018.04.11-21.34.06:443][  0]LogBlueprint: Warning: [Compiler Slave_animBP1] Node  Play Animation Sequence  uses potentially thread-unsafe call  Try Get Pawn Owner . Disable threaded update or use a thread-safe call. Function may need BlueprintThreadSafe metadata adding.
[2018.04.11-21.34.06:443][  0]LogBlueprint: Warning: [Compiler Slave_animBP1] Node  Play Animation Sequence  uses potentially thread-unsafe call  Try Get Pawn Owner . Disable threaded update or use a thread-safe call. Function may need BlueprintThreadSafe metadata adding.
[2018.04.11-21.34.06:443][  0]LogBlueprint: Warning: [Compiler Slave_animBP1] Node  Result  uses potentially thread-unsafe call  Try Get Pawn Owner . Disable threaded update or use a thread-safe call. Function may need BlueprintThreadSafe metadata adding.
[2018.04.11-21.34.06:443][  0]LogBlueprint: Warning: [Compiler Slave_animBP1] Node  Result  uses potentially thread-unsafe call  Try Get Pawn Owner . Disable threaded update or use a thread-safe call. Function may need BlueprintThreadSafe metadata adding.
[2018.04.11-21.34.06:446][  0]LogBlueprint: Warning: [Compiler Slave_animBP1] [0014.77] Compile of Slave_animBP1 successful, but with 5 Warning(s) [in 155 ms] (/Game/AI/Slave_animBP1.Slave_animBP1)
[2018.04.11-21.34.10:591][  0]LogStats: FPlatformStackWalk::StackWalkAndDump -  3.214 s
[2018.04.11-21.34.10:592][  0]LogOutputDevice: Error: === Handled ensure: ===
[2018.04.11-21.34.10:592][  0]LogOutputDevice: Error: 
[2018.04.11-21.34.10:592][  0]LogOutputDevice: Error: Ensure condition failed: ObservedKeyNames.Num() > 0 [File:D:\Build\++UE4+Release-4.18+Compile\Sync\Engine\Source\Runtime\AIModule\Private\BehaviorTree\Decorators\BTDecorator_BlueprintBase.cpp] [Line: 67]
[2018.04.11-21.34.10:592][  0]LogOutputDevice: Error: 
[2018.04.11-21.34.10:592][  0]LogOutputDevice: Error: Stack: 
[2018.04.11-21.34.10:592][  0]LogOutputDevice: Error: [Callstack] 0x000000004C442786 UE4Editor-Core.dll!FWindowsPlatformStackWalk::StackWalkAndDump() [d:\build\++ue4+release-4.18+compile\sync\engine\source\runtime\core\private\windows\windowsplatformstackwalk.cpp:200]
[2018.04.11-21.34.10:592][  0]LogOutputDevice: Error: [Callstack] 0x000000004C1E123A UE4Editor-Core.dll!FDebug::EnsureFailed() [d:\build\++ue4+release-4.18+compile\sync\engine\source\runtime\core\private\misc\assertionmacros.cpp:298]
[2018.04.11-21.34.10:592][  0]LogOutputDevice: Error: [Callstack] 0x000000004C1FB906 UE4Editor-Core.dll!FDebug::OptionallyLogFormattedEnsureMessageReturningFalse() [d:\build\++ue4+release-4.18+compile\sync\engine\source\runtime\core\private\misc\assertionmacros.cpp:425]
[2018.04.11-21.34.10:592][  0]LogOutputDevice: Error: [Callstack] 0x000000003C1E63FA UE4Editor-AIModule.dll!UBTDecorator_BlueprintBase::PostLoad() [d:\build\++ue4+release-4.18+compile\sync\engine\source\runtime\aimodule\private\behaviortree\decorators\btdecorator_blueprintbase.cpp:67]
[2018.04.11-21.34.10:592][  0]LogOutputDevice: Error: [Callstack] 0x000000004BC8E8FD UE4Editor-CoreUObject.dll!UObject::ConditionalPostLoad() [d:\build\++ue4+release-4.18+compile\sync\engine\source\runtime\coreuobject\private\uobject\obj.cpp:988]
[2018.04.11-21.34.10:592][  0]LogOutputDevice: Error: [Callstack] 0x000000004BD4DABC UE4Editor-CoreUObject.dll!EndLoad() [d:\build\++ue4+release-4.18+compile\sync\engine\source\runtime\coreuobject\private\uobject\uobjectglobals.cpp:1588]
[2018.04.11-21.34.10:592][  0]LogOutputDevice: Error: [Callstack] 0x000000004BD65259 UE4Editor-CoreUObject.dll!LoadPackageInternal() [d:\build\++ue4+release-4.18+compile\sync\engine\source\runtime\coreuobject\private\uobject\uobjectglobals.cpp:1333]
[2018.04.11-21.34.10:592][  0]LogOutputDevice: Error: [Callstack] 0x000000004BD64774 UE4Editor-CoreUObject.dll!LoadPackage() [d:\build\++ue4+release-4.18+compile\sync\engine\source\runtime\coreuobject\private\uobject\uobjectglobals.cpp:1430]
[2018.04.11-21.34.10:592][  0]LogOutputDevice: Error: [Callstack] 0x0000000037771451 UE4Editor-UnrealEd.dll!UEditorEngine::Map_Load() [d:\build\++ue4+release-4.18+compile\sync\engine\source\editor\unrealed\private\editorserver.cpp:2492]
[2018.04.11-21.34.10:592][  0]LogOutputDevice: Error: [Callstack] 0x0000000037762F45 UE4Editor-UnrealEd.dll!UEditorEngine::HandleMapCommand() [d:\build\++ue4+release-4.18+compile\sync\engine\source\editor\unrealed\private\editorserver.cpp:5968]
[2018.04.11-21.34.10:592][  0]LogOutputDevice: Error: [Callstack] 0x0000000037747982 UE4Editor-UnrealEd.dll!UEditorEngine::Exec() [d:\build\++ue4+release-4.18+compile\sync\engine\source\editor\unrealed\private\editorserver.cpp:5445]
[2018.04.11-21.34.10:592][  0]LogOutputDevice: Error: [Callstack] 0x0000000037FDBAC9 UE4Editor-UnrealEd.dll!UUnrealEdEngine::Exec() [d:\build\++ue4+release-4.18+compile\sync\engine\source\editor\unrealed\private\unrealedsrv.cpp:672]
[2018.04.11-21.34.10:592][  0]LogOutputDevice: Error: [Callstack] 0x0000000037A5268B UE4Editor-UnrealEd.dll!FEditorFileUtils::LoadMap() [d:\build\++ue4+release-4.18+compile\sync\engine\source\editor\unrealed\private\filehelpers.cpp:2229]
[2018.04.11-21.34.10:592][  0]LogOutputDevice: Error: [Callstack] 0x0000000037A522DF UE4Editor-UnrealEd.dll!FEditorFileUtils::LoadDefaultMapAtStartup() [d:\build\++ue4+release-4.18+compile\sync\engine\source\editor\unrealed\private\filehelpers.cpp:3477]
[2018.04.11-21.34.10:592][  0]LogOutputDevice: Error: [Callstack] 0x0000000037F9486E UE4Editor-UnrealEd.dll!FUnrealEdMisc::OnInit() [d:\build\++ue4+release-4.18+compile\sync\engine\source\editor\unrealed\private\unrealedmisc.cpp:348]
[2018.04.11-21.34.10:592][  0]LogOutputDevice: Error: [Callstack] 0x0000000037F5882D UE4Editor-UnrealEd.dll!EditorInit() [d:\build\++ue4+release-4.18+compile\sync\engine\source\editor\unrealed\private\unrealedglobals.cpp:97]
[2018.04.11-21.34.10:592][  0]LogOutputDevice: Error: [Callstack] 0x00000000A7AB5326 UE4Editor.exe!GuardedMain() [d:\build\++ue4+release-4.18+compile\sync\engine\source\runtime\launch\private\launch.cpp:150]
[2018.04.11-21.34.10:592][  0]LogOutputDevice: Error: [Callstack] 0x00000000A7AB54AA UE4Editor.exe!GuardedMainWrapper() [d:\build\++ue4+release-4.18+compile\sync\engine\source\runtime\launch\private\windows\launchwindows.cpp:134]
[2018.04.11-21.34.10:592][  0]LogOutputDevice: Error: [Callstack] 0x00000000A7AC2379 UE4Editor.exe!WinMain() [d:\build\++ue4+release-4.18+compile\sync\engine\source\runtime\launch\private\windows\launchwindows.cpp:210]
[2018.04.11-21.34.10:592][  0]LogOutputDevice: Error: [Callstack] 0x00000000A7AC3D57 UE4Editor.exe!__scrt_common_main_seh() [f:\dd\vctools\crt\vcstartup\src\startup\exe_common.inl:253]
[2018.04.11-21.34.10:592][  0]LogOutputDevice: Error: [Callstack] 0x00000000895E8364 KERNEL32.DLL!UnknownFunction []
[2018.04.11-21.34.10:592][  0]LogOutputDevice: Error: [Callstack] 0x000000008A4870D1 ntdll.dll!UnknownFunction []
[2018.04.11-21.34.10:592][  0]LogOutputDevice: Error: 
[2018.04.11-21.34.10:593][  0]LogStats:                SubmitErrorReport -  0.000 s
[2018.04.11-21.34.10:753][  0]LogStats:                    SendNewReport -  0.160 s
[2018.04.11-21.34.10:753][  0]LogStats:             FDebug::EnsureFailed -  3.376 s
[2018.04.11-21.34.12:113][  0]LogAIModule: Creating AISystem for world Ship
[2018.04.11-21.34.12:467][  0]LogScriptCore: Warning: Script Msg: Attempted to access index 0 from array 'CallFunc_GetAllActorsOfClass_OutActors' of length 0 in '/Game/VirtualRealityBP/Blueprints/BP_PickupCube.BP_PickupCube_C:UserConstructionScript'!
[2018.04.11-21.34.12:467][  0]LogScriptCore: Warning: Script Msg: Attempted to access index 0 from array 'CallFunc_GetAllActorsOfClass_OutActors' of length 0 in '/Game/VirtualRealityBP/Blueprints/BP_PickupCube.BP_PickupCube_C:UserConstructionScript'!
[2018.04.11-21.34.12:470][  0]LogEditorServer: Finished looking for orphan Actors (0.000 secs)
[2018.04.11-21.34.12:601][  0]Cmd: MAP CHECKDEP NOCLEARLOG
[2018.04.11-21.34.12:647][  0]MapCheck: Map check complete: 0 Error(s), 0 Warning(s), took 45.427ms to complete.
[2018.04.11-21.34.12:647][  0]LogFileHelpers: Loading map 'Ship' took 6.631
[2018.04.11-21.34.12:698][  0]LogWindowsTextInputMethodSystem: Display: IME system now deactivated.
[2018.04.11-21.34.12:763][  0]LogCollectionManager: Loaded 0 collections in 0.001047 seconds
[2018.04.11-21.34.12:826][  0]LogFileCache: Scanning file cache for directory 'D:/GitHub/VR_SlaveExperience/SlaveVRExperience/Saved/Collections/' took 0.01s
[2018.04.11-21.34.12:826][  0]LogFileCache: Scanning file cache for directory 'D:/GitHub/VR_SlaveExperience/SlaveVRExperience/Content/Developers/ja999455/Collections/' took 0.01s
[2018.04.11-21.34.12:826][  0]LogFileCache: Scanning file cache for directory 'D:/GitHub/VR_SlaveExperience/SlaveVRExperience/Content/Collections/' took 0.01s
[2018.04.11-21.34.12:826][  0]LogCollectionManager: Rebuilt the GUID cache for 0 collections in 0.000000 seconds
[2018.04.11-21.34.12:836][  0]LogContentBrowser: Native class hierarchy populated in 0.0095 seconds. Added 2370 classes and 522 folders.
[2018.04.11-21.34.12:876][  0]LogContentBrowser: Native class hierarchy updated for 'WidgetCarousel' in 0.0005 seconds. Added 0 classes and 0 folders.
[2018.04.11-21.34.12:905][  0]LogContentBrowser: Native class hierarchy updated for 'AddContentDialog' in 0.0007 seconds. Added 0 classes and 0 folders.
[2018.04.11-21.34.12:935][  0]LogContentBrowser: Native class hierarchy updated for 'SceneOutliner' in 0.0005 seconds. Added 1 classes and 2 folders.
[2018.04.11-21.34.12:968][  0]LogSlate: Took 0.000163 seconds to synchronously load lazily loaded font '../../../Engine/Content/Slate/Fonts/Roboto-Regular.ttf' (155K)
[2018.04.11-21.34.12:969][  0]LogSlate: Took 0.000125 seconds to synchronously load lazily loaded font '../../../Engine/Content/Slate/Fonts/Roboto-Bold.ttf' (160K)
[2018.04.11-21.34.12:974][  0]LogSlate: Took 0.000140 seconds to synchronously load lazily loaded font '../../../Engine/Content/Editor/Slate/Fonts/FontAwesome.ttf' (139K)
[2018.04.11-21.34.13:077][  0]LogRenderer: Reallocating scene render targets to support 1112x660 Format 26 NumSamples 1 (Frame:1).
[2018.04.11-21.34.13:234][  0]LogContentBrowser: Native class hierarchy updated for 'HierarchicalLODOutliner' in 0.0005 seconds. Added 1 classes and 2 folders.
[2018.04.11-21.34.13:234][  0]LogLoad: (Engine Initialization) Total time: 21.56 seconds
[2018.04.11-21.34.13:234][  0]LogLoad: (Engine Initialization) Total Blueprint compile time: 0.00 seconds
[2018.04.11-21.34.13:234][  0]LogExternalProfiler: Found external profiler: VSPerf
[2018.04.11-21.34.13:234][  0]LogExternalProfiler: Using external profiler: VSPerf
[2018.04.11-21.34.13:277][  0]LogContentStreaming: Texture pool size now 1000 MB
[2018.04.11-21.34.13:336][  0]LogSlate: Took 0.000161 seconds to synchronously load lazily loaded font '../../../Engine/Content/Slate/Fonts/Roboto-Light.ttf' (159K)
[2018.04.11-21.34.13:364][  1]LogAssetRegistry: Asset discovery search completed in 15.2527 seconds
[2018.04.11-21.34.13:366][  1]LogCollectionManager: Rebuilt the object cache for 0 collections in 0.000000 seconds (found 0 objects)
[2018.04.11-21.34.13:366][  1]LogCollectionManager: Fixed up redirectors for 0 collections in 0.000042 seconds (updated 0 objects)
[2018.04.11-21.34.14:300][ 77]LogSlate: Took 0.000176 seconds to synchronously load lazily loaded font '../../../Engine/Content/Slate/Fonts/Roboto-Light.ttf' (159K)
[2018.04.11-21.34.15:956][223]LogTemp: Repeating last play command: VR Preview
[2018.04.11-21.34.16:010][223]LogBlueprintUserMessages: Early PlayInEditor Detection: Level '/Game/Maps/Levels/Ship.Ship:PersistentLevel' has LevelScriptBlueprint '/Game/Maps/Levels/Ship.Ship:PersistentLevel.Ship' with GeneratedClass '/Game/Maps/Levels/Ship.Ship_C' with ClassGeneratedBy '/Game/Maps/Levels/Ship.Ship:PersistentLevel.Ship'
[2018.04.11-21.34.16:010][223]LogPlayLevel: PlayLevel: No blueprints needed recompiling
[2018.04.11-21.34.16:011][223]PIE: New page: PIE session: Ship (Apr 11, 2018, 1:34:16 PM)
[2018.04.11-21.34.16:011][223]LogPlayLevel: Creating play world package: /Game/Maps/Levels/UEDPIE_0_Ship
[2018.04.11-21.34.16:385][223]LogPlayLevel: PIE: StaticDuplicateObject took: (0.374123s)
[2018.04.11-21.34.16:386][223]LogAIModule: Creating AISystem for world Ship
[2018.04.11-21.34.16:386][223]LogPlayLevel: PIE: World Init took: (0.000727s)
[2018.04.11-21.34.16:386][223]LogPlayLevel: PIE: Created PIE world by copying editor world from /Game/Maps/Levels/Ship.Ship to /Game/Maps/Levels/UEDPIE_0_Ship.Ship (0.375177s)
[2018.04.11-21.34.16:408][223]LogInit: XAudio2 using 'Speakers / Headphones (Realtek High Definition Audio)' : 2 channels at 48 kHz using 32 bits per sample (channel mask 0x3)
[2018.04.11-21.34.16:417][223]LogInit: FAudioDevice initialized.
[2018.04.11-21.34.16:516][223]LogLoad: Game class is 'NewGameMode_C'
[2018.04.11-21.34.16:552][223]LogWorld: Bringing World /Game/Maps/Levels/UEDPIE_0_Ship.Ship up for play (max tick rate 0) at 2018.04.11-17.34.16
[2018.04.11-21.34.16:558][223]LogWorld: Bringing up level for play took: 0.040289
[2018.04.11-21.34.16:583][223]LogContentBrowser: Native class hierarchy updated for 'MovieSceneCapture' in 0.0005 seconds. Added 11 classes and 0 folders.
[2018.04.11-21.34.16:594][223]PIE: Play in editor start time for /Game/Maps/Levels/UEDPIE_0_Ship 1.51
[2018.04.11-21.34.16:595][223]LogBlueprintUserMessages: Late PlayInEditor Detection: Level '/Game/Maps/Levels/Ship.Ship:PersistentLevel' has LevelScriptBlueprint '/Game/Maps/Levels/Ship.Ship:PersistentLevel.Ship' with GeneratedClass '/Game/Maps/Levels/Ship.Ship_C' with ClassGeneratedBy '/Game/Maps/Levels/Ship.Ship:PersistentLevel.Ship'
[2018.04.11-21.34.16:659][224]LogRenderer: Reallocating scene render targets to support 2160x1200 Format 26 NumSamples 1 (Frame:1).
[2018.04.11-21.34.18:356][283]LogFileCache: Retrieving MD5 hashes for directory 'D:/GitHub/VR_SlaveExperience/SlaveVRExperience/Content/' took 5.10s
[2018.04.11-21.34.49:746][663]LogBlueprintUserMessages: Early EndPlayMap Detection: Level '/Game/Maps/Levels/Ship.Ship:PersistentLevel' has LevelScriptBlueprint '/Game/Maps/Levels/Ship.Ship:PersistentLevel.Ship' with GeneratedClass '/Game/Maps/Levels/Ship.Ship_C' with ClassGeneratedBy '/Game/Maps/Levels/Ship.Ship:PersistentLevel.Ship'
[2018.04.11-21.34.49:921][663]LogBlueprintUserMessages: Late EndPlayMap Detection: Level '/Game/Maps/Levels/Ship.Ship:PersistentLevel' has LevelScriptBlueprint '/Game/Maps/Levels/Ship.Ship:PersistentLevel.Ship' with GeneratedClass '/Game/Maps/Levels/Ship.Ship_C' with ClassGeneratedBy '/Game/Maps/Levels/Ship.Ship:PersistentLevel.Ship'
[2018.04.11-21.34.51:370][773]LogTemp: Repeating last play command: VR Preview
[2018.04.11-21.34.51:397][773]LogBlueprintUserMessages: Early PlayInEditor Detection: Level '/Game/Maps/Levels/Ship.Ship:PersistentLevel' has LevelScriptBlueprint '/Game/Maps/Levels/Ship.Ship:PersistentLevel.Ship' with GeneratedClass '/Game/Maps/Levels/Ship.Ship_C' with ClassGeneratedBy '/Game/Maps/Levels/Ship.Ship:PersistentLevel.Ship'
[2018.04.11-21.34.51:397][773]LogPlayLevel: PlayLevel: No blueprints needed recompiling
[2018.04.11-21.34.51:397][773]PIE: New page: PIE session: Ship (Apr 11, 2018, 1:34:51 PM)
[2018.04.11-21.34.51:397][773]LogPlayLevel: Creating play world package: /Game/Maps/Levels/UEDPIE_0_Ship
[2018.04.11-21.34.51:540][773]LogPlayLevel: PIE: StaticDuplicateObject took: (0.142854s)
[2018.04.11-21.34.51:540][773]LogAIModule: Creating AISystem for world Ship
[2018.04.11-21.34.51:541][773]LogPlayLevel: PIE: World Init took: (0.000703s)
[2018.04.11-21.34.51:541][773]LogPlayLevel: PIE: Created PIE world by copying editor world from /Game/Maps/Levels/Ship.Ship to /Game/Maps/Levels/UEDPIE_0_Ship.Ship (0.143966s)
[2018.04.11-21.34.51:567][773]LogInit: XAudio2 using 'Speakers / Headphones (Realtek High Definition Audio)' : 2 channels at 48 kHz using 32 bits per sample (channel mask 0x3)
[2018.04.11-21.34.51:580][773]LogInit: FAudioDevice initialized.
[2018.04.11-21.34.51:663][773]LogLoad: Game class is 'NewGameMode_C'
[2018.04.11-21.34.51:698][773]LogWorld: Bringing World /Game/Maps/Levels/UEDPIE_0_Ship.Ship up for play (max tick rate 0) at 2018.04.11-17.34.51
[2018.04.11-21.34.51:704][773]LogWorld: Bringing up level for play took: 0.040601
[2018.04.11-21.34.51:717][773]PIE: Play in editor start time for /Game/Maps/Levels/UEDPIE_0_Ship 0.632
[2018.04.11-21.34.51:717][773]LogBlueprintUserMessages: Late PlayInEditor Detection: Level '/Game/Maps/Levels/Ship.Ship:PersistentLevel' has LevelScriptBlueprint '/Game/Maps/Levels/Ship.Ship:PersistentLevel.Ship' with GeneratedClass '/Game/Maps/Levels/Ship.Ship_C' with ClassGeneratedBy '/Game/Maps/Levels/Ship.Ship:PersistentLevel.Ship'
[2018.04.11-21.35.07:006][433]LogActor: Warning: BP_PickupBucket_2 is outside the world bounds!
[2018.04.11-21.35.07:427][452]LogActor: Warning: Scrubber is outside the world bounds!
[2018.04.11-21.36.58:934][573]LogBlueprintUserMessages: Early EndPlayMap Detection: Level '/Game/Maps/Levels/Ship.Ship:PersistentLevel' has LevelScriptBlueprint '/Game/Maps/Levels/Ship.Ship:PersistentLevel.Ship' with GeneratedClass '/Game/Maps/Levels/Ship.Ship_C' with ClassGeneratedBy '/Game/Maps/Levels/Ship.Ship:PersistentLevel.Ship'
[2018.04.11-21.36.59:106][573]LogBlueprintUserMessages: Late EndPlayMap Detection: Level '/Game/Maps/Levels/Ship.Ship:PersistentLevel' has LevelScriptBlueprint '/Game/Maps/Levels/Ship.Ship:PersistentLevel.Ship' with GeneratedClass '/Game/Maps/Levels/Ship.Ship_C' with ClassGeneratedBy '/Game/Maps/Levels/Ship.Ship:PersistentLevel.Ship'
[2018.04.11-21.37.09:592][571]LogEditorViewport: Clicking on Actor (LMB): NPC1_C (NPC3)
[2018.04.11-21.37.10:419][635]LogSlate: Took 0.000188 seconds to synchronously load lazily loaded font '../../../Engine/Content/Editor/Slate/Fonts/Roboto-Italic.ttf' (157K)
[2018.04.11-21.37.17:275][287]LogSlate: Took 0.000129 seconds to synchronously load lazily loaded font '../../../Engine/Content/Slate/Fonts/Roboto-Light.ttf' (159K)
[2018.04.11-21.37.17:310][287]LogContentBrowser: Native class hierarchy updated for 'SkeletonEditor' in 0.0007 seconds. Added 1 classes and 2 folders.
[2018.04.11-21.37.17:510][287]LogActorComponent: RegisterComponentWithWorld: (/Engine/Transient.World_3:PersistentLevel.Actor_0.DebugSkelMeshComponent_0) Already registered. Aborting.
[2018.04.11-21.37.17:558][287]LogSkeletalMesh: USkeletalMeshComponent::InitArticulated : Bodies already created (/Engine/Transient.World_3:PersistentLevel.Actor_0.DebugSkelMeshComponent_0) - call TermArticulated first.
[2018.04.11-21.37.17:766][287]LogScript: Warning: Accessed None trying to read property CallFunc_TryGetPawnOwner_ReturnValue6
	Slave_animBP1_C /Engine/Transient.World_4:PersistentLevel.SkeletalMeshActor_2.SkeletalMeshComponent0.Slave_animBP1_C_0
	Function /Game/AI/Slave_animBP1.Slave_animBP1_C:ExecuteUbergraph_Slave_animBP1:0654
[2018.04.11-21.37.17:766][287]LogScript: Warning: Accessed None trying to read property CallFunc_GetMovementComponent_ReturnValue
	Slave_animBP1_C /Engine/Transient.World_4:PersistentLevel.SkeletalMeshActor_2.SkeletalMeshComponent0.Slave_animBP1_C_0
	Function /Game/AI/Slave_animBP1.Slave_animBP1_C:ExecuteUbergraph_Slave_animBP1:0693
[2018.04.11-21.37.17:870][287]LogContentBrowser: Native class hierarchy updated for 'ClothingSystemEditorInterface' in 0.0005 seconds. Added 1 classes and 0 folders.
[2018.04.11-21.37.33:790][526]LogContentBrowser: Native class hierarchy updated for 'BlueprintGraph' in 0.0008 seconds. Added 116 classes and 0 folders.
[2018.04.11-21.37.34:349][526]LogSlate: Took 0.000123 seconds to synchronously load lazily loaded font '../../../Engine/Content/Slate/Fonts/Roboto-Regular.ttf' (155K)
[2018.04.11-21.37.34:407][526]LogSlate: Took 0.000197 seconds to synchronously load lazily loaded font '../../../Engine/Content/Editor/Slate/Fonts/Roboto-BoldCondensed.ttf' (158K)
[2018.04.11-21.40.17:498][215]LogEditorTransaction: Undo Edit Properties
[2018.04.11-21.40.35:598][475]LogEditorTransaction: Undo Edit Properties
[2018.04.11-21.40.36:766][555]Cmd: TRANSACTION UNDO
[2018.04.11-21.40.36:766][555]LogEditorTransaction: Undo Edit Properties
[2018.04.11-21.40.37:304][592]Cmd: TRANSACTION UNDO
[2018.04.11-21.40.37:304][592]LogEditorTransaction: Undo Add Child
[2018.04.11-21.40.52:656][651]BlueprintLog: New page: Compile TestAIController
[2018.04.11-21.40.53:378][679]Cmd: OBJ SAVEPACKAGE PACKAGE="/Game/AI/TestAIController" FILE="../../../../../GitHub/VR_SlaveExperience/SlaveVRExperience/Content/AI/TestAIController.uasset" SILENT=true
[2018.04.11-21.40.53:434][679]LogSavePackage: Save=46.17ms
[2018.04.11-21.40.53:434][679]LogSavePackage: Moving '../../../../../GitHub/VR_SlaveExperience/SlaveVRExperience/Saved/TestAIController81AB70BA407400487355AFBF7497A2E2.tmp' to '../../../../../GitHub/VR_SlaveExperience/SlaveVRExperience/Content/AI/TestAIController.uasset'
[2018.04.11-21.40.53:436][679]LogSavePackage: Display: Finished SavePackage ../../../../../GitHub/VR_SlaveExperience/SlaveVRExperience/Content/AI/TestAIController.uasset
[2018.04.11-21.40.56:368][925]LogTemp: Repeating last play command: VR Preview
[2018.04.11-21.40.56:412][925]LogBlueprintUserMessages: Early PlayInEditor Detection: Level '/Game/Maps/Levels/Ship.Ship:PersistentLevel' has LevelScriptBlueprint '/Game/Maps/Levels/Ship.Ship:PersistentLevel.Ship' with GeneratedClass '/Game/Maps/Levels/Ship.Ship_C' with ClassGeneratedBy '/Game/Maps/Levels/Ship.Ship:PersistentLevel.Ship'
[2018.04.11-21.40.56:413][925]LogPlayLevel: PlayLevel: No blueprints needed recompiling
[2018.04.11-21.40.56:413][925]PIE: New page: PIE session: Ship (Apr 11, 2018, 1:40:56 PM)
[2018.04.11-21.40.56:413][925]LogPlayLevel: Creating play world package: /Game/Maps/Levels/UEDPIE_0_Ship
[2018.04.11-21.40.56:548][925]LogPlayLevel: PIE: StaticDuplicateObject took: (0.134870s)
[2018.04.11-21.40.56:548][925]LogAIModule: Creating AISystem for world Ship
[2018.04.11-21.40.56:548][925]LogPlayLevel: PIE: World Init took: (0.000781s)
[2018.04.11-21.40.56:549][925]LogPlayLevel: PIE: Created PIE world by copying editor world from /Game/Maps/Levels/Ship.Ship to /Game/Maps/Levels/UEDPIE_0_Ship.Ship (0.136019s)
[2018.04.11-21.40.56:578][925]LogInit: XAudio2 using 'Speakers / Headphones (Realtek High Definition Audio)' : 2 channels at 48 kHz using 32 bits per sample (channel mask 0x3)
[2018.04.11-21.40.56:590][925]LogInit: FAudioDevice initialized.
[2018.04.11-21.40.56:683][925]LogLoad: Game class is 'NewGameMode_C'
[2018.04.11-21.40.56:722][925]LogWorld: Bringing World /Game/Maps/Levels/UEDPIE_0_Ship.Ship up for play (max tick rate 0) at 2018.04.11-17.40.56
[2018.04.11-21.40.56:727][925]LogWorld: Bringing up level for play took: 0.044051
[2018.04.11-21.40.56:746][925]PIE: Play in editor start time for /Game/Maps/Levels/UEDPIE_0_Ship -0.342
[2018.04.11-21.40.56:747][925]LogBlueprintUserMessages: Late PlayInEditor Detection: Level '/Game/Maps/Levels/Ship.Ship:PersistentLevel' has LevelScriptBlueprint '/Game/Maps/Levels/Ship.Ship:PersistentLevel.Ship' with GeneratedClass '/Game/Maps/Levels/Ship.Ship_C' with ClassGeneratedBy '/Game/Maps/Levels/Ship.Ship:PersistentLevel.Ship'
[2018.04.11-21.41.14:344][586]LogBlueprintUserMessages: Early EndPlayMap Detection: Level '/Game/Maps/Levels/Ship.Ship:PersistentLevel' has LevelScriptBlueprint '/Game/Maps/Levels/Ship.Ship:PersistentLevel.Ship' with GeneratedClass '/Game/Maps/Levels/Ship.Ship_C' with ClassGeneratedBy '/Game/Maps/Levels/Ship.Ship:PersistentLevel.Ship'
[2018.04.11-21.41.14:532][586]LogBlueprintUserMessages: Late EndPlayMap Detection: Level '/Game/Maps/Levels/Ship.Ship:PersistentLevel' has LevelScriptBlueprint '/Game/Maps/Levels/Ship.Ship:PersistentLevel.Ship' with GeneratedClass '/Game/Maps/Levels/Ship.Ship_C' with ClassGeneratedBy '/Game/Maps/Levels/Ship.Ship:PersistentLevel.Ship'
[2018.04.11-21.41.16:606][824]LogTemp: Repeating last play command: VR Preview
[2018.04.11-21.41.16:634][824]LogBlueprintUserMessages: Early PlayInEditor Detection: Level '/Game/Maps/Levels/Ship.Ship:PersistentLevel' has LevelScriptBlueprint '/Game/Maps/Levels/Ship.Ship:PersistentLevel.Ship' with GeneratedClass '/Game/Maps/Levels/Ship.Ship_C' with ClassGeneratedBy '/Game/Maps/Levels/Ship.Ship:PersistentLevel.Ship'
[2018.04.11-21.41.16:634][824]LogPlayLevel: PlayLevel: No blueprints needed recompiling
[2018.04.11-21.41.16:634][824]PIE: New page: PIE session: Ship (Apr 11, 2018, 1:41:16 PM)
[2018.04.11-21.41.16:634][824]LogPlayLevel: Creating play world package: /Game/Maps/Levels/UEDPIE_0_Ship
[2018.04.11-21.41.16:768][824]LogPlayLevel: PIE: StaticDuplicateObject took: (0.133226s)
[2018.04.11-21.41.16:768][824]LogAIModule: Creating AISystem for world Ship
[2018.04.11-21.41.16:768][824]LogPlayLevel: PIE: World Init took: (0.000598s)
[2018.04.11-21.41.16:768][824]LogPlayLevel: PIE: Created PIE world by copying editor world from /Game/Maps/Levels/Ship.Ship to /Game/Maps/Levels/UEDPIE_0_Ship.Ship (0.134111s)
[2018.04.11-21.41.16:799][824]LogInit: XAudio2 using 'Speakers / Headphones (Realtek High Definition Audio)' : 2 channels at 48 kHz using 32 bits per sample (channel mask 0x3)
[2018.04.11-21.41.16:809][824]LogInit: FAudioDevice initialized.
[2018.04.11-21.41.16:896][824]LogLoad: Game class is 'NewGameMode_C'
[2018.04.11-21.41.16:930][824]LogWorld: Bringing World /Game/Maps/Levels/UEDPIE_0_Ship.Ship up for play (max tick rate 0) at 2018.04.11-17.41.16
[2018.04.11-21.41.16:936][824]LogWorld: Bringing up level for play took: 0.038325
[2018.04.11-21.41.16:959][824]PIE: Play in editor start time for /Game/Maps/Levels/UEDPIE_0_Ship -0.129
[2018.04.11-21.41.16:960][824]LogBlueprintUserMessages: Late PlayInEditor Detection: Level '/Game/Maps/Levels/Ship.Ship:PersistentLevel' has LevelScriptBlueprint '/Game/Maps/Levels/Ship.Ship:PersistentLevel.Ship' with GeneratedClass '/Game/Maps/Levels/Ship.Ship_C' with ClassGeneratedBy '/Game/Maps/Levels/Ship.Ship:PersistentLevel.Ship'
[2018.04.11-21.41.25:276][127]LogBlueprintUserMessages: Early EndPlayMap Detection: Level '/Game/Maps/Levels/Ship.Ship:PersistentLevel' has LevelScriptBlueprint '/Game/Maps/Levels/Ship.Ship:PersistentLevel.Ship' with GeneratedClass '/Game/Maps/Levels/Ship.Ship_C' with ClassGeneratedBy '/Game/Maps/Levels/Ship.Ship:PersistentLevel.Ship'
[2018.04.11-21.41.25:471][127]LogBlueprintUserMessages: Late EndPlayMap Detection: Level '/Game/Maps/Levels/Ship.Ship:PersistentLevel' has LevelScriptBlueprint '/Game/Maps/Levels/Ship.Ship:PersistentLevel.Ship' with GeneratedClass '/Game/Maps/Levels/Ship.Ship_C' with ClassGeneratedBy '/Game/Maps/Levels/Ship.Ship:PersistentLevel.Ship'
[2018.04.11-21.41.29:713][520]LogTemp: Repeating last play command: VR Preview
[2018.04.11-21.41.29:746][520]LogBlueprintUserMessages: Early PlayInEditor Detection: Level '/Game/Maps/Levels/Ship.Ship:PersistentLevel' has LevelScriptBlueprint '/Game/Maps/Levels/Ship.Ship:PersistentLevel.Ship' with GeneratedClass '/Game/Maps/Levels/Ship.Ship_C' with ClassGeneratedBy '/Game/Maps/Levels/Ship.Ship:PersistentLevel.Ship'
[2018.04.11-21.41.29:746][520]LogPlayLevel: PlayLevel: No blueprints needed recompiling
[2018.04.11-21.41.29:746][520]PIE: New page: PIE session: Ship (Apr 11, 2018, 1:41:29 PM)
[2018.04.11-21.41.29:746][520]LogPlayLevel: Creating play world package: /Game/Maps/Levels/UEDPIE_0_Ship
[2018.04.11-21.41.29:891][520]LogPlayLevel: PIE: StaticDuplicateObject took: (0.144495s)
[2018.04.11-21.41.29:892][520]LogAIModule: Creating AISystem for world Ship
[2018.04.11-21.41.29:892][520]LogPlayLevel: PIE: World Init took: (0.000836s)
[2018.04.11-21.41.29:893][520]LogPlayLevel: PIE: Created PIE world by copying editor world from /Game/Maps/Levels/Ship.Ship to /Game/Maps/Levels/UEDPIE_0_Ship.Ship (0.145774s)
[2018.04.11-21.41.29:923][520]LogInit: XAudio2 using 'Speakers / Headphones (Realtek High Definition Audio)' : 2 channels at 48 kHz using 32 bits per sample (channel mask 0x3)
[2018.04.11-21.41.29:933][520]LogInit: FAudioDevice initialized.
[2018.04.11-21.41.30:020][520]LogLoad: Game class is 'NewGameMode_C'
[2018.04.11-21.41.30:059][520]LogWorld: Bringing World /Game/Maps/Levels/UEDPIE_0_Ship.Ship up for play (max tick rate 0) at 2018.04.11-17.41.30
[2018.04.11-21.41.30:065][520]LogWorld: Bringing up level for play took: 0.044287
[2018.04.11-21.41.30:082][520]PIE: Play in editor start time for /Game/Maps/Levels/UEDPIE_0_Ship 0.994
[2018.04.11-21.41.30:083][520]LogBlueprintUserMessages: Late PlayInEditor Detection: Level '/Game/Maps/Levels/Ship.Ship:PersistentLevel' has LevelScriptBlueprint '/Game/Maps/Levels/Ship.Ship:PersistentLevel.Ship' with GeneratedClass '/Game/Maps/Levels/Ship.Ship_C' with ClassGeneratedBy '/Game/Maps/Levels/Ship.Ship:PersistentLevel.Ship'
[2018.04.11-21.41.34:607][679]LogBlueprintUserMessages: Early EndPlayMap Detection: Level '/Game/Maps/Levels/Ship.Ship:PersistentLevel' has LevelScriptBlueprint '/Game/Maps/Levels/Ship.Ship:PersistentLevel.Ship' with GeneratedClass '/Game/Maps/Levels/Ship.Ship_C' with ClassGeneratedBy '/Game/Maps/Levels/Ship.Ship:PersistentLevel.Ship'
[2018.04.11-21.41.34:798][679]LogBlueprintUserMessages: Late EndPlayMap Detection: Level '/Game/Maps/Levels/Ship.Ship:PersistentLevel' has LevelScriptBlueprint '/Game/Maps/Levels/Ship.Ship:PersistentLevel.Ship' with GeneratedClass '/Game/Maps/Levels/Ship.Ship_C' with ClassGeneratedBy '/Game/Maps/Levels/Ship.Ship:PersistentLevel.Ship'
[2018.04.11-21.41.37:770][900]Cmd: OBJ SAVEPACKAGE PACKAGE="/Game/Maps/Levels/Ship" FILE="../../../../../GitHub/VR_SlaveExperience/SlaveVRExperience/Content/Maps/Levels/Ship.umap" SILENT=true AUTOSAVING=false KEEPDIRTY=false
[2018.04.11-21.41.40:115][900]LogSavePackage: Save=2312.54ms
[2018.04.11-21.41.40:115][900]LogSavePackage: Moving '../../../../../GitHub/VR_SlaveExperience/SlaveVRExperience/Saved/Ship51C304D84463E5E1E4AF888AE7497922.tmp' to '../../../../../GitHub/VR_SlaveExperience/SlaveVRExperience/Content/Maps/Levels/Ship.umap'
[2018.04.11-21.41.40:119][900]LogSavePackage: Display: Finished SavePackage ../../../../../GitHub/VR_SlaveExperience/SlaveVRExperience/Content/Maps/Levels/Ship.umap
[2018.04.11-21.41.40:170][900]Cmd: OBJ SAVEPACKAGE PACKAGE="/Game/Maps/Levels/Ship_BuiltData" FILE="../../../../../GitHub/VR_SlaveExperience/SlaveVRExperience/Content/Maps/Levels/Ship_BuiltData.uasset" SILENT=true
[2018.04.11-21.41.42:809][900]LogSavePackage: Save=2597.34ms
[2018.04.11-21.41.42:809][900]LogSavePackage: Moving '../../../../../GitHub/VR_SlaveExperience/SlaveVRExperience/Saved/Ship_BuiltDataD64B3545402B8CA5D16DE79D425E1D82.tmp' to '../../../../../GitHub/VR_SlaveExperience/SlaveVRExperience/Content/Maps/Levels/Ship_BuiltData.uasset'
[2018.04.11-21.41.42:815][900]LogSavePackage: Display: Finished SavePackage ../../../../../GitHub/VR_SlaveExperience/SlaveVRExperience/Content/Maps/Levels/Ship_BuiltData.uasset
[2018.04.11-21.41.51:053][531]LogActorComponent: UnregisterComponent: (/Engine/Transient.EditorFloorComp) Not registered. Aborting.
[2018.04.11-21.41.51:109][531]LogWindowsTextInputMethodSystem: Display: IME system now deactivated.
[2018.04.11-21.41.51:292][532]Cmd: QUIT_EDITOR
[2018.04.11-21.41.51:787][532]LogExit: Preparing to exit.
[2018.04.11-21.41.51:948][532]LogDirectoryWatcher: A directory notification for 'D:/GitHub/VR_SlaveExperience/SlaveVRExperience/Content/' was aborted.
[2018.04.11-21.41.52:011][532]LogExit: Editor shut down
[2018.04.11-21.41.52:014][532]LogExit: Transaction tracking system shut down
[2018.04.11-21.41.52:250][532]LogDirectoryWatcher: A directory notification for '../../../Engine/Content/' was aborted.
[2018.04.11-21.41.52:250][532]LogDirectoryWatcher: A directory notification for '../../../../../GitHub/VR_SlaveExperience/SlaveVRExperience/Content/' was aborted.
[2018.04.11-21.41.52:250][532]LogDirectoryWatcher: A directory notification for '../../../Engine/Plugins/2D/Paper2D/Content/' was aborted.
[2018.04.11-21.41.52:250][532]LogDirectoryWatcher: A directory notification for '../../../Engine/Plugins/Media/MediaCompositing/Content/' was aborted.
[2018.04.11-21.41.52:250][532]LogDirectoryWatcher: A directory notification for '../../../Engine/Plugins/Runtime/AppleARKit/Content/' was aborted.
[2018.04.11-21.41.52:250][532]LogDirectoryWatcher: A directory notification for '../../../Engine/Plugins/Runtime/Oculus/OculusVR/Content/' was aborted.
[2018.04.11-21.41.52:250][532]LogDirectoryWatcher: A directory notification for '../../../Engine/Plugins/Runtime/Steam/SteamVR/Content/' was aborted.
[2018.04.11-21.41.52:441][532]LogExit: Object subsystem successfully closed.
[2018.04.11-21.41.52:487][532]LogD3D11RHI: Shutdown
[2018.04.11-21.41.52:487][532]LogD3D11RHI: CleanupD3DDevice
[2018.04.11-21.41.52:491][532]LogD3D11RHI: ~FD3D11DynamicRHI
[2018.04.11-21.41.52:497][532]LogModuleManager: Shutting down and abandoning module BlueprintGraph (558)
[2018.04.11-21.41.52:498][532]LogModuleManager: Shutting down and abandoning module ClothingSystemEditorInterface (556)
[2018.04.11-21.41.52:498][532]LogModuleManager: Shutting down and abandoning module SkeletonEditor (554)
[2018.04.11-21.41.52:498][532]LogModuleManager: Shutting down and abandoning module MovieSceneCapture (552)
[2018.04.11-21.41.52:498][532]LogModuleManager: Shutting down and abandoning module HierarchicalLODOutliner (550)
[2018.04.11-21.41.52:498][532]LogModuleManager: Shutting down and abandoning module DesktopPlatform (548)
[2018.04.11-21.41.52:498][532]LogModuleManager: Shutting down and abandoning module SceneOutliner (546)
[2018.04.11-21.41.52:498][532]LogModuleManager: Shutting down and abandoning module AddContentDialog (544)
[2018.04.11-21.41.52:498][532]LogDirectoryWatcher: A directory notification for 'D:/Epic Games/UE_4.18/FeaturePacks/' was aborted.
[2018.04.11-21.41.52:499][532]LogModuleManager: Shutting down and abandoning module WidgetCarousel (543)
[2018.04.11-21.41.52:499][532]LogModuleManager: Shutting down and abandoning module EditorWidgets (540)
[2018.04.11-21.41.52:499][532]LogModuleManager: Shutting down and abandoning module CollectionManager (538)
[2018.04.11-21.41.52:499][532]LogDirectoryWatcher: A directory notification for 'D:/GitHub/VR_SlaveExperience/SlaveVRExperience/Content/Collections/' was aborted.
[2018.04.11-21.41.52:499][532]LogDirectoryWatcher: A directory notification for 'D:/GitHub/VR_SlaveExperience/SlaveVRExperience/Content/Developers/ja999455/Collections/' was aborted.
[2018.04.11-21.41.52:499][532]LogDirectoryWatcher: A directory notification for 'D:/GitHub/VR_SlaveExperience/SlaveVRExperience/Saved/Collections/' was aborted.
[2018.04.11-21.41.52:499][532]LogModuleManager: Shutting down and abandoning module StatsViewer (536)
[2018.04.11-21.41.52:499][532]LogModuleManager: Shutting down and abandoning module FoliageEdit (534)
[2018.04.11-21.41.52:499][532]LogModuleManager: Shutting down and abandoning module LandscapeEditor (532)
[2018.04.11-21.41.52:499][532]LogModuleManager: Shutting down and abandoning module MeshPaintMode (530)
[2018.04.11-21.41.52:499][532]LogModuleManager: Shutting down and abandoning module SceneDepthPickerMode (528)
[2018.04.11-21.41.52:499][532]LogModuleManager: Shutting down and abandoning module ActorPickerMode (526)
[2018.04.11-21.41.52:499][532]LogModuleManager: Shutting down and abandoning module GeometryMode (524)
[2018.04.11-21.41.52:499][532]LogModuleManager: Shutting down and abandoning module TextureAlignMode (522)
[2018.04.11-21.41.52:499][532]LogModuleManager: Shutting down and abandoning module BspMode (520)
[2018.04.11-21.41.52:499][532]LogModuleManager: Shutting down and abandoning module PIEPreviewDeviceProfileSelector (518)
[2018.04.11-21.41.52:499][532]LogModuleManager: Shutting down and abandoning module HardwareSurvey (516)
[2018.04.11-21.41.52:499][532]LogModuleManager: Shutting down and abandoning module SequenceRecorderSections (514)
[2018.04.11-21.41.52:499][532]LogModuleManager: Shutting down and abandoning module AutomationWorker (512)
[2018.04.11-21.41.52:499][532]LogModuleManager: Shutting down and abandoning module MatineeToLevelSequence (510)
[2018.04.11-21.41.52:499][532]LogModuleManager: Shutting down and abandoning module LevelSequenceEditor (508)
[2018.04.11-21.41.52:499][532]LogModuleManager: Shutting down and abandoning module PlacementMode (507)
[2018.04.11-21.41.52:499][532]LogModuleManager: Shutting down and abandoning module WmfMediaFactory (504)
[2018.04.11-21.41.52:499][532]LogModuleManager: Shutting down and abandoning module WmfMediaEditor (502)
[2018.04.11-21.41.52:499][532]LogModuleManager: Shutting down and abandoning module OpenExrWrapper (500)
[2018.04.11-21.41.52:499][532]LogModuleManager: Shutting down and abandoning module ImgMediaFactory (498)
[2018.04.11-21.41.52:499][532]LogModuleManager: Shutting down and abandoning module ImgMediaEditor (496)
[2018.04.11-21.41.52:499][532]LogModuleManager: Shutting down and abandoning module AvfMediaFactory (494)
[2018.04.11-21.41.52:499][532]LogModuleManager: Shutting down and abandoning module AvfMediaEditor (492)
[2018.04.11-21.41.52:499][532]LogModuleManager: Shutting down and abandoning module AndroidMediaFactory (490)
[2018.04.11-21.41.52:499][532]LogModuleManager: Shutting down and abandoning module AndroidMediaEditor (488)
[2018.04.11-21.41.52:499][532]LogModuleManager: Shutting down and abandoning module CharacterAI (486)
[2018.04.11-21.41.52:499][532]LogModuleManager: Shutting down and abandoning module AudioCapture (484)
[2018.04.11-21.41.52:499][532]LogModuleManager: Shutting down and abandoning module SequenceRecorder (483)
[2018.04.11-21.41.52:499][532]LogModuleManager: Shutting down and abandoning module SmartSnapping (480)
[2018.04.11-21.41.52:500][532]LogModuleManager: Shutting down and abandoning module SessionServices (478)
[2018.04.11-21.41.52:500][532]LogModuleManager: Shutting down and abandoning module ViewportSnapping (476)
[2018.04.11-21.41.52:500][532]LogModuleManager: Shutting down and abandoning module ViewportInteraction (474)
[2018.04.11-21.41.52:500][532]LogModuleManager: Shutting down and abandoning module ClothPainter (472)
[2018.04.11-21.41.52:500][532]LogModuleManager: Shutting down and abandoning module SkeletalMeshEditor (471)
[2018.04.11-21.41.52:500][532]LogModuleManager: Shutting down and abandoning module LogVisualizer (468)
[2018.04.11-21.41.52:500][532]LogModuleManager: Shutting down and abandoning module IntroTutorials (466)
[2018.04.11-21.41.52:500][532]LogModuleManager: Shutting down and abandoning module GameProjectGeneration (465)
[2018.04.11-21.41.52:500][532]LogModuleManager: Shutting down and abandoning module IOSPlatformEditor (462)
[2018.04.11-21.41.52:500][532]LogModuleManager: Shutting down and abandoning module HTML5PlatformEditor (460)
[2018.04.11-21.41.52:500][532]LogModuleManager: Shutting down and abandoning module AndroidPlatformEditor (458)
[2018.04.11-21.41.52:500][532]LogModuleManager: Shutting down and abandoning module AndroidDeviceDetection (457)
[2018.04.11-21.41.53:077][532]LogModuleManager: Shutting down and abandoning module WindowsPlatformEditor (454)
[2018.04.11-21.41.53:077][532]LogModuleManager: Shutting down and abandoning module IOSRuntimeSettings (452)
[2018.04.11-21.41.53:077][532]LogModuleManager: Shutting down and abandoning module AndroidRuntimeSettings (450)
[2018.04.11-21.41.53:077][532]LogModuleManager: Shutting down and abandoning module InputBindingEditor (448)
[2018.04.11-21.41.53:077][532]LogModuleManager: Shutting down and abandoning module MergeActors (446)
[2018.04.11-21.41.53:077][532]LogModuleManager: Shutting down and abandoning module SizeMap (444)
[2018.04.11-21.41.53:077][532]LogModuleManager: Shutting down and abandoning module TreeMap (442)
[2018.04.11-21.41.53:077][532]LogModuleManager: Shutting down and abandoning module ReferenceViewer (440)
[2018.04.11-21.41.53:077][532]LogModuleManager: Shutting down and abandoning module LocalizationDashboard (438)
[2018.04.11-21.41.53:077][532]LogModuleManager: Shutting down and abandoning module LocalizationService (437)
[2018.04.11-21.41.53:077][532]LogModuleManager: Shutting down and abandoning module HardwareTargeting (434)
[2018.04.11-21.41.53:077][532]LogModuleManager: Shutting down and abandoning module DeviceProfileEditor (432)
[2018.04.11-21.41.53:077][532]LogModuleManager: Shutting down and abandoning module UndoHistory (430)
[2018.04.11-21.41.53:077][532]LogModuleManager: Shutting down and abandoning module XmlParser (428)
[2018.04.11-21.41.53:077][532]LogModuleManager: Shutting down and abandoning module Blutility (426)
[2018.04.11-21.41.53:077][532]LogModuleManager: Shutting down and abandoning module ProjectSettingsViewer (424)
[2018.04.11-21.41.53:077][532]LogModuleManager: Shutting down and abandoning module ProjectTargetPlatformEditor (423)
[2018.04.11-21.41.53:077][532]LogModuleManager: Shutting down and abandoning module EditorSettingsViewer (420)
[2018.04.11-21.41.53:078][532]LogModuleManager: Shutting down and abandoning module SettingsEditor (418)
[2018.04.11-21.41.53:078][532]LogModuleManager: Shutting down and abandoning module ProjectLauncher (416)
[2018.04.11-21.41.53:078][532]LogModuleManager: Shutting down and abandoning module SessionFrontend (414)
[2018.04.11-21.41.53:078][532]LogModuleManager: Shutting down and abandoning module ProfilerClient (412)
[2018.04.11-21.41.53:078][532]LogModuleManager: Shutting down and abandoning module DeviceManager (410)
[2018.04.11-21.41.53:078][532]LogModuleManager: Shutting down and abandoning module TargetDeviceServices (409)
[2018.04.11-21.41.53:145][532]LogModuleManager: Shutting down and abandoning module AutomationController (406)
[2018.04.11-21.41.53:145][532]LogModuleManager: Shutting down and abandoning module AutomationWindow (404)
[2018.04.11-21.41.53:145][532]LogModuleManager: Shutting down and abandoning module Layers (402)
[2018.04.11-21.41.53:145][532]LogModuleManager: Shutting down and abandoning module ComponentVisualizers (400)
[2018.04.11-21.41.53:145][532]LogModuleManager: Shutting down and abandoning module DetailCustomizations (398)
[2018.04.11-21.41.53:145][532]LogModuleManager: Shutting down and abandoning module PackagesDialog (396)
[2018.04.11-21.41.53:145][532]LogModuleManager: Shutting down and abandoning module Persona (394)
[2018.04.11-21.41.53:145][532]LogModuleManager: Shutting down and abandoning module AdvancedPreviewScene (393)
[2018.04.11-21.41.53:145][532]LogModuleManager: Shutting down and abandoning module AnimGraph (391)
[2018.04.11-21.41.53:145][532]LogModuleManager: Shutting down and abandoning module Kismet (388)
[2018.04.11-21.41.53:154][532]LogModuleManager: Shutting down and abandoning module ClassViewer (386)
[2018.04.11-21.41.53:156][532]LogModuleManager: Shutting down and abandoning module Toolbox (384)
[2018.04.11-21.41.53:156][532]LogModuleManager: Shutting down and abandoning module ModuleUI (382)
[2018.04.11-21.41.53:156][532]LogModuleManager: Shutting down and abandoning module MovieSceneTools (380)
[2018.04.11-21.41.53:156][532]LogModuleManager: Shutting down and abandoning module OutputLog (378)
[2018.04.11-21.41.53:156][532]LogModuleManager: Shutting down and abandoning module GammaUI (376)
[2018.04.11-21.41.53:156][532]LogModuleManager: Shutting down and abandoning module Documentation (374)
[2018.04.11-21.41.53:156][532]LogModuleManager: Shutting down and abandoning module MovieSceneTracks (372)
[2018.04.11-21.41.53:156][532]LogModuleManager: Shutting down and abandoning module MovieScene (370)
[2018.04.11-21.41.53:156][532]LogModuleManager: Shutting down and abandoning module StreamingPauseRendering (368)
[2018.04.11-21.41.53:156][532]LogModuleManager: Shutting down and abandoning module LauncherPlatform (366)
[2018.04.11-21.41.53:156][532]LogModuleManager: Shutting down and abandoning module AnalyticsET (364)
[2018.04.11-21.41.53:156][532]LogModuleManager: Shutting down and abandoning module PortalServices (362)
[2018.04.11-21.41.53:156][532]LogModuleManager: Shutting down and abandoning module PortalRpc (360)
[2018.04.11-21.41.53:156][532]LogModuleManager: Shutting down and abandoning module MessagingRpc (358)
[2018.04.11-21.41.53:156][532]LogModuleManager: Shutting down and abandoning module AIModule (356)
[2018.04.11-21.41.53:156][532]LogModuleManager: Shutting down and abandoning module GameplayDebugger (355)
[2018.04.11-21.41.53:156][532]LogModuleManager: Shutting down and abandoning module AITestSuite (353)
[2018.04.11-21.41.53:156][532]LogModuleManager: Shutting down and abandoning module ProfilerService (350)
[2018.04.11-21.41.53:401][532]LogModuleManager: Shutting down and abandoning module TaskGraph (348)
[2018.04.11-21.41.53:401][532]LogModuleManager: Shutting down and abandoning module SteamVRController (346)
[2018.04.11-21.41.53:401][532]LogModuleManager: Shutting down and abandoning module ProceduralMeshComponentEditor (344)
[2018.04.11-21.41.53:401][532]LogModuleManager: Shutting down and abandoning module ProceduralMeshComponent (342)
[2018.04.11-21.41.53:401][532]LogModuleManager: Shutting down and abandoning module OculusInput (340)
[2018.04.11-21.41.53:401][532]LogModuleManager: Shutting down and abandoning module MobilePatchingUtils (338)
[2018.04.11-21.41.53:401][532]LogModuleManager: Shutting down and abandoning module CustomMeshComponent (336)
[2018.04.11-21.41.53:401][532]LogModuleManager: Shutting down and abandoning module CableComponent (334)
[2018.04.11-21.41.53:401][532]LogModuleManager: Shutting down and abandoning module ArchVisCharacter (332)
[2018.04.11-21.41.53:401][532]LogModuleManager: Shutting down and abandoning module AndroidPermission (330)
[2018.04.11-21.41.53:401][532]LogModuleManager: Shutting down and abandoning module ActorSequence (326)
[2018.04.11-21.41.53:401][532]LogModuleManager: Shutting down and abandoning module MediaPlayerEditor (324)
[2018.04.11-21.41.53:401][532]LogModuleManager: Shutting down and abandoning module MediaCompositingEditor (322)
[2018.04.11-21.41.53:401][532]LogModuleManager: Shutting down and abandoning module MediaCompositing (320)
[2018.04.11-21.41.53:401][532]LogModuleManager: Shutting down and abandoning module HTML5Networking (318)
[2018.04.11-21.41.53:401][532]LogModuleManager: Shutting down and abandoning module AlembicImporter (316)
[2018.04.11-21.41.53:401][532]LogModuleManager: Shutting down and abandoning module AlembicLibrary (315)
[2018.04.11-21.41.53:401][532]LogModuleManager: Shutting down and abandoning module GeometryCache (314)
[2018.04.11-21.41.53:401][532]LogModuleManager: Shutting down and abandoning module GeometryCacheEd (313)
[2018.04.11-21.41.53:401][532]LogModuleManager: Shutting down and abandoning module SpeedTreeImporter (308)
[2018.04.11-21.41.53:401][532]LogModuleManager: Shutting down and abandoning module PluginBrowser (306)
[2018.04.11-21.41.53:401][532]LogModuleManager: Shutting down and abandoning module MobileLauncherProfileWizard (304)
[2018.04.11-21.41.53:401][532]LogModuleManager: Shutting down and abandoning module VisualStudioSourceCodeAccess (302)
[2018.04.11-21.41.53:402][532]LogModuleManager: Shutting down and abandoning module VisualStudioCodeSourceCodeAccess (300)
[2018.04.11-21.41.53:402][532]LogModuleManager: Shutting down and abandoning module UObjectPlugin (298)
[2018.04.11-21.41.53:402][532]LogModuleManager: Shutting down and abandoning module SubversionSourceControl (296)
[2018.04.11-21.41.53:402][532]LogModuleManager: Shutting down and abandoning module PerforceSourceControl (294)
[2018.04.11-21.41.53:402][532]LogModuleManager: Shutting down and abandoning module GitSourceControl (292)
[2018.04.11-21.41.53:402][532]LogModuleManager: Shutting down and abandoning module SourceControl (291)
[2018.04.11-21.41.53:402][532]LogModuleManager: Shutting down and abandoning module LightPropagationVolumeEditor (288)
[2018.04.11-21.41.53:402][532]LogModuleManager: Shutting down and abandoning module PaperTiledImporter (286)
[2018.04.11-21.41.53:402][532]LogModuleManager: Shutting down and abandoning module PaperSpriteSheetImporter (284)
[2018.04.11-21.41.53:402][532]LogModuleManager: Shutting down and abandoning module Paper2DEditor (282)
[2018.04.11-21.41.53:402][532]LogModuleManager: Shutting down and abandoning module MeshPaint (281)
[2018.04.11-21.41.53:402][532]LogModuleManager: Shutting down and abandoning module LevelEditor (279)
[2018.04.11-21.41.53:402][532]LogModuleManager: Shutting down and abandoning module PixelInspectorModule (278)
[2018.04.11-21.41.53:402][532]LogModuleManager: Shutting down and abandoning module MainFrame (276)
[2018.04.11-21.41.53:403][532]LogModuleManager: Shutting down and abandoning module HotReload (275)
[2018.04.11-21.41.53:403][532]LogDirectoryWatcher: A directory notification for 'D:/GitHub/VR_SlaveExperience/SlaveVRExperience/Binaries/Win64' was aborted.
[2018.04.11-21.41.53:403][532]LogModuleManager: Shutting down and abandoning module SlaveVRExperience (270)
[2018.04.11-21.41.53:403][532]LogModuleManager: Shutting down and abandoning module RuntimePhysXCooking (268)
[2018.04.11-21.41.53:403][532]LogModuleManager: Shutting down and abandoning module PhysXVehiclesEditor (266)
[2018.04.11-21.41.53:403][532]LogModuleManager: Shutting down and abandoning module PhysXVehicles (264)
[2018.04.11-21.41.53:403][532]LogModuleManager: Shutting down and abandoning module OculusEditor (262)
[2018.04.11-21.41.53:403][532]LogModuleManager: Shutting down and abandoning module LocationServicesBPLibrary (260)
[2018.04.11-21.41.53:403][532]LogModuleManager: Shutting down and abandoning module ImmediatePhysicsEditor (258)
[2018.04.11-21.41.53:403][532]LogModuleManager: Shutting down and abandoning module ImmediatePhysics (256)
[2018.04.11-21.41.53:403][532]LogModuleManager: Shutting down and abandoning module UdpMessaging (254)
[2018.04.11-21.41.53:504][532]LogModuleManager: Shutting down and abandoning module TcpMessaging (252)
[2018.04.11-21.41.53:605][532]LogModuleManager: Shutting down and abandoning module GameplayTagsEditor (250)
[2018.04.11-21.41.53:605][532]LogModuleManager: Shutting down and abandoning module FacialAnimationEditor (248)
[2018.04.11-21.41.53:605][532]LogModuleManager: Shutting down and abandoning module FacialAnimation (246)
[2018.04.11-21.41.53:605][532]LogModuleManager: Shutting down and abandoning module AssetManagerEditor (244)
[2018.04.11-21.41.53:605][532]LogModuleManager: Shutting down and abandoning module GraphEditor (243)
[2018.04.11-21.41.53:605][532]LogModuleManager: Shutting down and abandoning module ContentBrowser (241)
[2018.04.11-21.41.53:606][532]LogModuleManager: Shutting down and abandoning module LightPropagationVolumeRuntime (238)
[2018.04.11-21.41.53:606][532]LogModuleManager: Shutting down and abandoning module Paper2D (236)
[2018.04.11-21.41.53:606][532]LogModuleManager: Shutting down and abandoning module WindowsMoviePlayer (234)
[2018.04.11-21.41.53:606][532]LogModuleManager: Shutting down and abandoning module WmfMedia (232)
[2018.04.11-21.41.53:606][532]LogModuleManager: Shutting down and abandoning module ImgMedia (230)
[2018.04.11-21.41.53:606][532]LogModuleManager: Shutting down and abandoning module PacketHandler (228)
[2018.04.11-21.41.53:606][532]LogModuleManager: Shutting down and abandoning module ClothingSystemEditor (226)
[2018.04.11-21.41.53:606][532]LogModuleManager: Shutting down and abandoning module ClothingSystemRuntime (224)
[2018.04.11-21.41.53:606][532]LogModuleManager: Shutting down and abandoning module MediaAssets (222)
[2018.04.11-21.41.53:606][532]LogModuleManager: Shutting down and abandoning module Media (221)
[2018.04.11-21.41.53:612][532]LogModuleManager: Shutting down and abandoning module Overlay (218)
[2018.04.11-21.41.53:612][532]LogModuleManager: Shutting down and abandoning module OverlayEditor (217)
[2018.04.11-21.41.53:612][532]LogModuleManager: Shutting down and abandoning module VREditor (214)
[2018.04.11-21.41.53:612][532]LogModuleManager: Shutting down and abandoning module StringTableEditor (212)
[2018.04.11-21.41.53:612][532]LogModuleManager: Shutting down and abandoning module GameplayTasksEditor (210)
[2018.04.11-21.41.53:612][532]LogModuleManager: Shutting down and abandoning module BehaviorTreeEditor (208)
[2018.04.11-21.41.53:612][532]LogModuleManager: Shutting down and abandoning module FunctionalTesting (206)
[2018.04.11-21.41.53:612][532]LogModuleManager: Shutting down and abandoning module CollisionAnalyzer (204)
[2018.04.11-21.41.53:612][532]LogModuleManager: Shutting down and abandoning module WorkspaceMenuStructure (203)
[2018.04.11-21.41.53:612][532]LogModuleManager: Shutting down and abandoning module UMG (200)
[2018.04.11-21.41.53:612][532]LogModuleManager: Shutting down and abandoning module UMGEditor (199)
[2018.04.11-21.41.53:612][532]LogModuleManager: Shutting down and abandoning module Sequencer (198)
[2018.04.11-21.41.53:612][532]LogModuleManager: Shutting down and abandoning module MessageLog (195)
[2018.04.11-21.41.53:612][532]LogModuleManager: Shutting down and abandoning module SlateReflector (190)
[2018.04.11-21.41.53:612][532]LogModuleManager: Shutting down and abandoning module Slate (188)
[2018.04.11-21.41.53:612][532]LogModuleManager: Shutting down and abandoning module EditorStyle (186)
[2018.04.11-21.41.53:614][532]LogModuleManager: Shutting down and abandoning module MRMesh (184)
[2018.04.11-21.41.53:614][532]LogModuleManager: Shutting down and abandoning module SourceCodeAccess (182)
[2018.04.11-21.41.53:614][532]LogModuleManager: Shutting down and abandoning module HeadMountedDisplay (180)
[2018.04.11-21.41.53:614][532]LogModuleManager: Shutting down and abandoning module XAudio2 (178)
[2018.04.11-21.41.53:614][532]LogModuleManager: Shutting down and abandoning module Networking (176)
[2018.04.11-21.41.53:614][532]LogModuleManager: Shutting down and abandoning module Core (172)
[2018.04.11-21.41.53:614][532]LogModuleManager: Shutting down and abandoning module LevelSequence (168)
[2018.04.11-21.41.53:614][532]LogModuleManager: Shutting down and abandoning module DirectoryWatcher (166)
[2018.04.11-21.41.53:615][532]LogModuleManager: Shutting down and abandoning module KismetCompiler (164)
[2018.04.11-21.41.53:615][532]LogModuleManager: Shutting down and abandoning module MeshUtilities (162)
[2018.04.11-21.41.53:615][532]LogModuleManager: Shutting down and abandoning module MeshMergeUtilities (161)
[2018.04.11-21.41.53:615][532]LogModuleManager: Shutting down and abandoning module MeshReductionInterface (160)
[2018.04.11-21.41.53:615][532]LogModuleManager: Shutting down and abandoning module SimplygonSwarm (159)
[2018.04.11-21.41.53:615][532]LogModuleManager: Shutting down and abandoning module SimplygonMeshReduction (157)
[2018.04.11-21.41.53:615][532]LogModuleManager: Shutting down and abandoning module QuadricMeshReduction (155)
[2018.04.11-21.41.53:615][532]LogModuleManager: Shutting down and abandoning module MaterialBaking (151)
[2018.04.11-21.41.53:615][532]LogModuleManager: Shutting down and abandoning module DerivedDataCache (148)
[2018.04.11-21.41.53:665][532]LogDerivedDataCache: Shutdown
[2018.04.11-21.41.53:665][532]LogModuleManager: Shutting down and abandoning module TargetPlatform (146)
[2018.04.11-21.41.53:665][532]LogModuleManager: Shutting down and abandoning module VulkanShaderFormat (145)
[2018.04.11-21.41.53:665][532]LogModuleManager: Shutting down and abandoning module ShaderFormatVectorVM (143)
[2018.04.11-21.41.53:665][532]LogModuleManager: Shutting down and abandoning module ShaderFormatOpenGL (141)
[2018.04.11-21.41.53:665][532]LogModuleManager: Shutting down and abandoning module ShaderFormatD3D (139)
[2018.04.11-21.41.53:665][532]LogModuleManager: Shutting down and abandoning module MetalShaderFormat (137)
[2018.04.11-21.41.53:665][532]LogModuleManager: Shutting down and abandoning module TextureFormatUncompressed (135)
[2018.04.11-21.41.53:665][532]LogModuleManager: Shutting down and abandoning module TextureFormatPVR (133)
[2018.04.11-21.41.53:665][532]LogModuleManager: Shutting down and abandoning module TextureFormatDXT (131)
[2018.04.11-21.41.53:665][532]LogModuleManager: Shutting down and abandoning module TextureFormatIntelISPCTexComp (129)
[2018.04.11-21.41.53:665][532]LogModuleManager: Shutting down and abandoning module TextureFormatASTC (127)
[2018.04.11-21.41.53:665][532]LogModuleManager: Shutting down and abandoning module ImageWrapper (126)
[2018.04.11-21.41.53:665][532]LogModuleManager: Shutting down and abandoning module TextureFormatAndroid (123)
[2018.04.11-21.41.53:665][532]LogModuleManager: Shutting down and abandoning module AudioFormatOpus (121)
[2018.04.11-21.41.53:665][532]LogModuleManager: Shutting down and abandoning module AudioFormatOgg (119)
[2018.04.11-21.41.53:665][532]LogModuleManager: Shutting down and abandoning module AudioFormatADPCM (117)
[2018.04.11-21.41.53:665][532]LogModuleManager: Shutting down and abandoning module LinuxTargetPlatform (115)
[2018.04.11-21.41.53:665][532]LogModuleManager: Shutting down and abandoning module LinuxServerTargetPlatform (113)
[2018.04.11-21.41.53:665][532]LogModuleManager: Shutting down and abandoning module LinuxNoEditorTargetPlatform (111)
[2018.04.11-21.41.53:665][532]LogModuleManager: Shutting down and abandoning module LinuxClientTargetPlatform (109)
[2018.04.11-21.41.53:665][532]LogModuleManager: Shutting down and abandoning module TVOSTargetPlatform (107)
[2018.04.11-21.41.53:665][532]LogModuleManager: Shutting down and abandoning module Messaging (105)
[2018.04.11-21.41.53:665][532]LogModuleManager: Shutting down and abandoning module IOSTargetPlatform (103)
[2018.04.11-21.41.53:666][532]LogModuleManager: Shutting down and abandoning module HTML5TargetPlatform (101)
[2018.04.11-21.41.53:666][532]LogModuleManager: Shutting down and abandoning module AndroidTargetPlatform (99)
[2018.04.11-21.41.53:666][532]LogModuleManager: Shutting down and abandoning module Android_PVRTCTargetPlatform (97)
[2018.04.11-21.41.53:666][532]LogModuleManager: Shutting down and abandoning module Android_MultiTargetPlatform (95)
[2018.04.11-21.41.53:666][532]LogModuleManager: Shutting down and abandoning module Android_ETC2TargetPlatform (93)
[2018.04.11-21.41.53:666][532]LogModuleManager: Shutting down and abandoning module Android_ETC1TargetPlatform (91)
[2018.04.11-21.41.53:666][532]LogModuleManager: Shutting down and abandoning module Android_DXTTargetPlatform (89)
[2018.04.11-21.41.53:666][532]LogModuleManager: Shutting down and abandoning module Android_ATCTargetPlatform (87)
[2018.04.11-21.41.53:666][532]LogModuleManager: Shutting down and abandoning module Android_ASTCTargetPlatform (85)
[2018.04.11-21.41.53:666][532]LogModuleManager: Shutting down and abandoning module WindowsTargetPlatform (83)
[2018.04.11-21.41.53:666][532]LogModuleManager: Shutting down and abandoning module WindowsServerTargetPlatform (81)
[2018.04.11-21.41.53:666][532]LogModuleManager: Shutting down and abandoning module WindowsNoEditorTargetPlatform (79)
[2018.04.11-21.41.53:666][532]LogModuleManager: Shutting down and abandoning module WindowsClientTargetPlatform (77)
[2018.04.11-21.41.53:666][532]LogModuleManager: Shutting down and abandoning module MacTargetPlatform (75)
[2018.04.11-21.41.53:666][532]LogModuleManager: Shutting down and abandoning module MacServerTargetPlatform (73)
[2018.04.11-21.41.53:666][532]LogModuleManager: Shutting down and abandoning module MacNoEditorTargetPlatform (71)
[2018.04.11-21.41.53:666][532]LogModuleManager: Shutting down and abandoning module MacClientTargetPlatform (69)
[2018.04.11-21.41.53:666][532]LogModuleManager: Shutting down and abandoning module AllDesktopTargetPlatform (67)
[2018.04.11-21.41.53:666][532]LogModuleManager: Shutting down and abandoning module InputCore (64)
[2018.04.11-21.41.53:666][532]LogModuleManager: Shutting down and abandoning module Settings (62)
[2018.04.11-21.41.53:666][532]LogModuleManager: Shutting down and abandoning module PhysXCooking (60)
[2018.04.11-21.41.53:666][532]LogModuleManager: Shutting down and abandoning module SteamVR (58)
[2018.04.11-21.41.53:666][532]LogModuleManager: Shutting down and abandoning module OculusHMD (56)
[2018.04.11-21.41.53:666][532]LogModuleManager: Shutting down and abandoning module ExampleDeviceProfileSelector (54)
[2018.04.11-21.41.53:666][532]LogModuleManager: Shutting down and abandoning module AppleARKit (52)
[2018.04.11-21.41.53:666][532]LogModuleManager: Shutting down and abandoning module AugmentedReality (51)
[2018.04.11-21.41.53:666][532]LogModuleManager: Shutting down and abandoning module OnlineBlueprintSupport (48)
[2018.04.11-21.41.53:666][532]LogModuleManager: Shutting down and abandoning module OnlineSubsystem (44)
[2018.04.11-21.41.53:666][532]LogModuleManager: Shutting down and abandoning module XMPP (43)
[2018.04.11-21.41.53:666][532]LogModuleManager: Shutting down and abandoning module HTTP (41)
[2018.04.11-21.41.53:666][532]LogHttp: Display: Http module shutting down, but needs to wait on 1 outstanding Http requests:
[2018.04.11-21.41.53:666][532]LogHttp: Display: 	verb=[POST] url=[https://datarouter.ol.epicgames.com/datarouter/api/v1/public/data?SessionID=%7B5A52FECE-49B8-F9EC-743C-E68B104E4343%7D&AppID=UEEditor.Rocket.Release&AppVersion=4.18.3-3832480%2B%2B%2BUE4%2BRelease-4.18&UserID=3aa562054dff56c1de0b62a146de3239%7Cc4a40f5a9b8144829c3e1d00b7a7855b%7C980a9087-8783-4042-bea6-f203b1f08300&AppEnvironment=datacollector-binary&UploadType=eteventstream] status=Processing
[2018.04.11-21.41.53:685][532]LogModuleManager: Shutting down and abandoning module SSL (40)
[2018.04.11-21.41.53:686][532]LogModuleManager: Shutting down and abandoning module AnimationModifiers (36)
[2018.04.11-21.41.53:687][532]LogModuleManager: Shutting down and abandoning module PropertyEditor (35)
[2018.04.11-21.41.53:687][532]LogModuleManager: Shutting down and abandoning module AudioEditor (32)
[2018.04.11-21.41.53:687][532]LogModuleManager: Shutting down and abandoning module TextureCompressor (30)
[2018.04.11-21.41.53:687][532]LogModuleManager: Shutting down and abandoning module ShaderCore (28)
[2018.04.11-21.41.53:687][532]LogModuleManager: Shutting down and abandoning module Landscape (26)
[2018.04.11-21.41.53:687][532]LogModuleManager: Shutting down and abandoning module SlateRHIRenderer (24)
[2018.04.11-21.41.53:687][532]LogModuleManager: Shutting down and abandoning module OpenGLDrv (22)
[2018.04.11-21.41.53:688][532]LogModuleManager: Shutting down and abandoning module D3D11RHI (20)
[2018.04.11-21.41.53:688][532]LogModuleManager: Shutting down and abandoning module AnimGraphRuntime (18)
[2018.04.11-21.41.53:688][532]LogModuleManager: Shutting down and abandoning module Renderer (16)
[2018.04.11-21.41.53:688][532]LogModuleManager: Shutting down and abandoning module Engine (14)
[2018.04.11-21.41.53:688][532]LogModuleManager: Shutting down and abandoning module CoreUObject (12)
[2018.04.11-21.41.53:688][532]LogModuleManager: Shutting down and abandoning module NetworkFile (10)
[2018.04.11-21.41.53:688][532]LogModuleManager: Shutting down and abandoning module CookedIterativeFile (8)
[2018.04.11-21.41.53:688][532]LogModuleManager: Shutting down and abandoning module StreamingFile (6)
[2018.04.11-21.41.53:688][532]LogModuleManager: Shutting down and abandoning module SandboxFile (4)
[2018.04.11-21.41.53:688][532]LogModuleManager: Shutting down and abandoning module PakFile (2)
[2018.04.11-21.41.53:690][532]LogExit: Exiting.
[2018.04.11-21.41.53:692][532]Log file closed, 04/11/18 17:41:53
