Log file open, 02/26/18 15:20:44
LogWindows: Failed to load 'aqProf.dll' (GetLastError=126)
LogWindows: File 'aqProf.dll' does not exist
LogWindows: Failed to load 'VtuneApi.dll' (GetLastError=126)
LogWindows: File 'VtuneApi.dll' does not exist
LogWindows: Failed to load 'VtuneApi32e.dll' (GetLastError=126)
LogWindows: File 'VtuneApi32e.dll' does not exist
LogInit: Display: Running engine for game: SlaveVRExperience
LogPlatformFile: Not using cached read wrapper
LogInit: Display: RandInit(1125417283) SRandInit(1125417283).
LogInit: Read version file with build ID '3709383'
LogInit: Overriding engine version to CL 3832480, compatible CL 3709383
LogInit: Registered custom module enumerator with build ID '3709383'
LogTaskGraph: Started task graph with 5 named threads and 14 total threads with 3 sets of task threads.
LogStats: Stats thread started at 0.156254
LogD3D11RHI: Aftermath initialized
LogFileManager: Error: Error flushing file: C:/Users/ja999455/AppData/Local/UnrealEngine/4.18/Saved/Config/Windows/EditorSettings.ini (There is not enough space on the disk.)
LogPluginManager: Mounting plugin Paper2D
LogPluginManager: Mounting plugin LightPropagationVolume
LogPluginManager: Mounting plugin CodeLiteSourceCodeAccess
LogPluginManager: Mounting plugin GitSourceControl
LogPluginManager: Mounting plugin KDevelopSourceCodeAccess
LogPluginManager: Mounting plugin NullSourceCodeAccess
LogPluginManager: Mounting plugin PerforceSourceControl
LogPluginManager: Mounting plugin SubversionSourceControl
LogPluginManager: Mounting plugin UObjectPlugin
LogPluginManager: Mounting plugin VisualStudioCodeSourceCodeAccess
LogPluginManager: Mounting plugin VisualStudioSourceCodeAccess
LogPluginManager: Mounting plugin XCodeSourceCodeAccess
LogPluginManager: Mounting plugin AssetManagerEditor
LogPluginManager: Mounting plugin AudioCapture
LogPluginManager: Mounting plugin FacialAnimation
LogPluginManager: Mounting plugin GameplayTagsEditor
LogPluginManager: Mounting plugin MobileLauncherProfileWizard
LogPluginManager: Mounting plugin PluginBrowser
LogPluginManager: Mounting plugin SpeedTreeImporter
LogPluginManager: Mounting plugin AlembicImporter
LogPluginManager: Mounting plugin CharacterAI
LogPluginManager: Mounting plugin HTML5Networking
LogPluginManager: Mounting plugin AndroidMedia
LogPluginManager: Mounting plugin AvfMedia
LogPluginManager: Mounting plugin ImgMedia
LogPluginManager: Mounting plugin MediaCompositing
LogPluginManager: Mounting plugin MediaPlayerEditor
LogPluginManager: Mounting plugin WmfMedia
LogPluginManager: Mounting plugin TcpMessaging
LogPluginManager: Mounting plugin UdpMessaging
LogPluginManager: Mounting plugin ActorSequence
LogPluginManager: Mounting plugin LevelSequenceEditor
LogPluginManager: Mounting plugin MatineeToLevelSequence
LogPluginManager: Mounting plugin OnlineSubsystemGooglePlay
LogPluginManager: Mounting plugin OnlineSubsystemIOS
LogPluginManager: Mounting plugin OnlineSubsystem
LogPluginManager: Mounting plugin OnlineSubsystemNull
LogPluginManager: Mounting plugin OnlineSubsystemUtils
LogPluginManager: Mounting plugin AndroidDeviceProfileSelector
LogPluginManager: Mounting plugin AndroidMoviePlayer
LogPluginManager: Mounting plugin AndroidPermission
LogPluginManager: Mounting plugin AppleARKit
LogPluginManager: Mounting plugin AppleMoviePlayer
LogPluginManager: Mounting plugin ArchVisCharacter
LogPluginManager: Mounting plugin CableComponent
LogPluginManager: Mounting plugin CustomMeshComponent
LogPluginManager: Mounting plugin ExampleDeviceProfileSelector
LogPluginManager: Mounting plugin GoogleCloudMessaging
LogPluginManager: Mounting plugin ImmediatePhysics
LogPluginManager: Mounting plugin IOSDeviceProfileSelector
LogPluginManager: Mounting plugin LinuxDeviceProfileSelector
LogPluginManager: Mounting plugin LocationServicesBPLibrary
LogPluginManager: Mounting plugin MobilePatchingUtils
LogPluginManager: Mounting plugin OculusVR
LogPluginManager: Plugin shader directory ../../../Engine/Plugins/Runtime/Oculus/OculusVR/Shaders found
LogPluginManager: Mapping shader source directory ../../../Engine/Plugins/Runtime/Oculus/OculusVR/Shaders to virtual directory /Plugin/OculusVR
LogPluginManager: Mounting plugin PhysXVehicles
LogPluginManager: Mounting plugin ProceduralMeshComponent
LogPluginManager: Mounting plugin RuntimePhysXCooking
LogPluginManager: Mounting plugin SteamVR
LogPluginManager: Mounting plugin WindowsMoviePlayer
LogModuleManager: Display: Found up-to-date module file ../../../../../GitHub/VR_SlaveExperience/SlaveVRExperience/Binaries/Win64/UE4Editor-SlaveVRExperience.dll (API version 3709383).
LogModuleManager: Display: Found up-to-date module file ../../../Engine/Plugins/2D/Paper2D/Binaries/Win64/UE4Editor-Paper2D.dll (API version 3709383).
LogModuleManager: Display: Found up-to-date module file ../../../Engine/Plugins/2D/Paper2D/Binaries/Win64/UE4Editor-Paper2DEditor.dll (API version 3709383).
LogModuleManager: Display: Found up-to-date module file ../../../Engine/Plugins/2D/Paper2D/Binaries/Win64/UE4Editor-PaperSpriteSheetImporter.dll (API version 3709383).
LogModuleManager: Display: Found up-to-date module file ../../../Engine/Plugins/2D/Paper2D/Binaries/Win64/UE4Editor-PaperTiledImporter.dll (API version 3709383).
LogModuleManager: Display: Found up-to-date module file ../../../Engine/Plugins/2D/Paper2D/Binaries/Win64/UE4Editor-SmartSnapping.dll (API version 3709383).
LogModuleManager: Display: Found up-to-date module file ../../../Engine/Plugins/Blendables/LightPropagationVolume/Binaries/Win64/UE4Editor-LightPropagationVolumeRuntime.dll (API version 3709383).
LogModuleManager: Display: Found up-to-date module file ../../../Engine/Plugins/Blendables/LightPropagationVolume/Binaries/Win64/UE4Editor-LightPropagationVolumeEditor.dll (API version 3709383).
LogModuleManager: Display: Found up-to-date module file ../../../Engine/Plugins/Developer/GitSourceControl/Binaries/Win64/UE4Editor-GitSourceControl.dll (API version 3709383).
LogModuleManager: Display: Found up-to-date module file ../../../Engine/Plugins/Developer/PerforceSourceControl/Binaries/Win64/UE4Editor-PerforceSourceControl.dll (API version 3709383).
LogModuleManager: Display: Found up-to-date module file ../../../Engine/Plugins/Developer/SubversionSourceControl/Binaries/Win64/UE4Editor-SubversionSourceControl.dll (API version 3709383).
LogModuleManager: Display: Found up-to-date module file ../../../Engine/Plugins/Developer/UObjectPlugin/Binaries/Win64/UE4Editor-UObjectPlugin.dll (API version 3709383).
LogModuleManager: Display: Found up-to-date module file ../../../Engine/Plugins/Developer/VisualStudioCodeSourceCodeAccess/Binaries/Win64/UE4Editor-VisualStudioCodeSourceCodeAccess.dll (API version 3709383).
LogModuleManager: Display: Found up-to-date module file ../../../Engine/Plugins/Developer/VisualStudioSourceCodeAccess/Binaries/Win64/UE4Editor-VisualStudioSourceCodeAccess.dll (API version 3709383).
LogModuleManager: Display: Found up-to-date module file ../../../Engine/Plugins/Editor/AssetManagerEditor/Binaries/Win64/UE4Editor-AssetManagerEditor.dll (API version 3709383).
LogModuleManager: Display: Found up-to-date module file ../../../Engine/Plugins/Editor/AudioCapture/Binaries/Win64/UE4Editor-AudioCapture.dll (API version 3709383).
LogModuleManager: Display: Found up-to-date module file ../../../Engine/Plugins/Editor/FacialAnimation/Binaries/Win64/UE4Editor-FacialAnimation.dll (API version 3709383).
LogModuleManager: Display: Found up-to-date module file ../../../Engine/Plugins/Editor/FacialAnimation/Binaries/Win64/UE4Editor-FacialAnimationEditor.dll (API version 3709383).
LogModuleManager: Display: Found up-to-date module file ../../../Engine/Plugins/Editor/GameplayTagsEditor/Binaries/Win64/UE4Editor-GameplayTagsEditor.dll (API version 3709383).
LogModuleManager: Display: Found up-to-date module file ../../../Engine/Plugins/Editor/MobileLauncherProfileWizard/Binaries/Win64/UE4Editor-MobileLauncherProfileWizard.dll (API version 3709383).
LogModuleManager: Display: Found up-to-date module file ../../../Engine/Plugins/Editor/PluginBrowser/Binaries/Win64/UE4Editor-PluginBrowser.dll (API version 3709383).
LogModuleManager: Display: Found up-to-date module file ../../../Engine/Plugins/Editor/SpeedTreeImporter/Binaries/Win64/UE4Editor-SpeedTreeImporter.dll (API version 3709383).
LogModuleManager: Display: Found up-to-date module file ../../../Engine/Plugins/Experimental/AlembicImporter/Binaries/Win64/UE4Editor-AlembicImporter.dll (API version 3709383).
LogModuleManager: Display: Found up-to-date module file ../../../Engine/Plugins/Experimental/AlembicImporter/Binaries/Win64/UE4Editor-AlembicLibrary.dll (API version 3709383).
LogModuleManager: Display: Found up-to-date module file ../../../Engine/Plugins/Experimental/CharacterAI/Binaries/Win64/UE4Editor-CharacterAI.dll (API version 3709383).
LogModuleManager: Display: Found up-to-date module file ../../../Engine/Plugins/Experimental/HTML5Networking/Binaries/Win64/UE4Editor-HTML5Networking.dll (API version 3709383).
LogModuleManager: Display: Found up-to-date module file ../../../Engine/Plugins/Media/AndroidMedia/Binaries/Win64/UE4Editor-AndroidMediaEditor.dll (API version 3709383).
LogModuleManager: Display: Found up-to-date module file ../../../Engine/Plugins/Media/AndroidMedia/Binaries/Win64/UE4Editor-AndroidMediaFactory.dll (API version 3709383).
LogModuleManager: Display: Found up-to-date module file ../../../Engine/Plugins/Media/AvfMedia/Binaries/Win64/UE4Editor-AvfMediaEditor.dll (API version 3709383).
LogModuleManager: Display: Found up-to-date module file ../../../Engine/Plugins/Media/AvfMedia/Binaries/Win64/UE4Editor-AvfMediaFactory.dll (API version 3709383).
LogModuleManager: Display: Found up-to-date module file ../../../Engine/Plugins/Media/AvfMedia/Binaries/Win64/UE4Editor-AvfMediaFactory.dll (API version 3709383).
LogModuleManager: Display: Found up-to-date module file ../../../Engine/Plugins/Media/ImgMedia/Binaries/Win64/UE4Editor-ImgMedia.dll (API version 3709383).
LogModuleManager: Display: Found up-to-date module file ../../../Engine/Plugins/Media/ImgMedia/Binaries/Win64/UE4Editor-ImgMediaEditor.dll (API version 3709383).
LogModuleManager: Display: Found up-to-date module file ../../../Engine/Plugins/Media/ImgMedia/Binaries/Win64/UE4Editor-ImgMediaFactory.dll (API version 3709383).
LogModuleManager: Display: Found up-to-date module file ../../../Engine/Plugins/Media/ImgMedia/Binaries/Win64/UE4Editor-ImgMediaFactory.dll (API version 3709383).
LogModuleManager: Display: Found up-to-date module file ../../../Engine/Plugins/Media/ImgMedia/Binaries/Win64/UE4Editor-OpenExrWrapper.dll (API version 3709383).
LogModuleManager: Display: Found up-to-date module file ../../../Engine/Plugins/Media/MediaCompositing/Binaries/Win64/UE4Editor-MediaCompositing.dll (API version 3709383).
LogModuleManager: Display: Found up-to-date module file ../../../Engine/Plugins/Media/MediaCompositing/Binaries/Win64/UE4Editor-MediaCompositingEditor.dll (API version 3709383).
LogModuleManager: Display: Found up-to-date module file ../../../Engine/Plugins/Media/MediaPlayerEditor/Binaries/Win64/UE4Editor-MediaPlayerEditor.dll (API version 3709383).
LogModuleManager: Display: Found up-to-date module file ../../../Engine/Plugins/Media/WmfMedia/Binaries/Win64/UE4Editor-WmfMedia.dll (API version 3709383).
LogModuleManager: Display: Found up-to-date module file ../../../Engine/Plugins/Media/WmfMedia/Binaries/Win64/UE4Editor-WmfMediaEditor.dll (API version 3709383).
LogModuleManager: Display: Found up-to-date module file ../../../Engine/Plugins/Media/WmfMedia/Binaries/Win64/UE4Editor-WmfMediaFactory.dll (API version 3709383).
LogModuleManager: Display: Found up-to-date module file ../../../Engine/Plugins/Media/WmfMedia/Binaries/Win64/UE4Editor-WmfMediaFactory.dll (API version 3709383).
LogModuleManager: Display: Found up-to-date module file ../../../Engine/Plugins/Messaging/TcpMessaging/Binaries/Win64/UE4Editor-TcpMessaging.dll (API version 3709383).
LogModuleManager: Display: Found up-to-date module file ../../../Engine/Plugins/Messaging/UdpMessaging/Binaries/Win64/UE4Editor-UdpMessaging.dll (API version 3709383).
LogModuleManager: Display: Found up-to-date module file ../../../Engine/Plugins/MovieScene/ActorSequence/Binaries/Win64/UE4Editor-ActorSequence.dll (API version 3709383).
LogModuleManager: Display: Found up-to-date module file ../../../Engine/Plugins/MovieScene/LevelSequenceEditor/Binaries/Win64/UE4Editor-LevelSequenceEditor.dll (API version 3709383).
LogModuleManager: Display: Found up-to-date module file ../../../Engine/Plugins/MovieScene/MatineeToLevelSequence/Binaries/Win64/UE4Editor-MatineeToLevelSequence.dll (API version 3709383).
LogModuleManager: Display: Found up-to-date module file ../../../Engine/Plugins/Online/OnlineSubsystem/Binaries/Win64/UE4Editor-OnlineSubsystem.dll (API version 3709383).
LogModuleManager: Display: Found up-to-date module file ../../../Engine/Plugins/Online/OnlineSubsystemNull/Binaries/Win64/UE4Editor-OnlineSubsystemNull.dll (API version 3709383).
LogModuleManager: Display: Found up-to-date module file ../../../Engine/Plugins/Online/OnlineSubsystemUtils/Binaries/Win64/UE4Editor-OnlineSubsystemUtils.dll (API version 3709383).
LogModuleManager: Display: Found up-to-date module file ../../../Engine/Plugins/Online/OnlineSubsystemUtils/Binaries/Win64/UE4Editor-OnlineBlueprintSupport.dll (API version 3709383).
LogModuleManager: Display: Found up-to-date module file ../../../Engine/Plugins/Runtime/AndroidDeviceProfileSelector/Binaries/Win64/UE4Editor-AndroidDeviceProfileSelector.dll (API version 3709383).
LogModuleManager: Display: Found up-to-date module file ../../../Engine/Plugins/Runtime/AndroidPermission/Binaries/Win64/UE4Editor-AndroidPermission.dll (API version 3709383).
LogModuleManager: Display: Found up-to-date module file ../../../Engine/Plugins/Runtime/AppleARKit/Binaries/Win64/UE4Editor-AppleARKit.dll (API version 3709383).
LogModuleManager: Display: Found up-to-date module file ../../../Engine/Plugins/Runtime/ArchVisCharacter/Binaries/Win64/UE4Editor-ArchVisCharacter.dll (API version 3709383).
LogModuleManager: Display: Found up-to-date module file ../../../Engine/Plugins/Runtime/CableComponent/Binaries/Win64/UE4Editor-CableComponent.dll (API version 3709383).
LogModuleManager: Display: Found up-to-date module file ../../../Engine/Plugins/Runtime/CustomMeshComponent/Binaries/Win64/UE4Editor-CustomMeshComponent.dll (API version 3709383).
LogModuleManager: Display: Found up-to-date module file ../../../Engine/Plugins/Runtime/ExampleDeviceProfileSelector/Binaries/Win64/UE4Editor-ExampleDeviceProfileSelector.dll (API version 3709383).
LogModuleManager: Display: Found up-to-date module file ../../../Engine/Plugins/Runtime/ImmediatePhysics/Binaries/Win64/UE4Editor-ImmediatePhysics.dll (API version 3709383).
LogModuleManager: Display: Found up-to-date module file ../../../Engine/Plugins/Runtime/ImmediatePhysics/Binaries/Win64/UE4Editor-ImmediatePhysicsEditor.dll (API version 3709383).
LogModuleManager: Display: Found up-to-date module file ../../../Engine/Plugins/Runtime/LocationServicesBPLibrary/Binaries/Win64/UE4Editor-LocationServicesBPLibrary.dll (API version 3709383).
LogModuleManager: Display: Found up-to-date module file ../../../Engine/Plugins/Runtime/MobilePatchingUtils/Binaries/Win64/UE4Editor-MobilePatchingUtils.dll (API version 3709383).
LogModuleManager: Display: Found up-to-date module file ../../../Engine/Plugins/Runtime/Oculus/OculusVR/Binaries/Win64/UE4Editor-OculusHMD.dll (API version 3709383).
LogModuleManager: Display: Found up-to-date module file ../../../Engine/Plugins/Runtime/Oculus/OculusVR/Binaries/Win64/UE4Editor-OculusInput.dll (API version 3709383).
LogModuleManager: Display: Found up-to-date module file ../../../Engine/Plugins/Runtime/Oculus/OculusVR/Binaries/Win64/UE4Editor-OculusEditor.dll (API version 3709383).
LogModuleManager: Display: Found up-to-date module file ../../../Engine/Plugins/Runtime/PhysXVehicles/Binaries/Win64/UE4Editor-PhysXVehicles.dll (API version 3709383).
LogModuleManager: Display: Found up-to-date module file ../../../Engine/Plugins/Runtime/PhysXVehicles/Binaries/Win64/UE4Editor-PhysXVehiclesEditor.dll (API version 3709383).
LogModuleManager: Display: Found up-to-date module file ../../../Engine/Plugins/Runtime/ProceduralMeshComponent/Binaries/Win64/UE4Editor-ProceduralMeshComponent.dll (API version 3709383).
LogModuleManager: Display: Found up-to-date module file ../../../Engine/Plugins/Runtime/ProceduralMeshComponent/Binaries/Win64/UE4Editor-ProceduralMeshComponentEditor.dll (API version 3709383).
LogModuleManager: Display: Found up-to-date module file ../../../Engine/Plugins/Runtime/RuntimePhysXCooking/Binaries/Win64/UE4Editor-RuntimePhysXCooking.dll (API version 3709383).
LogModuleManager: Display: Found up-to-date module file ../../../Engine/Plugins/Runtime/Steam/SteamVR/Binaries/Win64/UE4Editor-SteamVR.dll (API version 3709383).
LogModuleManager: Display: Found up-to-date module file ../../../Engine/Plugins/Runtime/Steam/SteamVR/Binaries/Win64/UE4Editor-SteamVRController.dll (API version 3709383).
LogModuleManager: Display: Found up-to-date module file ../../../Engine/Plugins/Runtime/WindowsMoviePlayer/Binaries/Win64/UE4Editor-WindowsMoviePlayer.dll (API version 3709383).
LogInit: Using libcurl 7.47.1
LogInit:  - built for x86_64-pc-win32
LogInit:  - supports SSL with OpenSSL/1.0.2g
LogInit:  - supports HTTP deflate (compression) using libz 1.2.8
LogInit:  - other features:
LogInit:      CURL_VERSION_SSL
LogInit:      CURL_VERSION_LIBZ
LogInit:      CURL_VERSION_IPV6
LogInit:      CURL_VERSION_ASYNCHDNS
LogInit:      CURL_VERSION_LARGEFILE
LogInit:      CURL_VERSION_IDN
LogInit:  CurlRequestOptions (configurable via config and command line):
LogInit:  - bVerifyPeer = false  - Libcurl will NOT verify peer certificate
LogInit:  - bUseHttpProxy = false  - Libcurl will NOT use HTTP proxy
LogInit:  - bDontReuseConnections = false  - Libcurl will reuse connections
LogInit:  - CertBundlePath = nullptr  - Libcurl will use whatever was configured at build time.
LogInit: Build: ++UE4+Release-4.18-CL-3832480
LogInit: Engine Version: 4.18.3-3832480+++UE4+Release-4.18
LogInit: Compatible Engine Version: 4.18.0-3709383+++UE4+Release-4.18
LogInit: Net CL: 3709383
LogDevObjectVersion: Number of dev versions registered: 16
LogDevObjectVersion:   Dev-Blueprints (B0D832E4-1F89-4F0D-ACCF-7EB736FD4AA2): 10
LogDevObjectVersion:   Dev-Build (E1C64328-A22C-4D53-A36C-8E866417BD8C): 0
LogDevObjectVersion:   Dev-Core (375EC13C-06E4-48FB-B500-84F0262A717E): 2
LogDevObjectVersion:   Dev-Editor (E4B068ED-F494-42E9-A231-DA0B2E46BB41): 20
LogDevObjectVersion:   Dev-Framework (CFFC743F-43B0-4480-9391-14DF171D2073): 30
LogDevObjectVersion:   Dev-Mobile (B02B49B5-BB20-44E9-A304-32B752E40360): 0
LogDevObjectVersion:   Dev-Networking (A4E4105C-59A1-49B5-A7C5-40C4547EDFEE): 0
LogDevObjectVersion:   Dev-Online (39C831C9-5AE6-47DC-9A44-9C173E1C8E7C): 0
LogDevObjectVersion:   Dev-Physics (78F01B33-EBEA-4F98-B9B4-84EACCB95AA2): 0
LogDevObjectVersion:   Dev-Platform (6631380F-2D4D-43E0-8009-CF276956A95A): 0
LogDevObjectVersion:   Dev-Rendering (12F88B9F-8875-4AFC-A67C-D90C383ABD29): 20
LogDevObjectVersion:   Dev-Sequencer (7B5AE74C-D270-4C10-A958-57980B212A5A): 4
LogDevObjectVersion:   Dev-VR (D7296918-1DD6-4BDD-9DE2-64A83CC13884): 0
LogDevObjectVersion:   Dev-LoadTimes (C2A15278-BFE7-4AFE-6C17-90FF531DF755): 1
LogDevObjectVersion:   Private-Geometry (6EACA3D4-40EC-4CC1-B786-8BED09428FC5): 1
LogDevObjectVersion:   Dev-AnimPhys (29E575DD-E0A3-4627-9D10-D276232CDCEA): 12
LogInit: Compiled (64-bit): Jan 12 2018 02:04:55
LogInit: Compiled with Visual C++: 19.00.24215.01
LogInit: Build Configuration: Development
LogInit: Branch Name: ++UE4+Release-4.18
LogInit: Command line:  
LogInit: Base directory: D:/Epic Games/UE_4.18/Engine/Binaries/Win64/
LogInit: Installed Engine Build: 1
LogInit: Presizing for max 8388607 objects, including 0 objects not considered by GC, pre-allocating 0 bytes for permanent pool.
LogInit: Object subsystem initialized
[2018.02.26-20.20.45:199][  0]LogInit: Selected Device Profile: [Windows]
[2018.02.26-20.20.45:199][  0]LogInit: Applying CVar settings loaded from the selected device profile: [Windows]
[2018.02.26-20.20.45:209][  0]LogInit: Computer: CAH812110809
[2018.02.26-20.20.45:209][  0]LogInit: User: ja999455
[2018.02.26-20.20.45:209][  0]LogInit: CPU Page size=4096, Cores=4
[2018.02.26-20.20.45:209][  0]LogInit: High frequency timer resolution =3.906252 MHz
[2018.02.26-20.20.45:210][  0]LogMemory: Memory total: Physical=15.9GB (16GB approx)
[2018.02.26-20.20.45:210][  0]LogMemory: Platform Memory Stats for Windows
[2018.02.26-20.20.45:210][  0]LogMemory: Process Physical Memory: 272.70 MB used, 272.70 MB peak
[2018.02.26-20.20.45:210][  0]LogMemory: Process Virtual Memory: 265.14 MB used, 265.14 MB peak
[2018.02.26-20.20.45:210][  0]LogMemory: Physical Memory: 3866.73 MB used,  12432.18 MB free, 16298.90 MB total
[2018.02.26-20.20.45:210][  0]LogMemory: Virtual Memory: 643.54 MB used,  12432.18 MB free, 134217728.00 MB total
[2018.02.26-20.20.45:295][  0]LogInit: Using OS detected language (en-US).
[2018.02.26-20.20.45:295][  0]LogInit: Using OS detected locale (en-US).
[2018.02.26-20.20.45:297][  0]LogTextLocalizationManager: No specific localization for 'en-US' exists, so the 'en' localization will be used.
[2018.02.26-20.20.45:672][  0]LogInit: Setting process to per monitor DPI aware
[2018.02.26-20.20.45:876][  0]LogD3D11RHI: D3D11 adapters:
[2018.02.26-20.20.45:895][  0]LogD3D11RHI:    0. 'NVIDIA GeForce GTX 960' (Feature Level 11_0)
[2018.02.26-20.20.45:896][  0]LogD3D11RHI:       2016/0/8149 MB DedicatedVideo/DedicatedSystem/SharedSystem, Outputs:1, VendorId:0x10de
[2018.02.26-20.20.45:900][  0]LogD3D11RHI:    1. 'Intel(R) HD Graphics 4600' (Feature Level 11_0)
[2018.02.26-20.20.45:900][  0]LogD3D11RHI:       112/0/2048 MB DedicatedVideo/DedicatedSystem/SharedSystem, Outputs:0, VendorId:0x8086
[2018.02.26-20.20.45:901][  0]LogD3D11RHI:    2. 'Microsoft Basic Render Driver' (Feature Level 11_0)
[2018.02.26-20.20.45:901][  0]LogD3D11RHI:       0/0/8149 MB DedicatedVideo/DedicatedSystem/SharedSystem, Outputs:0, VendorId:0x1414
[2018.02.26-20.20.45:901][  0]LogD3D11RHI: Chosen D3D11 Adapter: 0
[2018.02.26-20.20.45:906][  0]LogD3D11RHI: Creating new Direct3DDevice
[2018.02.26-20.20.45:906][  0]LogD3D11RHI:     GPU DeviceId: 0x1401 (for the marketing name, search the web for "GPU Device Id")
[2018.02.26-20.20.45:906][  0]LogWindows: EnumDisplayDevices:
[2018.02.26-20.20.45:906][  0]LogWindows:    0. 'NVIDIA GeForce GTX 960' (P:1 D:1)
[2018.02.26-20.20.45:906][  0]LogWindows:    1. 'NVIDIA GeForce GTX 960' (P:0 D:0)
[2018.02.26-20.20.45:906][  0]LogWindows:    2. 'NVIDIA GeForce GTX 960' (P:0 D:0)
[2018.02.26-20.20.45:906][  0]LogWindows:    3. 'NVIDIA GeForce GTX 960' (P:0 D:0)
[2018.02.26-20.20.45:906][  0]LogWindows:    4. 'Intel(R) HD Graphics 4600' (P:0 D:0)
[2018.02.26-20.20.45:906][  0]LogWindows:    5. 'Intel(R) HD Graphics 4600' (P:0 D:0)
[2018.02.26-20.20.45:906][  0]LogWindows:    6. 'Intel(R) HD Graphics 4600' (P:0 D:0)
[2018.02.26-20.20.45:907][  0]LogWindows: DebugString: PrimaryIsNotTheChoosenAdapter PrimaryIsNotTheChoosenAdapter PrimaryIsNotTheChoosenAdapter FoundDriverCount:4 
[2018.02.26-20.20.45:907][  0]LogD3D11RHI:     Adapter Name: NVIDIA GeForce GTX 960
[2018.02.26-20.20.45:907][  0]LogD3D11RHI:   Driver Version: 376.53 (internal:21.21.13.7653, unified:376.53)
[2018.02.26-20.20.45:907][  0]LogD3D11RHI:      Driver Date: 12-29-2016
[2018.02.26-20.20.45:907][  0]LogRHI: Texture pool is 1411 MB (70% of 2016 MB)
[2018.02.26-20.20.45:921][  0]LogD3D11RHI: Async texture creation enabled
[2018.02.26-20.20.45:931][  0]LogD3D11RHI: GPU Timing Frequency: 1000.000000 (Debug: 2 1)
[2018.02.26-20.20.45:980][  0]LogShaderCompilers: Guid format shader working directory is -9 characters bigger than the processId version (../../../../../GitHub/VR_SlaveExperience/SlaveVRExperience/Intermediate/Shaders/WorkingDirectory/7532/).
[2018.02.26-20.20.45:980][  0]LogShaderCompilers: Cleaned the shader compiler working directory 'C:/Users/ja999455/AppData/Local/Temp/UnrealShaderWorkingDir/C0FF977148FBB7C6716145806E186B4C/'.
[2018.02.26-20.20.45:980][  0]LogShaderCompilers: Display: Using Local Shader Compiler.
[2018.02.26-20.20.46:783][  0]LogTemp: Display: Loaded TP AllDesktopTargetPlatform
[2018.02.26-20.20.46:818][  0]LogTemp: Display: Loaded TP MacClientTargetPlatform
[2018.02.26-20.20.46:855][  0]LogTemp: Display: Loaded TP MacNoEditorTargetPlatform
[2018.02.26-20.20.46:888][  0]LogTemp: Display: Loaded TP MacServerTargetPlatform
[2018.02.26-20.20.46:926][  0]LogTemp: Display: Loaded TP MacTargetPlatform
[2018.02.26-20.20.46:962][  0]LogTemp: Display: Loaded TP WindowsClientTargetPlatform
[2018.02.26-20.20.46:999][  0]LogTemp: Display: Loaded TP WindowsNoEditorTargetPlatform
[2018.02.26-20.20.47:033][  0]LogTemp: Display: Loaded TP WindowsServerTargetPlatform
[2018.02.26-20.20.47:061][  0]LogTemp: Display: Loaded TP WindowsTargetPlatform
[2018.02.26-20.20.47:096][  0]LogTemp: Display: Loaded TP Android_ASTCTargetPlatform
[2018.02.26-20.20.47:135][  0]LogTemp: Display: Loaded TP Android_ATCTargetPlatform
[2018.02.26-20.20.47:171][  0]LogTemp: Display: Loaded TP Android_DXTTargetPlatform
[2018.02.26-20.20.47:205][  0]LogTemp: Display: Loaded TP Android_ETC1TargetPlatform
[2018.02.26-20.20.47:236][  0]LogTemp: Display: Loaded TP Android_ETC2TargetPlatform
[2018.02.26-20.20.47:303][  0]LogTemp: Display: Loaded TP Android_MultiTargetPlatform
[2018.02.26-20.20.47:303][  0]LogTemp: Display: Loaded TP Android_PVRTCTargetPlatform
[2018.02.26-20.20.47:339][  0]LogTemp: Display: Loaded TP AndroidTargetPlatform
[2018.02.26-20.20.47:365][  0]LogTemp: Display: Loaded TP HTML5TargetPlatform
[2018.02.26-20.20.47:433][  0]LogTemp: Display: Loaded TP IOSTargetPlatform
[2018.02.26-20.20.47:454][  0]LogTemp: Display: Loaded TP TVOSTargetPlatform
[2018.02.26-20.20.47:491][  0]LogTemp: Display: Loaded TP LinuxClientTargetPlatform
[2018.02.26-20.20.47:526][  0]LogTemp: Display: Loaded TP LinuxNoEditorTargetPlatform
[2018.02.26-20.20.47:560][  0]LogTemp: Display: Loaded TP LinuxServerTargetPlatform
[2018.02.26-20.20.47:595][  0]LogTemp: Display: Loaded TP LinuxTargetPlatform
[2018.02.26-20.20.47:595][  0]LogTargetPlatformManager: Display: Building Assets For Windows
[2018.02.26-20.20.47:873][  0]LogDerivedDataCache: Display: Max Cache Size: 512 MB
[2018.02.26-20.20.47:953][  0]LogDerivedDataCache: Loaded boot cache 0.08s 79MB C:/Users/ja999455/AppData/Local/UnrealEngine/4.18/DerivedDataCache/Boot.ddc.
[2018.02.26-20.20.47:953][  0]LogDerivedDataCache: Display: Loaded Boot cache: C:/Users/ja999455/AppData/Local/UnrealEngine/4.18/DerivedDataCache/Boot.ddc
[2018.02.26-20.20.47:953][  0]LogDerivedDataCache: FDerivedDataBackendGraph:  Pak pak cache file ../../../../../GitHub/VR_SlaveExperience/SlaveVRExperience/DerivedDataCache/DDC.ddp not found, will not use a pak cache.
[2018.02.26-20.20.47:953][  0]LogDerivedDataCache: Unable to find inner node Pak for hierarchical cache Hierarchy.
[2018.02.26-20.20.47:953][  0]LogDerivedDataCache: FDerivedDataBackendGraph:  CompressedPak pak cache file ../../../../../GitHub/VR_SlaveExperience/SlaveVRExperience/DerivedDataCache/Compressed.ddp not found, will not use a pak cache.
[2018.02.26-20.20.47:953][  0]LogDerivedDataCache: Unable to find inner node CompressedPak for hierarchical cache Hierarchy.
[2018.02.26-20.20.47:968][  0]LogDerivedDataCache: Display: Pak cache opened for reading ../../../Engine/DerivedDataCache/Compressed.ddp.
[2018.02.26-20.20.47:980][  0]LogDerivedDataCache: Using Local data cache path C:/Users/ja999455/AppData/Local/UnrealEngine/Common/DerivedDataCache: Writable
[2018.02.26-20.20.47:989][  0]LogMaterial: Verifying Global Shaders for PCD3D_SM5
[2018.02.26-20.20.47:990][  0]LogSlate: Using Freetype 2.6.0
[2018.02.26-20.20.47:990][  0]LogSlate: SlateFontCache - WITH_FREETYPE: 1, WITH_HARFBUZZ: 1
[2018.02.26-20.20.47:990][  0]LogSlate: SlateFontCache - WITH_FREETYPE: 1, WITH_HARFBUZZ: 1
[2018.02.26-20.20.48:313][  0]LogInit: Selected Device Profile: [Windows]
[2018.02.26-20.20.48:548][  0]LogSimplygon: Simplygon DLL not present - disabling.
[2018.02.26-20.20.48:571][  0]LogMeshReduction: Using SimplygonSwarm for distributed automatic mesh merging
[2018.02.26-20.20.48:571][  0]LogMeshReduction: Using QuadricMeshReduction for automatic static mesh reduction
[2018.02.26-20.20.48:571][  0]LogMeshReduction: No automatic skeletal mesh reduction module available
[2018.02.26-20.20.48:571][  0]LogMeshReduction: No automatic mesh merging module available
[2018.02.26-20.20.48:571][  0]LogMeshMerging: No automatic mesh merging module available
[2018.02.26-20.20.48:590][  0]LogNetVersion: SlaveVRExperience , NetCL: 3709383, EngineNetVer: 2, GameNetVer: 0 (Checksum: 4075405704)
[2018.02.26-20.20.48:711][  0]LogAssetRegistry: FAssetRegistry took 0.0255 seconds to start up
[2018.02.26-20.20.49:099][  0]LogPackageLocalizationCache: Processed 7 localized package path(s) for 2 prioritized culture(s) in 0.054365 seconds
[2018.02.26-20.20.49:105][  0]LogUObjectArray: 35870 objects as part of root set at end of initial load.
[2018.02.26-20.20.49:105][  0]LogUObjectAllocator: 7363696 out of 0 bytes used by permanent object pool.
[2018.02.26-20.20.49:105][  0]LogUObjectArray: CloseDisregardForGC: 0/0 objects in disregard for GC pool
[2018.02.26-20.20.49:137][  0]LogInit: WinSock: version 1.1 (2.2), MaxSocks=32767, MaxUdp=65467
[2018.02.26-20.20.51:049][  0]LogTcpMessaging: Initializing TcpMessaging bridge
[2018.02.26-20.20.51:078][  0]LogUdpMessaging: Initializing bridge on interface 0.0.0.0:0 to multicast group 230.0.0.1:6666.
[2018.02.26-20.20.51:563][  0]LogMaterial: Uniform references updated for custom material expression Custom.
[2018.02.26-20.20.51:846][  0]SourceControl: Source control is disabled
[2018.02.26-20.20.51:846][  0]SourceControl: Source control is disabled
[2018.02.26-20.20.51:879][  0]SourceControl: Source control is disabled
[2018.02.26-20.20.51:912][  0]SourceControl: Source control is disabled
[2018.02.26-20.20.52:429][  0]LogAndroidPermission: UAndroidPermissionCallbackProxy::GetInstance
[2018.02.26-20.20.52:606][  0]LogOcInput: OculusInput pre-init called
[2018.02.26-20.20.52:781][  0]LogEngine: Initializing Engine...
[2018.02.26-20.20.55:826][  0]LogHMD: SteamVR initialized.  Driver: lighthouse  Display: LHR-CCE699A8
[2018.02.26-20.20.56:012][  0]LogStats: UGameplayTagsManager::ConstructGameplayTagTree: Construct from data asset -  0.000 s
[2018.02.26-20.20.56:012][  0]LogStats: UGameplayTagsManager::ConstructGameplayTagTree: GameplayTagTreeChangedEvent.Broadcast -  0.000 s
[2018.02.26-20.20.56:096][  0]LogAIModule: Creating AISystem for world Untitled
[2018.02.26-20.20.56:113][  0]LogInit: XAudio2 using 'Speakers / Headphones (Realtek High Definition Audio)' : 2 channels at 48 kHz using 32 bits per sample (channel mask 0x3)
[2018.02.26-20.20.56:125][  0]LogInit: FAudioDevice initialized.
[2018.02.26-20.20.56:557][  0]LogFileManager: Error: Error writing to file: C:/Users/ja999455/AppData/Local/UnrealEngine/4.18/DerivedDataCache/Boot.ddc (There is not enough space on the disk.)
[2018.02.26-20.20.56:557][  0]LogFileManager: Error: Error writing to file: C:/Users/ja999455/AppData/Local/UnrealEngine/4.18/DerivedDataCache/Boot.ddc (There is not enough space on the disk.)
[2018.02.26-20.20.56:557][  0]LogFileManager: Error: Error writing to file: C:/Users/ja999455/AppData/Local/UnrealEngine/4.18/DerivedDataCache/Boot.ddc (There is not enough space on the disk.)
[2018.02.26-20.20.56:557][  0]LogFileManager: Error: Error writing to file: C:/Users/ja999455/AppData/Local/UnrealEngine/4.18/DerivedDataCache/Boot.ddc (There is not enough space on the disk.)
[2018.02.26-20.20.56:557][  0]LogDerivedDataCache: Saved boot cache 0.43s 79MB C:/Users/ja999455/AppData/Local/UnrealEngine/4.18/DerivedDataCache/Boot.ddc.
[2018.02.26-20.20.56:571][  0]LogInit: Texture streaming: Enabled
[2018.02.26-20.20.56:633][  0]LogEngineSessionManager: EngineSessionManager initialized
[2018.02.26-20.20.56:633][  0]LogEngineSessionManager: EngineSessionManager sent abnormal shutdown report. Type=Crashed, SessionId={BF104194-4835-1193-A9DD-04A44D7AE292}
[2018.02.26-20.20.56:709][  0]LogFileManager: Error: Error flushing file: C:/Users/ja999455/AppData/Local/UnrealEngine/4.18/Saved/Config/Windows/EditorSettings.ini (There is not enough space on the disk.)
[2018.02.26-20.20.56:709][  0]LogInit: Transaction tracking system initialized
[2018.02.26-20.20.56:905][  0]BlueprintLog: New page: Editor Load
[2018.02.26-20.20.57:444][  0]LocalizationService: Localization service is disabled
[2018.02.26-20.20.57:898][  0]LogConsoleResponse: Display: 
[2018.02.26-20.20.58:022][  0]LogCook: Display: Max memory allowance for cook 16384mb min free memory 0mb
[2018.02.26-20.20.58:022][  0]LogCook: Display: Mobile HDR setting 1
[2018.02.26-20.20.58:023][  0]LogGameplayTags: Display: UGameplayTagsManager::DoneAddingNativeTags. DelegateIsBound: 0
[2018.02.26-20.20.58:170][  0]LogFileCache: Scanning file cache for directory 'D:/GitHub/VR_SlaveExperience/SlaveVRExperience/Content/' took 0.01s
[2018.02.26-20.20.58:763][  0]SourceControl: Source control is disabled
[2018.02.26-20.20.58:763][  0]Cmd: MAP LOAD FILE="../../../../../GitHub/VR_SlaveExperience/SlaveVRExperience/Content/Maps/Levels/Ship.umap" TEMPLATE=0 SHOWPROGRESS=1 FEATURELEVEL=3
[2018.02.26-20.20.58:763][  0]LightingResults: New page: Lighting Build
[2018.02.26-20.20.58:788][  0]MapCheck: New page: Map Check
[2018.02.26-20.20.58:788][  0]LightingResults: New page: Lighting Build
[2018.02.26-20.20.59:839][  0]LogAIModule: Creating AISystem for world Ship
[2018.02.26-20.21.00:173][  0]LogSkinnedMeshComp: Warning: GetSocketByName(GripPoint): No SkeletalMesh for Component(CharacterMesh1P) Actor(FirstPersonCharacter_2)
[2018.02.26-20.21.00:173][  0]LogSkinnedMeshComp: Warning: GetSocketByName(GripPoint): No SkeletalMesh for Component(CharacterMesh1P) Actor(FirstPersonCharacter_2)
[2018.02.26-20.21.00:173][  0]LogSkinnedMeshComp: Warning: GetSocketByName(GripPoint): No SkeletalMesh for Component(CharacterMesh1P) Actor(FirstPersonCharacter_2)
[2018.02.26-20.21.00:176][  0]LogSkinnedMeshComp: Warning: GetSocketByName(GripPoint): No SkeletalMesh for Component(CharacterMesh1P) Actor(FirstPersonCharacter_2)
[2018.02.26-20.21.00:177][  0]LogEditorServer: Finished looking for orphan Actors (0.000 secs)
[2018.02.26-20.21.00:364][  0]Cmd: MAP CHECKDEP NOCLEARLOG
[2018.02.26-20.21.00:405][  0]MapCheck: Map check complete: 0 Error(s), 0 Warning(s), took 40.711ms to complete.
[2018.02.26-20.21.00:405][  0]LogFileHelpers: Loading map 'Ship' took 1.642
[2018.02.26-20.21.00:453][  0]LogWindowsTextInputMethodSystem: Display: IME system now deactivated.
[2018.02.26-20.21.00:522][  0]LogCollectionManager: Loaded 0 collections in 0.000860 seconds
[2018.02.26-20.21.00:586][  0]LogFileCache: Scanning file cache for directory 'D:/GitHub/VR_SlaveExperience/SlaveVRExperience/Saved/Collections/' took 0.01s
[2018.02.26-20.21.00:586][  0]LogFileCache: Scanning file cache for directory 'D:/GitHub/VR_SlaveExperience/SlaveVRExperience/Content/Developers/ja999455/Collections/' took 0.01s
[2018.02.26-20.21.00:586][  0]LogFileCache: Scanning file cache for directory 'D:/GitHub/VR_SlaveExperience/SlaveVRExperience/Content/Collections/' took 0.01s
[2018.02.26-20.21.00:586][  0]LogCollectionManager: Rebuilt the GUID cache for 0 collections in 0.000000 seconds
[2018.02.26-20.21.00:595][  0]LogContentBrowser: Native class hierarchy populated in 0.0088 seconds. Added 2369 classes and 522 folders.
[2018.02.26-20.21.00:632][  0]LogContentBrowser: Native class hierarchy updated for 'WidgetCarousel' in 0.0005 seconds. Added 0 classes and 0 folders.
[2018.02.26-20.21.00:662][  0]LogContentBrowser: Native class hierarchy updated for 'AddContentDialog' in 0.0005 seconds. Added 0 classes and 0 folders.
[2018.02.26-20.21.00:690][  0]LogContentBrowser: Native class hierarchy updated for 'SceneOutliner' in 0.0005 seconds. Added 1 classes and 2 folders.
[2018.02.26-20.21.00:717][  0]LogSlate: Took 0.000138 seconds to synchronously load lazily loaded font '../../../Engine/Content/Slate/Fonts/Roboto-Regular.ttf' (155K)
[2018.02.26-20.21.00:719][  0]LogSlate: Took 0.000147 seconds to synchronously load lazily loaded font '../../../Engine/Content/Slate/Fonts/Roboto-Bold.ttf' (160K)
[2018.02.26-20.21.00:723][  0]LogSlate: Took 0.000157 seconds to synchronously load lazily loaded font '../../../Engine/Content/Editor/Slate/Fonts/FontAwesome.ttf' (139K)
[2018.02.26-20.21.00:823][  0]LogRenderer: Reallocating scene render targets to support 1208x660 Format 26 NumSamples 1 (Frame:1).
[2018.02.26-20.21.00:885][  0]LogSlate: Took 0.000245 seconds to synchronously load lazily loaded font '../../../Engine/Content/Slate/Fonts/Roboto-Light.ttf' (159K)
[2018.02.26-20.21.01:007][  0]LogContentBrowser: Native class hierarchy updated for 'HierarchicalLODOutliner' in 0.0005 seconds. Added 1 classes and 2 folders.
[2018.02.26-20.21.01:007][  0]LogLoad: (Engine Initialization) Total time: 17.61 seconds
[2018.02.26-20.21.01:007][  0]LogLoad: (Engine Initialization) Total Blueprint compile time: 0.00 seconds
[2018.02.26-20.21.01:007][  0]LogExternalProfiler: Found external profiler: VSPerf
[2018.02.26-20.21.01:007][  0]LogExternalProfiler: Using external profiler: VSPerf
[2018.02.26-20.21.01:037][  0]LogContentStreaming: Texture pool size now 1000 MB
[2018.02.26-20.21.01:085][  1]LogAssetRegistry: Asset discovery search completed in 12.3962 seconds
[2018.02.26-20.21.01:088][  1]LogCollectionManager: Rebuilt the object cache for 0 collections in 0.000001 seconds (found 0 objects)
[2018.02.26-20.21.01:088][  1]LogCollectionManager: Fixed up redirectors for 0 collections in 0.000050 seconds (updated 0 objects)
[2018.02.26-20.21.12:982][633]LogSlate: Took 0.000158 seconds to synchronously load lazily loaded font '../../../Engine/Content/Slate/Fonts/Roboto-Light.ttf' (159K)
[2018.02.26-20.21.12:990][633]LogFactory: FactoryCreateFile: StaticMesh with FbxFactory (0 0 G:/DM_Ship@sail.fbx)
[2018.02.26-20.21.12:998][633]LogFbx: ItemName: GlobalSettings, ItemCount : 1
[2018.02.26-20.21.12:999][633]LogFbx: ItemName: AnimationLayer, ItemCount : 2
[2018.02.26-20.21.12:999][633]LogFbx: ItemName: NodeAttribute, ItemCount : 1
[2018.02.26-20.21.12:999][633]LogFbx: ItemName: Model, ItemCount : 2
[2018.02.26-20.21.12:999][633]LogFbx: ItemName: Material, ItemCount : 1
[2018.02.26-20.21.12:999][633]LogFbx: ItemName: Geometry, ItemCount : 1
[2018.02.26-20.21.12:999][633]LogFbx: ItemName: AnimationCurveNode, ItemCount : 8
[2018.02.26-20.21.12:999][633]LogFbx: ItemName: AnimationCurve, ItemCount : 20
[2018.02.26-20.21.12:999][633]LogFbx: ItemName: AnimationStack, ItemCount : 1
[2018.02.26-20.21.13:004][633]LogFbx: Loading FBX Scene from G:/DM_Ship@sail.fbx
[2018.02.26-20.21.13:012][633]LogFbx: FBX Scene Loaded Succesfully
[2018.02.26-20.21.16:923][633]LogFbx: Loading FBX Scene from G:/DM_Ship@sail.fbx
[2018.02.26-20.21.16:934][633]LogFbx: FBX Scene Loaded Succesfully
[2018.02.26-20.21.16:934][633]LogFbx: =================================================
[2018.02.26-20.21.16:934][633]LogFbx: Dumping Node START [ship_sail] 
[2018.02.26-20.21.16:934][633]LogFbx: 	Total Deformer Count -650091072.
[2018.02.26-20.21.16:934][633]LogFbx: 	Attribute () Type (4).
[2018.02.26-20.21.16:934][633]LogFbx: 		[Node Attribute Child 1] ship_sail (Type Mesh).
[2018.02.26-20.21.16:934][633]LogFbx: Dumping Node END [ship_sail]
[2018.02.26-20.21.16:934][633]LogFbx: =================================================
[2018.02.26-20.21.16:934][633]LogFbx: Dumping Node START [ship_sail] 
[2018.02.26-20.21.16:934][633]LogFbx: 	Total Deformer Count -650091072.
[2018.02.26-20.21.16:934][633]LogFbx: 	Attribute () Type (4).
[2018.02.26-20.21.16:934][633]LogFbx: 		[Node Attribute Child 1] ship_sail (Type Mesh).
[2018.02.26-20.21.16:934][633]LogFbx: Dumping Node END [ship_sail]
[2018.02.26-20.21.16:934][633]LogFbx: =================================================
[2018.02.26-20.21.16:934][633]LogFbx: Dumping Node START [ship_sail] 
[2018.02.26-20.21.16:935][633]LogFbx: 	Total Deformer Count -650091072.
[2018.02.26-20.21.16:935][633]LogFbx: 	Attribute () Type (4).
[2018.02.26-20.21.16:935][633]LogFbx: 		[Node Attribute Child 1] ship_sail (Type Mesh).
[2018.02.26-20.21.16:935][633]LogFbx: Dumping Node END [ship_sail]
[2018.02.26-20.21.16:935][633]LogLinker: Can't find file '/Game/Models/ShipUpdate/sail_lambert'
[2018.02.26-20.21.16:935][633]LogLinker: Can't find file '/Game/Models/ShipUpdate/sail_lambert'
[2018.02.26-20.21.16:936][633]LogMaterial: Warning: Material /Game/Models/ShipUpdate/sail_lambert.sail_lambert needed to have new flag set bUsedWithSkeletalMesh !
[2018.02.26-20.21.16:937][633]LogMaterial: Missing cached shader map for material sail_lambert, compiling. 
[2018.02.26-20.21.17:003][633]LogMaterial: Missing cached shader map for material sail_lambert, compiling. 
[2018.02.26-20.21.17:071][633]LogFileManager: Error: Error flushing file: C:/Users/ja999455/AppData/Local/Temp/UnrealShaderWorkingDir/C0FF977148FBB7C6716145806E186B4C/0CA7C94EC4180163F5BAF739ABCAEFFB7 (There is not enough space on the disk.)
[2018.02.26-20.21.17:071][633]LogFileManager: Error: Error writing to file: C:/Users/ja999455/AppData/Local/Temp/UnrealShaderWorkingDir/C0FF977148FBB7C6716145806E186B4C/0CA7C94EC4180163F5BAF739ABCAEFFB7 (There is not enough space on the disk.)
[2018.02.26-20.21.17:071][633]LogFileManager: Error: Error flushing file: C:/Users/ja999455/AppData/Local/Temp/UnrealShaderWorkingDir/C0FF977148FBB7C6716145806E186B4C/0CA7C94EC4180163F5BAF739ABCAEFFB7 (There is not enough space on the disk.)
[2018.02.26-20.21.17:071][633]LogFileManager: Error: Error writing to file: C:/Users/ja999455/AppData/Local/Temp/UnrealShaderWorkingDir/C0FF977148FBB7C6716145806E186B4C/0CA7C94EC4180163F5BAF739ABCAEFFB7 (There is not enough space on the disk.)
[2018.02.26-20.21.17:071][633]LogFileManager: Error: Error flushing file: C:/Users/ja999455/AppData/Local/Temp/UnrealShaderWorkingDir/C0FF977148FBB7C6716145806E186B4C/0CA7C94EC4180163F5BAF739ABCAEFFB7 (There is not enough space on the disk.)
[2018.02.26-20.21.17:071][633]LogFileManager: Error: Error flushing file: C:/Users/ja999455/AppData/Local/Temp/UnrealShaderWorkingDir/C0FF977148FBB7C6716145806E186B4C/0CA7C94EC4180163F5BAF739ABCAEFFB7 (There is not enough space on the disk.)
[2018.02.26-20.21.17:071][633]LogFileManager: Error: Error flushing file: C:/Users/ja999455/AppData/Local/Temp/UnrealShaderWorkingDir/C0FF977148FBB7C6716145806E186B4C/0CA7C94EC4180163F5BAF739ABCAEFFB7 (There is not enough space on the disk.)
[2018.02.26-20.21.17:071][633]LogFileManager: Error: Error writing to file: C:/Users/ja999455/AppData/Local/Temp/UnrealShaderWorkingDir/C0FF977148FBB7C6716145806E186B4C/0CA7C94EC4180163F5BAF739ABCAEFFB7 (There is not enough space on the disk.)
[2018.02.26-20.21.17:072][633]LogFileManager: Error: Error writing to file: C:/Users/ja999455/AppData/Local/Temp/UnrealShaderWorkingDir/C0FF977148FBB7C6716145806E186B4C/0CA7C94EC4180163F5BAF739ABCAEFFB7 (There is not enough space on the disk.)
[2018.02.26-20.21.17:072][633]LogFileManager: Error: Error flushing file: C:/Users/ja999455/AppData/Local/Temp/UnrealShaderWorkingDir/C0FF977148FBB7C6716145806E186B4C/0CA7C94EC4180163F5BAF739ABCAEFFB7 (There is not enough space on the disk.)
[2018.02.26-20.21.17:072][633]LogFileManager: Error: Error flushing file: C:/Users/ja999455/AppData/Local/Temp/UnrealShaderWorkingDir/C0FF977148FBB7C6716145806E186B4C/0CA7C94EC4180163F5BAF739ABCAEFFB7 (There is not enough space on the disk.)
[2018.02.26-20.21.17:072][633]LogFileManager: Error: Error writing to file: C:/Users/ja999455/AppData/Local/Temp/UnrealShaderWorkingDir/C0FF977148FBB7C6716145806E186B4C/0CA7C94EC4180163F5BAF739ABCAEFFB7 (There is not enough space on the disk.)
[2018.02.26-20.21.17:072][633]LogFileManager: Error: Error flushing file: C:/Users/ja999455/AppData/Local/Temp/UnrealShaderWorkingDir/C0FF977148FBB7C6716145806E186B4C/0CA7C94EC4180163F5BAF739ABCAEFFB7 (There is not enough space on the disk.)
[2018.02.26-20.21.17:072][633]LogFileManager: Error: Error writing to file: C:/Users/ja999455/AppData/Local/Temp/UnrealShaderWorkingDir/C0FF977148FBB7C6716145806E186B4C/0CA7C94EC4180163F5BAF739ABCAEFFB7 (There is not enough space on the disk.)
[2018.02.26-20.21.17:072][633]LogFileManager: Error: Error flushing file: C:/Users/ja999455/AppData/Local/Temp/UnrealShaderWorkingDir/C0FF977148FBB7C6716145806E186B4C/0CA7C94EC4180163F5BAF739ABCAEFFB7 (There is not enough space on the disk.)
[2018.02.26-20.21.17:072][633]LogFileManager: Error: Error writing to file: C:/Users/ja999455/AppData/Local/Temp/UnrealShaderWorkingDir/C0FF977148FBB7C6716145806E186B4C/0CA7C94EC4180163F5BAF739ABCAEFFB7 (There is not enough space on the disk.)
[2018.02.26-20.21.17:072][633]LogFileManager: Error: Error flushing file: C:/Users/ja999455/AppData/Local/Temp/UnrealShaderWorkingDir/C0FF977148FBB7C6716145806E186B4C/0CA7C94EC4180163F5BAF739ABCAEFFB7 (There is not enough space on the disk.)
[2018.02.26-20.21.17:072][633]LogFileManager: Error: Error flushing file: C:/Users/ja999455/AppData/Local/Temp/UnrealShaderWorkingDir/C0FF977148FBB7C6716145806E186B4C/0CA7C94EC4180163F5BAF739ABCAEFFB7 (There is not enough space on the disk.)
[2018.02.26-20.21.17:072][633]LogFileManager: Error: Error flushing file: C:/Users/ja999455/AppData/Local/Temp/UnrealShaderWorkingDir/C0FF977148FBB7C6716145806E186B4C/0CA7C94EC4180163F5BAF739ABCAEFFB7 (There is not enough space on the disk.)
[2018.02.26-20.21.17:072][633]LogFileManager: Error: Error flushing file: C:/Users/ja999455/AppData/Local/Temp/UnrealShaderWorkingDir/C0FF977148FBB7C6716145806E186B4C/0CA7C94EC4180163F5BAF739ABCAEFFB7 (There is not enough space on the disk.)
[2018.02.26-20.21.17:072][633]LogFileManager: Error: Error writing to file: C:/Users/ja999455/AppData/Local/Temp/UnrealShaderWorkingDir/C0FF977148FBB7C6716145806E186B4C/0CA7C94EC4180163F5BAF739ABCAEFFB7 (There is not enough space on the disk.)
[2018.02.26-20.21.17:072][633]LogFileManager: Error: Error writing to file: C:/Users/ja999455/AppData/Local/Temp/UnrealShaderWorkingDir/C0FF977148FBB7C6716145806E186B4C/0CA7C94EC4180163F5BAF739ABCAEFFB7 (There is not enough space on the disk.)
[2018.02.26-20.21.17:072][633]LogFileManager: Error: Error flushing file: C:/Users/ja999455/AppData/Local/Temp/UnrealShaderWorkingDir/C0FF977148FBB7C6716145806E186B4C/0CA7C94EC4180163F5BAF739ABCAEFFB7 (There is not enough space on the disk.)
[2018.02.26-20.21.17:072][633]LogFileManager: Error: Error flushing file: C:/Users/ja999455/AppData/Local/Temp/UnrealShaderWorkingDir/C0FF977148FBB7C6716145806E186B4C/0CA7C94EC4180163F5BAF739ABCAEFFB7 (There is not enough space on the disk.)
[2018.02.26-20.21.17:072][633]LogFileManager: Error: Error writing to file: C:/Users/ja999455/AppData/Local/Temp/UnrealShaderWorkingDir/C0FF977148FBB7C6716145806E186B4C/0CA7C94EC4180163F5BAF739ABCAEFFB7 (There is not enough space on the disk.)
[2018.02.26-20.21.17:072][633]LogFileManager: Error: Error flushing file: C:/Users/ja999455/AppData/Local/Temp/UnrealShaderWorkingDir/C0FF977148FBB7C6716145806E186B4C/0CA7C94EC4180163F5BAF739ABCAEFFB7 (There is not enough space on the disk.)
[2018.02.26-20.21.17:072][633]LogFileManager: Error: Error writing to file: C:/Users/ja999455/AppData/Local/Temp/UnrealShaderWorkingDir/C0FF977148FBB7C6716145806E186B4C/0CA7C94EC4180163F5BAF739ABCAEFFB7 (There is not enough space on the disk.)
[2018.02.26-20.21.17:072][633]LogFileManager: Error: Error flushing file: C:/Users/ja999455/AppData/Local/Temp/UnrealShaderWorkingDir/C0FF977148FBB7C6716145806E186B4C/0CA7C94EC4180163F5BAF739ABCAEFFB7 (There is not enough space on the disk.)
[2018.02.26-20.21.17:072][633]LogFileManager: Error: Error writing to file: C:/Users/ja999455/AppData/Local/Temp/UnrealShaderWorkingDir/C0FF977148FBB7C6716145806E186B4C/0CA7C94EC4180163F5BAF739ABCAEFFB7 (There is not enough space on the disk.)
[2018.02.26-20.21.17:072][633]LogFileManager: Error: Error flushing file: C:/Users/ja999455/AppData/Local/Temp/UnrealShaderWorkingDir/C0FF977148FBB7C6716145806E186B4C/0CA7C94EC4180163F5BAF739ABCAEFFB7 (There is not enough space on the disk.)
[2018.02.26-20.21.17:073][633]LogFileManager: Error: Error flushing file: C:/Users/ja999455/AppData/Local/Temp/UnrealShaderWorkingDir/C0FF977148FBB7C6716145806E186B4C/0CA7C94EC4180163F5BAF739ABCAEFFB7 (There is not enough space on the disk.)
[2018.02.26-20.21.17:073][633]LogFileManager: Error: Error flushing file: C:/Users/ja999455/AppData/Local/Temp/UnrealShaderWorkingDir/C0FF977148FBB7C6716145806E186B4C/0CA7C94EC4180163F5BAF739ABCAEFFB7 (There is not enough space on the disk.)
[2018.02.26-20.21.17:073][633]LogFileManager: Error: Error flushing file: C:/Users/ja999455/AppData/Local/Temp/UnrealShaderWorkingDir/C0FF977148FBB7C6716145806E186B4C/0CA7C94EC4180163F5BAF739ABCAEFFB7 (There is not enough space on the disk.)
[2018.02.26-20.21.17:073][633]LogFileManager: Error: Error writing to file: C:/Users/ja999455/AppData/Local/Temp/UnrealShaderWorkingDir/C0FF977148FBB7C6716145806E186B4C/0CA7C94EC4180163F5BAF739ABCAEFFB7 (There is not enough space on the disk.)
[2018.02.26-20.21.17:073][633]LogFileManager: Error: Error writing to file: C:/Users/ja999455/AppData/Local/Temp/UnrealShaderWorkingDir/C0FF977148FBB7C6716145806E186B4C/0CA7C94EC4180163F5BAF739ABCAEFFB7 (There is not enough space on the disk.)
[2018.02.26-20.21.17:073][633]LogFileManager: Error: Error flushing file: C:/Users/ja999455/AppData/Local/Temp/UnrealShaderWorkingDir/C0FF977148FBB7C6716145806E186B4C/0CA7C94EC4180163F5BAF739ABCAEFFB7 (There is not enough space on the disk.)
[2018.02.26-20.21.17:073][633]LogFileManager: Error: Error flushing file: C:/Users/ja999455/AppData/Local/Temp/UnrealShaderWorkingDir/C0FF977148FBB7C6716145806E186B4C/0CA7C94EC4180163F5BAF739ABCAEFFB7 (There is not enough space on the disk.)
[2018.02.26-20.21.17:073][633]LogFileManager: Error: Error writing to file: C:/Users/ja999455/AppData/Local/Temp/UnrealShaderWorkingDir/C0FF977148FBB7C6716145806E186B4C/0CA7C94EC4180163F5BAF739ABCAEFFB7 (There is not enough space on the disk.)
[2018.02.26-20.21.17:073][633]LogFileManager: Error: Error flushing file: C:/Users/ja999455/AppData/Local/Temp/UnrealShaderWorkingDir/C0FF977148FBB7C6716145806E186B4C/0CA7C94EC4180163F5BAF739ABCAEFFB7 (There is not enough space on the disk.)
[2018.02.26-20.21.17:073][633]LogFileManager: Error: Error writing to file: C:/Users/ja999455/AppData/Local/Temp/UnrealShaderWorkingDir/C0FF977148FBB7C6716145806E186B4C/0CA7C94EC4180163F5BAF739ABCAEFFB7 (There is not enough space on the disk.)
[2018.02.26-20.21.17:073][633]LogFileManager: Error: Error flushing file: C:/Users/ja999455/AppData/Local/Temp/UnrealShaderWorkingDir/C0FF977148FBB7C6716145806E186B4C/0CA7C94EC4180163F5BAF739ABCAEFFB7 (There is not enough space on the disk.)
[2018.02.26-20.21.17:073][633]LogFileManager: Error: Error writing to file: C:/Users/ja999455/AppData/Local/Temp/UnrealShaderWorkingDir/C0FF977148FBB7C6716145806E186B4C/0CA7C94EC4180163F5BAF739ABCAEFFB7 (There is not enough space on the disk.)
[2018.02.26-20.21.17:073][633]LogFileManager: Error: Error flushing file: C:/Users/ja999455/AppData/Local/Temp/UnrealShaderWorkingDir/C0FF977148FBB7C6716145806E186B4C/0CA7C94EC4180163F5BAF739ABCAEFFB7 (There is not enough space on the disk.)
[2018.02.26-20.21.17:073][633]LogFileManager: Error: Error flushing file: C:/Users/ja999455/AppData/Local/Temp/UnrealShaderWorkingDir/C0FF977148FBB7C6716145806E186B4C/0CA7C94EC4180163F5BAF739ABCAEFFB7 (There is not enough space on the disk.)
[2018.02.26-20.21.17:073][633]LogFileManager: Error: Error flushing file: C:/Users/ja999455/AppData/Local/Temp/UnrealShaderWorkingDir/C0FF977148FBB7C6716145806E186B4C/0CA7C94EC4180163F5BAF739ABCAEFFB7 (There is not enough space on the disk.)
[2018.02.26-20.21.17:074][633]LogFileManager: Error: Error writing to file: C:/Users/ja999455/AppData/Local/Temp/UnrealShaderWorkingDir/C0FF977148FBB7C6716145806E186B4C/0CA7C94EC4180163F5BAF739ABCAEFFB7 (There is not enough space on the disk.)
[2018.02.26-20.21.17:074][633]LogFileManager: Error: Error writing to file: C:/Users/ja999455/AppData/Local/Temp/UnrealShaderWorkingDir/C0FF977148FBB7C6716145806E186B4C/0CA7C94EC4180163F5BAF739ABCAEFFB7 (There is not enough space on the disk.)
[2018.02.26-20.21.17:074][633]LogFileManager: Error: Error flushing file: C:/Users/ja999455/AppData/Local/Temp/UnrealShaderWorkingDir/C0FF977148FBB7C6716145806E186B4C/0CA7C94EC4180163F5BAF739ABCAEFFB7 (There is not enough space on the disk.)
[2018.02.26-20.21.17:074][633]LogFileManager: Error: Error flushing file: C:/Users/ja999455/AppData/Local/Temp/UnrealShaderWorkingDir/C0FF977148FBB7C6716145806E186B4C/0CA7C94EC4180163F5BAF739ABCAEFFB7 (There is not enough space on the disk.)
[2018.02.26-20.21.17:074][633]LogFileManager: Error: Error writing to file: C:/Users/ja999455/AppData/Local/Temp/UnrealShaderWorkingDir/C0FF977148FBB7C6716145806E186B4C/0CA7C94EC4180163F5BAF739ABCAEFFB7 (There is not enough space on the disk.)
[2018.02.26-20.21.17:074][633]LogFileManager: Error: Error flushing file: C:/Users/ja999455/AppData/Local/Temp/UnrealShaderWorkingDir/C0FF977148FBB7C6716145806E186B4C/0CA7C94EC4180163F5BAF739ABCAEFFB7 (There is not enough space on the disk.)
[2018.02.26-20.21.17:074][633]LogFileManager: Error: Error writing to file: C:/Users/ja999455/AppData/Local/Temp/UnrealShaderWorkingDir/C0FF977148FBB7C6716145806E186B4C/0CA7C94EC4180163F5BAF739ABCAEFFB7 (There is not enough space on the disk.)
[2018.02.26-20.21.17:074][633]LogFileManager: Error: Error flushing file: C:/Users/ja999455/AppData/Local/Temp/UnrealShaderWorkingDir/C0FF977148FBB7C6716145806E186B4C/0CA7C94EC4180163F5BAF739ABCAEFFB7 (There is not enough space on the disk.)
[2018.02.26-20.21.17:074][633]LogFileManager: Error: Error writing to file: C:/Users/ja999455/AppData/Local/Temp/UnrealShaderWorkingDir/C0FF977148FBB7C6716145806E186B4C/0CA7C94EC4180163F5BAF739ABCAEFFB7 (There is not enough space on the disk.)
[2018.02.26-20.21.17:074][633]LogFileManager: Error: Error flushing file: C:/Users/ja999455/AppData/Local/Temp/UnrealShaderWorkingDir/C0FF977148FBB7C6716145806E186B4C/0CA7C94EC4180163F5BAF739ABCAEFFB7 (There is not enough space on the disk.)
[2018.02.26-20.21.17:074][633]LogFileManager: Error: Error flushing file: C:/Users/ja999455/AppData/Local/Temp/UnrealShaderWorkingDir/C0FF977148FBB7C6716145806E186B4C/0CA7C94EC4180163F5BAF739ABCAEFFB7 (There is not enough space on the disk.)
[2018.02.26-20.21.17:074][633]LogFileManager: Error: Error flushing file: C:/Users/ja999455/AppData/Local/Temp/UnrealShaderWorkingDir/C0FF977148FBB7C6716145806E186B4C/0CA7C94EC4180163F5BAF739ABCAEFFB7 (There is not enough space on the disk.)
[2018.02.26-20.21.17:074][633]LogFileManager: Error: Error writing to file: C:/Users/ja999455/AppData/Local/Temp/UnrealShaderWorkingDir/C0FF977148FBB7C6716145806E186B4C/0CA7C94EC4180163F5BAF739ABCAEFFB7 (There is not enough space on the disk.)
[2018.02.26-20.21.17:074][633]LogFileManager: Error: Error flushing file: C:/Users/ja999455/AppData/Local/Temp/UnrealShaderWorkingDir/C0FF977148FBB7C6716145806E186B4C/0CA7C94EC4180163F5BAF739ABCAEFFB7 (There is not enough space on the disk.)
[2018.02.26-20.21.17:074][633]LogFileManager: Error: Error writing to file: C:/Users/ja999455/AppData/Local/Temp/UnrealShaderWorkingDir/C0FF977148FBB7C6716145806E186B4C/0CA7C94EC4180163F5BAF739ABCAEFFB7 (There is not enough space on the disk.)
[2018.02.26-20.21.17:074][633]LogFileManager: Error: Error flushing file: C:/Users/ja999455/AppData/Local/Temp/UnrealShaderWorkingDir/C0FF977148FBB7C6716145806E186B4C/0CA7C94EC4180163F5BAF739ABCAEFFB7 (There is not enough space on the disk.)
[2018.02.26-20.21.17:074][633]LogFileManager: Error: Error flushing file: C:/Users/ja999455/AppData/Local/Temp/UnrealShaderWorkingDir/C0FF977148FBB7C6716145806E186B4C/0CA7C94EC4180163F5BAF739ABCAEFFB7 (There is not enough space on the disk.)
[2018.02.26-20.21.17:074][633]LogFileManager: Error: Error writing to file: C:/Users/ja999455/AppData/Local/Temp/UnrealShaderWorkingDir/C0FF977148FBB7C6716145806E186B4C/0CA7C94EC4180163F5BAF739ABCAEFFB7 (There is not enough space on the disk.)
[2018.02.26-20.21.17:074][633]LogFileManager: Error: Error flushing file: C:/Users/ja999455/AppData/Local/Temp/UnrealShaderWorkingDir/C0FF977148FBB7C6716145806E186B4C/0CA7C94EC4180163F5BAF739ABCAEFFB7 (There is not enough space on the disk.)
[2018.02.26-20.21.17:074][633]LogFileManager: Error: Error writing to file: C:/Users/ja999455/AppData/Local/Temp/UnrealShaderWorkingDir/C0FF977148FBB7C6716145806E186B4C/0CA7C94EC4180163F5BAF739ABCAEFFB7 (There is not enough space on the disk.)
[2018.02.26-20.21.17:074][633]LogFileManager: Error: Error flushing file: C:/Users/ja999455/AppData/Local/Temp/UnrealShaderWorkingDir/C0FF977148FBB7C6716145806E186B4C/0CA7C94EC4180163F5BAF739ABCAEFFB7 (There is not enough space on the disk.)
[2018.02.26-20.21.17:074][633]LogFileManager: Error: Error writing to file: C:/Users/ja999455/AppData/Local/Temp/UnrealShaderWorkingDir/C0FF977148FBB7C6716145806E186B4C/0CA7C94EC4180163F5BAF739ABCAEFFB7 (There is not enough space on the disk.)
[2018.02.26-20.21.17:074][633]LogFileManager: Error: Error flushing file: C:/Users/ja999455/AppData/Local/Temp/UnrealShaderWorkingDir/C0FF977148FBB7C6716145806E186B4C/0CA7C94EC4180163F5BAF739ABCAEFFB7 (There is not enough space on the disk.)
[2018.02.26-20.21.17:074][633]LogFileManager: Error: Error flushing file: C:/Users/ja999455/AppData/Local/Temp/UnrealShaderWorkingDir/C0FF977148FBB7C6716145806E186B4C/0CA7C94EC4180163F5BAF739ABCAEFFB7 (There is not enough space on the disk.)
[2018.02.26-20.21.17:074][633]LogFileManager: Error: Error flushing file: C:/Users/ja999455/AppData/Local/Temp/UnrealShaderWorkingDir/C0FF977148FBB7C6716145806E186B4C/0CA7C94EC4180163F5BAF739ABCAEFFB7 (There is not enough space on the disk.)
[2018.02.26-20.21.17:074][633]LogFileManager: Error: Error writing to file: C:/Users/ja999455/AppData/Local/Temp/UnrealShaderWorkingDir/C0FF977148FBB7C6716145806E186B4C/0CA7C94EC4180163F5BAF739ABCAEFFB7 (There is not enough space on the disk.)
[2018.02.26-20.21.17:074][633]LogFileManager: Error: Error flushing file: C:/Users/ja999455/AppData/Local/Temp/UnrealShaderWorkingDir/C0FF977148FBB7C6716145806E186B4C/0CA7C94EC4180163F5BAF739ABCAEFFB7 (There is not enough space on the disk.)
[2018.02.26-20.21.17:074][633]LogFileManager: Error: Error writing to file: C:/Users/ja999455/AppData/Local/Temp/UnrealShaderWorkingDir/C0FF977148FBB7C6716145806E186B4C/0CA7C94EC4180163F5BAF739ABCAEFFB7 (There is not enough space on the disk.)
[2018.02.26-20.21.17:074][633]LogFileManager: Error: Error flushing file: C:/Users/ja999455/AppData/Local/Temp/UnrealShaderWorkingDir/C0FF977148FBB7C6716145806E186B4C/0CA7C94EC4180163F5BAF739ABCAEFFB7 (There is not enough space on the disk.)
[2018.02.26-20.21.17:074][633]LogFileManager: Error: Error flushing file: C:/Users/ja999455/AppData/Local/Temp/UnrealShaderWorkingDir/C0FF977148FBB7C6716145806E186B4C/0CA7C94EC4180163F5BAF739ABCAEFFB7 (There is not enough space on the disk.)
[2018.02.26-20.21.17:074][633]LogFileManager: Error: Error writing to file: C:/Users/ja999455/AppData/Local/Temp/UnrealShaderWorkingDir/C0FF977148FBB7C6716145806E186B4C/0CA7C94EC4180163F5BAF739ABCAEFFB7 (There is not enough space on the disk.)
[2018.02.26-20.21.17:074][633]LogFileManager: Error: Error flushing file: C:/Users/ja999455/AppData/Local/Temp/UnrealShaderWorkingDir/C0FF977148FBB7C6716145806E186B4C/0CA7C94EC4180163F5BAF739ABCAEFFB7 (There is not enough space on the disk.)
[2018.02.26-20.21.17:074][633]LogFileManager: Error: Error writing to file: C:/Users/ja999455/AppData/Local/Temp/UnrealShaderWorkingDir/C0FF977148FBB7C6716145806E186B4C/0CA7C94EC4180163F5BAF739ABCAEFFB7 (There is not enough space on the disk.)
[2018.02.26-20.21.17:074][633]LogFileManager: Error: Error flushing file: C:/Users/ja999455/AppData/Local/Temp/UnrealShaderWorkingDir/C0FF977148FBB7C6716145806E186B4C/0CA7C94EC4180163F5BAF739ABCAEFFB7 (There is not enough space on the disk.)
[2018.02.26-20.21.17:074][633]LogFileManager: Error: Error writing to file: C:/Users/ja999455/AppData/Local/Temp/UnrealShaderWorkingDir/C0FF977148FBB7C6716145806E186B4C/0CA7C94EC4180163F5BAF739ABCAEFFB7 (There is not enough space on the disk.)
[2018.02.26-20.21.17:074][633]LogFileManager: Error: Error flushing file: C:/Users/ja999455/AppData/Local/Temp/UnrealShaderWorkingDir/C0FF977148FBB7C6716145806E186B4C/0CA7C94EC4180163F5BAF739ABCAEFFB7 (There is not enough space on the disk.)
[2018.02.26-20.21.17:075][633]LogFileManager: Error: Error flushing file: C:/Users/ja999455/AppData/Local/Temp/UnrealShaderWorkingDir/C0FF977148FBB7C6716145806E186B4C/0CA7C94EC4180163F5BAF739ABCAEFFB7 (There is not enough space on the disk.)
[2018.02.26-20.21.17:075][633]LogFileManager: Error: Error flushing file: C:/Users/ja999455/AppData/Local/Temp/UnrealShaderWorkingDir/C0FF977148FBB7C6716145806E186B4C/0CA7C94EC4180163F5BAF739ABCAEFFB7 (There is not enough space on the disk.)
[2018.02.26-20.21.17:075][633]LogFileManager: Error: Error writing to file: C:/Users/ja999455/AppData/Local/Temp/UnrealShaderWorkingDir/C0FF977148FBB7C6716145806E186B4C/0CA7C94EC4180163F5BAF739ABCAEFFB7 (There is not enough space on the disk.)
[2018.02.26-20.21.17:075][633]LogFileManager: Error: Error flushing file: C:/Users/ja999455/AppData/Local/Temp/UnrealShaderWorkingDir/C0FF977148FBB7C6716145806E186B4C/0CA7C94EC4180163F5BAF739ABCAEFFB7 (There is not enough space on the disk.)
[2018.02.26-20.21.17:075][633]LogFileManager: Error: Error writing to file: C:/Users/ja999455/AppData/Local/Temp/UnrealShaderWorkingDir/C0FF977148FBB7C6716145806E186B4C/0CA7C94EC4180163F5BAF739ABCAEFFB7 (There is not enough space on the disk.)
[2018.02.26-20.21.17:075][633]LogFileManager: Error: Error flushing file: C:/Users/ja999455/AppData/Local/Temp/UnrealShaderWorkingDir/C0FF977148FBB7C6716145806E186B4C/0CA7C94EC4180163F5BAF739ABCAEFFB7 (There is not enough space on the disk.)
[2018.02.26-20.21.17:075][633]LogFileManager: Error: Error flushing file: C:/Users/ja999455/AppData/Local/Temp/UnrealShaderWorkingDir/C0FF977148FBB7C6716145806E186B4C/0CA7C94EC4180163F5BAF739ABCAEFFB7 (There is not enough space on the disk.)
[2018.02.26-20.21.17:075][633]LogFileManager: Error: Error writing to file: C:/Users/ja999455/AppData/Local/Temp/UnrealShaderWorkingDir/C0FF977148FBB7C6716145806E186B4C/0CA7C94EC4180163F5BAF739ABCAEFFB7 (There is not enough space on the disk.)
[2018.02.26-20.21.17:075][633]LogFileManager: Error: Error flushing file: C:/Users/ja999455/AppData/Local/Temp/UnrealShaderWorkingDir/C0FF977148FBB7C6716145806E186B4C/0CA7C94EC4180163F5BAF739ABCAEFFB7 (There is not enough space on the disk.)
[2018.02.26-20.21.17:075][633]LogFileManager: Error: Error writing to file: C:/Users/ja999455/AppData/Local/Temp/UnrealShaderWorkingDir/C0FF977148FBB7C6716145806E186B4C/0CA7C94EC4180163F5BAF739ABCAEFFB7 (There is not enough space on the disk.)
[2018.02.26-20.21.17:075][633]LogFileManager: Error: Error flushing file: C:/Users/ja999455/AppData/Local/Temp/UnrealShaderWorkingDir/C0FF977148FBB7C6716145806E186B4C/0CA7C94EC4180163F5BAF739ABCAEFFB7 (There is not enough space on the disk.)
[2018.02.26-20.21.17:075][633]LogFileManager: Error: Error writing to file: C:/Users/ja999455/AppData/Local/Temp/UnrealShaderWorkingDir/C0FF977148FBB7C6716145806E186B4C/0CA7C94EC4180163F5BAF739ABCAEFFB7 (There is not enough space on the disk.)
[2018.02.26-20.21.17:075][633]LogFileManager: Error: Error flushing file: C:/Users/ja999455/AppData/Local/Temp/UnrealShaderWorkingDir/C0FF977148FBB7C6716145806E186B4C/0CA7C94EC4180163F5BAF739ABCAEFFB7 (There is not enough space on the disk.)
[2018.02.26-20.21.17:075][633]LogFileManager: Error: Error flushing file: C:/Users/ja999455/AppData/Local/Temp/UnrealShaderWorkingDir/C0FF977148FBB7C6716145806E186B4C/0CA7C94EC4180163F5BAF739ABCAEFFB7 (There is not enough space on the disk.)
[2018.02.26-20.21.17:075][633]LogFileManager: Error: Error flushing file: C:/Users/ja999455/AppData/Local/Temp/UnrealShaderWorkingDir/C0FF977148FBB7C6716145806E186B4C/0CA7C94EC4180163F5BAF739ABCAEFFB7 (There is not enough space on the disk.)
[2018.02.26-20.21.17:075][633]LogFileManager: Error: Error writing to file: C:/Users/ja999455/AppData/Local/Temp/UnrealShaderWorkingDir/C0FF977148FBB7C6716145806E186B4C/0CA7C94EC4180163F5BAF739ABCAEFFB7 (There is not enough space on the disk.)
[2018.02.26-20.21.17:075][633]LogFileManager: Error: Error flushing file: C:/Users/ja999455/AppData/Local/Temp/UnrealShaderWorkingDir/C0FF977148FBB7C6716145806E186B4C/0CA7C94EC4180163F5BAF739ABCAEFFB7 (There is not enough space on the disk.)
[2018.02.26-20.21.17:075][633]LogFileManager: Error: Error writing to file: C:/Users/ja999455/AppData/Local/Temp/UnrealShaderWorkingDir/C0FF977148FBB7C6716145806E186B4C/0CA7C94EC4180163F5BAF739ABCAEFFB7 (There is not enough space on the disk.)
[2018.02.26-20.21.17:075][633]LogFileManager: Error: Error flushing file: C:/Users/ja999455/AppData/Local/Temp/UnrealShaderWorkingDir/C0FF977148FBB7C6716145806E186B4C/0CA7C94EC4180163F5BAF739ABCAEFFB7 (There is not enough space on the disk.)
[2018.02.26-20.21.17:076][633]LogFileManager: Error: Error flushing file: C:/Users/ja999455/AppData/Local/Temp/UnrealShaderWorkingDir/C0FF977148FBB7C6716145806E186B4C/0CA7C94EC4180163F5BAF739ABCAEFFB7 (There is not enough space on the disk.)
[2018.02.26-20.21.17:076][633]LogFileManager: Error: Error writing to file: C:/Users/ja999455/AppData/Local/Temp/UnrealShaderWorkingDir/C0FF977148FBB7C6716145806E186B4C/0CA7C94EC4180163F5BAF739ABCAEFFB7 (There is not enough space on the disk.)
[2018.02.26-20.21.17:076][633]LogFileManager: Error: Error flushing file: C:/Users/ja999455/AppData/Local/Temp/UnrealShaderWorkingDir/C0FF977148FBB7C6716145806E186B4C/0CA7C94EC4180163F5BAF739ABCAEFFB7 (There is not enough space on the disk.)
[2018.02.26-20.21.17:076][633]LogFileManager: Error: Error writing to file: C:/Users/ja999455/AppData/Local/Temp/UnrealShaderWorkingDir/C0FF977148FBB7C6716145806E186B4C/0CA7C94EC4180163F5BAF739ABCAEFFB7 (There is not enough space on the disk.)
[2018.02.26-20.21.17:076][633]LogFileManager: Error: Error flushing file: C:/Users/ja999455/AppData/Local/Temp/UnrealShaderWorkingDir/C0FF977148FBB7C6716145806E186B4C/0CA7C94EC4180163F5BAF739ABCAEFFB7 (There is not enough space on the disk.)
[2018.02.26-20.21.17:076][633]LogFileManager: Error: Error writing to file: C:/Users/ja999455/AppData/Local/Temp/UnrealShaderWorkingDir/C0FF977148FBB7C6716145806E186B4C/0CA7C94EC4180163F5BAF739ABCAEFFB7 (There is not enough space on the disk.)
[2018.02.26-20.21.17:076][633]LogFileManager: Error: Error flushing file: C:/Users/ja999455/AppData/Local/Temp/UnrealShaderWorkingDir/C0FF977148FBB7C6716145806E186B4C/0CA7C94EC4180163F5BAF739ABCAEFFB7 (There is not enough space on the disk.)
[2018.02.26-20.21.17:076][633]LogFileManager: Error: Error flushing file: C:/Users/ja999455/AppData/Local/Temp/UnrealShaderWorkingDir/C0FF977148FBB7C6716145806E186B4C/0CA7C94EC4180163F5BAF739ABCAEFFB7 (There is not enough space on the disk.)
[2018.02.26-20.21.17:076][633]LogFileManager: Error: Error flushing file: C:/Users/ja999455/AppData/Local/Temp/UnrealShaderWorkingDir/C0FF977148FBB7C6716145806E186B4C/0CA7C94EC4180163F5BAF739ABCAEFFB7 (There is not enough space on the disk.)
[2018.02.26-20.21.17:076][633]LogFileManager: Error: Error writing to file: C:/Users/ja999455/AppData/Local/Temp/UnrealShaderWorkingDir/C0FF977148FBB7C6716145806E186B4C/0CA7C94EC4180163F5BAF739ABCAEFFB7 (There is not enough space on the disk.)
[2018.02.26-20.21.17:076][633]LogFileManager: Error: Error flushing file: C:/Users/ja999455/AppData/Local/Temp/UnrealShaderWorkingDir/C0FF977148FBB7C6716145806E186B4C/0CA7C94EC4180163F5BAF739ABCAEFFB7 (There is not enough space on the disk.)
[2018.02.26-20.21.17:076][633]LogFileManager: Error: Error writing to file: C:/Users/ja999455/AppData/Local/Temp/UnrealShaderWorkingDir/C0FF977148FBB7C6716145806E186B4C/0CA7C94EC4180163F5BAF739ABCAEFFB7 (There is not enough space on the disk.)
[2018.02.26-20.21.17:076][633]LogFileManager: Error: Error flushing file: C:/Users/ja999455/AppData/Local/Temp/UnrealShaderWorkingDir/C0FF977148FBB7C6716145806E186B4C/0CA7C94EC4180163F5BAF739ABCAEFFB7 (There is not enough space on the disk.)
[2018.02.26-20.21.17:076][633]LogFileManager: Error: Error flushing file: C:/Users/ja999455/AppData/Local/Temp/UnrealShaderWorkingDir/C0FF977148FBB7C6716145806E186B4C/0CA7C94EC4180163F5BAF739ABCAEFFB7 (There is not enough space on the disk.)
[2018.02.26-20.21.17:076][633]LogFileManager: Error: Error writing to file: C:/Users/ja999455/AppData/Local/Temp/UnrealShaderWorkingDir/C0FF977148FBB7C6716145806E186B4C/0CA7C94EC4180163F5BAF739ABCAEFFB7 (There is not enough space on the disk.)
[2018.02.26-20.21.17:076][633]LogFileManager: Error: Error flushing file: C:/Users/ja999455/AppData/Local/Temp/UnrealShaderWorkingDir/C0FF977148FBB7C6716145806E186B4C/0CA7C94EC4180163F5BAF739ABCAEFFB7 (There is not enough space on the disk.)
[2018.02.26-20.21.17:076][633]LogFileManager: Error: Error writing to file: C:/Users/ja999455/AppData/Local/Temp/UnrealShaderWorkingDir/C0FF977148FBB7C6716145806E186B4C/0CA7C94EC4180163F5BAF739ABCAEFFB7 (There is not enough space on the disk.)
[2018.02.26-20.21.17:076][633]LogFileManager: Error: Error flushing file: C:/Users/ja999455/AppData/Local/Temp/UnrealShaderWorkingDir/C0FF977148FBB7C6716145806E186B4C/0CA7C94EC4180163F5BAF739ABCAEFFB7 (There is not enough space on the disk.)
[2018.02.26-20.21.17:076][633]LogFileManager: Error: Error writing to file: C:/Users/ja999455/AppData/Local/Temp/UnrealShaderWorkingDir/C0FF977148FBB7C6716145806E186B4C/0CA7C94EC4180163F5BAF739ABCAEFFB7 (There is not enough space on the disk.)
[2018.02.26-20.21.17:076][633]LogFileManager: Error: Error flushing file: C:/Users/ja999455/AppData/Local/Temp/UnrealShaderWorkingDir/C0FF977148FBB7C6716145806E186B4C/0CA7C94EC4180163F5BAF739ABCAEFFB7 (There is not enough space on the disk.)
[2018.02.26-20.21.17:076][633]LogFileManager: Error: Error flushing file: C:/Users/ja999455/AppData/Local/Temp/UnrealShaderWorkingDir/C0FF977148FBB7C6716145806E186B4C/0CA7C94EC4180163F5BAF739ABCAEFFB7 (There is not enough space on the disk.)
[2018.02.26-20.21.17:076][633]LogFileManager: Error: Error writing to file: C:/Users/ja999455/AppData/Local/Temp/UnrealShaderWorkingDir/C0FF977148FBB7C6716145806E186B4C/0CA7C94EC4180163F5BAF739ABCAEFFB7 (There is not enough space on the disk.)
[2018.02.26-20.21.17:076][633]LogFileManager: Error: Error flushing file: C:/Users/ja999455/AppData/Local/Temp/UnrealShaderWorkingDir/C0FF977148FBB7C6716145806E186B4C/0CA7C94EC4180163F5BAF739ABCAEFFB7 (There is not enough space on the disk.)
[2018.02.26-20.21.17:076][633]LogFileManager: Error: Error writing to file: C:/Users/ja999455/AppData/Local/Temp/UnrealShaderWorkingDir/C0FF977148FBB7C6716145806E186B4C/0CA7C94EC4180163F5BAF739ABCAEFFB7 (There is not enough space on the disk.)
[2018.02.26-20.21.17:076][633]LogFileManager: Error: Error flushing file: C:/Users/ja999455/AppData/Local/Temp/UnrealShaderWorkingDir/C0FF977148FBB7C6716145806E186B4C/0CA7C94EC4180163F5BAF739ABCAEFFB7 (There is not enough space on the disk.)
[2018.02.26-20.21.17:076][633]LogFileManager: Error: Error writing to file: C:/Users/ja999455/AppData/Local/Temp/UnrealShaderWorkingDir/C0FF977148FBB7C6716145806E186B4C/0CA7C94EC4180163F5BAF739ABCAEFFB7 (There is not enough space on the disk.)
[2018.02.26-20.21.17:076][633]LogFileManager: Error: Error flushing file: C:/Users/ja999455/AppData/Local/Temp/UnrealShaderWorkingDir/C0FF977148FBB7C6716145806E186B4C/0CA7C94EC4180163F5BAF739ABCAEFFB7 (There is not enough space on the disk.)
[2018.02.26-20.21.17:076][633]LogFileManager: Error: Error flushing file: C:/Users/ja999455/AppData/Local/Temp/UnrealShaderWorkingDir/C0FF977148FBB7C6716145806E186B4C/0CA7C94EC4180163F5BAF739ABCAEFFB7 (There is not enough space on the disk.)
[2018.02.26-20.21.17:076][633]LogFileManager: Error: Error writing to file: C:/Users/ja999455/AppData/Local/Temp/UnrealShaderWorkingDir/C0FF977148FBB7C6716145806E186B4C/0CA7C94EC4180163F5BAF739ABCAEFFB7 (There is not enough space on the disk.)
[2018.02.26-20.21.17:076][633]LogFileManager: Error: Error flushing file: C:/Users/ja999455/AppData/Local/Temp/UnrealShaderWorkingDir/C0FF977148FBB7C6716145806E186B4C/0CA7C94EC4180163F5BAF739ABCAEFFB7 (There is not enough space on the disk.)
[2018.02.26-20.21.17:076][633]LogFileManager: Error: Error flushing file: C:/Users/ja999455/AppData/Local/Temp/UnrealShaderWorkingDir/C0FF977148FBB7C6716145806E186B4C/0CA7C94EC4180163F5BAF739ABCAEFFB7 (There is not enough space on the disk.)
[2018.02.26-20.21.17:076][633]LogFileManager: Error: Error writing to file: C:/Users/ja999455/AppData/Local/Temp/UnrealShaderWorkingDir/C0FF977148FBB7C6716145806E186B4C/0CA7C94EC4180163F5BAF739ABCAEFFB7 (There is not enough space on the disk.)
[2018.02.26-20.21.17:077][633]LogFileManager: Error: Error flushing file: C:/Users/ja999455/AppData/Local/Temp/UnrealShaderWorkingDir/C0FF977148FBB7C6716145806E186B4C/0CA7C94EC4180163F5BAF739ABCAEFFB7 (There is not enough space on the disk.)
[2018.02.26-20.21.17:077][633]LogWindows: Windows GetLastError: The operation completed successfully. (0)
[2018.02.26-20.21.17:101][633]LogFbx: Warning: Bones digested - 2  Depth of hierarchy - 2
[2018.02.26-20.21.17:272][633]LogSkeletalMesh: Section 0: 1734 vertices, 1 active bones
[2018.02.26-20.21.17:273][633]LogSkeletalMesh: Section 0: Material=0, 3072 triangles
[2018.02.26-20.21.17:275][633]LogLinker: Can't find file '/Game/Models/ShipUpdate/DM_Ship_sail_Skeleton'
[2018.02.26-20.21.17:275][633]LogLinker: Can't find file '/Game/Models/ShipUpdate/DM_Ship_sail_Skeleton'
[2018.02.26-20.21.17:277][633]LogLinker: Can't find file '/Game/Models/ShipUpdate/DM_Ship_sail_PhysicsAsset'
[2018.02.26-20.21.17:277][633]LogLinker: Can't find file '/Game/Models/ShipUpdate/DM_Ship_sail_PhysicsAsset'
[2018.02.26-20.21.17:283][633]FBXImport: Warning: Could not find the bind pose.  It will use time 0 as bind pose. 
[2018.02.26-20.21.17:516][643]LogWindows: Windows GetLastError: The operation completed successfully. (0)
[2018.02.26-20.21.17:516][643]LogWindows: Error: === Critical error: ===
[2018.02.26-20.21.17:516][643]LogWindows: Error: 
[2018.02.26-20.21.17:516][643]LogWindows: Error: Fatal error: [File:D:\Build\++UE4+Release-4.18+Compile\Sync\Engine\Source\Runtime\Engine\Private\ShaderCompiler\ShaderCompiler.cpp] [Line: 884] 
[2018.02.26-20.21.17:516][643]LogWindows: Error: Shader Compiling thread exception:
[2018.02.26-20.21.17:516][643]LogWindows: Error: Fatal error: [File:D:\Build\++UE4+Release-4.18+Compile\Sync\Engine\Source\Runtime\Engine\Private\ShaderCompiler\ShaderCompiler.cpp] [Line: 1047] 
[2018.02.26-20.21.17:516][643]LogWindows: Error: Could not write the shader compiler transfer filename to 'C:/Users/ja999455/AppData/Local/Temp/UnrealShaderWorkingDir/C0FF977148FBB7C6716145806E186B4C/0CA7C94EC4180163F5BAF739ABCAEFFB7' (Free Disk Space: 0.
[2018.02.26-20.21.17:516][643]LogWindows: Error: 
[2018.02.26-20.21.17:516][643]LogWindows: Error: 
[2018.02.26-20.21.17:516][643]LogWindows: Error: [Callstack] 0x00000000875C3C58 KERNELBASE.dll!UnknownFunction []
[2018.02.26-20.21.17:516][643]LogWindows: Error: [Callstack] 0x000000005CAF76D4 UE4Editor-ApplicationCore.dll!UnknownFunction []
[2018.02.26-20.21.17:516][643]LogWindows: Error: [Callstack] 0x0000000041AE330B UE4Editor-Core.dll!UnknownFunction []
[2018.02.26-20.21.17:516][643]LogWindows: Error: [Callstack] 0x0000000041A747F9 UE4Editor-Core.dll!UnknownFunction []
[2018.02.26-20.21.17:516][643]LogWindows: Error: [Callstack] 0x000000003F864903 UE4Editor-Engine.dll!UnknownFunction []
[2018.02.26-20.21.17:516][643]LogWindows: Error: [Callstack] 0x000000003F7EBDF7 UE4Editor-Engine.dll!UnknownFunction []
[2018.02.26-20.21.17:516][643]LogWindows: Error: [Callstack] 0x000000003F854DC8 UE4Editor-Engine.dll!UnknownFunction []
[2018.02.26-20.21.17:516][643]LogWindows: Error: [Callstack] 0x0000000041CE092C UE4Editor-Core.dll!UnknownFunction []
[2018.02.26-20.21.17:516][643]LogWindows: Error: [Callstack] 0x0000000041CD2563 UE4Editor-Core.dll!UnknownFunction []
[2018.02.26-20.21.17:516][643]LogWindows: Error: [Callstack] 0x00000000895E8364 KERNEL32.DLL!UnknownFunction []
[2018.02.26-20.21.17:516][643]LogWindows: Error: [Callstack] 0x000000008A4870D1 ntdll.dll!UnknownFunction []
[2018.02.26-20.21.17:516][643]LogWindows: Error: [Callstack] 0x000000008A4870D1 ntdll.dll!UnknownFunction []
[2018.02.26-20.21.17:516][643]LogWindows: Error: 
[2018.02.26-20.21.17:516][643]LogWindows: Error: 
[2018.02.26-20.21.17:516][643]LogWindows: Error: 
[2018.02.26-20.21.17:516][643]LogWindows: Error: 
[2018.02.26-20.21.17:527][643]LogExit: Executing StaticShutdownAfterError
[2018.02.26-20.21.17:534][643]LogWindows: FPlatformMisc::RequestExit(1)
[2018.02.26-20.21.17:534][643]Log file closed, 02/26/18 15:21:17
