Log file open, 03/14/18 16:17:09
LogWindows: Failed to load 'aqProf.dll' (GetLastError=126)
LogWindows: File 'aqProf.dll' does not exist
LogWindows: Failed to load 'VtuneApi.dll' (GetLastError=126)
LogWindows: File 'VtuneApi.dll' does not exist
LogWindows: Failed to load 'VtuneApi32e.dll' (GetLastError=126)
LogWindows: File 'VtuneApi32e.dll' does not exist
LogInit: Display: Running engine for game: SlaveVRExperience
LogPlatformFile: Not using cached read wrapper
LogInit: Display: RandInit(-489573774) SRandInit(-489573774).
LogInit: Read version file with build ID '3709383'
LogInit: Overriding engine version to CL 3832480, compatible CL 3709383
LogInit: Registered custom module enumerator with build ID '3709383'
LogTaskGraph: Started task graph with 5 named threads and 14 total threads with 3 sets of task threads.
LogStats: Stats thread started at 0.206295
LogD3D11RHI: Aftermath initialized
LogPluginManager: Mounting plugin Paper2D
LogPluginManager: Mounting plugin LightPropagationVolume
LogPluginManager: Mounting plugin CodeLiteSourceCodeAccess
LogPluginManager: Mounting plugin GitSourceControl
LogPluginManager: Mounting plugin KDevelopSourceCodeAccess
LogPluginManager: Mounting plugin NullSourceCodeAccess
LogPluginManager: Mounting plugin PerforceSourceControl
LogPluginManager: Mounting plugin SubversionSourceControl
LogPluginManager: Mounting plugin UObjectPlugin
LogPluginManager: Mounting plugin VisualStudioCodeSourceCodeAccess
LogPluginManager: Mounting plugin VisualStudioSourceCodeAccess
LogPluginManager: Mounting plugin XCodeSourceCodeAccess
LogPluginManager: Mounting plugin AssetManagerEditor
LogPluginManager: Mounting plugin AudioCapture
LogPluginManager: Mounting plugin FacialAnimation
LogPluginManager: Mounting plugin GameplayTagsEditor
LogPluginManager: Mounting plugin MobileLauncherProfileWizard
LogPluginManager: Mounting plugin PluginBrowser
LogPluginManager: Mounting plugin SpeedTreeImporter
LogPluginManager: Mounting plugin AlembicImporter
LogPluginManager: Mounting plugin CharacterAI
LogPluginManager: Mounting plugin HTML5Networking
LogPluginManager: Mounting plugin AndroidMedia
LogPluginManager: Mounting plugin AvfMedia
LogPluginManager: Mounting plugin ImgMedia
LogPluginManager: Mounting plugin MediaCompositing
LogPluginManager: Mounting plugin MediaPlayerEditor
LogPluginManager: Mounting plugin WmfMedia
LogPluginManager: Mounting plugin TcpMessaging
LogPluginManager: Mounting plugin UdpMessaging
LogPluginManager: Mounting plugin ActorSequence
LogPluginManager: Mounting plugin LevelSequenceEditor
LogPluginManager: Mounting plugin MatineeToLevelSequence
LogPluginManager: Mounting plugin OnlineSubsystemGooglePlay
LogPluginManager: Mounting plugin OnlineSubsystemIOS
LogPluginManager: Mounting plugin OnlineSubsystem
LogPluginManager: Mounting plugin OnlineSubsystemNull
LogPluginManager: Mounting plugin OnlineSubsystemUtils
LogPluginManager: Mounting plugin AndroidDeviceProfileSelector
LogPluginManager: Mounting plugin AndroidMoviePlayer
LogPluginManager: Mounting plugin AndroidPermission
LogPluginManager: Mounting plugin AppleARKit
LogPluginManager: Mounting plugin AppleMoviePlayer
LogPluginManager: Mounting plugin ArchVisCharacter
LogPluginManager: Mounting plugin CableComponent
LogPluginManager: Mounting plugin CustomMeshComponent
LogPluginManager: Mounting plugin ExampleDeviceProfileSelector
LogPluginManager: Mounting plugin GoogleCloudMessaging
LogPluginManager: Mounting plugin ImmediatePhysics
LogPluginManager: Mounting plugin IOSDeviceProfileSelector
LogPluginManager: Mounting plugin LinuxDeviceProfileSelector
LogPluginManager: Mounting plugin LocationServicesBPLibrary
LogPluginManager: Mounting plugin MobilePatchingUtils
LogPluginManager: Mounting plugin OculusVR
LogPluginManager: Plugin shader directory ../../../Engine/Plugins/Runtime/Oculus/OculusVR/Shaders found
LogPluginManager: Mapping shader source directory ../../../Engine/Plugins/Runtime/Oculus/OculusVR/Shaders to virtual directory /Plugin/OculusVR
LogPluginManager: Mounting plugin PhysXVehicles
LogPluginManager: Mounting plugin ProceduralMeshComponent
LogPluginManager: Mounting plugin RuntimePhysXCooking
LogPluginManager: Mounting plugin SteamVR
LogPluginManager: Mounting plugin WindowsMoviePlayer
LogModuleManager: Display: Found up-to-date module file ../../../../../../Users/Nutty_000/Documents/GitHub/VR_SlaveExperience/SlaveVRExperience/Binaries/Win64/UE4Editor-SlaveVRExperience-4716.dll (API version 3709383).
LogModuleManager: Display: Found up-to-date module file ../../../Engine/Plugins/2D/Paper2D/Binaries/Win64/UE4Editor-Paper2D.dll (API version 3709383).
LogModuleManager: Display: Found up-to-date module file ../../../Engine/Plugins/2D/Paper2D/Binaries/Win64/UE4Editor-Paper2DEditor.dll (API version 3709383).
LogModuleManager: Display: Found up-to-date module file ../../../Engine/Plugins/2D/Paper2D/Binaries/Win64/UE4Editor-PaperSpriteSheetImporter.dll (API version 3709383).
LogModuleManager: Display: Found up-to-date module file ../../../Engine/Plugins/2D/Paper2D/Binaries/Win64/UE4Editor-PaperTiledImporter.dll (API version 3709383).
LogModuleManager: Display: Found up-to-date module file ../../../Engine/Plugins/2D/Paper2D/Binaries/Win64/UE4Editor-SmartSnapping.dll (API version 3709383).
LogModuleManager: Display: Found up-to-date module file ../../../Engine/Plugins/Blendables/LightPropagationVolume/Binaries/Win64/UE4Editor-LightPropagationVolumeRuntime.dll (API version 3709383).
LogModuleManager: Display: Found up-to-date module file ../../../Engine/Plugins/Blendables/LightPropagationVolume/Binaries/Win64/UE4Editor-LightPropagationVolumeEditor.dll (API version 3709383).
LogModuleManager: Display: Found up-to-date module file ../../../Engine/Plugins/Developer/GitSourceControl/Binaries/Win64/UE4Editor-GitSourceControl.dll (API version 3709383).
LogModuleManager: Display: Found up-to-date module file ../../../Engine/Plugins/Developer/PerforceSourceControl/Binaries/Win64/UE4Editor-PerforceSourceControl.dll (API version 3709383).
LogModuleManager: Display: Found up-to-date module file ../../../Engine/Plugins/Developer/SubversionSourceControl/Binaries/Win64/UE4Editor-SubversionSourceControl.dll (API version 3709383).
LogModuleManager: Display: Found up-to-date module file ../../../Engine/Plugins/Developer/UObjectPlugin/Binaries/Win64/UE4Editor-UObjectPlugin.dll (API version 3709383).
LogModuleManager: Display: Found up-to-date module file ../../../Engine/Plugins/Developer/VisualStudioCodeSourceCodeAccess/Binaries/Win64/UE4Editor-VisualStudioCodeSourceCodeAccess.dll (API version 3709383).
LogModuleManager: Display: Found up-to-date module file ../../../Engine/Plugins/Developer/VisualStudioSourceCodeAccess/Binaries/Win64/UE4Editor-VisualStudioSourceCodeAccess.dll (API version 3709383).
LogModuleManager: Display: Found up-to-date module file ../../../Engine/Plugins/Editor/AssetManagerEditor/Binaries/Win64/UE4Editor-AssetManagerEditor.dll (API version 3709383).
LogModuleManager: Display: Found up-to-date module file ../../../Engine/Plugins/Editor/AudioCapture/Binaries/Win64/UE4Editor-AudioCapture.dll (API version 3709383).
LogModuleManager: Display: Found up-to-date module file ../../../Engine/Plugins/Editor/FacialAnimation/Binaries/Win64/UE4Editor-FacialAnimation.dll (API version 3709383).
LogModuleManager: Display: Found up-to-date module file ../../../Engine/Plugins/Editor/FacialAnimation/Binaries/Win64/UE4Editor-FacialAnimationEditor.dll (API version 3709383).
LogModuleManager: Display: Found up-to-date module file ../../../Engine/Plugins/Editor/GameplayTagsEditor/Binaries/Win64/UE4Editor-GameplayTagsEditor.dll (API version 3709383).
LogModuleManager: Display: Found up-to-date module file ../../../Engine/Plugins/Editor/MobileLauncherProfileWizard/Binaries/Win64/UE4Editor-MobileLauncherProfileWizard.dll (API version 3709383).
LogModuleManager: Display: Found up-to-date module file ../../../Engine/Plugins/Editor/PluginBrowser/Binaries/Win64/UE4Editor-PluginBrowser.dll (API version 3709383).
LogModuleManager: Display: Found up-to-date module file ../../../Engine/Plugins/Editor/SpeedTreeImporter/Binaries/Win64/UE4Editor-SpeedTreeImporter.dll (API version 3709383).
LogModuleManager: Display: Found up-to-date module file ../../../Engine/Plugins/Experimental/AlembicImporter/Binaries/Win64/UE4Editor-AlembicImporter.dll (API version 3709383).
LogModuleManager: Display: Found up-to-date module file ../../../Engine/Plugins/Experimental/AlembicImporter/Binaries/Win64/UE4Editor-AlembicLibrary.dll (API version 3709383).
LogModuleManager: Display: Found up-to-date module file ../../../Engine/Plugins/Experimental/CharacterAI/Binaries/Win64/UE4Editor-CharacterAI.dll (API version 3709383).
LogModuleManager: Display: Found up-to-date module file ../../../Engine/Plugins/Experimental/HTML5Networking/Binaries/Win64/UE4Editor-HTML5Networking.dll (API version 3709383).
LogModuleManager: Display: Found up-to-date module file ../../../Engine/Plugins/Media/AndroidMedia/Binaries/Win64/UE4Editor-AndroidMediaEditor.dll (API version 3709383).
LogModuleManager: Display: Found up-to-date module file ../../../Engine/Plugins/Media/AndroidMedia/Binaries/Win64/UE4Editor-AndroidMediaFactory.dll (API version 3709383).
LogModuleManager: Display: Found up-to-date module file ../../../Engine/Plugins/Media/AvfMedia/Binaries/Win64/UE4Editor-AvfMediaEditor.dll (API version 3709383).
LogModuleManager: Display: Found up-to-date module file ../../../Engine/Plugins/Media/AvfMedia/Binaries/Win64/UE4Editor-AvfMediaFactory.dll (API version 3709383).
LogModuleManager: Display: Found up-to-date module file ../../../Engine/Plugins/Media/AvfMedia/Binaries/Win64/UE4Editor-AvfMediaFactory.dll (API version 3709383).
LogModuleManager: Display: Found up-to-date module file ../../../Engine/Plugins/Media/ImgMedia/Binaries/Win64/UE4Editor-ImgMedia.dll (API version 3709383).
LogModuleManager: Display: Found up-to-date module file ../../../Engine/Plugins/Media/ImgMedia/Binaries/Win64/UE4Editor-ImgMediaEditor.dll (API version 3709383).
LogModuleManager: Display: Found up-to-date module file ../../../Engine/Plugins/Media/ImgMedia/Binaries/Win64/UE4Editor-ImgMediaFactory.dll (API version 3709383).
LogModuleManager: Display: Found up-to-date module file ../../../Engine/Plugins/Media/ImgMedia/Binaries/Win64/UE4Editor-ImgMediaFactory.dll (API version 3709383).
LogModuleManager: Display: Found up-to-date module file ../../../Engine/Plugins/Media/ImgMedia/Binaries/Win64/UE4Editor-OpenExrWrapper.dll (API version 3709383).
LogModuleManager: Display: Found up-to-date module file ../../../Engine/Plugins/Media/MediaCompositing/Binaries/Win64/UE4Editor-MediaCompositing.dll (API version 3709383).
LogModuleManager: Display: Found up-to-date module file ../../../Engine/Plugins/Media/MediaCompositing/Binaries/Win64/UE4Editor-MediaCompositingEditor.dll (API version 3709383).
LogModuleManager: Display: Found up-to-date module file ../../../Engine/Plugins/Media/MediaPlayerEditor/Binaries/Win64/UE4Editor-MediaPlayerEditor.dll (API version 3709383).
LogModuleManager: Display: Found up-to-date module file ../../../Engine/Plugins/Media/WmfMedia/Binaries/Win64/UE4Editor-WmfMedia.dll (API version 3709383).
LogModuleManager: Display: Found up-to-date module file ../../../Engine/Plugins/Media/WmfMedia/Binaries/Win64/UE4Editor-WmfMediaEditor.dll (API version 3709383).
LogModuleManager: Display: Found up-to-date module file ../../../Engine/Plugins/Media/WmfMedia/Binaries/Win64/UE4Editor-WmfMediaFactory.dll (API version 3709383).
LogModuleManager: Display: Found up-to-date module file ../../../Engine/Plugins/Media/WmfMedia/Binaries/Win64/UE4Editor-WmfMediaFactory.dll (API version 3709383).
LogModuleManager: Display: Found up-to-date module file ../../../Engine/Plugins/Messaging/TcpMessaging/Binaries/Win64/UE4Editor-TcpMessaging.dll (API version 3709383).
LogModuleManager: Display: Found up-to-date module file ../../../Engine/Plugins/Messaging/UdpMessaging/Binaries/Win64/UE4Editor-UdpMessaging.dll (API version 3709383).
LogModuleManager: Display: Found up-to-date module file ../../../Engine/Plugins/MovieScene/ActorSequence/Binaries/Win64/UE4Editor-ActorSequence.dll (API version 3709383).
LogModuleManager: Display: Found up-to-date module file ../../../Engine/Plugins/MovieScene/LevelSequenceEditor/Binaries/Win64/UE4Editor-LevelSequenceEditor.dll (API version 3709383).
LogModuleManager: Display: Found up-to-date module file ../../../Engine/Plugins/MovieScene/MatineeToLevelSequence/Binaries/Win64/UE4Editor-MatineeToLevelSequence.dll (API version 3709383).
LogModuleManager: Display: Found up-to-date module file ../../../Engine/Plugins/Online/OnlineSubsystem/Binaries/Win64/UE4Editor-OnlineSubsystem.dll (API version 3709383).
LogModuleManager: Display: Found up-to-date module file ../../../Engine/Plugins/Online/OnlineSubsystemNull/Binaries/Win64/UE4Editor-OnlineSubsystemNull.dll (API version 3709383).
LogModuleManager: Display: Found up-to-date module file ../../../Engine/Plugins/Online/OnlineSubsystemUtils/Binaries/Win64/UE4Editor-OnlineSubsystemUtils.dll (API version 3709383).
LogModuleManager: Display: Found up-to-date module file ../../../Engine/Plugins/Online/OnlineSubsystemUtils/Binaries/Win64/UE4Editor-OnlineBlueprintSupport.dll (API version 3709383).
LogModuleManager: Display: Found up-to-date module file ../../../Engine/Plugins/Runtime/AndroidDeviceProfileSelector/Binaries/Win64/UE4Editor-AndroidDeviceProfileSelector.dll (API version 3709383).
LogModuleManager: Display: Found up-to-date module file ../../../Engine/Plugins/Runtime/AndroidPermission/Binaries/Win64/UE4Editor-AndroidPermission.dll (API version 3709383).
LogModuleManager: Display: Found up-to-date module file ../../../Engine/Plugins/Runtime/AppleARKit/Binaries/Win64/UE4Editor-AppleARKit.dll (API version 3709383).
LogModuleManager: Display: Found up-to-date module file ../../../Engine/Plugins/Runtime/ArchVisCharacter/Binaries/Win64/UE4Editor-ArchVisCharacter.dll (API version 3709383).
LogModuleManager: Display: Found up-to-date module file ../../../Engine/Plugins/Runtime/CableComponent/Binaries/Win64/UE4Editor-CableComponent.dll (API version 3709383).
LogModuleManager: Display: Found up-to-date module file ../../../Engine/Plugins/Runtime/CustomMeshComponent/Binaries/Win64/UE4Editor-CustomMeshComponent.dll (API version 3709383).
LogModuleManager: Display: Found up-to-date module file ../../../Engine/Plugins/Runtime/ExampleDeviceProfileSelector/Binaries/Win64/UE4Editor-ExampleDeviceProfileSelector.dll (API version 3709383).
LogModuleManager: Display: Found up-to-date module file ../../../Engine/Plugins/Runtime/ImmediatePhysics/Binaries/Win64/UE4Editor-ImmediatePhysics.dll (API version 3709383).
LogModuleManager: Display: Found up-to-date module file ../../../Engine/Plugins/Runtime/ImmediatePhysics/Binaries/Win64/UE4Editor-ImmediatePhysicsEditor.dll (API version 3709383).
LogModuleManager: Display: Found up-to-date module file ../../../Engine/Plugins/Runtime/LocationServicesBPLibrary/Binaries/Win64/UE4Editor-LocationServicesBPLibrary.dll (API version 3709383).
LogModuleManager: Display: Found up-to-date module file ../../../Engine/Plugins/Runtime/MobilePatchingUtils/Binaries/Win64/UE4Editor-MobilePatchingUtils.dll (API version 3709383).
LogModuleManager: Display: Found up-to-date module file ../../../Engine/Plugins/Runtime/Oculus/OculusVR/Binaries/Win64/UE4Editor-OculusHMD.dll (API version 3709383).
LogModuleManager: Display: Found up-to-date module file ../../../Engine/Plugins/Runtime/Oculus/OculusVR/Binaries/Win64/UE4Editor-OculusInput.dll (API version 3709383).
LogModuleManager: Display: Found up-to-date module file ../../../Engine/Plugins/Runtime/Oculus/OculusVR/Binaries/Win64/UE4Editor-OculusEditor.dll (API version 3709383).
LogModuleManager: Display: Found up-to-date module file ../../../Engine/Plugins/Runtime/PhysXVehicles/Binaries/Win64/UE4Editor-PhysXVehicles.dll (API version 3709383).
LogModuleManager: Display: Found up-to-date module file ../../../Engine/Plugins/Runtime/PhysXVehicles/Binaries/Win64/UE4Editor-PhysXVehiclesEditor.dll (API version 3709383).
LogModuleManager: Display: Found up-to-date module file ../../../Engine/Plugins/Runtime/ProceduralMeshComponent/Binaries/Win64/UE4Editor-ProceduralMeshComponent.dll (API version 3709383).
LogModuleManager: Display: Found up-to-date module file ../../../Engine/Plugins/Runtime/ProceduralMeshComponent/Binaries/Win64/UE4Editor-ProceduralMeshComponentEditor.dll (API version 3709383).
LogModuleManager: Display: Found up-to-date module file ../../../Engine/Plugins/Runtime/RuntimePhysXCooking/Binaries/Win64/UE4Editor-RuntimePhysXCooking.dll (API version 3709383).
LogModuleManager: Display: Found up-to-date module file ../../../Engine/Plugins/Runtime/Steam/SteamVR/Binaries/Win64/UE4Editor-SteamVR.dll (API version 3709383).
LogModuleManager: Display: Found up-to-date module file ../../../Engine/Plugins/Runtime/Steam/SteamVR/Binaries/Win64/UE4Editor-SteamVRController.dll (API version 3709383).
LogModuleManager: Display: Found up-to-date module file ../../../Engine/Plugins/Runtime/WindowsMoviePlayer/Binaries/Win64/UE4Editor-WindowsMoviePlayer.dll (API version 3709383).
LogInit: Using libcurl 7.47.1
LogInit:  - built for x86_64-pc-win32
LogInit:  - supports SSL with OpenSSL/1.0.2g
LogInit:  - supports HTTP deflate (compression) using libz 1.2.8
LogInit:  - other features:
LogInit:      CURL_VERSION_SSL
LogInit:      CURL_VERSION_LIBZ
LogInit:      CURL_VERSION_IPV6
LogInit:      CURL_VERSION_ASYNCHDNS
LogInit:      CURL_VERSION_LARGEFILE
LogInit:      CURL_VERSION_IDN
LogInit:  CurlRequestOptions (configurable via config and command line):
LogInit:  - bVerifyPeer = false  - Libcurl will NOT verify peer certificate
LogInit:  - bUseHttpProxy = false  - Libcurl will NOT use HTTP proxy
LogInit:  - bDontReuseConnections = false  - Libcurl will reuse connections
LogInit:  - CertBundlePath = nullptr  - Libcurl will use whatever was configured at build time.
LogInit: Build: ++UE4+Release-4.18-CL-3832480
LogInit: Engine Version: 4.18.3-3832480+++UE4+Release-4.18
LogInit: Compatible Engine Version: 4.18.0-3709383+++UE4+Release-4.18
LogInit: Net CL: 3709383
LogDevObjectVersion: Number of dev versions registered: 16
LogDevObjectVersion:   Dev-Blueprints (B0D832E4-1F89-4F0D-ACCF-7EB736FD4AA2): 10
LogDevObjectVersion:   Dev-Build (E1C64328-A22C-4D53-A36C-8E866417BD8C): 0
LogDevObjectVersion:   Dev-Core (375EC13C-06E4-48FB-B500-84F0262A717E): 2
LogDevObjectVersion:   Dev-Editor (E4B068ED-F494-42E9-A231-DA0B2E46BB41): 20
LogDevObjectVersion:   Dev-Framework (CFFC743F-43B0-4480-9391-14DF171D2073): 30
LogDevObjectVersion:   Dev-Mobile (B02B49B5-BB20-44E9-A304-32B752E40360): 0
LogDevObjectVersion:   Dev-Networking (A4E4105C-59A1-49B5-A7C5-40C4547EDFEE): 0
LogDevObjectVersion:   Dev-Online (39C831C9-5AE6-47DC-9A44-9C173E1C8E7C): 0
LogDevObjectVersion:   Dev-Physics (78F01B33-EBEA-4F98-B9B4-84EACCB95AA2): 0
LogDevObjectVersion:   Dev-Platform (6631380F-2D4D-43E0-8009-CF276956A95A): 0
LogDevObjectVersion:   Dev-Rendering (12F88B9F-8875-4AFC-A67C-D90C383ABD29): 20
LogDevObjectVersion:   Dev-Sequencer (7B5AE74C-D270-4C10-A958-57980B212A5A): 4
LogDevObjectVersion:   Dev-VR (D7296918-1DD6-4BDD-9DE2-64A83CC13884): 0
LogDevObjectVersion:   Dev-LoadTimes (C2A15278-BFE7-4AFE-6C17-90FF531DF755): 1
LogDevObjectVersion:   Private-Geometry (6EACA3D4-40EC-4CC1-B786-8BED09428FC5): 1
LogDevObjectVersion:   Dev-AnimPhys (29E575DD-E0A3-4627-9D10-D276232CDCEA): 12
LogInit: Compiled (64-bit): Jan 12 2018 02:04:55
LogInit: Compiled with Visual C++: 19.00.24215.01
LogInit: Build Configuration: Development
LogInit: Branch Name: ++UE4+Release-4.18
LogInit: Command line:  
LogInit: Base directory: C:/Program Files/Epic Games/UE_4.18/Engine/Binaries/Win64/
LogInit: Installed Engine Build: 1
LogInit: Presizing for max 8388607 objects, including 0 objects not considered by GC, pre-allocating 0 bytes for permanent pool.
LogInit: Object subsystem initialized
[2018.03.14-20.17.13:528][  0]LogInit: Selected Device Profile: [Windows]
[2018.03.14-20.17.13:528][  0]LogInit: Applying CVar settings loaded from the selected device profile: [Windows]
[2018.03.14-20.17.13:543][  0]LogInit: Computer: IDEA-PC
[2018.03.14-20.17.13:543][  0]LogInit: User: Nutty000
[2018.03.14-20.17.13:543][  0]LogInit: CPU Page size=4096, Cores=4
[2018.03.14-20.17.13:543][  0]LogInit: High frequency timer resolution =2.923051 MHz
[2018.03.14-20.17.13:543][  0]LogMemory: Memory total: Physical=8.0GB (8GB approx)
[2018.03.14-20.17.13:543][  0]LogMemory: Platform Memory Stats for Windows
[2018.03.14-20.17.13:543][  0]LogMemory: Process Physical Memory: 272.63 MB used, 272.63 MB peak
[2018.03.14-20.17.13:543][  0]LogMemory: Process Virtual Memory: 263.71 MB used, 263.71 MB peak
[2018.03.14-20.17.13:543][  0]LogMemory: Physical Memory: 5002.39 MB used,  3147.23 MB free, 8149.62 MB total
[2018.03.14-20.17.13:543][  0]LogMemory: Virtual Memory: 661.49 MB used,  3147.23 MB free, 134217728.00 MB total
[2018.03.14-20.17.13:813][  0]LogInit: Using OS detected language (en-US).
[2018.03.14-20.17.13:813][  0]LogInit: Using OS detected locale (en-US).
[2018.03.14-20.17.13:818][  0]LogTextLocalizationManager: No specific localization for 'en-US' exists, so the 'en' localization will be used.
[2018.03.14-20.17.14:301][  0]LogInit: Setting process to per monitor DPI aware
[2018.03.14-20.17.14:659][  0]LogD3D11RHI: D3D11 adapters:
[2018.03.14-20.17.14:721][  0]LogD3D11RHI:    0. 'NVIDIA GeForce GTX 1070' (Feature Level 11_0)
[2018.03.14-20.17.14:721][  0]LogD3D11RHI:       8096/0/4074 MB DedicatedVideo/DedicatedSystem/SharedSystem, Outputs:1, VendorId:0x10de
[2018.03.14-20.17.14:724][  0]LogD3D11RHI:    1. 'Microsoft Basic Render Driver' (Feature Level 11_0)
[2018.03.14-20.17.14:724][  0]LogD3D11RHI:       0/0/4074 MB DedicatedVideo/DedicatedSystem/SharedSystem, Outputs:0, VendorId:0x1414
[2018.03.14-20.17.14:724][  0]LogD3D11RHI: Chosen D3D11 Adapter: 0
[2018.03.14-20.17.14:731][  0]LogD3D11RHI: Creating new Direct3DDevice
[2018.03.14-20.17.14:731][  0]LogD3D11RHI:     GPU DeviceId: 0x1b81 (for the marketing name, search the web for "GPU Device Id")
[2018.03.14-20.17.14:731][  0]LogWindows: EnumDisplayDevices:
[2018.03.14-20.17.14:731][  0]LogWindows:    0. 'NVIDIA GeForce GTX 1070' (P:1 D:1)
[2018.03.14-20.17.14:731][  0]LogWindows:    1. 'NVIDIA GeForce GTX 1070' (P:0 D:0)
[2018.03.14-20.17.14:731][  0]LogWindows:    2. 'NVIDIA GeForce GTX 1070' (P:0 D:0)
[2018.03.14-20.17.14:732][  0]LogWindows:    3. 'NVIDIA GeForce GTX 1070' (P:0 D:0)
[2018.03.14-20.17.14:732][  0]LogWindows: DebugString: GetVideoDriverDetailsInvalid PrimaryIsNotTheChoosenAdapter GetVideoDriverDetailsInvalid PrimaryIsNotTheChoosenAdapter GetVideoDriverDetailsInvalid PrimaryIsNotTheChoosenAdapter GetVideoDriverDetailsInvalid PrimaryIsNotTheChoosenAdapter FoundDriverCount:0 
[2018.03.14-20.17.14:732][  0]LogD3D11RHI:     Adapter Name: NVIDIA GeForce GTX 1070
[2018.03.14-20.17.14:732][  0]LogD3D11RHI:   Driver Version: Unknown (internal:Unknown, unified:Unknown)
[2018.03.14-20.17.14:732][  0]LogD3D11RHI:      Driver Date: Unknown
[2018.03.14-20.17.14:732][  0]LogRHI: Texture pool is 5667 MB (70% of 8096 MB)
[2018.03.14-20.17.14:763][  0]LogD3D11RHI: Async texture creation enabled
[2018.03.14-20.17.14:829][  0]LogD3D11RHI: GPU Timing Frequency: 1000.000000 (Debug: 2 1)
[2018.03.14-20.17.14:831][  0]LogShaderCompilers: Guid format shader working directory is -38 characters bigger than the processId version (../../../../../../Users/Nutty_000/Documents/GitHub/VR_SlaveExperience/SlaveVRExperience/Intermediate/Shaders/WorkingDirectory/12264/).
[2018.03.14-20.17.14:831][  0]LogShaderCompilers: Cleaned the shader compiler working directory 'C:/Users/Nutty_000/AppData/Local/Temp/UnrealShaderWorkingDir/86093A9B49C3673A915561B3ADFFAC8C/'.
[2018.03.14-20.17.14:831][  0]LogShaderCompilers: Display: Using Local Shader Compiler.
[2018.03.14-20.17.16:131][  0]LogTemp: Display: Loaded TP AllDesktopTargetPlatform
[2018.03.14-20.17.16:231][  0]LogTemp: Display: Loaded TP MacClientTargetPlatform
[2018.03.14-20.17.16:333][  0]LogTemp: Display: Loaded TP MacNoEditorTargetPlatform
[2018.03.14-20.17.16:437][  0]LogTemp: Display: Loaded TP MacServerTargetPlatform
[2018.03.14-20.17.16:541][  0]LogTemp: Display: Loaded TP MacTargetPlatform
[2018.03.14-20.17.16:641][  0]LogTemp: Display: Loaded TP WindowsClientTargetPlatform
[2018.03.14-20.17.16:741][  0]LogTemp: Display: Loaded TP WindowsNoEditorTargetPlatform
[2018.03.14-20.17.16:845][  0]LogTemp: Display: Loaded TP WindowsServerTargetPlatform
[2018.03.14-20.17.16:956][  0]LogTemp: Display: Loaded TP WindowsTargetPlatform
[2018.03.14-20.17.17:054][  0]LogTemp: Display: Loaded TP Android_ASTCTargetPlatform
[2018.03.14-20.17.17:152][  0]LogTemp: Display: Loaded TP Android_ATCTargetPlatform
[2018.03.14-20.17.17:251][  0]LogTemp: Display: Loaded TP Android_DXTTargetPlatform
[2018.03.14-20.17.17:358][  0]LogTemp: Display: Loaded TP Android_ETC1TargetPlatform
[2018.03.14-20.17.17:457][  0]LogTemp: Display: Loaded TP Android_ETC2TargetPlatform
[2018.03.14-20.17.17:671][  0]LogTemp: Display: Loaded TP Android_MultiTargetPlatform
[2018.03.14-20.17.17:671][  0]LogTemp: Display: Loaded TP Android_PVRTCTargetPlatform
[2018.03.14-20.17.17:768][  0]LogTemp: Display: Loaded TP AndroidTargetPlatform
[2018.03.14-20.17.17:850][  0]LogTemp: Display: Loaded TP HTML5TargetPlatform
[2018.03.14-20.17.18:005][  0]LogTemp: Display: Loaded TP IOSTargetPlatform
[2018.03.14-20.17.18:055][  0]LogTemp: Display: Loaded TP TVOSTargetPlatform
[2018.03.14-20.17.18:157][  0]LogTemp: Display: Loaded TP LinuxClientTargetPlatform
[2018.03.14-20.17.18:258][  0]LogTemp: Display: Loaded TP LinuxNoEditorTargetPlatform
[2018.03.14-20.17.18:362][  0]LogTemp: Display: Loaded TP LinuxServerTargetPlatform
[2018.03.14-20.17.18:463][  0]LogTemp: Display: Loaded TP LinuxTargetPlatform
[2018.03.14-20.17.18:464][  0]LogTargetPlatformManager: Display: Building Assets For Windows
[2018.03.14-20.17.19:394][  0]LogDerivedDataCache: Display: Max Cache Size: 512 MB
[2018.03.14-20.17.19:497][  0]LogDerivedDataCache: Loaded boot cache 0.10s 88MB C:/Users/Nutty_000/AppData/Local/UnrealEngine/4.18/DerivedDataCache/Boot.ddc.
[2018.03.14-20.17.19:497][  0]LogDerivedDataCache: Display: Loaded Boot cache: C:/Users/Nutty_000/AppData/Local/UnrealEngine/4.18/DerivedDataCache/Boot.ddc
[2018.03.14-20.17.19:497][  0]LogDerivedDataCache: FDerivedDataBackendGraph:  Pak pak cache file ../../../../../../Users/Nutty_000/Documents/GitHub/VR_SlaveExperience/SlaveVRExperience/DerivedDataCache/DDC.ddp not found, will not use a pak cache.
[2018.03.14-20.17.19:497][  0]LogDerivedDataCache: Unable to find inner node Pak for hierarchical cache Hierarchy.
[2018.03.14-20.17.19:497][  0]LogDerivedDataCache: FDerivedDataBackendGraph:  CompressedPak pak cache file ../../../../../../Users/Nutty_000/Documents/GitHub/VR_SlaveExperience/SlaveVRExperience/DerivedDataCache/Compressed.ddp not found, will not use a pak cache.
[2018.03.14-20.17.19:497][  0]LogDerivedDataCache: Unable to find inner node CompressedPak for hierarchical cache Hierarchy.
[2018.03.14-20.17.19:516][  0]LogDerivedDataCache: Display: Pak cache opened for reading ../../../Engine/DerivedDataCache/Compressed.ddp.
[2018.03.14-20.17.19:530][  0]LogDerivedDataCache: Using Local data cache path C:/Users/Nutty_000/AppData/Local/UnrealEngine/Common/DerivedDataCache: Writable
[2018.03.14-20.17.19:544][  0]LogMaterial: Verifying Global Shaders for PCD3D_SM5
[2018.03.14-20.17.19:544][  0]LogSlate: Using Freetype 2.6.0
[2018.03.14-20.17.19:545][  0]LogSlate: SlateFontCache - WITH_FREETYPE: 1, WITH_HARFBUZZ: 1
[2018.03.14-20.17.19:545][  0]LogSlate: SlateFontCache - WITH_FREETYPE: 1, WITH_HARFBUZZ: 1
[2018.03.14-20.17.20:202][  0]LogInit: Selected Device Profile: [Windows]
[2018.03.14-20.17.20:813][  0]LogSimplygon: Simplygon DLL not present - disabling.
[2018.03.14-20.17.20:896][  0]LogMeshReduction: Using SimplygonSwarm for distributed automatic mesh merging
[2018.03.14-20.17.20:896][  0]LogMeshReduction: Using QuadricMeshReduction for automatic static mesh reduction
[2018.03.14-20.17.20:896][  0]LogMeshReduction: No automatic skeletal mesh reduction module available
[2018.03.14-20.17.20:896][  0]LogMeshReduction: No automatic mesh merging module available
[2018.03.14-20.17.20:896][  0]LogMeshMerging: No automatic mesh merging module available
[2018.03.14-20.17.20:947][  0]LogNetVersion: SlaveVRExperience , NetCL: 3709383, EngineNetVer: 2, GameNetVer: 0 (Checksum: 4075405704)
[2018.03.14-20.17.21:265][  0]LogAssetRegistry: FAssetRegistry took 0.0290 seconds to start up
[2018.03.14-20.17.22:147][  0]LogPackageLocalizationCache: Processed 7 localized package path(s) for 2 prioritized culture(s) in 0.129719 seconds
[2018.03.14-20.17.22:153][  0]LogUObjectArray: 35870 objects as part of root set at end of initial load.
[2018.03.14-20.17.22:153][  0]LogUObjectAllocator: 7363696 out of 0 bytes used by permanent object pool.
[2018.03.14-20.17.22:153][  0]LogUObjectArray: CloseDisregardForGC: 0/0 objects in disregard for GC pool
[2018.03.14-20.17.22:261][  0]LogInit: WinSock: version 1.1 (2.2), MaxSocks=32767, MaxUdp=65467
[2018.03.14-20.17.27:127][  0]LogTcpMessaging: Initializing TcpMessaging bridge
[2018.03.14-20.17.27:202][  0]LogUdpMessaging: Initializing bridge on interface 0.0.0.0:0 to multicast group 230.0.0.1:6666.
[2018.03.14-20.17.28:703][  0]LogMaterial: Uniform references updated for custom material expression Custom.
[2018.03.14-20.17.29:527][  0]SourceControl: Source control is disabled
[2018.03.14-20.17.29:527][  0]SourceControl: Source control is disabled
[2018.03.14-20.17.29:643][  0]SourceControl: Source control is disabled
[2018.03.14-20.17.29:759][  0]SourceControl: Source control is disabled
[2018.03.14-20.17.31:524][  0]LogAndroidPermission: UAndroidPermissionCallbackProxy::GetInstance
[2018.03.14-20.17.32:096][  0]LogOcInput: OculusInput pre-init called
[2018.03.14-20.17.32:633][  0]LogEngine: Initializing Engine...
[2018.03.14-20.17.32:640][  0]LogHMD: Failed to initialize OpenVR with code 105
[2018.03.14-20.17.32:930][  0]LogStats: UGameplayTagsManager::ConstructGameplayTagTree: Construct from data asset -  0.000 s
[2018.03.14-20.17.32:930][  0]LogStats: UGameplayTagsManager::ConstructGameplayTagTree: GameplayTagTreeChangedEvent.Broadcast -  0.000 s
[2018.03.14-20.17.33:205][  0]LogAIModule: Creating AISystem for world Untitled
[2018.03.14-20.17.33:223][  0]LogInit: XAudio2 using 'Speakers (Realtek High Definition Audio)' : 2 channels at 48 kHz using 32 bits per sample (channel mask 0x3)
[2018.03.14-20.17.33:249][  0]LogInit: FAudioDevice initialized.
[2018.03.14-20.17.33:586][  0]LogDerivedDataCache: Saved boot cache 0.34s 88MB C:/Users/Nutty_000/AppData/Local/UnrealEngine/4.18/DerivedDataCache/Boot.ddc.
[2018.03.14-20.17.33:600][  0]LogInit: Texture streaming: Enabled
[2018.03.14-20.17.33:829][  0]LogEngineSessionManager: EngineSessionManager initialized
[2018.03.14-20.17.34:227][  0]LogInit: Transaction tracking system initialized
[2018.03.14-20.17.35:285][  0]BlueprintLog: New page: Editor Load
[2018.03.14-20.17.38:083][  0]LocalizationService: Localization service is disabled
[2018.03.14-20.17.40:290][  0]LogConsoleResponse: Display: 
[2018.03.14-20.17.42:275][  0]LogCook: Display: Max memory allowance for cook 16384mb min free memory 0mb
[2018.03.14-20.17.42:281][  0]LogCook: Display: Mobile HDR setting 1
[2018.03.14-20.17.42:287][  0]LogGameplayTags: Display: UGameplayTagsManager::DoneAddingNativeTags. DelegateIsBound: 0
[2018.03.14-20.17.43:046][  0]LogFileCache: Scanning file cache for directory 'C:/Users/Nutty_000/Documents/GitHub/VR_SlaveExperience/SlaveVRExperience/Content/' took 0.09s
[2018.03.14-20.17.46:190][  0]SourceControl: Source control is disabled
[2018.03.14-20.17.46:328][  0]LogWindowsTextInputMethodSystem: Display: IME system now deactivated.
[2018.03.14-20.17.46:330][  0]LogSlate: Took 0.000324 seconds to synchronously load lazily loaded font '../../../Engine/Content/Slate/Fonts/Roboto-Regular.ttf' (155K)
[2018.03.14-20.17.55:213][  0]LogWindowsTextInputMethodSystem: Display: IME system now deactivated.
[2018.03.14-20.17.55:215][  0]LogWindowsTextInputMethodSystem: Display: IME system now deactivated.
[2018.03.14-20.17.57:139][  0]LogWindowsTextInputMethodSystem: Display: IME system now deactivated.
[2018.03.14-20.17.57:141][  0]LogWindowsTextInputMethodSystem: Display: IME system now deactivated.
[2018.03.14-20.17.57:199][  0]Cmd: MAP LOAD FILE="../../../../../../Users/Nutty_000/Documents/GitHub/VR_SlaveExperience/SlaveVRExperience/Content/Maps/Levels/Ship.umap" TEMPLATE=0 SHOWPROGRESS=1 FEATURELEVEL=3
[2018.03.14-20.17.57:226][  0]LightingResults: New page: Lighting Build
[2018.03.14-20.17.57:436][  0]MapCheck: New page: Map Check
[2018.03.14-20.17.57:436][  0]LightingResults: New page: Lighting Build
[2018.03.14-20.18.35:305][  0]LogAIModule: Creating AISystem for world Ship
[2018.03.14-20.19.51:569][  0]LogSkinnedMeshComp: Warning: GetSocketByName(GripPoint): No SkeletalMesh for Component(CharacterMesh1P) Actor(FP_FirstPersonCharacter_1)
[2018.03.14-20.19.51:569][  0]LogSkinnedMeshComp: Warning: GetSocketByName(GripPoint): No SkeletalMesh for Component(CharacterMesh1P) Actor(FP_FirstPersonCharacter_1)
[2018.03.14-20.19.51:569][  0]LogSkinnedMeshComp: Warning: GetSocketByName(GripPoint): No SkeletalMesh for Component(CharacterMesh1P) Actor(FP_FirstPersonCharacter_1)
[2018.03.14-20.19.53:089][  0]LogSkinnedMeshComp: Warning: GetSocketByName(GripPoint): No SkeletalMesh for Component(CharacterMesh1P) Actor(FP_FirstPersonCharacter_1)
[2018.03.14-20.19.53:699][  0]LogEditorServer: Finished looking for orphan Actors (0.000 secs)
[2018.03.14-20.19.56:051][  0]Cmd: MAP CHECKDEP NOCLEARLOG
[2018.03.14-20.20.09:862][  0]MapCheck: Map check complete: 0 Error(s), 0 Warning(s), took 13,783.435ms to complete.
[2018.03.14-20.20.09:868][  0]LogFileHelpers: Loading map 'Ship' took 132.668
[2018.03.14-20.20.16:604][  0]LogStats: Warning: MetaData mismatch. Did you assign a stat to two groups? New //STATGROUP_Threads//SplashScreenThread///Thread_18d4_0///####STATCAT_Advanced#### old //STATGROUP_Threads//SplashScreenThread///Thread_3634_0///####STATCAT_Advanced####
[2018.03.14-20.20.16:604][  0]LogCollectionManager: Loaded 0 collections in 0.007258 seconds
[2018.03.14-20.20.25:757][  0]LogFileCache: Scanning file cache for directory 'C:/Users/Nutty_000/Documents/GitHub/VR_SlaveExperience/SlaveVRExperience/Saved/Collections/' took 0.25s
[2018.03.14-20.20.25:757][  0]LogFileCache: Scanning file cache for directory 'C:/Users/Nutty_000/Documents/GitHub/VR_SlaveExperience/SlaveVRExperience/Content/Developers/Nutty000/Collections/' took 0.01s
[2018.03.14-20.20.25:757][  0]LogFileCache: Scanning file cache for directory 'C:/Users/Nutty_000/Documents/GitHub/VR_SlaveExperience/SlaveVRExperience/Content/Collections/' took 0.01s
[2018.03.14-20.20.25:757][  0]LogCollectionManager: Rebuilt the GUID cache for 0 collections in 0.000001 seconds
[2018.03.14-20.20.25:882][  0]LogContentBrowser: Native class hierarchy populated in 0.1217 seconds. Added 2369 classes and 522 folders.
[2018.03.14-20.20.26:606][  0]LogContentBrowser: Native class hierarchy updated for 'WidgetCarousel' in 0.0031 seconds. Added 0 classes and 0 folders.
[2018.03.14-20.20.37:083][  0]LogContentBrowser: Native class hierarchy updated for 'AddContentDialog' in 0.0037 seconds. Added 0 classes and 0 folders.
[2018.03.14-20.20.38:301][  0]LogContentBrowser: Native class hierarchy updated for 'SceneOutliner' in 0.0032 seconds. Added 1 classes and 2 folders.
[2018.03.14-20.20.41:581][  0]LogSlate: Took 0.058170 seconds to synchronously load lazily loaded font '../../../Engine/Content/Slate/Fonts/Roboto-Bold.ttf' (160K)
[2018.03.14-20.20.42:535][  0]LogSlate: Took 0.197330 seconds to synchronously load lazily loaded font '../../../Engine/Content/Editor/Slate/Fonts/FontAwesome.ttf' (139K)
[2018.03.14-20.20.46:782][  0]LogRenderer: Reallocating scene render targets to support 1208x576 Format 26 NumSamples 1 (Frame:1).
[2018.03.14-20.20.52:035][  0]LogContentBrowser: Native class hierarchy updated for 'HierarchicalLODOutliner' in 0.0033 seconds. Added 1 classes and 2 folders.
[2018.03.14-20.20.52:035][  0]LogLoad: (Engine Initialization) Total time: 223.77 seconds
[2018.03.14-20.20.52:035][  0]LogLoad: (Engine Initialization) Total Blueprint compile time: 0.00 seconds
[2018.03.14-20.20.52:158][  0]LogExternalProfiler: Found external profiler: VSPerf
[2018.03.14-20.20.52:158][  0]LogExternalProfiler: Using external profiler: VSPerf
[2018.03.14-20.20.54:078][  0]LogContentStreaming: Texture pool size now 1000 MB
[2018.03.14-20.20.57:620][  1]LogSlate: Took 0.091001 seconds to synchronously load lazily loaded font '../../../Engine/Content/Slate/Fonts/Roboto-Light.ttf' (159K)
[2018.03.14-20.20.59:532][  5]LogAssetRegistry: Asset discovery search completed in 218.2883 seconds
[2018.03.14-20.20.59:580][  5]LogCollectionManager: Rebuilt the object cache for 0 collections in 0.000000 seconds (found 0 objects)
[2018.03.14-20.20.59:580][  5]LogCollectionManager: Fixed up redirectors for 0 collections in 0.000228 seconds (updated 0 objects)
[2018.03.14-20.21.01:508][ 11]LogFileCache: Retrieving MD5 hashes for directory 'C:/Users/Nutty_000/Documents/GitHub/VR_SlaveExperience/SlaveVRExperience/Content/' took 8.81s
[2018.03.14-20.22.57:261][348]LogWindowsTextInputMethodSystem: Display: IME system now deactivated.
[2018.03.14-20.22.57:699][349]Cmd: QUIT_EDITOR
[2018.03.14-20.22.58:821][349]LogExit: Preparing to exit.
[2018.03.14-20.23.00:792][349]LogDirectoryWatcher: A directory notification for 'C:/Users/Nutty_000/Documents/GitHub/VR_SlaveExperience/SlaveVRExperience/Content/' was aborted.
[2018.03.14-20.23.01:487][349]LogExit: Editor shut down
[2018.03.14-20.23.01:494][349]LogExit: Transaction tracking system shut down
[2018.03.14-20.23.02:828][349]LogDirectoryWatcher: A directory notification for '../../../Engine/Content/' was aborted.
[2018.03.14-20.23.02:828][349]LogDirectoryWatcher: A directory notification for '../../../../../../Users/Nutty_000/Documents/GitHub/VR_SlaveExperience/SlaveVRExperience/Content/' was aborted.
[2018.03.14-20.23.02:828][349]LogDirectoryWatcher: A directory notification for '../../../Engine/Plugins/2D/Paper2D/Content/' was aborted.
[2018.03.14-20.23.02:828][349]LogDirectoryWatcher: A directory notification for '../../../Engine/Plugins/Media/MediaCompositing/Content/' was aborted.
[2018.03.14-20.23.02:828][349]LogDirectoryWatcher: A directory notification for '../../../Engine/Plugins/Runtime/AppleARKit/Content/' was aborted.
[2018.03.14-20.23.02:828][349]LogDirectoryWatcher: A directory notification for '../../../Engine/Plugins/Runtime/Oculus/OculusVR/Content/' was aborted.
[2018.03.14-20.23.02:828][349]LogDirectoryWatcher: A directory notification for '../../../Engine/Plugins/Runtime/Steam/SteamVR/Content/' was aborted.
[2018.03.14-20.23.05:270][349]LogExit: Object subsystem successfully closed.
[2018.03.14-20.23.06:012][349]LogD3D11RHI: Shutdown
[2018.03.14-20.23.06:064][349]LogD3D11RHI: CleanupD3DDevice
[2018.03.14-20.23.06:075][349]LogD3D11RHI: ~FD3D11DynamicRHI
[2018.03.14-20.23.07:148][349]LogModuleManager: Shutting down and abandoning module HierarchicalLODOutliner (550)
[2018.03.14-20.23.07:148][349]LogModuleManager: Shutting down and abandoning module DesktopPlatform (548)
[2018.03.14-20.23.07:175][349]LogModuleManager: Shutting down and abandoning module SceneOutliner (546)
[2018.03.14-20.23.07:175][349]LogModuleManager: Shutting down and abandoning module AddContentDialog (544)
[2018.03.14-20.23.07:175][349]LogDirectoryWatcher: A directory notification for 'C:/Program Files/Epic Games/UE_4.18/FeaturePacks/' was aborted.
[2018.03.14-20.23.07:177][349]LogModuleManager: Shutting down and abandoning module WidgetCarousel (543)
[2018.03.14-20.23.07:177][349]LogModuleManager: Shutting down and abandoning module EditorWidgets (540)
[2018.03.14-20.23.07:177][349]LogModuleManager: Shutting down and abandoning module CollectionManager (538)
[2018.03.14-20.23.07:177][349]LogDirectoryWatcher: A directory notification for 'C:/Users/Nutty_000/Documents/GitHub/VR_SlaveExperience/SlaveVRExperience/Content/Collections/' was aborted.
[2018.03.14-20.23.07:178][349]LogDirectoryWatcher: A directory notification for 'C:/Users/Nutty_000/Documents/GitHub/VR_SlaveExperience/SlaveVRExperience/Content/Developers/Nutty000/Collections/' was aborted.
[2018.03.14-20.23.07:178][349]LogDirectoryWatcher: A directory notification for 'C:/Users/Nutty_000/Documents/GitHub/VR_SlaveExperience/SlaveVRExperience/Saved/Collections/' was aborted.
[2018.03.14-20.23.07:178][349]LogModuleManager: Shutting down and abandoning module StatsViewer (536)
[2018.03.14-20.23.07:212][349]LogModuleManager: Shutting down and abandoning module FoliageEdit (534)
[2018.03.14-20.23.07:212][349]LogModuleManager: Shutting down and abandoning module LandscapeEditor (532)
[2018.03.14-20.23.07:228][349]LogModuleManager: Shutting down and abandoning module MeshPaintMode (530)
[2018.03.14-20.23.07:236][349]LogModuleManager: Shutting down and abandoning module SceneDepthPickerMode (528)
[2018.03.14-20.23.07:236][349]LogModuleManager: Shutting down and abandoning module ActorPickerMode (526)
[2018.03.14-20.23.07:236][349]LogModuleManager: Shutting down and abandoning module GeometryMode (524)
[2018.03.14-20.23.07:236][349]LogModuleManager: Shutting down and abandoning module TextureAlignMode (522)
[2018.03.14-20.23.07:236][349]LogModuleManager: Shutting down and abandoning module BspMode (520)
[2018.03.14-20.23.07:236][349]LogModuleManager: Shutting down and abandoning module PIEPreviewDeviceProfileSelector (518)
[2018.03.14-20.23.07:236][349]LogModuleManager: Shutting down and abandoning module HardwareSurvey (516)
[2018.03.14-20.23.07:236][349]LogModuleManager: Shutting down and abandoning module SequenceRecorderSections (514)
[2018.03.14-20.23.07:236][349]LogModuleManager: Shutting down and abandoning module AutomationWorker (512)
[2018.03.14-20.23.07:259][349]LogModuleManager: Shutting down and abandoning module MatineeToLevelSequence (510)
[2018.03.14-20.23.07:389][349]LogModuleManager: Shutting down and abandoning module LevelSequenceEditor (508)
[2018.03.14-20.23.07:433][349]LogModuleManager: Shutting down and abandoning module PlacementMode (507)
[2018.03.14-20.23.07:433][349]LogModuleManager: Shutting down and abandoning module WmfMediaFactory (504)
[2018.03.14-20.23.07:433][349]LogModuleManager: Shutting down and abandoning module WmfMediaEditor (502)
[2018.03.14-20.23.07:433][349]LogModuleManager: Shutting down and abandoning module OpenExrWrapper (500)
[2018.03.14-20.23.07:433][349]LogModuleManager: Shutting down and abandoning module ImgMediaFactory (498)
[2018.03.14-20.23.07:433][349]LogModuleManager: Shutting down and abandoning module ImgMediaEditor (496)
[2018.03.14-20.23.07:433][349]LogModuleManager: Shutting down and abandoning module AvfMediaFactory (494)
[2018.03.14-20.23.07:433][349]LogModuleManager: Shutting down and abandoning module AvfMediaEditor (492)
[2018.03.14-20.23.07:433][349]LogModuleManager: Shutting down and abandoning module AndroidMediaFactory (490)
[2018.03.14-20.23.07:433][349]LogModuleManager: Shutting down and abandoning module AndroidMediaEditor (488)
[2018.03.14-20.23.07:433][349]LogModuleManager: Shutting down and abandoning module CharacterAI (486)
[2018.03.14-20.23.07:433][349]LogModuleManager: Shutting down and abandoning module AudioCapture (484)
[2018.03.14-20.23.07:433][349]LogModuleManager: Shutting down and abandoning module SequenceRecorder (483)
[2018.03.14-20.23.07:433][349]LogModuleManager: Shutting down and abandoning module SmartSnapping (480)
[2018.03.14-20.23.07:433][349]LogModuleManager: Shutting down and abandoning module SessionServices (478)
[2018.03.14-20.23.07:433][349]LogModuleManager: Shutting down and abandoning module ViewportSnapping (476)
[2018.03.14-20.23.07:433][349]LogModuleManager: Shutting down and abandoning module ViewportInteraction (474)
[2018.03.14-20.23.07:433][349]LogModuleManager: Shutting down and abandoning module ClothPainter (472)
[2018.03.14-20.23.07:550][349]LogModuleManager: Shutting down and abandoning module SkeletalMeshEditor (471)
[2018.03.14-20.23.07:580][349]LogModuleManager: Shutting down and abandoning module LogVisualizer (468)
[2018.03.14-20.23.07:613][349]LogModuleManager: Shutting down and abandoning module IntroTutorials (466)
[2018.03.14-20.23.07:628][349]LogModuleManager: Shutting down and abandoning module GameProjectGeneration (465)
[2018.03.14-20.23.07:748][349]LogModuleManager: Shutting down and abandoning module IOSPlatformEditor (462)
[2018.03.14-20.23.07:748][349]LogModuleManager: Shutting down and abandoning module HTML5PlatformEditor (460)
[2018.03.14-20.23.07:748][349]LogModuleManager: Shutting down and abandoning module AndroidPlatformEditor (458)
[2018.03.14-20.23.07:748][349]LogModuleManager: Shutting down and abandoning module AndroidDeviceDetection (457)
[2018.03.14-20.23.08:421][349]LogModuleManager: Shutting down and abandoning module WindowsPlatformEditor (454)
[2018.03.14-20.23.08:421][349]LogModuleManager: Shutting down and abandoning module IOSRuntimeSettings (452)
[2018.03.14-20.23.08:421][349]LogModuleManager: Shutting down and abandoning module AndroidRuntimeSettings (450)
[2018.03.14-20.23.08:421][349]LogModuleManager: Shutting down and abandoning module InputBindingEditor (448)
[2018.03.14-20.23.08:437][349]LogModuleManager: Shutting down and abandoning module MergeActors (446)
[2018.03.14-20.23.08:445][349]LogModuleManager: Shutting down and abandoning module SizeMap (444)
[2018.03.14-20.23.08:445][349]LogModuleManager: Shutting down and abandoning module TreeMap (442)
[2018.03.14-20.23.08:464][349]LogModuleManager: Shutting down and abandoning module ReferenceViewer (440)
[2018.03.14-20.23.08:464][349]LogModuleManager: Shutting down and abandoning module LocalizationDashboard (438)
[2018.03.14-20.23.08:579][349]LogModuleManager: Shutting down and abandoning module LocalizationService (437)
[2018.03.14-20.23.08:590][349]LogModuleManager: Shutting down and abandoning module HardwareTargeting (434)
[2018.03.14-20.23.08:590][349]LogModuleManager: Shutting down and abandoning module DeviceProfileEditor (432)
[2018.03.14-20.23.08:590][349]LogModuleManager: Shutting down and abandoning module UndoHistory (430)
[2018.03.14-20.23.08:590][349]LogModuleManager: Shutting down and abandoning module XmlParser (428)
[2018.03.14-20.23.08:590][349]LogModuleManager: Shutting down and abandoning module Blutility (426)
[2018.03.14-20.23.08:590][349]LogModuleManager: Shutting down and abandoning module ProjectSettingsViewer (424)
[2018.03.14-20.23.08:590][349]LogModuleManager: Shutting down and abandoning module ProjectTargetPlatformEditor (423)
[2018.03.14-20.23.08:590][349]LogModuleManager: Shutting down and abandoning module EditorSettingsViewer (420)
[2018.03.14-20.23.08:590][349]LogModuleManager: Shutting down and abandoning module SettingsEditor (418)
[2018.03.14-20.23.08:598][349]LogModuleManager: Shutting down and abandoning module ProjectLauncher (416)
[2018.03.14-20.23.08:613][349]LogModuleManager: Shutting down and abandoning module SessionFrontend (414)
[2018.03.14-20.23.08:788][349]LogModuleManager: Shutting down and abandoning module ProfilerClient (412)
[2018.03.14-20.23.08:792][349]LogModuleManager: Shutting down and abandoning module DeviceManager (410)
[2018.03.14-20.23.08:802][349]LogModuleManager: Shutting down and abandoning module TargetDeviceServices (409)
[2018.03.14-20.23.08:855][349]LogModuleManager: Shutting down and abandoning module AutomationController (406)
[2018.03.14-20.23.08:966][349]LogModuleManager: Shutting down and abandoning module AutomationWindow (404)
[2018.03.14-20.23.09:563][349]LogModuleManager: Shutting down and abandoning module Layers (402)
[2018.03.14-20.23.09:879][349]LogModuleManager: Shutting down and abandoning module ComponentVisualizers (400)
[2018.03.14-20.23.09:880][349]LogModuleManager: Shutting down and abandoning module DetailCustomizations (398)
[2018.03.14-20.23.09:880][349]LogModuleManager: Shutting down and abandoning module PackagesDialog (396)
[2018.03.14-20.23.09:945][349]LogModuleManager: Shutting down and abandoning module Persona (394)
[2018.03.14-20.23.10:008][349]LogModuleManager: Shutting down and abandoning module AdvancedPreviewScene (393)
[2018.03.14-20.23.10:008][349]LogModuleManager: Shutting down and abandoning module AnimGraph (391)
[2018.03.14-20.23.10:008][349]LogModuleManager: Shutting down and abandoning module Kismet (388)
[2018.03.14-20.23.10:026][349]LogModuleManager: Shutting down and abandoning module ClassViewer (386)
[2018.03.14-20.23.10:026][349]LogModuleManager: Shutting down and abandoning module Toolbox (384)
[2018.03.14-20.23.10:026][349]LogModuleManager: Shutting down and abandoning module ModuleUI (382)
[2018.03.14-20.23.10:048][349]LogModuleManager: Shutting down and abandoning module MovieSceneTools (380)
[2018.03.14-20.23.10:082][349]LogModuleManager: Shutting down and abandoning module OutputLog (378)
[2018.03.14-20.23.10:234][349]LogModuleManager: Shutting down and abandoning module GammaUI (376)
[2018.03.14-20.23.10:245][349]LogModuleManager: Shutting down and abandoning module Documentation (374)
[2018.03.14-20.23.10:245][349]LogModuleManager: Shutting down and abandoning module MovieSceneTracks (372)
[2018.03.14-20.23.10:245][349]LogModuleManager: Shutting down and abandoning module MovieScene (370)
[2018.03.14-20.23.10:245][349]LogModuleManager: Shutting down and abandoning module StreamingPauseRendering (368)
[2018.03.14-20.23.10:245][349]LogModuleManager: Shutting down and abandoning module LauncherPlatform (366)
[2018.03.14-20.23.10:245][349]LogModuleManager: Shutting down and abandoning module AnalyticsET (364)
[2018.03.14-20.23.10:245][349]LogModuleManager: Shutting down and abandoning module PortalServices (362)
[2018.03.14-20.23.10:245][349]LogModuleManager: Shutting down and abandoning module PortalRpc (360)
[2018.03.14-20.23.10:245][349]LogModuleManager: Shutting down and abandoning module MessagingRpc (358)
[2018.03.14-20.23.10:245][349]LogModuleManager: Shutting down and abandoning module AIModule (356)
[2018.03.14-20.23.10:245][349]LogModuleManager: Shutting down and abandoning module GameplayDebugger (355)
[2018.03.14-20.23.10:245][349]LogModuleManager: Shutting down and abandoning module AITestSuite (353)
[2018.03.14-20.23.10:249][349]LogModuleManager: Shutting down and abandoning module ProfilerService (350)
[2018.03.14-20.23.10:250][349]LogModuleManager: Shutting down and abandoning module TaskGraph (348)
[2018.03.14-20.23.10:282][349]LogModuleManager: Shutting down and abandoning module SteamVRController (346)
[2018.03.14-20.23.10:282][349]LogModuleManager: Shutting down and abandoning module ProceduralMeshComponentEditor (344)
[2018.03.14-20.23.10:282][349]LogModuleManager: Shutting down and abandoning module ProceduralMeshComponent (342)
[2018.03.14-20.23.10:282][349]LogModuleManager: Shutting down and abandoning module OculusInput (340)
[2018.03.14-20.23.10:282][349]LogModuleManager: Shutting down and abandoning module MobilePatchingUtils (338)
[2018.03.14-20.23.10:282][349]LogModuleManager: Shutting down and abandoning module CustomMeshComponent (336)
[2018.03.14-20.23.10:282][349]LogModuleManager: Shutting down and abandoning module CableComponent (334)
[2018.03.14-20.23.10:282][349]LogModuleManager: Shutting down and abandoning module ArchVisCharacter (332)
[2018.03.14-20.23.10:283][349]LogModuleManager: Shutting down and abandoning module AndroidPermission (330)
[2018.03.14-20.23.10:283][349]LogModuleManager: Shutting down and abandoning module ActorSequence (326)
[2018.03.14-20.23.10:283][349]LogModuleManager: Shutting down and abandoning module MediaPlayerEditor (324)
[2018.03.14-20.23.10:307][349]LogModuleManager: Shutting down and abandoning module MediaCompositingEditor (322)
[2018.03.14-20.23.10:307][349]LogModuleManager: Shutting down and abandoning module MediaCompositing (320)
[2018.03.14-20.23.10:307][349]LogModuleManager: Shutting down and abandoning module HTML5Networking (318)
[2018.03.14-20.23.10:307][349]LogModuleManager: Shutting down and abandoning module AlembicImporter (316)
[2018.03.14-20.23.10:312][349]LogModuleManager: Shutting down and abandoning module AlembicLibrary (315)
[2018.03.14-20.23.10:312][349]LogModuleManager: Shutting down and abandoning module GeometryCache (314)
[2018.03.14-20.23.10:327][349]LogModuleManager: Shutting down and abandoning module GeometryCacheEd (313)
[2018.03.14-20.23.10:327][349]LogModuleManager: Shutting down and abandoning module SpeedTreeImporter (308)
[2018.03.14-20.23.10:327][349]LogModuleManager: Shutting down and abandoning module PluginBrowser (306)
[2018.03.14-20.23.10:385][349]LogModuleManager: Shutting down and abandoning module MobileLauncherProfileWizard (304)
[2018.03.14-20.23.10:440][349]LogModuleManager: Shutting down and abandoning module VisualStudioSourceCodeAccess (302)
[2018.03.14-20.23.10:440][349]LogModuleManager: Shutting down and abandoning module VisualStudioCodeSourceCodeAccess (300)
[2018.03.14-20.23.10:440][349]LogModuleManager: Shutting down and abandoning module UObjectPlugin (298)
[2018.03.14-20.23.10:440][349]LogModuleManager: Shutting down and abandoning module SubversionSourceControl (296)
[2018.03.14-20.23.10:506][349]LogModuleManager: Shutting down and abandoning module PerforceSourceControl (294)
[2018.03.14-20.23.10:535][349]LogModuleManager: Shutting down and abandoning module GitSourceControl (292)
[2018.03.14-20.23.10:555][349]LogModuleManager: Shutting down and abandoning module SourceControl (291)
[2018.03.14-20.23.10:595][349]LogModuleManager: Shutting down and abandoning module LightPropagationVolumeEditor (288)
[2018.03.14-20.23.10:595][349]LogModuleManager: Shutting down and abandoning module PaperTiledImporter (286)
[2018.03.14-20.23.10:596][349]LogModuleManager: Shutting down and abandoning module PaperSpriteSheetImporter (284)
[2018.03.14-20.23.10:596][349]LogModuleManager: Shutting down and abandoning module Paper2DEditor (282)
[2018.03.14-20.23.10:666][349]LogModuleManager: Shutting down and abandoning module MeshPaint (281)
[2018.03.14-20.23.11:246][349]LogModuleManager: Shutting down and abandoning module LevelEditor (279)
[2018.03.14-20.23.11:255][349]LogModuleManager: Shutting down and abandoning module PixelInspectorModule (278)
[2018.03.14-20.23.11:453][349]LogModuleManager: Shutting down and abandoning module MainFrame (276)
[2018.03.14-20.23.11:453][349]LogModuleManager: Shutting down and abandoning module HotReload (275)
[2018.03.14-20.23.11:464][349]LogDirectoryWatcher: A directory notification for 'C:/Users/Nutty_000/Documents/GitHub/VR_SlaveExperience/SlaveVRExperience/Binaries/Win64' was aborted.
[2018.03.14-20.23.11:479][349]LogModuleManager: Shutting down and abandoning module SlaveVRExperience (270)
[2018.03.14-20.23.11:480][349]LogModuleManager: Shutting down and abandoning module RuntimePhysXCooking (268)
[2018.03.14-20.23.11:480][349]LogModuleManager: Shutting down and abandoning module PhysXVehiclesEditor (266)
[2018.03.14-20.23.11:480][349]LogModuleManager: Shutting down and abandoning module PhysXVehicles (264)
[2018.03.14-20.23.11:480][349]LogModuleManager: Shutting down and abandoning module OculusEditor (262)
[2018.03.14-20.23.11:480][349]LogModuleManager: Shutting down and abandoning module LocationServicesBPLibrary (260)
[2018.03.14-20.23.11:480][349]LogModuleManager: Shutting down and abandoning module ImmediatePhysicsEditor (258)
[2018.03.14-20.23.11:480][349]LogModuleManager: Shutting down and abandoning module ImmediatePhysics (256)
[2018.03.14-20.23.11:513][349]LogModuleManager: Shutting down and abandoning module UdpMessaging (254)
[2018.03.14-20.23.11:613][349]LogModuleManager: Shutting down and abandoning module TcpMessaging (252)
[2018.03.14-20.23.11:784][349]LogModuleManager: Shutting down and abandoning module GameplayTagsEditor (250)
[2018.03.14-20.23.11:917][349]LogModuleManager: Shutting down and abandoning module FacialAnimationEditor (248)
[2018.03.14-20.23.11:917][349]LogModuleManager: Shutting down and abandoning module FacialAnimation (246)
[2018.03.14-20.23.11:917][349]LogModuleManager: Shutting down and abandoning module AssetManagerEditor (244)
[2018.03.14-20.23.11:950][349]LogModuleManager: Shutting down and abandoning module GraphEditor (243)
[2018.03.14-20.23.12:271][349]LogModuleManager: Shutting down and abandoning module ContentBrowser (241)
[2018.03.14-20.23.12:272][349]LogModuleManager: Shutting down and abandoning module LightPropagationVolumeRuntime (238)
[2018.03.14-20.23.12:272][349]LogModuleManager: Shutting down and abandoning module Paper2D (236)
[2018.03.14-20.23.12:272][349]LogModuleManager: Shutting down and abandoning module WindowsMoviePlayer (234)
[2018.03.14-20.23.12:272][349]LogModuleManager: Shutting down and abandoning module WmfMedia (232)
[2018.03.14-20.23.12:396][349]LogModuleManager: Shutting down and abandoning module ImgMedia (230)
[2018.03.14-20.23.12:396][349]LogModuleManager: Shutting down and abandoning module PacketHandler (228)
[2018.03.14-20.23.12:396][349]LogModuleManager: Shutting down and abandoning module ClothingSystemEditor (226)
[2018.03.14-20.23.12:396][349]LogModuleManager: Shutting down and abandoning module ClothingSystemRuntime (224)
[2018.03.14-20.23.12:408][349]LogModuleManager: Shutting down and abandoning module MediaAssets (222)
[2018.03.14-20.23.12:408][349]LogModuleManager: Shutting down and abandoning module Media (221)
[2018.03.14-20.23.12:414][349]LogModuleManager: Shutting down and abandoning module Overlay (218)
[2018.03.14-20.23.12:414][349]LogModuleManager: Shutting down and abandoning module OverlayEditor (217)
[2018.03.14-20.23.12:414][349]LogModuleManager: Shutting down and abandoning module VREditor (214)
[2018.03.14-20.23.12:437][349]LogModuleManager: Shutting down and abandoning module StringTableEditor (212)
[2018.03.14-20.23.12:468][349]LogModuleManager: Shutting down and abandoning module GameplayTasksEditor (210)
[2018.03.14-20.23.12:468][349]LogModuleManager: Shutting down and abandoning module BehaviorTreeEditor (208)
[2018.03.14-20.23.12:630][349]LogModuleManager: Shutting down and abandoning module FunctionalTesting (206)
[2018.03.14-20.23.12:640][349]LogModuleManager: Shutting down and abandoning module CollisionAnalyzer (204)
[2018.03.14-20.23.12:664][349]LogModuleManager: Shutting down and abandoning module WorkspaceMenuStructure (203)
[2018.03.14-20.23.12:664][349]LogModuleManager: Shutting down and abandoning module UMG (200)
[2018.03.14-20.23.12:684][349]LogModuleManager: Shutting down and abandoning module UMGEditor (199)
[2018.03.14-20.23.12:803][349]LogModuleManager: Shutting down and abandoning module Sequencer (198)
[2018.03.14-20.23.12:825][349]LogModuleManager: Shutting down and abandoning module MessageLog (195)
[2018.03.14-20.23.12:825][349]LogModuleManager: Shutting down and abandoning module SlateReflector (190)
[2018.03.14-20.23.13:049][349]LogModuleManager: Shutting down and abandoning module Slate (188)
[2018.03.14-20.23.13:049][349]LogModuleManager: Shutting down and abandoning module EditorStyle (186)
[2018.03.14-20.23.13:054][349]LogModuleManager: Shutting down and abandoning module MRMesh (184)
[2018.03.14-20.23.13:054][349]LogModuleManager: Shutting down and abandoning module SourceCodeAccess (182)
[2018.03.14-20.23.13:054][349]LogModuleManager: Shutting down and abandoning module HeadMountedDisplay (180)
[2018.03.14-20.23.13:054][349]LogModuleManager: Shutting down and abandoning module XAudio2 (178)
[2018.03.14-20.23.13:054][349]LogModuleManager: Shutting down and abandoning module Networking (176)
[2018.03.14-20.23.13:054][349]LogModuleManager: Shutting down and abandoning module Core (172)
[2018.03.14-20.23.13:054][349]LogModuleManager: Shutting down and abandoning module LevelSequence (168)
[2018.03.14-20.23.13:085][349]LogModuleManager: Shutting down and abandoning module DirectoryWatcher (166)
[2018.03.14-20.23.13:091][349]LogModuleManager: Shutting down and abandoning module KismetCompiler (164)
[2018.03.14-20.23.13:091][349]LogModuleManager: Shutting down and abandoning module MeshUtilities (162)
[2018.03.14-20.23.13:716][349]LogModuleManager: Shutting down and abandoning module MeshMergeUtilities (161)
[2018.03.14-20.23.14:009][349]LogModuleManager: Shutting down and abandoning module MeshReductionInterface (160)
[2018.03.14-20.23.14:009][349]LogModuleManager: Shutting down and abandoning module SimplygonSwarm (159)
[2018.03.14-20.23.14:191][349]LogModuleManager: Shutting down and abandoning module SimplygonMeshReduction (157)
[2018.03.14-20.23.14:191][349]LogModuleManager: Shutting down and abandoning module QuadricMeshReduction (155)
[2018.03.14-20.23.14:327][349]LogModuleManager: Shutting down and abandoning module MaterialBaking (151)
[2018.03.14-20.23.14:394][349]LogModuleManager: Shutting down and abandoning module DerivedDataCache (148)
[2018.03.14-20.23.14:636][349]LogDerivedDataCache: Shutdown
[2018.03.14-20.23.14:636][349]LogModuleManager: Shutting down and abandoning module TargetPlatform (146)
[2018.03.14-20.23.14:636][349]LogModuleManager: Shutting down and abandoning module VulkanShaderFormat (145)
[2018.03.14-20.23.14:680][349]LogModuleManager: Shutting down and abandoning module ShaderFormatVectorVM (143)
[2018.03.14-20.23.14:693][349]LogModuleManager: Shutting down and abandoning module ShaderFormatOpenGL (141)
[2018.03.14-20.23.14:711][349]LogModuleManager: Shutting down and abandoning module ShaderFormatD3D (139)
[2018.03.14-20.23.14:721][349]LogModuleManager: Shutting down and abandoning module MetalShaderFormat (137)
[2018.03.14-20.23.14:738][349]LogModuleManager: Shutting down and abandoning module TextureFormatUncompressed (135)
[2018.03.14-20.23.14:738][349]LogModuleManager: Shutting down and abandoning module TextureFormatPVR (133)
[2018.03.14-20.23.14:738][349]LogModuleManager: Shutting down and abandoning module TextureFormatDXT (131)
[2018.03.14-20.23.14:808][349]LogModuleManager: Shutting down and abandoning module TextureFormatIntelISPCTexComp (129)
[2018.03.14-20.23.14:850][349]LogModuleManager: Shutting down and abandoning module TextureFormatASTC (127)
[2018.03.14-20.23.14:851][349]LogModuleManager: Shutting down and abandoning module ImageWrapper (126)
[2018.03.14-20.23.14:851][349]LogModuleManager: Shutting down and abandoning module TextureFormatAndroid (123)
[2018.03.14-20.23.14:851][349]LogModuleManager: Shutting down and abandoning module AudioFormatOpus (121)
[2018.03.14-20.23.14:851][349]LogModuleManager: Shutting down and abandoning module AudioFormatOgg (119)
[2018.03.14-20.23.14:851][349]LogModuleManager: Shutting down and abandoning module AudioFormatADPCM (117)
[2018.03.14-20.23.14:851][349]LogModuleManager: Shutting down and abandoning module LinuxTargetPlatform (115)
[2018.03.14-20.23.14:851][349]LogModuleManager: Shutting down and abandoning module LinuxServerTargetPlatform (113)
[2018.03.14-20.23.14:851][349]LogModuleManager: Shutting down and abandoning module LinuxNoEditorTargetPlatform (111)
[2018.03.14-20.23.14:851][349]LogModuleManager: Shutting down and abandoning module LinuxClientTargetPlatform (109)
[2018.03.14-20.23.14:851][349]LogModuleManager: Shutting down and abandoning module TVOSTargetPlatform (107)
[2018.03.14-20.23.14:851][349]LogModuleManager: Shutting down and abandoning module Messaging (105)
[2018.03.14-20.23.14:852][349]LogModuleManager: Shutting down and abandoning module IOSTargetPlatform (103)
[2018.03.14-20.23.14:852][349]LogModuleManager: Shutting down and abandoning module HTML5TargetPlatform (101)
[2018.03.14-20.23.14:852][349]LogModuleManager: Shutting down and abandoning module AndroidTargetPlatform (99)
[2018.03.14-20.23.14:852][349]LogModuleManager: Shutting down and abandoning module Android_PVRTCTargetPlatform (97)
[2018.03.14-20.23.14:852][349]LogModuleManager: Shutting down and abandoning module Android_MultiTargetPlatform (95)
[2018.03.14-20.23.14:852][349]LogModuleManager: Shutting down and abandoning module Android_ETC2TargetPlatform (93)
[2018.03.14-20.23.14:852][349]LogModuleManager: Shutting down and abandoning module Android_ETC1TargetPlatform (91)
[2018.03.14-20.23.14:852][349]LogModuleManager: Shutting down and abandoning module Android_DXTTargetPlatform (89)
[2018.03.14-20.23.14:852][349]LogModuleManager: Shutting down and abandoning module Android_ATCTargetPlatform (87)
[2018.03.14-20.23.14:852][349]LogModuleManager: Shutting down and abandoning module Android_ASTCTargetPlatform (85)
[2018.03.14-20.23.14:852][349]LogModuleManager: Shutting down and abandoning module WindowsTargetPlatform (83)
[2018.03.14-20.23.14:852][349]LogModuleManager: Shutting down and abandoning module WindowsServerTargetPlatform (81)
[2018.03.14-20.23.14:852][349]LogModuleManager: Shutting down and abandoning module WindowsNoEditorTargetPlatform (79)
[2018.03.14-20.23.14:852][349]LogModuleManager: Shutting down and abandoning module WindowsClientTargetPlatform (77)
[2018.03.14-20.23.14:852][349]LogModuleManager: Shutting down and abandoning module MacTargetPlatform (75)
[2018.03.14-20.23.14:853][349]LogModuleManager: Shutting down and abandoning module MacServerTargetPlatform (73)
[2018.03.14-20.23.14:853][349]LogModuleManager: Shutting down and abandoning module MacNoEditorTargetPlatform (71)
[2018.03.14-20.23.14:853][349]LogModuleManager: Shutting down and abandoning module MacClientTargetPlatform (69)
[2018.03.14-20.23.14:853][349]LogModuleManager: Shutting down and abandoning module AllDesktopTargetPlatform (67)
[2018.03.14-20.23.14:853][349]LogModuleManager: Shutting down and abandoning module InputCore (64)
[2018.03.14-20.23.14:853][349]LogModuleManager: Shutting down and abandoning module Settings (62)
[2018.03.14-20.23.14:853][349]LogModuleManager: Shutting down and abandoning module PhysXCooking (60)
[2018.03.14-20.23.14:854][349]LogModuleManager: Shutting down and abandoning module SteamVR (58)
[2018.03.14-20.23.14:854][349]LogModuleManager: Shutting down and abandoning module OculusHMD (56)
[2018.03.14-20.23.14:860][349]LogModuleManager: Shutting down and abandoning module ExampleDeviceProfileSelector (54)
[2018.03.14-20.23.14:860][349]LogModuleManager: Shutting down and abandoning module AppleARKit (52)
[2018.03.14-20.23.14:860][349]LogModuleManager: Shutting down and abandoning module AugmentedReality (51)
[2018.03.14-20.23.14:860][349]LogModuleManager: Shutting down and abandoning module OnlineBlueprintSupport (48)
[2018.03.14-20.23.14:861][349]LogModuleManager: Shutting down and abandoning module OnlineSubsystem (44)
[2018.03.14-20.23.14:894][349]LogModuleManager: Shutting down and abandoning module XMPP (43)
[2018.03.14-20.23.15:786][349]LogModuleManager: Shutting down and abandoning module HTTP (41)
[2018.03.14-20.23.15:786][349]LogHttp: Display: Http module shutting down, but needs to wait on 1 outstanding Http requests:
[2018.03.14-20.23.15:786][349]LogHttp: Display: 	verb=[POST] url=[https://datarouter.ol.epicgames.com/datarouter/api/v1/public/data?SessionID=%7B750EFA78-4FAE-4036-305F-60AD8D92148C%7D&AppID=UEEditor.Rocket.Release&AppVersion=4.18.3-3832480%2B%2B%2BUE4%2BRelease-4.18&UserID=3d1892574d6d85f7c82f1da4090d07ef%7Cc4a40f5a9b8144829c3e1d00b7a7855b%7C9324596c-d87d-4900-b1f8-f554b619d94f&AppEnvironment=datacollector-binary&UploadType=eteventstream] status=Processing
[2018.03.14-20.23.15:793][349]LogModuleManager: Shutting down and abandoning module SSL (40)
[2018.03.14-20.23.16:192][349]LogModuleManager: Shutting down and abandoning module AnimationModifiers (36)
[2018.03.14-20.23.16:210][349]LogModuleManager: Shutting down and abandoning module PropertyEditor (35)
[2018.03.14-20.23.16:210][349]LogModuleManager: Shutting down and abandoning module AudioEditor (32)
[2018.03.14-20.23.16:264][349]LogModuleManager: Shutting down and abandoning module TextureCompressor (30)
[2018.03.14-20.23.16:311][349]LogModuleManager: Shutting down and abandoning module ShaderCore (28)
[2018.03.14-20.23.16:311][349]LogModuleManager: Shutting down and abandoning module Landscape (26)
[2018.03.14-20.23.16:311][349]LogModuleManager: Shutting down and abandoning module SlateRHIRenderer (24)
[2018.03.14-20.23.16:358][349]LogModuleManager: Shutting down and abandoning module OpenGLDrv (22)
[2018.03.14-20.23.16:398][349]LogModuleManager: Shutting down and abandoning module D3D11RHI (20)
[2018.03.14-20.23.16:398][349]LogModuleManager: Shutting down and abandoning module AnimGraphRuntime (18)
[2018.03.14-20.23.16:406][349]LogModuleManager: Shutting down and abandoning module Renderer (16)
[2018.03.14-20.23.16:406][349]LogModuleManager: Shutting down and abandoning module Engine (14)
[2018.03.14-20.23.16:406][349]LogModuleManager: Shutting down and abandoning module CoreUObject (12)
[2018.03.14-20.23.16:406][349]LogModuleManager: Shutting down and abandoning module NetworkFile (10)
[2018.03.14-20.23.16:442][349]LogModuleManager: Shutting down and abandoning module CookedIterativeFile (8)
[2018.03.14-20.23.16:443][349]LogModuleManager: Shutting down and abandoning module StreamingFile (6)
[2018.03.14-20.23.16:447][349]LogModuleManager: Shutting down and abandoning module SandboxFile (4)
[2018.03.14-20.23.16:447][349]LogModuleManager: Shutting down and abandoning module PakFile (2)
[2018.03.14-20.23.16:455][349]LogExit: Exiting.
[2018.03.14-20.23.16:485][349]Log file closed, 03/14/18 16:23:16
