Log file open, 03/27/18 14:03:48
LogWindows: Failed to load 'aqProf.dll' (GetLastError=126)
LogWindows: File 'aqProf.dll' does not exist
LogWindows: Failed to load 'VtuneApi.dll' (GetLastError=126)
LogWindows: File 'VtuneApi.dll' does not exist
LogWindows: Failed to load 'VtuneApi32e.dll' (GetLastError=126)
LogWindows: File 'VtuneApi32e.dll' does not exist
LogInit: Display: Running engine for game: SlaveVRExperience
LogPlatformFile: Not using cached read wrapper
LogInit: Display: RandInit(-949604363) SRandInit(-949604363).
LogInit: Read version file with build ID '3709383'
LogInit: Overriding engine version to CL 3794801, compatible CL 3709383
LogInit: Registered custom module enumerator with build ID '3709383'
LogTaskGraph: Started task graph with 5 named threads and 14 total threads with 3 sets of task threads.
LogStats: Stats thread started at 3.176900
LogD3D11RHI: Aftermath initialized
LogPluginManager: Mounting plugin Paper2D
LogPluginManager: Mounting plugin LightPropagationVolume
LogPluginManager: Mounting plugin CodeLiteSourceCodeAccess
LogPluginManager: Mounting plugin GitSourceControl
LogPluginManager: Mounting plugin KDevelopSourceCodeAccess
LogPluginManager: Mounting plugin NullSourceCodeAccess
LogPluginManager: Mounting plugin PerforceSourceControl
LogPluginManager: Mounting plugin SubversionSourceControl
LogPluginManager: Mounting plugin UObjectPlugin
LogPluginManager: Mounting plugin VisualStudioCodeSourceCodeAccess
LogPluginManager: Mounting plugin VisualStudioSourceCodeAccess
LogPluginManager: Mounting plugin XCodeSourceCodeAccess
LogPluginManager: Mounting plugin AssetManagerEditor
LogPluginManager: Mounting plugin AudioCapture
LogPluginManager: Mounting plugin FacialAnimation
LogPluginManager: Mounting plugin GameplayTagsEditor
LogPluginManager: Mounting plugin MobileLauncherProfileWizard
LogPluginManager: Mounting plugin PluginBrowser
LogPluginManager: Mounting plugin SpeedTreeImporter
LogPluginManager: Mounting plugin AlembicImporter
LogPluginManager: Mounting plugin CharacterAI
LogPluginManager: Mounting plugin HTML5Networking
LogPluginManager: Mounting plugin AndroidMedia
LogPluginManager: Mounting plugin AvfMedia
LogPluginManager: Mounting plugin ImgMedia
LogPluginManager: Mounting plugin MediaCompositing
LogPluginManager: Mounting plugin MediaPlayerEditor
LogPluginManager: Mounting plugin WmfMedia
LogPluginManager: Mounting plugin TcpMessaging
LogPluginManager: Mounting plugin UdpMessaging
LogPluginManager: Mounting plugin ActorSequence
LogPluginManager: Mounting plugin LevelSequenceEditor
LogPluginManager: Mounting plugin MatineeToLevelSequence
LogPluginManager: Mounting plugin OnlineSubsystemGooglePlay
LogPluginManager: Mounting plugin OnlineSubsystemIOS
LogPluginManager: Mounting plugin OnlineSubsystem
LogPluginManager: Mounting plugin OnlineSubsystemNull
LogPluginManager: Mounting plugin OnlineSubsystemUtils
LogPluginManager: Mounting plugin AndroidDeviceProfileSelector
LogPluginManager: Mounting plugin AndroidMoviePlayer
LogPluginManager: Mounting plugin AndroidPermission
LogPluginManager: Mounting plugin AppleARKit
LogPluginManager: Mounting plugin AppleMoviePlayer
LogPluginManager: Mounting plugin ArchVisCharacter
LogPluginManager: Mounting plugin CableComponent
LogPluginManager: Mounting plugin CustomMeshComponent
LogPluginManager: Mounting plugin ExampleDeviceProfileSelector
LogPluginManager: Mounting plugin GoogleCloudMessaging
LogPluginManager: Mounting plugin ImmediatePhysics
LogPluginManager: Mounting plugin IOSDeviceProfileSelector
LogPluginManager: Mounting plugin LinuxDeviceProfileSelector
LogPluginManager: Mounting plugin LocationServicesBPLibrary
LogPluginManager: Mounting plugin MobilePatchingUtils
LogPluginManager: Mounting plugin OculusVR
LogPluginManager: Plugin shader directory ../../../Engine/Plugins/Runtime/Oculus/OculusVR/Shaders found
LogPluginManager: Mapping shader source directory ../../../Engine/Plugins/Runtime/Oculus/OculusVR/Shaders to virtual directory /Plugin/OculusVR
LogPluginManager: Mounting plugin PhysXVehicles
LogPluginManager: Mounting plugin ProceduralMeshComponent
LogPluginManager: Mounting plugin RuntimePhysXCooking
LogPluginManager: Mounting plugin SteamVR
LogPluginManager: Mounting plugin WindowsMoviePlayer
LogModuleManager: Display: Found up-to-date module file C:/Users/Thomas/Documents/GitHub/VR_SlaveExperience/SlaveVRExperience/Binaries/Win64/UE4Editor-SlaveVRExperience-1507.dll (API version 3709383).
LogModuleManager: Display: Found up-to-date module file ../../../Engine/Plugins/2D/Paper2D/Binaries/Win64/UE4Editor-Paper2D.dll (API version 3709383).
LogModuleManager: Display: Found up-to-date module file ../../../Engine/Plugins/2D/Paper2D/Binaries/Win64/UE4Editor-Paper2DEditor.dll (API version 3709383).
LogModuleManager: Display: Found up-to-date module file ../../../Engine/Plugins/2D/Paper2D/Binaries/Win64/UE4Editor-PaperSpriteSheetImporter.dll (API version 3709383).
LogModuleManager: Display: Found up-to-date module file ../../../Engine/Plugins/2D/Paper2D/Binaries/Win64/UE4Editor-PaperTiledImporter.dll (API version 3709383).
LogModuleManager: Display: Found up-to-date module file ../../../Engine/Plugins/2D/Paper2D/Binaries/Win64/UE4Editor-SmartSnapping.dll (API version 3709383).
LogModuleManager: Display: Found up-to-date module file ../../../Engine/Plugins/Blendables/LightPropagationVolume/Binaries/Win64/UE4Editor-LightPropagationVolumeRuntime.dll (API version 3709383).
LogModuleManager: Display: Found up-to-date module file ../../../Engine/Plugins/Blendables/LightPropagationVolume/Binaries/Win64/UE4Editor-LightPropagationVolumeEditor.dll (API version 3709383).
LogModuleManager: Display: Found up-to-date module file ../../../Engine/Plugins/Developer/GitSourceControl/Binaries/Win64/UE4Editor-GitSourceControl.dll (API version 3709383).
LogModuleManager: Display: Found up-to-date module file ../../../Engine/Plugins/Developer/PerforceSourceControl/Binaries/Win64/UE4Editor-PerforceSourceControl.dll (API version 3709383).
LogModuleManager: Display: Found up-to-date module file ../../../Engine/Plugins/Developer/SubversionSourceControl/Binaries/Win64/UE4Editor-SubversionSourceControl.dll (API version 3709383).
LogModuleManager: Display: Found up-to-date module file ../../../Engine/Plugins/Developer/UObjectPlugin/Binaries/Win64/UE4Editor-UObjectPlugin.dll (API version 3709383).
LogModuleManager: Display: Found up-to-date module file ../../../Engine/Plugins/Developer/VisualStudioCodeSourceCodeAccess/Binaries/Win64/UE4Editor-VisualStudioCodeSourceCodeAccess.dll (API version 3709383).
LogModuleManager: Display: Found up-to-date module file ../../../Engine/Plugins/Developer/VisualStudioSourceCodeAccess/Binaries/Win64/UE4Editor-VisualStudioSourceCodeAccess.dll (API version 3709383).
LogModuleManager: Display: Found up-to-date module file ../../../Engine/Plugins/Editor/AssetManagerEditor/Binaries/Win64/UE4Editor-AssetManagerEditor.dll (API version 3709383).
LogModuleManager: Display: Found up-to-date module file ../../../Engine/Plugins/Editor/AudioCapture/Binaries/Win64/UE4Editor-AudioCapture.dll (API version 3709383).
LogModuleManager: Display: Found up-to-date module file ../../../Engine/Plugins/Editor/FacialAnimation/Binaries/Win64/UE4Editor-FacialAnimation.dll (API version 3709383).
LogModuleManager: Display: Found up-to-date module file ../../../Engine/Plugins/Editor/FacialAnimation/Binaries/Win64/UE4Editor-FacialAnimationEditor.dll (API version 3709383).
LogModuleManager: Display: Found up-to-date module file ../../../Engine/Plugins/Editor/GameplayTagsEditor/Binaries/Win64/UE4Editor-GameplayTagsEditor.dll (API version 3709383).
LogModuleManager: Display: Found up-to-date module file ../../../Engine/Plugins/Editor/MobileLauncherProfileWizard/Binaries/Win64/UE4Editor-MobileLauncherProfileWizard.dll (API version 3709383).
LogModuleManager: Display: Found up-to-date module file ../../../Engine/Plugins/Editor/PluginBrowser/Binaries/Win64/UE4Editor-PluginBrowser.dll (API version 3709383).
LogModuleManager: Display: Found up-to-date module file ../../../Engine/Plugins/Editor/SpeedTreeImporter/Binaries/Win64/UE4Editor-SpeedTreeImporter.dll (API version 3709383).
LogModuleManager: Display: Found up-to-date module file ../../../Engine/Plugins/Experimental/AlembicImporter/Binaries/Win64/UE4Editor-AlembicImporter.dll (API version 3709383).
LogModuleManager: Display: Found up-to-date module file ../../../Engine/Plugins/Experimental/AlembicImporter/Binaries/Win64/UE4Editor-AlembicLibrary.dll (API version 3709383).
LogModuleManager: Display: Found up-to-date module file ../../../Engine/Plugins/Experimental/CharacterAI/Binaries/Win64/UE4Editor-CharacterAI.dll (API version 3709383).
LogModuleManager: Display: Found up-to-date module file ../../../Engine/Plugins/Experimental/HTML5Networking/Binaries/Win64/UE4Editor-HTML5Networking.dll (API version 3709383).
LogModuleManager: Display: Found up-to-date module file ../../../Engine/Plugins/Media/AndroidMedia/Binaries/Win64/UE4Editor-AndroidMediaEditor.dll (API version 3709383).
LogModuleManager: Display: Found up-to-date module file ../../../Engine/Plugins/Media/AndroidMedia/Binaries/Win64/UE4Editor-AndroidMediaFactory.dll (API version 3709383).
LogModuleManager: Display: Found up-to-date module file ../../../Engine/Plugins/Media/AvfMedia/Binaries/Win64/UE4Editor-AvfMediaEditor.dll (API version 3709383).
LogModuleManager: Display: Found up-to-date module file ../../../Engine/Plugins/Media/AvfMedia/Binaries/Win64/UE4Editor-AvfMediaFactory.dll (API version 3709383).
LogModuleManager: Display: Found up-to-date module file ../../../Engine/Plugins/Media/AvfMedia/Binaries/Win64/UE4Editor-AvfMediaFactory.dll (API version 3709383).
LogModuleManager: Display: Found up-to-date module file ../../../Engine/Plugins/Media/ImgMedia/Binaries/Win64/UE4Editor-ImgMedia.dll (API version 3709383).
LogModuleManager: Display: Found up-to-date module file ../../../Engine/Plugins/Media/ImgMedia/Binaries/Win64/UE4Editor-ImgMediaEditor.dll (API version 3709383).
LogModuleManager: Display: Found up-to-date module file ../../../Engine/Plugins/Media/ImgMedia/Binaries/Win64/UE4Editor-ImgMediaFactory.dll (API version 3709383).
LogModuleManager: Display: Found up-to-date module file ../../../Engine/Plugins/Media/ImgMedia/Binaries/Win64/UE4Editor-ImgMediaFactory.dll (API version 3709383).
LogModuleManager: Display: Found up-to-date module file ../../../Engine/Plugins/Media/ImgMedia/Binaries/Win64/UE4Editor-OpenExrWrapper.dll (API version 3709383).
LogModuleManager: Display: Found up-to-date module file ../../../Engine/Plugins/Media/MediaCompositing/Binaries/Win64/UE4Editor-MediaCompositing.dll (API version 3709383).
LogModuleManager: Display: Found up-to-date module file ../../../Engine/Plugins/Media/MediaCompositing/Binaries/Win64/UE4Editor-MediaCompositingEditor.dll (API version 3709383).
LogModuleManager: Display: Found up-to-date module file ../../../Engine/Plugins/Media/MediaPlayerEditor/Binaries/Win64/UE4Editor-MediaPlayerEditor.dll (API version 3709383).
LogModuleManager: Display: Found up-to-date module file ../../../Engine/Plugins/Media/WmfMedia/Binaries/Win64/UE4Editor-WmfMedia.dll (API version 3709383).
LogModuleManager: Display: Found up-to-date module file ../../../Engine/Plugins/Media/WmfMedia/Binaries/Win64/UE4Editor-WmfMediaEditor.dll (API version 3709383).
LogModuleManager: Display: Found up-to-date module file ../../../Engine/Plugins/Media/WmfMedia/Binaries/Win64/UE4Editor-WmfMediaFactory.dll (API version 3709383).
LogModuleManager: Display: Found up-to-date module file ../../../Engine/Plugins/Media/WmfMedia/Binaries/Win64/UE4Editor-WmfMediaFactory.dll (API version 3709383).
LogModuleManager: Display: Found up-to-date module file ../../../Engine/Plugins/Messaging/TcpMessaging/Binaries/Win64/UE4Editor-TcpMessaging.dll (API version 3709383).
LogModuleManager: Display: Found up-to-date module file ../../../Engine/Plugins/Messaging/UdpMessaging/Binaries/Win64/UE4Editor-UdpMessaging.dll (API version 3709383).
LogModuleManager: Display: Found up-to-date module file ../../../Engine/Plugins/MovieScene/ActorSequence/Binaries/Win64/UE4Editor-ActorSequence.dll (API version 3709383).
LogModuleManager: Display: Found up-to-date module file ../../../Engine/Plugins/MovieScene/LevelSequenceEditor/Binaries/Win64/UE4Editor-LevelSequenceEditor.dll (API version 3709383).
LogModuleManager: Display: Found up-to-date module file ../../../Engine/Plugins/MovieScene/MatineeToLevelSequence/Binaries/Win64/UE4Editor-MatineeToLevelSequence.dll (API version 3709383).
LogModuleManager: Display: Found up-to-date module file ../../../Engine/Plugins/Online/OnlineSubsystem/Binaries/Win64/UE4Editor-OnlineSubsystem.dll (API version 3709383).
LogModuleManager: Display: Found up-to-date module file ../../../Engine/Plugins/Online/OnlineSubsystemNull/Binaries/Win64/UE4Editor-OnlineSubsystemNull.dll (API version 3709383).
LogModuleManager: Display: Found up-to-date module file ../../../Engine/Plugins/Online/OnlineSubsystemUtils/Binaries/Win64/UE4Editor-OnlineSubsystemUtils.dll (API version 3709383).
LogModuleManager: Display: Found up-to-date module file ../../../Engine/Plugins/Online/OnlineSubsystemUtils/Binaries/Win64/UE4Editor-OnlineBlueprintSupport.dll (API version 3709383).
LogModuleManager: Display: Found up-to-date module file ../../../Engine/Plugins/Runtime/AndroidDeviceProfileSelector/Binaries/Win64/UE4Editor-AndroidDeviceProfileSelector.dll (API version 3709383).
LogModuleManager: Display: Found up-to-date module file ../../../Engine/Plugins/Runtime/AndroidPermission/Binaries/Win64/UE4Editor-AndroidPermission.dll (API version 3709383).
LogModuleManager: Display: Found up-to-date module file ../../../Engine/Plugins/Runtime/AppleARKit/Binaries/Win64/UE4Editor-AppleARKit.dll (API version 3709383).
LogModuleManager: Display: Found up-to-date module file ../../../Engine/Plugins/Runtime/ArchVisCharacter/Binaries/Win64/UE4Editor-ArchVisCharacter.dll (API version 3709383).
LogModuleManager: Display: Found up-to-date module file ../../../Engine/Plugins/Runtime/CableComponent/Binaries/Win64/UE4Editor-CableComponent.dll (API version 3709383).
LogModuleManager: Display: Found up-to-date module file ../../../Engine/Plugins/Runtime/CustomMeshComponent/Binaries/Win64/UE4Editor-CustomMeshComponent.dll (API version 3709383).
LogModuleManager: Display: Found up-to-date module file ../../../Engine/Plugins/Runtime/ExampleDeviceProfileSelector/Binaries/Win64/UE4Editor-ExampleDeviceProfileSelector.dll (API version 3709383).
LogModuleManager: Display: Found up-to-date module file ../../../Engine/Plugins/Runtime/ImmediatePhysics/Binaries/Win64/UE4Editor-ImmediatePhysics.dll (API version 3709383).
LogModuleManager: Display: Found up-to-date module file ../../../Engine/Plugins/Runtime/ImmediatePhysics/Binaries/Win64/UE4Editor-ImmediatePhysicsEditor.dll (API version 3709383).
LogModuleManager: Display: Found up-to-date module file ../../../Engine/Plugins/Runtime/LocationServicesBPLibrary/Binaries/Win64/UE4Editor-LocationServicesBPLibrary.dll (API version 3709383).
LogModuleManager: Display: Found up-to-date module file ../../../Engine/Plugins/Runtime/MobilePatchingUtils/Binaries/Win64/UE4Editor-MobilePatchingUtils.dll (API version 3709383).
LogModuleManager: Display: Found up-to-date module file ../../../Engine/Plugins/Runtime/Oculus/OculusVR/Binaries/Win64/UE4Editor-OculusHMD.dll (API version 3709383).
LogModuleManager: Display: Found up-to-date module file ../../../Engine/Plugins/Runtime/Oculus/OculusVR/Binaries/Win64/UE4Editor-OculusInput.dll (API version 3709383).
LogModuleManager: Display: Found up-to-date module file ../../../Engine/Plugins/Runtime/Oculus/OculusVR/Binaries/Win64/UE4Editor-OculusEditor.dll (API version 3709383).
LogModuleManager: Display: Found up-to-date module file ../../../Engine/Plugins/Runtime/PhysXVehicles/Binaries/Win64/UE4Editor-PhysXVehicles.dll (API version 3709383).
LogModuleManager: Display: Found up-to-date module file ../../../Engine/Plugins/Runtime/PhysXVehicles/Binaries/Win64/UE4Editor-PhysXVehiclesEditor.dll (API version 3709383).
LogModuleManager: Display: Found up-to-date module file ../../../Engine/Plugins/Runtime/ProceduralMeshComponent/Binaries/Win64/UE4Editor-ProceduralMeshComponent.dll (API version 3709383).
LogModuleManager: Display: Found up-to-date module file ../../../Engine/Plugins/Runtime/ProceduralMeshComponent/Binaries/Win64/UE4Editor-ProceduralMeshComponentEditor.dll (API version 3709383).
LogModuleManager: Display: Found up-to-date module file ../../../Engine/Plugins/Runtime/RuntimePhysXCooking/Binaries/Win64/UE4Editor-RuntimePhysXCooking.dll (API version 3709383).
LogModuleManager: Display: Found up-to-date module file ../../../Engine/Plugins/Runtime/Steam/SteamVR/Binaries/Win64/UE4Editor-SteamVR.dll (API version 3709383).
LogModuleManager: Display: Found up-to-date module file ../../../Engine/Plugins/Runtime/Steam/SteamVR/Binaries/Win64/UE4Editor-SteamVRController.dll (API version 3709383).
LogModuleManager: Display: Found up-to-date module file ../../../Engine/Plugins/Runtime/WindowsMoviePlayer/Binaries/Win64/UE4Editor-WindowsMoviePlayer.dll (API version 3709383).
LogInit: Using libcurl 7.47.1
LogInit:  - built for x86_64-pc-win32
LogInit:  - supports SSL with OpenSSL/1.0.2g
LogInit:  - supports HTTP deflate (compression) using libz 1.2.8
LogInit:  - other features:
LogInit:      CURL_VERSION_SSL
LogInit:      CURL_VERSION_LIBZ
LogInit:      CURL_VERSION_IPV6
LogInit:      CURL_VERSION_ASYNCHDNS
LogInit:      CURL_VERSION_LARGEFILE
LogInit:      CURL_VERSION_IDN
LogInit:  CurlRequestOptions (configurable via config and command line):
LogInit:  - bVerifyPeer = false  - Libcurl will NOT verify peer certificate
LogInit:  - bUseHttpProxy = false  - Libcurl will NOT use HTTP proxy
LogInit:  - bDontReuseConnections = false  - Libcurl will reuse connections
LogInit:  - CertBundlePath = nullptr  - Libcurl will use whatever was configured at build time.
LogInit: Build: ++UE4+Release-4.18-CL-3794801
LogInit: Engine Version: 4.18.2-3794801+++UE4+Release-4.18
LogInit: Compatible Engine Version: 4.18.0-3709383+++UE4+Release-4.18
LogInit: Net CL: 3709383
LogDevObjectVersion: Number of dev versions registered: 16
LogDevObjectVersion:   Dev-Blueprints (B0D832E4-1F89-4F0D-ACCF-7EB736FD4AA2): 10
LogDevObjectVersion:   Dev-Build (E1C64328-A22C-4D53-A36C-8E866417BD8C): 0
LogDevObjectVersion:   Dev-Core (375EC13C-06E4-48FB-B500-84F0262A717E): 2
LogDevObjectVersion:   Dev-Editor (E4B068ED-F494-42E9-A231-DA0B2E46BB41): 20
LogDevObjectVersion:   Dev-Framework (CFFC743F-43B0-4480-9391-14DF171D2073): 30
LogDevObjectVersion:   Dev-Mobile (B02B49B5-BB20-44E9-A304-32B752E40360): 0
LogDevObjectVersion:   Dev-Networking (A4E4105C-59A1-49B5-A7C5-40C4547EDFEE): 0
LogDevObjectVersion:   Dev-Online (39C831C9-5AE6-47DC-9A44-9C173E1C8E7C): 0
LogDevObjectVersion:   Dev-Physics (78F01B33-EBEA-4F98-B9B4-84EACCB95AA2): 0
LogDevObjectVersion:   Dev-Platform (6631380F-2D4D-43E0-8009-CF276956A95A): 0
LogDevObjectVersion:   Dev-Rendering (12F88B9F-8875-4AFC-A67C-D90C383ABD29): 20
LogDevObjectVersion:   Dev-Sequencer (7B5AE74C-D270-4C10-A958-57980B212A5A): 4
LogDevObjectVersion:   Dev-VR (D7296918-1DD6-4BDD-9DE2-64A83CC13884): 0
LogDevObjectVersion:   Dev-LoadTimes (C2A15278-BFE7-4AFE-6C17-90FF531DF755): 1
LogDevObjectVersion:   Private-Geometry (6EACA3D4-40EC-4CC1-B786-8BED09428FC5): 1
LogDevObjectVersion:   Dev-AnimPhys (29E575DD-E0A3-4627-9D10-D276232CDCEA): 12
LogInit: Compiled (64-bit): Dec  8 2017 02:04:53
LogInit: Compiled with Visual C++: 19.00.24215.01
LogInit: Build Configuration: Development
LogInit: Branch Name: ++UE4+Release-4.18
LogInit: Command line:  
LogInit: Base directory: D:/UE_4.18/Engine/Binaries/Win64/
LogInit: Installed Engine Build: 1
LogInit: Presizing for max 8388607 objects, including 0 objects not considered by GC, pre-allocating 0 bytes for permanent pool.
LogInit: Object subsystem initialized
[2018.03.27-18.03.52:309][  0]LogInit: Selected Device Profile: [Windows]
[2018.03.27-18.03.52:309][  0]LogInit: Applying CVar settings loaded from the selected device profile: [Windows]
[2018.03.27-18.03.52:369][  0]LogInit: Computer: DESKTOP-08H0EEE
[2018.03.27-18.03.52:369][  0]LogInit: User: Thomas
[2018.03.27-18.03.52:369][  0]LogInit: CPU Page size=4096, Cores=4
[2018.03.27-18.03.52:369][  0]LogInit: High frequency timer resolution =3.914064 MHz
[2018.03.27-18.03.52:369][  0]LogMemory: Memory total: Physical=31.9GB (32GB approx)
[2018.03.27-18.03.52:369][  0]LogMemory: Platform Memory Stats for Windows
[2018.03.27-18.03.52:369][  0]LogMemory: Process Physical Memory: 275.39 MB used, 275.39 MB peak
[2018.03.27-18.03.52:369][  0]LogMemory: Process Virtual Memory: 271.93 MB used, 271.93 MB peak
[2018.03.27-18.03.52:369][  0]LogMemory: Physical Memory: 6548.36 MB used,  26140.27 MB free, 32688.63 MB total
[2018.03.27-18.03.52:369][  0]LogMemory: Virtual Memory: 666.09 MB used,  26140.27 MB free, 134217728.00 MB total
[2018.03.27-18.03.52:852][  0]LogInit: Using OS detected language (en-US).
[2018.03.27-18.03.52:852][  0]LogInit: Using OS detected locale (en-US).
[2018.03.27-18.03.53:003][  0]LogTextLocalizationManager: No specific localization for 'en-US' exists, so the 'en' localization will be used.
[2018.03.27-18.03.53:453][  0]LogInit: Setting process to per monitor DPI aware
[2018.03.27-18.03.54:657][  0]LogD3D11RHI: D3D11 adapters:
[2018.03.27-18.03.54:695][  0]LogD3D11RHI:    0. 'NVIDIA GeForce GTX 1080' (Feature Level 11_0)
[2018.03.27-18.03.54:695][  0]LogD3D11RHI:       8086/0/16344 MB DedicatedVideo/DedicatedSystem/SharedSystem, Outputs:1, VendorId:0x10de
[2018.03.27-18.03.54:697][  0]LogD3D11RHI:    1. 'Microsoft Basic Render Driver' (Feature Level 11_0)
[2018.03.27-18.03.54:697][  0]LogD3D11RHI:       0/0/16344 MB DedicatedVideo/DedicatedSystem/SharedSystem, Outputs:0, VendorId:0x1414
[2018.03.27-18.03.54:697][  0]LogD3D11RHI: Chosen D3D11 Adapter: 0
[2018.03.27-18.03.54:702][  0]LogD3D11RHI: Creating new Direct3DDevice
[2018.03.27-18.03.54:702][  0]LogD3D11RHI:     GPU DeviceId: 0x1b80 (for the marketing name, search the web for "GPU Device Id")
[2018.03.27-18.03.54:702][  0]LogWindows: EnumDisplayDevices:
[2018.03.27-18.03.54:702][  0]LogWindows:    0. 'NVIDIA GeForce GTX 1080' (P:1 D:1)
[2018.03.27-18.03.54:702][  0]LogWindows:    1. 'NVIDIA GeForce GTX 1080' (P:0 D:0)
[2018.03.27-18.03.54:703][  0]LogWindows:    2. 'NVIDIA GeForce GTX 1080' (P:0 D:0)
[2018.03.27-18.03.54:703][  0]LogWindows:    3. 'NVIDIA GeForce GTX 1080' (P:0 D:0)
[2018.03.27-18.03.54:703][  0]LogWindows: DebugString: GetVideoDriverDetailsInvalid PrimaryIsNotTheChoosenAdapter GetVideoDriverDetailsInvalid PrimaryIsNotTheChoosenAdapter GetVideoDriverDetailsInvalid PrimaryIsNotTheChoosenAdapter GetVideoDriverDetailsInvalid PrimaryIsNotTheChoosenAdapter FoundDriverCount:0 
[2018.03.27-18.03.54:703][  0]LogD3D11RHI:     Adapter Name: NVIDIA GeForce GTX 1080
[2018.03.27-18.03.54:703][  0]LogD3D11RHI:   Driver Version: Unknown (internal:Unknown, unified:Unknown)
[2018.03.27-18.03.54:703][  0]LogD3D11RHI:      Driver Date: Unknown
[2018.03.27-18.03.54:703][  0]LogRHI: Texture pool is 5660 MB (70% of 8086 MB)
[2018.03.27-18.03.54:738][  0]LogD3D11RHI: Async texture creation enabled
[2018.03.27-18.03.55:000][  0]LogD3D11RHI: GPU Timing Frequency: 1000.000000 (Debug: 2 1)
[2018.03.27-18.03.55:093][  0]LogShaderCompilers: Guid format shader working directory is -22 characters bigger than the processId version (C:/Users/Thomas/Documents/GitHub/VR_SlaveExperience/SlaveVRExperience/Intermediate/Shaders/WorkingDirectory/9336/).
[2018.03.27-18.03.55:094][  0]LogShaderCompilers: Cleaned the shader compiler working directory 'C:/Users/Thomas/AppData/Local/Temp/UnrealShaderWorkingDir/778F11604AE19B2278A5E69C94A1418E/'.
[2018.03.27-18.03.55:100][  0]LogShaderCompilers: Display: Using Local Shader Compiler.
[2018.03.27-18.03.56:758][  0]LogTemp: Display: Loaded TP AllDesktopTargetPlatform
[2018.03.27-18.03.56:795][  0]LogTemp: Display: Loaded TP MacClientTargetPlatform
[2018.03.27-18.03.56:832][  0]LogTemp: Display: Loaded TP MacNoEditorTargetPlatform
[2018.03.27-18.03.56:868][  0]LogTemp: Display: Loaded TP MacServerTargetPlatform
[2018.03.27-18.03.56:929][  0]LogTemp: Display: Loaded TP MacTargetPlatform
[2018.03.27-18.03.56:966][  0]LogTemp: Display: Loaded TP WindowsClientTargetPlatform
[2018.03.27-18.03.57:003][  0]LogTemp: Display: Loaded TP WindowsNoEditorTargetPlatform
[2018.03.27-18.03.57:040][  0]LogTemp: Display: Loaded TP WindowsServerTargetPlatform
[2018.03.27-18.03.57:072][  0]LogTemp: Display: Loaded TP WindowsTargetPlatform
[2018.03.27-18.03.57:108][  0]LogTemp: Display: Loaded TP Android_ASTCTargetPlatform
[2018.03.27-18.03.57:145][  0]LogTemp: Display: Loaded TP Android_ATCTargetPlatform
[2018.03.27-18.03.57:180][  0]LogTemp: Display: Loaded TP Android_DXTTargetPlatform
[2018.03.27-18.03.57:217][  0]LogTemp: Display: Loaded TP Android_ETC1TargetPlatform
[2018.03.27-18.03.57:253][  0]LogTemp: Display: Loaded TP Android_ETC2TargetPlatform
[2018.03.27-18.03.57:326][  0]LogTemp: Display: Loaded TP Android_MultiTargetPlatform
[2018.03.27-18.03.57:326][  0]LogTemp: Display: Loaded TP Android_PVRTCTargetPlatform
[2018.03.27-18.03.57:367][  0]LogTemp: Display: Loaded TP AndroidTargetPlatform
[2018.03.27-18.03.57:395][  0]LogTemp: Display: Loaded TP HTML5TargetPlatform
[2018.03.27-18.03.57:502][  0]LogTemp: Display: Loaded TP IOSTargetPlatform
[2018.03.27-18.03.57:520][  0]LogTemp: Display: Loaded TP TVOSTargetPlatform
[2018.03.27-18.03.57:557][  0]LogTemp: Display: Loaded TP LinuxClientTargetPlatform
[2018.03.27-18.03.57:595][  0]LogTemp: Display: Loaded TP LinuxNoEditorTargetPlatform
[2018.03.27-18.03.57:634][  0]LogTemp: Display: Loaded TP LinuxServerTargetPlatform
[2018.03.27-18.03.57:683][  0]LogTemp: Display: Loaded TP LinuxTargetPlatform
[2018.03.27-18.03.57:683][  0]LogTargetPlatformManager: Display: Building Assets For Windows
[2018.03.27-18.03.58:374][  0]LogDerivedDataCache: Display: Max Cache Size: 512 MB
[2018.03.27-18.03.58:677][  0]LogDerivedDataCache: Loaded boot cache 0.30s 88MB C:/Users/Thomas/AppData/Local/UnrealEngine/4.18/DerivedDataCache/Boot.ddc.
[2018.03.27-18.03.58:678][  0]LogDerivedDataCache: Display: Loaded Boot cache: C:/Users/Thomas/AppData/Local/UnrealEngine/4.18/DerivedDataCache/Boot.ddc
[2018.03.27-18.03.58:678][  0]LogDerivedDataCache: FDerivedDataBackendGraph:  Pak pak cache file C:/Users/Thomas/Documents/GitHub/VR_SlaveExperience/SlaveVRExperience/DerivedDataCache/DDC.ddp not found, will not use a pak cache.
[2018.03.27-18.03.58:678][  0]LogDerivedDataCache: Unable to find inner node Pak for hierarchical cache Hierarchy.
[2018.03.27-18.03.58:678][  0]LogDerivedDataCache: FDerivedDataBackendGraph:  CompressedPak pak cache file C:/Users/Thomas/Documents/GitHub/VR_SlaveExperience/SlaveVRExperience/DerivedDataCache/Compressed.ddp not found, will not use a pak cache.
[2018.03.27-18.03.58:678][  0]LogDerivedDataCache: Unable to find inner node CompressedPak for hierarchical cache Hierarchy.
[2018.03.27-18.03.58:727][  0]LogDerivedDataCache: Display: Pak cache opened for reading ../../../Engine/DerivedDataCache/Compressed.ddp.
[2018.03.27-18.03.58:743][  0]LogDerivedDataCache: Using Local data cache path C:/Users/Thomas/AppData/Local/UnrealEngine/Common/DerivedDataCache: Writable
[2018.03.27-18.03.58:792][  0]LogMaterial: Verifying Global Shaders for PCD3D_SM5
[2018.03.27-18.03.58:827][  0]LogSlate: Using Freetype 2.6.0
[2018.03.27-18.03.58:873][  0]LogSlate: SlateFontCache - WITH_FREETYPE: 1, WITH_HARFBUZZ: 1
[2018.03.27-18.03.58:876][  0]LogSlate: SlateFontCache - WITH_FREETYPE: 1, WITH_HARFBUZZ: 1
[2018.03.27-18.04.01:714][  0]LogInit: Selected Device Profile: [Windows]
[2018.03.27-18.04.02:926][  0]LogSimplygon: Simplygon DLL not present - disabling.
[2018.03.27-18.04.02:957][  0]LogMeshReduction: Using SimplygonSwarm for distributed automatic mesh merging
[2018.03.27-18.04.02:966][  0]LogMeshReduction: Using QuadricMeshReduction for automatic static mesh reduction
[2018.03.27-18.04.02:974][  0]LogMeshReduction: No automatic skeletal mesh reduction module available
[2018.03.27-18.04.02:974][  0]LogMeshReduction: No automatic mesh merging module available
[2018.03.27-18.04.02:975][  0]LogMeshMerging: No automatic mesh merging module available
[2018.03.27-18.04.03:390][  0]LogNetVersion: SlaveVRExperience , NetCL: 3709383, EngineNetVer: 2, GameNetVer: 0 (Checksum: 4075405704)
[2018.03.27-18.04.04:158][  0]LogAssetRegistry: FAssetRegistry took 0.0503 seconds to start up
[2018.03.27-18.04.08:857][  0]LogPackageLocalizationCache: Processed 7 localized package path(s) for 2 prioritized culture(s) in 0.078045 seconds
[2018.03.27-18.04.08:877][  0]LogUObjectArray: 35900 objects as part of root set at end of initial load.
[2018.03.27-18.04.08:877][  0]LogUObjectAllocator: 7372016 out of 0 bytes used by permanent object pool.
[2018.03.27-18.04.08:877][  0]LogUObjectArray: CloseDisregardForGC: 0/0 objects in disregard for GC pool
[2018.03.27-18.04.08:915][  0]LogInit: WinSock: version 1.1 (2.2), MaxSocks=32767, MaxUdp=65467
[2018.03.27-18.04.19:948][  0]LogTcpMessaging: Initializing TcpMessaging bridge
[2018.03.27-18.04.20:041][  0]LogUdpMessaging: Initializing bridge on interface 0.0.0.0:0 to multicast group 230.0.0.1:6666.
[2018.03.27-18.04.21:349][  0]LogMaterial: Uniform references updated for custom material expression Custom.
[2018.03.27-18.04.21:925][  0]SourceControl: Source control is disabled
[2018.03.27-18.04.21:933][  0]SourceControl: Source control is disabled
[2018.03.27-18.04.22:035][  0]SourceControl: Source control is disabled
[2018.03.27-18.04.22:105][  0]SourceControl: Source control is disabled
[2018.03.27-18.04.23:282][  0]LogAndroidPermission: UAndroidPermissionCallbackProxy::GetInstance
[2018.03.27-18.04.23:662][  0]LogOcInput: OculusInput pre-init called
[2018.03.27-18.04.24:239][  0]LogEngine: Initializing Engine...
[2018.03.27-18.04.24:262][  0]LogHMD: Failed to initialize OpenVR with code 110
[2018.03.27-18.04.24:468][  0]LogStats: UGameplayTagsManager::ConstructGameplayTagTree: Construct from data asset -  0.000 s
[2018.03.27-18.04.24:468][  0]LogStats: UGameplayTagsManager::ConstructGameplayTagTree: GameplayTagTreeChangedEvent.Broadcast -  0.000 s
[2018.03.27-18.04.24:729][  0]LogAIModule: Creating AISystem for world Untitled
[2018.03.27-18.04.24:811][  0]LogInit: XAudio2 using 'Speakers (2- Logitech G933 Gaming Headset)' : 6 channels at 48 kHz using 16 bits per sample (channel mask 0x3f)
[2018.03.27-18.04.24:838][  0]LogInit: FAudioDevice initialized.
[2018.03.27-18.04.24:941][  0]LogDerivedDataCache: Saved boot cache 0.10s 88MB C:/Users/Thomas/AppData/Local/UnrealEngine/4.18/DerivedDataCache/Boot.ddc.
[2018.03.27-18.04.24:951][  0]LogInit: Texture streaming: Enabled
[2018.03.27-18.04.25:061][  0]LogEngineSessionManager: EngineSessionManager initialized
[2018.03.27-18.04.25:061][  0]LogEngineSessionManager: EngineSessionManager sent abnormal shutdown report. Type=AbnormalShutdown, SessionId={F079E9C8-4601-3ABC-628B-4D85202B3670}
[2018.03.27-18.04.25:271][  0]LogInit: Transaction tracking system initialized
[2018.03.27-18.04.25:797][  0]BlueprintLog: New page: Editor Load
[2018.03.27-18.04.27:477][  0]LocalizationService: Localization service is disabled
[2018.03.27-18.04.28:286][  0]LogLinker: Warning: Can't find file '/Game/ThirdPersonBP/ThirdPersonOverview'
[2018.03.27-18.04.28:286][  0]LogLinker: Warning: Can't find file '/Game/ThirdPersonBP/ThirdPersonOverview'
[2018.03.27-18.04.28:286][  0]LogUObjectGlobals: Warning: Failed to find object 'Class /Game/ThirdPersonBP/ThirdPersonOverview.ThirdPersonOverview_C'
[2018.03.27-18.04.28:667][  0]LogConsoleResponse: Display: 
[2018.03.27-18.04.29:404][  0]LogFileCache: Scanning file cache for directory 'C:/Users/Thomas/Documents/GitHub/VR_SlaveExperience/SlaveVRExperience/Content/' took 0.02s
[2018.03.27-18.04.29:404][  0]LogCook: Display: Max memory allowance for cook 16384mb min free memory 0mb
[2018.03.27-18.04.29:404][  0]LogCook: Display: Mobile HDR setting 1
[2018.03.27-18.04.29:404][  0]LogGameplayTags: Display: UGameplayTagsManager::DoneAddingNativeTags. DelegateIsBound: 0
[2018.03.27-18.04.32:074][  0]SourceControl: Source control is disabled
[2018.03.27-18.04.32:105][  0]Cmd: MAP LOAD FILE="C:/Users/Thomas/Documents/GitHub/VR_SlaveExperience/SlaveVRExperience/Content/Maps/Levels/Ship.umap" TEMPLATE=0 SHOWPROGRESS=1 FEATURELEVEL=3
[2018.03.27-18.04.32:115][  0]LightingResults: New page: Lighting Build
[2018.03.27-18.04.32:256][  0]MapCheck: New page: Map Check
[2018.03.27-18.04.32:256][  0]LightingResults: New page: Lighting Build
[2018.03.27-18.04.36:194][  0]LogAIModule: Creating AISystem for world Ship
[2018.03.27-18.04.38:074][  0]LogSkinnedMeshComp: Warning: GetSocketByName(GripPoint): No SkeletalMesh for Component(CharacterMesh1P) Actor(FP_FirstPersonCharacter_1)
[2018.03.27-18.04.38:074][  0]LogSkinnedMeshComp: Warning: GetSocketByName(GripPoint): No SkeletalMesh for Component(CharacterMesh1P) Actor(FP_FirstPersonCharacter_1)
[2018.03.27-18.04.38:074][  0]LogSkinnedMeshComp: Warning: GetSocketByName(GripPoint): No SkeletalMesh for Component(CharacterMesh1P) Actor(FP_FirstPersonCharacter_1)
[2018.03.27-18.04.38:179][  0]LogSkinnedMeshComp: Warning: GetSocketByName(GripPoint): No SkeletalMesh for Component(CharacterMesh1P) Actor(FP_FirstPersonCharacter_1)
[2018.03.27-18.04.38:292][  0]LogEditorServer: Finished looking for orphan Actors (0.000 secs)
[2018.03.27-18.04.38:658][  0]Cmd: MAP CHECKDEP NOCLEARLOG
[2018.03.27-18.04.38:746][  0]MapCheck: Map check complete: 0 Error(s), 0 Warning(s), took 83.86ms to complete.
[2018.03.27-18.04.38:746][  0]LogFileHelpers: Loading map 'Ship' took 6.658
[2018.03.27-18.04.40:356][  0]LogCollectionManager: Loaded 0 collections in 0.001222 seconds
[2018.03.27-18.04.40:520][  0]LogFileCache: Scanning file cache for directory 'C:/Users/Thomas/Documents/GitHub/VR_SlaveExperience/SlaveVRExperience/Saved/Collections/' took 0.01s
[2018.03.27-18.04.40:520][  0]LogFileCache: Scanning file cache for directory 'C:/Users/Thomas/Documents/GitHub/VR_SlaveExperience/SlaveVRExperience/Content/Developers/Thomas/Collections/' took 0.01s
[2018.03.27-18.04.40:520][  0]LogFileCache: Scanning file cache for directory 'C:/Users/Thomas/Documents/GitHub/VR_SlaveExperience/SlaveVRExperience/Content/Collections/' took 0.01s
[2018.03.27-18.04.40:520][  0]LogCollectionManager: Rebuilt the GUID cache for 0 collections in 0.000001 seconds
[2018.03.27-18.04.40:560][  0]LogContentBrowser: Native class hierarchy populated in 0.0387 seconds. Added 2370 classes and 522 folders.
[2018.03.27-18.04.40:705][  0]LogContentBrowser: Native class hierarchy updated for 'WidgetCarousel' in 0.0007 seconds. Added 0 classes and 0 folders.
[2018.03.27-18.04.41:535][  0]LogContentBrowser: Native class hierarchy updated for 'AddContentDialog' in 0.0007 seconds. Added 0 classes and 0 folders.
[2018.03.27-18.04.41:638][  0]LogContentBrowser: Native class hierarchy updated for 'SceneOutliner' in 0.0008 seconds. Added 1 classes and 2 folders.
[2018.03.27-18.04.42:382][  0]LogSlate: Took 0.004820 seconds to synchronously load lazily loaded font '../../../Engine/Content/Slate/Fonts/Roboto-Regular.ttf' (155K)
[2018.03.27-18.04.42:400][  0]LogSlate: Took 0.007528 seconds to synchronously load lazily loaded font '../../../Engine/Content/Slate/Fonts/Roboto-Bold.ttf' (160K)
[2018.03.27-18.04.42:451][  0]LogSlate: Took 0.004710 seconds to synchronously load lazily loaded font '../../../Engine/Content/Editor/Slate/Fonts/FontAwesome.ttf' (139K)
[2018.03.27-18.04.42:877][  0]LogRenderer: Reallocating scene render targets to support 1208x576 Format 26 NumSamples 1 (Frame:1).
[2018.03.27-18.04.43:596][  0]LogContentBrowser: Native class hierarchy updated for 'HierarchicalLODOutliner' in 0.0008 seconds. Added 1 classes and 2 folders.
[2018.03.27-18.04.43:596][  0]LogLoad: (Engine Initialization) Total time: 65.97 seconds
[2018.03.27-18.04.43:596][  0]LogLoad: (Engine Initialization) Total Blueprint compile time: 0.00 seconds
[2018.03.27-18.04.43:613][  0]LogExternalProfiler: Found external profiler: VSPerf
[2018.03.27-18.04.43:613][  0]LogExternalProfiler: Using external profiler: VSPerf
[2018.03.27-18.04.44:145][  0]LogContentStreaming: Texture pool size now 1000 MB
[2018.03.27-18.04.44:328][  1]LogFileCache: Retrieving MD5 hashes for directory 'C:/Users/Thomas/Documents/GitHub/VR_SlaveExperience/SlaveVRExperience/Content/' took 0.29s
[2018.03.27-18.04.44:459][  1]LogSlate: Took 0.006045 seconds to synchronously load lazily loaded font '../../../Engine/Content/Slate/Fonts/Roboto-Light.ttf' (159K)
[2018.03.27-18.04.44:697][  2]LogScript: Warning: Accessed None trying to read property CallFunc_TryGetPawnOwner_ReturnValue
	Slave_animBP1_C /Engine/Transient.World_0:PersistentLevel.SkeletalMeshActor_0.SkeletalMeshComponent0.Slave_animBP1_C_0
	Function /Game/AI/Slave_animBP1.Slave_animBP1_C:ExecuteUbergraph_Slave_animBP1:0078
[2018.03.27-18.04.44:697][  2]LogScript: Warning: Accessed None trying to read property CallFunc_GetMovementComponent_ReturnValue
	Slave_animBP1_C /Engine/Transient.World_0:PersistentLevel.SkeletalMeshActor_0.SkeletalMeshComponent0.Slave_animBP1_C_0
	Function /Game/AI/Slave_animBP1.Slave_animBP1_C:ExecuteUbergraph_Slave_animBP1:00B7
[2018.03.27-18.04.44:748][  2]LogAssetRegistry: Asset discovery search completed in 40.6111 seconds
[2018.03.27-18.04.44:774][  2]LogCollectionManager: Rebuilt the object cache for 0 collections in 0.000000 seconds (found 0 objects)
[2018.03.27-18.04.44:774][  2]LogCollectionManager: Fixed up redirectors for 0 collections in 0.000054 seconds (updated 0 objects)
[2018.03.27-18.05.35:212][325]LogSlate: Took 0.000231 seconds to synchronously load lazily loaded font '../../../Engine/Content/Slate/Fonts/Roboto-Light.ttf' (159K)
[2018.03.27-18.05.35:721][325]LogContentBrowser: Native class hierarchy updated for 'BlueprintGraph' in 0.0042 seconds. Added 116 classes and 0 folders.
[2018.03.27-18.05.36:505][325]LogSlate: Took 0.000215 seconds to synchronously load lazily loaded font '../../../Engine/Content/Slate/Fonts/Roboto-Regular.ttf' (155K)
[2018.03.27-18.05.36:793][325]LogSlate: Took 0.004558 seconds to synchronously load lazily loaded font '../../../Engine/Content/Editor/Slate/Fonts/Roboto-BoldCondensed.ttf' (158K)
[2018.03.27-18.06.12:527][  2]LogEditorViewport: Clicking on Actor (LMB): NPC_bp_C (NPC_bp)
[2018.03.27-18.06.21:609][429]LogSlate: Took 0.007818 seconds to synchronously load lazily loaded font '../../../Engine/Content/Editor/Slate/Fonts/Roboto-Italic.ttf' (157K)
[2018.03.27-18.07.11:450][479]LogSlate: Took 0.000227 seconds to synchronously load lazily loaded font '../../../Engine/Content/Slate/Fonts/Roboto-Light.ttf' (159K)
[2018.03.27-18.08.34:073][703]Cmd: TRANSACTION UNDO
[2018.03.27-18.08.34:073][703]LogEditorTransaction: Undo Edit Selected Key Name
[2018.03.27-18.08.34:515][718]Cmd: TRANSACTION UNDO
[2018.03.27-18.08.34:515][718]LogEditorTransaction: Undo Edit Selected Key ID
[2018.03.27-18.08.34:909][732]Cmd: TRANSACTION UNDO
[2018.03.27-18.08.34:909][732]LogEditorTransaction: Undo Edit Selected Key Type
[2018.03.27-18.08.36:135][773]Cmd: TRANSACTION UNDO
[2018.03.27-18.08.36:135][773]LogEditorTransaction: Undo Edit Selected Key Name
[2018.03.27-18.09.45:452][718]LogSavePackage: Save=37.12ms
[2018.03.27-18.09.45:452][718]LogSavePackage: Moving 'C:/Users/Thomas/Documents/GitHub/VR_SlaveExperience/SlaveVRExperience/Saved/TestAIBehaviorTreeDC8D78CF45814C74E72F59AA824AE8B1.tmp' to 'C:/Users/Thomas/Documents/GitHub/VR_SlaveExperience/SlaveVRExperience/Content/AI/BehaviorTree/TestAIBehaviorTree.uasset'
[2018.03.27-18.09.45:486][718]LogSavePackage: Display: Finished SavePackage C:/Users/Thomas/Documents/GitHub/VR_SlaveExperience/SlaveVRExperience/Content/AI/BehaviorTree/TestAIBehaviorTree.uasset
[2018.03.27-18.10.49:251][240]Cmd: OBJ SAVEPACKAGE PACKAGE="/Game/AI/TestAIBlackboard" FILE="C:/Users/Thomas/Documents/GitHub/VR_SlaveExperience/SlaveVRExperience/Content/AI/TestAIBlackboard.uasset" SILENT=true
[2018.03.27-18.10.49:261][240]LogSavePackage: Save=2.91ms
[2018.03.27-18.10.49:261][240]LogSavePackage: Moving 'C:/Users/Thomas/Documents/GitHub/VR_SlaveExperience/SlaveVRExperience/Saved/TestAIBlackboard402B99DD41B76471D7B55788C07544AA.tmp' to 'C:/Users/Thomas/Documents/GitHub/VR_SlaveExperience/SlaveVRExperience/Content/AI/TestAIBlackboard.uasset'
[2018.03.27-18.10.49:264][240]LogSavePackage: Display: Finished SavePackage C:/Users/Thomas/Documents/GitHub/VR_SlaveExperience/SlaveVRExperience/Content/AI/TestAIBlackboard.uasset
[2018.03.27-18.12.45:653][ 54]LogSavePackage: Save=8.19ms
[2018.03.27-18.12.45:653][ 54]LogSavePackage: Moving 'C:/Users/Thomas/Documents/GitHub/VR_SlaveExperience/SlaveVRExperience/Saved/TestAIBehaviorTree336DA5F0435062854F2340A70EF8AB19.tmp' to 'C:/Users/Thomas/Documents/GitHub/VR_SlaveExperience/SlaveVRExperience/Content/AI/BehaviorTree/TestAIBehaviorTree.uasset'
[2018.03.27-18.12.45:657][ 54]LogSavePackage: Display: Finished SavePackage C:/Users/Thomas/Documents/GitHub/VR_SlaveExperience/SlaveVRExperience/Content/AI/BehaviorTree/TestAIBehaviorTree.uasset
[2018.03.27-18.13.16:426][193]LogSavePackage: Save=5.98ms
[2018.03.27-18.13.16:426][193]LogSavePackage: Moving 'C:/Users/Thomas/Documents/GitHub/VR_SlaveExperience/SlaveVRExperience/Saved/TestAIBehaviorTree16A407FC4A4D9D9BCB15C38D5953E01C.tmp' to 'C:/Users/Thomas/Documents/GitHub/VR_SlaveExperience/SlaveVRExperience/Content/AI/BehaviorTree/TestAIBehaviorTree.uasset'
[2018.03.27-18.13.16:430][193]LogSavePackage: Display: Finished SavePackage C:/Users/Thomas/Documents/GitHub/VR_SlaveExperience/SlaveVRExperience/Content/AI/BehaviorTree/TestAIBehaviorTree.uasset
[2018.03.27-18.14.43:958][111]LogFileHelpers: Editor autosave (incl. sublevels) for '/Game/Maps/Levels/Ship' took 0.039
[2018.03.27-18.14.43:976][111]OBJ SavePackage: Generating thumbnails for [0] asset(s) in package [/Game/AI/BehaviorTree/TestAIBehaviorTree] ([1] browsable assets)...
[2018.03.27-18.14.43:976][111]OBJ SavePackage: Finished generating thumbnails for package [/Game/AI/BehaviorTree/TestAIBehaviorTree]
[2018.03.27-18.14.43:985][111]LogSavePackage: Save=5.50ms
[2018.03.27-18.14.43:985][111]LogSavePackage: Moving 'C:/Users/Thomas/Documents/GitHub/VR_SlaveExperience/SlaveVRExperience/Saved/TestAIBehaviorTree_Auto1BDFC9A864083748C0A3C65A2AE66710A.tmp' to 'C:/Users/Thomas/Documents/GitHub/VR_SlaveExperience/SlaveVRExperience/Saved/Autosaves/Game/AI/BehaviorTree/TestAIBehaviorTree_Auto1.uasset'
[2018.03.27-18.14.43:988][111]LogSavePackage: Display: Finished SavePackage C:/Users/Thomas/Documents/GitHub/VR_SlaveExperience/SlaveVRExperience/Saved/Autosaves/Game/AI/BehaviorTree/TestAIBehaviorTree_Auto1.uasset
[2018.03.27-18.14.43:988][111]LogFileHelpers: Auto-saving content packages took 0.029
[2018.03.27-18.14.47:971][243]LogSavePackage: Save=6.55ms
[2018.03.27-18.14.47:972][243]LogSavePackage: Moving 'C:/Users/Thomas/Documents/GitHub/VR_SlaveExperience/SlaveVRExperience/Saved/TestAIBehaviorTree811D493743032507790AEB8E6DB625FB.tmp' to 'C:/Users/Thomas/Documents/GitHub/VR_SlaveExperience/SlaveVRExperience/Content/AI/BehaviorTree/TestAIBehaviorTree.uasset'
[2018.03.27-18.14.47:976][243]LogSavePackage: Display: Finished SavePackage C:/Users/Thomas/Documents/GitHub/VR_SlaveExperience/SlaveVRExperience/Content/AI/BehaviorTree/TestAIBehaviorTree.uasset
[2018.03.27-18.15.02:735][789]LogBlueprint: Error: [Compiler TimedWork] In use pin  <Unnamed>  no longer exists on node  Toggle Is Working . Please refresh node or break links to remove pin.
[2018.03.27-18.15.02:735][789]LogBlueprint: Error: [Compiler TimedWork] In use pin  <Unnamed>  no longer exists on node  Toggle Is Working . Please refresh node or break links to remove pin.
[2018.03.27-18.15.02:735][789]LogBlueprint: Error: [Compiler TimedWork] In use pin  Target  no longer exists on node  Toggle Is Working . Please refresh node or break links to remove pin.
[2018.03.27-18.15.02:735][789]LogBlueprint: Error: [Compiler TimedWork] Could not find a function named "ToggleIsWorking" in 'TimedWork'.
Make sure 'TimedWork' has been compiled for  Toggle Is Working
[2018.03.27-18.15.02:735][789]LogBlueprint: Error: [Compiler TimedWork] Can't connect pins  Owner Actor  and  Object : This cast has an invalid target type (was the class deleted without a redirect?).
[2018.03.27-18.15.02:735][789]LogBlueprint: Error: [Compiler TimedWork] Can't connect pins  Object  and  Return Value : This cast has an invalid target type (was the class deleted without a redirect?).
[2018.03.27-18.15.02:735][789]LogBlueprint: Error: [Compiler TimedWork] In use pin  As Slave Anim BP1  no longer exists on node  Bad cast node . Please refresh node or break links to remove pin.
[2018.03.27-18.15.02:735][789]LogBlueprint: Error: [Compiler TimedWork] Can't connect pins  Return Value  and  Object : This cast has an invalid target type (was the class deleted without a redirect?).
[2018.03.27-18.15.02:735][789]LogBlueprint: Error: [Compiler TimedWork] Can't connect pins  Object  and  Return Value : This cast has an invalid target type (was the class deleted without a redirect?).
[2018.03.27-18.15.02:735][789]LogBlueprint: Error: [Compiler TimedWork] In use pin  As NPC Bp 1  no longer exists on node  Bad cast node . Please refresh node or break links to remove pin.
[2018.03.27-18.15.02:735][789]LogBlueprint: Error: [Compiler TimedWork] Can't connect pins  Return Value  and  Object : This cast has an invalid target type (was the class deleted without a redirect?).
[2018.03.27-18.15.02:735][789]LogBlueprint: Error: [Compiler TimedWork] Can't connect pins  Object  and  Owner Actor : This cast has an invalid target type (was the class deleted without a redirect?).
[2018.03.27-18.15.02:735][789]LogBlueprint: Error: [Compiler TimedWork] In use pin  As Test AIController  no longer exists on node  Bad cast node . Please refresh node or break links to remove pin.
[2018.03.27-18.15.02:737][789]LogBlueprint: Warning: [Compiler TimedWork] [0685.11] Compile of TimedWork failed. 13 Fatal Issue(s) 0 Warning(s) [in 7 ms] (/Game/AI/BehaviorTree/TimedWork.TimedWork)
[2018.03.27-18.15.22:986][618]LogEditorTransaction: Undo Refresh Node(s)
[2018.03.27-18.16.44:374][654]LogActorComponent: UnregisterComponent: (/Engine/Transient.EditorFloorComp) Not registered. Aborting.
[2018.03.27-18.17.01:983][174]LogActorComponent: UnregisterComponent: (/Engine/Transient.EditorFloorComp) Not registered. Aborting.
[2018.03.27-18.18.30:480][488]BlueprintLog: New page: Compile TimedWork
[2018.03.27-18.18.31:171][509]Cmd: OBJ SAVEPACKAGE PACKAGE="/Game/AI/BehaviorTree/TimedWork" FILE="C:/Users/Thomas/Documents/GitHub/VR_SlaveExperience/SlaveVRExperience/Content/AI/BehaviorTree/TimedWork.uasset" SILENT=true
[2018.03.27-18.18.31:207][509]LogSavePackage: Save=31.78ms
[2018.03.27-18.18.31:208][509]LogSavePackage: Moving 'C:/Users/Thomas/Documents/GitHub/VR_SlaveExperience/SlaveVRExperience/Saved/TimedWorkD0B4DBE34C108F6F170C5BB3224193DD.tmp' to 'C:/Users/Thomas/Documents/GitHub/VR_SlaveExperience/SlaveVRExperience/Content/AI/BehaviorTree/TimedWork.uasset'
[2018.03.27-18.18.31:211][509]LogSavePackage: Display: Finished SavePackage C:/Users/Thomas/Documents/GitHub/VR_SlaveExperience/SlaveVRExperience/Content/AI/BehaviorTree/TimedWork.uasset
[2018.03.27-18.18.33:551][592]LogSavePackage: Save=5.86ms
[2018.03.27-18.18.33:551][592]LogSavePackage: Moving 'C:/Users/Thomas/Documents/GitHub/VR_SlaveExperience/SlaveVRExperience/Saved/TestAIBehaviorTree2BA89FDD409089D59064E899C23B8BE6.tmp' to 'C:/Users/Thomas/Documents/GitHub/VR_SlaveExperience/SlaveVRExperience/Content/AI/BehaviorTree/TestAIBehaviorTree.uasset'
[2018.03.27-18.18.33:554][592]LogSavePackage: Display: Finished SavePackage C:/Users/Thomas/Documents/GitHub/VR_SlaveExperience/SlaveVRExperience/Content/AI/BehaviorTree/TestAIBehaviorTree.uasset
[2018.03.27-18.22.36:242][502]BlueprintLog: New page: Compile TimedWork
[2018.03.27-18.22.36:911][522]Cmd: OBJ SAVEPACKAGE PACKAGE="/Game/AI/BehaviorTree/TimedWork" FILE="C:/Users/Thomas/Documents/GitHub/VR_SlaveExperience/SlaveVRExperience/Content/AI/BehaviorTree/TimedWork.uasset" SILENT=true
[2018.03.27-18.22.36:929][522]LogSavePackage: Save=14.35ms
[2018.03.27-18.22.36:929][522]LogSavePackage: Moving 'C:/Users/Thomas/Documents/GitHub/VR_SlaveExperience/SlaveVRExperience/Saved/TimedWork73B416CC49DE600AA7D1A384E5A3F922.tmp' to 'C:/Users/Thomas/Documents/GitHub/VR_SlaveExperience/SlaveVRExperience/Content/AI/BehaviorTree/TimedWork.uasset'
[2018.03.27-18.22.36:933][522]LogSavePackage: Display: Finished SavePackage C:/Users/Thomas/Documents/GitHub/VR_SlaveExperience/SlaveVRExperience/Content/AI/BehaviorTree/TimedWork.uasset
[2018.03.27-18.23.53:692][699]LogSavePackage: Save=5.75ms
[2018.03.27-18.23.53:692][699]LogSavePackage: Moving 'C:/Users/Thomas/Documents/GitHub/VR_SlaveExperience/SlaveVRExperience/Saved/TestAIBehaviorTree3EDB3D8F42983AAEE8BE3EBF4801A1B7.tmp' to 'C:/Users/Thomas/Documents/GitHub/VR_SlaveExperience/SlaveVRExperience/Content/AI/BehaviorTree/TestAIBehaviorTree.uasset'
[2018.03.27-18.23.53:696][699]LogSavePackage: Display: Finished SavePackage C:/Users/Thomas/Documents/GitHub/VR_SlaveExperience/SlaveVRExperience/Content/AI/BehaviorTree/TestAIBehaviorTree.uasset
[2018.03.27-18.53.27:543][884]LogSlate: Warning: Prevented a slow task dialog from being summoned while a context menu was open
[2018.03.27-18.53.35:386][128]LogSlate: Warning: Prevented a slow task dialog from being summoned while a context menu was open
[2018.03.27-18.53.35:563][128]LogPackageName: SearchForPackageOnDisk took   0.000s, but failed to resolve /Game/AI/BehaviorTree/SetPatrol_New.
[2018.03.27-18.55.14:692][458]LogEditorTransaction: Undo Duplicate Graph
[2018.03.27-18.55.22:744][769]BlueprintLog: New page: Compile SetPatrol
[2018.03.27-18.55.23:315][785]Cmd: OBJ SAVEPACKAGE PACKAGE="/Game/AI/BehaviorTree/SetPatrol" FILE="C:/Users/Thomas/Documents/GitHub/VR_SlaveExperience/SlaveVRExperience/Content/AI/BehaviorTree/SetPatrol.uasset" SILENT=true
[2018.03.27-18.55.23:357][785]LogSavePackage: Save=37.65ms
[2018.03.27-18.55.23:358][785]LogSavePackage: Moving 'C:/Users/Thomas/Documents/GitHub/VR_SlaveExperience/SlaveVRExperience/Saved/SetPatrol1EA3A3104718AF2299BE10826657E0F5.tmp' to 'C:/Users/Thomas/Documents/GitHub/VR_SlaveExperience/SlaveVRExperience/Content/AI/BehaviorTree/SetPatrol.uasset'
[2018.03.27-18.55.23:365][785]LogSavePackage: Display: Finished SavePackage C:/Users/Thomas/Documents/GitHub/VR_SlaveExperience/SlaveVRExperience/Content/AI/BehaviorTree/SetPatrol.uasset
[2018.03.27-18.56.52:737][330]LogSlate: Warning: Prevented a slow task dialog from being summoned while a context menu was open
[2018.03.27-18.56.53:825][365]LogSlate: Warning: Prevented a slow task dialog from being summoned while a context menu was open
[2018.03.27-18.56.54:000][365]LogPackageName: SearchForPackageOnDisk took   0.000s, but failed to resolve /Game/AI/BehaviorTree/BTTask_BlueprintBase_New.
[2018.03.27-18.56.55:727][446]LogBlueprint: Warning: [BTTask_BlueprintBase_New] 'IsOld' variable not found. Base class was probably changed. /Game/AI/BehaviorTree/BTTask_BlueprintBase_New.BTTask_BlueprintBase_New
[2018.03.27-18.56.55:727][446]LogBlueprint: Warning: [BTTask_BlueprintBase_New] 'IsOld' variable not found. Base class was probably changed. /Game/AI/BehaviorTree/BTTask_BlueprintBase_New.BTTask_BlueprintBase_New
[2018.03.27-18.56.55:727][446]LogBlueprint: Warning: [BTTask_BlueprintBase_New] 'IsOld' variable not found. Base class was probably changed. /Game/AI/BehaviorTree/BTTask_BlueprintBase_New.BTTask_BlueprintBase_New
[2018.03.27-18.56.55:727][446]LogBlueprint: Warning: [BTTask_BlueprintBase_New] 'PatrolCurr' variable not found. Base class was probably changed. /Game/AI/BehaviorTree/BTTask_BlueprintBase_New.BTTask_BlueprintBase_New
[2018.03.27-18.56.55:727][446]LogBlueprint: Warning: [BTTask_BlueprintBase_New] 'PatrolCurr' variable not found. Base class was probably changed. /Game/AI/BehaviorTree/BTTask_BlueprintBase_New.BTTask_BlueprintBase_New
[2018.03.27-18.56.55:727][446]LogBlueprint: Warning: [BTTask_BlueprintBase_New] 'PatrolTarget' variable not found. Base class was probably changed. /Game/AI/BehaviorTree/BTTask_BlueprintBase_New.BTTask_BlueprintBase_New
[2018.03.27-18.56.55:727][446]LogBlueprint: Warning: [BTTask_BlueprintBase_New] 'PatrolCurr' variable not found. Base class was probably changed. /Game/AI/BehaviorTree/BTTask_BlueprintBase_New.BTTask_BlueprintBase_New
[2018.03.27-18.56.55:727][446]LogBlueprint: Warning: [BTTask_BlueprintBase_New] 'PatrolCurr' variable not found. Base class was probably changed. /Game/AI/BehaviorTree/BTTask_BlueprintBase_New.BTTask_BlueprintBase_New
[2018.03.27-18.56.55:727][446]LogBlueprint: Warning: [BTTask_BlueprintBase_New] 'PatrolTarget' variable not found. Base class was probably changed. /Game/AI/BehaviorTree/BTTask_BlueprintBase_New.BTTask_BlueprintBase_New
[2018.03.27-18.56.55:727][446]LogBlueprint: Warning: [BTTask_BlueprintBase_New] 'PatrolTarget' variable not found. Base class was probably changed. /Game/AI/BehaviorTree/BTTask_BlueprintBase_New.BTTask_BlueprintBase_New
[2018.03.27-18.56.55:728][446]LogBlueprint: Warning: [BTTask_BlueprintBase_New] 'PatrolTarget' variable not found. Base class was probably changed. /Game/AI/BehaviorTree/BTTask_BlueprintBase_New.BTTask_BlueprintBase_New
[2018.03.27-18.57.57:385][415]LogPackageName: SearchForPackageOnDisk took   0.000s, but failed to resolve /Game/AI/BehaviorTree/FixedPatrol.
[2018.03.27-18.57.57:406][415]Cmd: OBJ SAVEPACKAGE PACKAGE="/Game/AI/BehaviorTree/FixedPatrol" FILE="C:/Users/Thomas/Documents/GitHub/VR_SlaveExperience/SlaveVRExperience/Content/AI/BehaviorTree/FixedPatrol.uasset" SILENT=true
[2018.03.27-18.57.57:430][415]LogSavePackage: Save=23.17ms
[2018.03.27-18.57.57:431][415]LogSavePackage: Moving 'C:/Users/Thomas/Documents/GitHub/VR_SlaveExperience/SlaveVRExperience/Saved/FixedPatrol6DC6D1F84CEB3FFDAA38B6881D52F8EB.tmp' to 'C:/Users/Thomas/Documents/GitHub/VR_SlaveExperience/SlaveVRExperience/Content/AI/BehaviorTree/FixedPatrol.uasset'
[2018.03.27-18.57.57:434][415]LogSavePackage: Display: Finished SavePackage C:/Users/Thomas/Documents/GitHub/VR_SlaveExperience/SlaveVRExperience/Content/AI/BehaviorTree/FixedPatrol.uasset
[2018.03.27-18.57.57:750][418]LogPackageName: SearchForPackageOnDisk took   0.000s to resolve /Game/AI/BehaviorTree/FixedPatrol.
[2018.03.27-18.58.00:780][537]LogFileHelpers: Editor autosave (incl. sublevels) for '/Game/Maps/Levels/Ship' took 0.017
[2018.03.27-18.58.00:781][537]OBJ SavePackage: Generating thumbnails for [0] asset(s) in package [/Game/AI/BehaviorTree/SetPatrol_New] ([1] browsable assets)...
[2018.03.27-18.58.00:781][537]OBJ SavePackage: Finished generating thumbnails for package [/Game/AI/BehaviorTree/SetPatrol_New]
[2018.03.27-18.58.00:789][537]LogSavePackage: Save=6.08ms
[2018.03.27-18.58.00:789][537]LogSavePackage: Moving 'C:/Users/Thomas/Documents/GitHub/VR_SlaveExperience/SlaveVRExperience/Saved/SetPatrol_New_Auto23BE1CFC34B0C254FF9C3EC95AB62E214.tmp' to 'C:/Users/Thomas/Documents/GitHub/VR_SlaveExperience/SlaveVRExperience/Saved/Autosaves/Game/AI/BehaviorTree/SetPatrol_New_Auto2.uasset'
[2018.03.27-18.58.00:791][537]LogSavePackage: Display: Finished SavePackage C:/Users/Thomas/Documents/GitHub/VR_SlaveExperience/SlaveVRExperience/Saved/Autosaves/Game/AI/BehaviorTree/SetPatrol_New_Auto2.uasset
[2018.03.27-18.58.00:792][537]OBJ SavePackage: Generating thumbnails for [0] asset(s) in package [/Game/AI/BehaviorTree/BTTask_BlueprintBase_New] ([1] browsable assets)...
[2018.03.27-18.58.00:792][537]OBJ SavePackage: Finished generating thumbnails for package [/Game/AI/BehaviorTree/BTTask_BlueprintBase_New]
[2018.03.27-18.58.00:814][537]LogSavePackage: Save=20.52ms
[2018.03.27-18.58.00:814][537]LogSavePackage: Moving 'C:/Users/Thomas/Documents/GitHub/VR_SlaveExperience/SlaveVRExperience/Saved/BTTask_BlueprintBase_New_Auto27D55A31445C455255F23F3B2BDA25438.tmp' to 'C:/Users/Thomas/Documents/GitHub/VR_SlaveExperience/SlaveVRExperience/Saved/Autosaves/Game/AI/BehaviorTree/BTTask_BlueprintBase_New_Auto2.uasset'
[2018.03.27-18.58.00:815][537]LogSavePackage: Display: Finished SavePackage C:/Users/Thomas/Documents/GitHub/VR_SlaveExperience/SlaveVRExperience/Saved/Autosaves/Game/AI/BehaviorTree/BTTask_BlueprintBase_New_Auto2.uasset
[2018.03.27-18.58.00:816][537]LogFileHelpers: Auto-saving content packages took 0.035
[2018.03.27-18.59.18:507][897]LogSlate: Took 0.002953 seconds to synchronously load lazily loaded font '../../../Engine/Content/Editor/Slate/Fonts/Roboto-BoldCondensedItalic.ttf' (160K)
[2018.03.27-19.02.22:377][609]BlueprintLog: New page: Compile SetPatrol
[2018.03.27-19.03.17:542][953]LogEditorTransaction: Undo Move Nodes
[2018.03.27-19.03.18:878][999]LogEditorTransaction: Undo Paste clipboard contents
[2018.03.27-19.05.01:204][136]Cmd: TRANSACTION UNDO
[2018.03.27-19.05.01:204][136]LogEditorTransaction: Undo Create Pin Link
[2018.03.27-19.07.26:177][879]LogClass: Warning: Type mismatch in NewVar_0 of SKEL_FixedPatrol_C - Previous (StructProperty) Current(ObjectProperty) for package:  FObjectReader
[2018.03.27-19.07.33:566][167]BlueprintLog: New page: Compile FixedPatrol
[2018.03.27-19.09.41:380][446]BlueprintLog: New page: Compile FixedPatrol
[2018.03.27-19.09.42:002][466]Cmd: OBJ SAVEPACKAGE PACKAGE="/Game/AI/BehaviorTree/FixedPatrol" FILE="C:/Users/Thomas/Documents/GitHub/VR_SlaveExperience/SlaveVRExperience/Content/AI/BehaviorTree/FixedPatrol.uasset" SILENT=true
[2018.03.27-19.09.42:034][466]LogSavePackage: Save=26.49ms
[2018.03.27-19.09.42:034][466]LogSavePackage: Moving 'C:/Users/Thomas/Documents/GitHub/VR_SlaveExperience/SlaveVRExperience/Saved/FixedPatrol11E1C65A44539E2BC504F3A3997F7D9A.tmp' to 'C:/Users/Thomas/Documents/GitHub/VR_SlaveExperience/SlaveVRExperience/Content/AI/BehaviorTree/FixedPatrol.uasset'
[2018.03.27-19.09.42:038][466]LogSavePackage: Display: Finished SavePackage C:/Users/Thomas/Documents/GitHub/VR_SlaveExperience/SlaveVRExperience/Content/AI/BehaviorTree/FixedPatrol.uasset
[2018.03.27-19.10.10:482][645]LogFileHelpers: Editor autosave (incl. sublevels) for '/Game/Maps/Levels/Ship' took 0.016
[2018.03.27-19.10.10:488][645]OBJ SavePackage: Generating thumbnails for [0] asset(s) in package [/Game/AI/BehaviorTree/SetPatrol_New] ([1] browsable assets)...
[2018.03.27-19.10.10:489][645]OBJ SavePackage: Finished generating thumbnails for package [/Game/AI/BehaviorTree/SetPatrol_New]
[2018.03.27-19.10.10:492][645]LogSavePackage: Save=2.10ms
[2018.03.27-19.10.10:492][645]LogSavePackage: Moving 'C:/Users/Thomas/Documents/GitHub/VR_SlaveExperience/SlaveVRExperience/Saved/SetPatrol_New_Auto326A8AE074CBAEF3D3F65969EB8888AD4.tmp' to 'C:/Users/Thomas/Documents/GitHub/VR_SlaveExperience/SlaveVRExperience/Saved/Autosaves/Game/AI/BehaviorTree/SetPatrol_New_Auto3.uasset'
[2018.03.27-19.10.10:494][645]LogSavePackage: Display: Finished SavePackage C:/Users/Thomas/Documents/GitHub/VR_SlaveExperience/SlaveVRExperience/Saved/Autosaves/Game/AI/BehaviorTree/SetPatrol_New_Auto3.uasset
[2018.03.27-19.10.10:494][645]LogFileHelpers: Auto-saving content packages took 0.007
[2018.03.27-19.22.52:748][482]LogFileHelpers: Editor autosave (incl. sublevels) for '/Game/Maps/Levels/Ship' took 0.021
[2018.03.27-19.22.52:753][482]OBJ SavePackage: Generating thumbnails for [0] asset(s) in package [/Game/AI/BehaviorTree/FixedPatrol] ([1] browsable assets)...
[2018.03.27-19.22.52:753][482]OBJ SavePackage: Finished generating thumbnails for package [/Game/AI/BehaviorTree/FixedPatrol]
[2018.03.27-19.22.52:800][482]LogSavePackage: Save=35.82ms
[2018.03.27-19.22.52:800][482]LogSavePackage: Moving 'C:/Users/Thomas/Documents/GitHub/VR_SlaveExperience/SlaveVRExperience/Saved/FixedPatrol_Auto47247647C410E1631BC076CA6165CDB7A.tmp' to 'C:/Users/Thomas/Documents/GitHub/VR_SlaveExperience/SlaveVRExperience/Saved/Autosaves/Game/AI/BehaviorTree/FixedPatrol_Auto4.uasset'
[2018.03.27-19.22.52:802][482]LogSavePackage: Display: Finished SavePackage C:/Users/Thomas/Documents/GitHub/VR_SlaveExperience/SlaveVRExperience/Saved/Autosaves/Game/AI/BehaviorTree/FixedPatrol_Auto4.uasset
[2018.03.27-19.22.52:802][482]LogFileHelpers: Auto-saving content packages took 0.050
[2018.03.27-19.27.26:362][160]LogEditorViewport: Clicking on Actor (LMB): PatrolPoint_C (PatrolPoint2)
[2018.03.27-19.27.27:321][161]LogEditorViewport: Clicking on Actor (LMB): PatrolPoint_C (PatrolPoint2)
[2018.03.27-19.27.30:667][561]LogEditorViewport: Clicking on Actor (LMB): PatrolPoint_C (PatrolPoint)
[2018.03.27-19.27.31:621][673]LogEditorViewport: Clicking on Actor (LMB): Actor (NPCDestination1)
[2018.03.27-19.27.33:776][928]LogEditorViewport: Clicking on Actor (LMB): Landscape (Landscape1)
[2018.03.27-19.27.41:396][749]LogEditorViewport: Clicking on Actor (LMB): PatrolPoint_C (PatrolPoint)
[2018.03.27-19.29.24:612][ 52]BlueprintLog: New page: Compile PatrolPoint
[2018.03.27-19.29.48:290][ 61]BlueprintLog: New page: Compile PatrolPoint
[2018.03.27-19.30.04:756][709]BlueprintLog: New page: Compile PatrolPoint
[2018.03.27-19.30.05:110][709]Cmd: OBJ SAVEPACKAGE PACKAGE="/Game/AI/PatrolPoint" FILE="C:/Users/Thomas/Documents/GitHub/VR_SlaveExperience/SlaveVRExperience/Content/AI/PatrolPoint.uasset" SILENT=true
[2018.03.27-19.30.05:122][709]LogSavePackage: Save=6.77ms
[2018.03.27-19.30.05:122][709]LogSavePackage: Moving 'C:/Users/Thomas/Documents/GitHub/VR_SlaveExperience/SlaveVRExperience/Saved/PatrolPoint3602E1D147791C7E819BD68F31A35A53.tmp' to 'C:/Users/Thomas/Documents/GitHub/VR_SlaveExperience/SlaveVRExperience/Content/AI/PatrolPoint.uasset'
[2018.03.27-19.30.05:126][709]LogSavePackage: Display: Finished SavePackage C:/Users/Thomas/Documents/GitHub/VR_SlaveExperience/SlaveVRExperience/Content/AI/PatrolPoint.uasset
[2018.03.27-19.30.22:213][397]BlueprintLog: New page: Compile PatrolPoint
[2018.03.27-19.30.24:337][462]Cmd: OBJ SAVEPACKAGE PACKAGE="/Game/AI/PatrolPoint" FILE="C:/Users/Thomas/Documents/GitHub/VR_SlaveExperience/SlaveVRExperience/Content/AI/PatrolPoint.uasset" SILENT=true
[2018.03.27-19.30.24:348][462]LogSavePackage: Save=6.30ms
[2018.03.27-19.30.24:348][462]LogSavePackage: Moving 'C:/Users/Thomas/Documents/GitHub/VR_SlaveExperience/SlaveVRExperience/Saved/PatrolPointC311DB3F46D6B17E15F3B3BD0607D2F5.tmp' to 'C:/Users/Thomas/Documents/GitHub/VR_SlaveExperience/SlaveVRExperience/Content/AI/PatrolPoint.uasset'
[2018.03.27-19.30.24:351][462]LogSavePackage: Display: Finished SavePackage C:/Users/Thomas/Documents/GitHub/VR_SlaveExperience/SlaveVRExperience/Content/AI/PatrolPoint.uasset
[2018.03.27-19.30.27:093][580]BlueprintLog: New page: Compile PatrolPoint
[2018.03.27-19.30.27:827][593]Cmd: OBJ SAVEPACKAGE PACKAGE="/Game/AI/PatrolPoint" FILE="C:/Users/Thomas/Documents/GitHub/VR_SlaveExperience/SlaveVRExperience/Content/AI/PatrolPoint.uasset" SILENT=true
[2018.03.27-19.30.27:837][593]LogSavePackage: Save=6.36ms
[2018.03.27-19.30.27:837][593]LogSavePackage: Moving 'C:/Users/Thomas/Documents/GitHub/VR_SlaveExperience/SlaveVRExperience/Saved/PatrolPoint76F02C6C432B59E3CD5136A85F3B1C0C.tmp' to 'C:/Users/Thomas/Documents/GitHub/VR_SlaveExperience/SlaveVRExperience/Content/AI/PatrolPoint.uasset'
[2018.03.27-19.30.27:841][593]LogSavePackage: Display: Finished SavePackage C:/Users/Thomas/Documents/GitHub/VR_SlaveExperience/SlaveVRExperience/Content/AI/PatrolPoint.uasset
[2018.03.27-19.31.37:535][ 85]Cmd: OBJ SAVEPACKAGE PACKAGE="/Game/AI/PatrolPoint" FILE="C:/Users/Thomas/Documents/GitHub/VR_SlaveExperience/SlaveVRExperience/Content/AI/PatrolPoint.uasset" SILENT=true
[2018.03.27-19.31.37:546][ 85]LogSavePackage: Save=6.50ms
[2018.03.27-19.31.37:546][ 85]LogSavePackage: Moving 'C:/Users/Thomas/Documents/GitHub/VR_SlaveExperience/SlaveVRExperience/Saved/PatrolPoint1BA4EE6644D71FFDCA9220AE9FA61AC2.tmp' to 'C:/Users/Thomas/Documents/GitHub/VR_SlaveExperience/SlaveVRExperience/Content/AI/PatrolPoint.uasset'
[2018.03.27-19.31.37:547][ 85]LogSavePackage: Display: Finished SavePackage C:/Users/Thomas/Documents/GitHub/VR_SlaveExperience/SlaveVRExperience/Content/AI/PatrolPoint.uasset
[2018.03.27-19.34.15:695][101]BlueprintLog: New page: Compile FixedPatrol
[2018.03.27-19.34.16:212][117]Cmd: OBJ SAVEPACKAGE PACKAGE="/Game/AI/BehaviorTree/FixedPatrol" FILE="C:/Users/Thomas/Documents/GitHub/VR_SlaveExperience/SlaveVRExperience/Content/AI/BehaviorTree/FixedPatrol.uasset" SILENT=true
[2018.03.27-19.34.16:244][117]LogSavePackage: Save=26.78ms
[2018.03.27-19.34.16:244][117]LogSavePackage: Moving 'C:/Users/Thomas/Documents/GitHub/VR_SlaveExperience/SlaveVRExperience/Saved/FixedPatrol4385CF2E494FA06CD7D7719D95C4F544.tmp' to 'C:/Users/Thomas/Documents/GitHub/VR_SlaveExperience/SlaveVRExperience/Content/AI/BehaviorTree/FixedPatrol.uasset'
[2018.03.27-19.34.16:248][117]LogSavePackage: Display: Finished SavePackage C:/Users/Thomas/Documents/GitHub/VR_SlaveExperience/SlaveVRExperience/Content/AI/BehaviorTree/FixedPatrol.uasset
[2018.03.27-19.34.44:819][299]LogEditorTransaction: Undo Create Pin Link
[2018.03.27-19.34.45:165][312]LogEditorTransaction: Undo Move Node
[2018.03.27-19.34.46:405][356]LogEditorTransaction: Undo Delete current selection
[2018.03.27-19.35.01:973][996]BlueprintLog: New page: Compile FixedPatrol
[2018.03.27-19.35.02:487][ 12]Cmd: OBJ SAVEPACKAGE PACKAGE="/Game/AI/BehaviorTree/FixedPatrol" FILE="C:/Users/Thomas/Documents/GitHub/VR_SlaveExperience/SlaveVRExperience/Content/AI/BehaviorTree/FixedPatrol.uasset" SILENT=true
[2018.03.27-19.35.02:522][ 12]LogSavePackage: Save=29.56ms
[2018.03.27-19.35.02:522][ 12]LogSavePackage: Moving 'C:/Users/Thomas/Documents/GitHub/VR_SlaveExperience/SlaveVRExperience/Saved/FixedPatrolEF9672174DAF54BC690C6EA42879F131.tmp' to 'C:/Users/Thomas/Documents/GitHub/VR_SlaveExperience/SlaveVRExperience/Content/AI/BehaviorTree/FixedPatrol.uasset'
[2018.03.27-19.35.02:525][ 12]LogSavePackage: Display: Finished SavePackage C:/Users/Thomas/Documents/GitHub/VR_SlaveExperience/SlaveVRExperience/Content/AI/BehaviorTree/FixedPatrol.uasset
[2018.03.27-19.35.42:680][795]Cmd: OBJ SAVEPACKAGE PACKAGE="/Game/AI/BehaviorTree/FixedPatrol" FILE="C:/Users/Thomas/Documents/GitHub/VR_SlaveExperience/SlaveVRExperience/Content/AI/BehaviorTree/FixedPatrol.uasset" SILENT=true
[2018.03.27-19.35.42:714][795]LogSavePackage: Save=29.60ms
[2018.03.27-19.35.42:714][795]LogSavePackage: Moving 'C:/Users/Thomas/Documents/GitHub/VR_SlaveExperience/SlaveVRExperience/Saved/FixedPatrolABEC5813486C58C760CA9E94C73A43D3.tmp' to 'C:/Users/Thomas/Documents/GitHub/VR_SlaveExperience/SlaveVRExperience/Content/AI/BehaviorTree/FixedPatrol.uasset'
[2018.03.27-19.35.42:716][795]LogSavePackage: Display: Finished SavePackage C:/Users/Thomas/Documents/GitHub/VR_SlaveExperience/SlaveVRExperience/Content/AI/BehaviorTree/FixedPatrol.uasset
[2018.03.27-19.36.11:093][983]BlueprintLog: New page: Compile FixedPatrol
[2018.03.27-19.36.11:597][  0]Cmd: OBJ SAVEPACKAGE PACKAGE="/Game/AI/BehaviorTree/FixedPatrol" FILE="C:/Users/Thomas/Documents/GitHub/VR_SlaveExperience/SlaveVRExperience/Content/AI/BehaviorTree/FixedPatrol.uasset" SILENT=true
[2018.03.27-19.36.11:632][  0]LogSavePackage: Save=30.46ms
[2018.03.27-19.36.11:632][  0]LogSavePackage: Moving 'C:/Users/Thomas/Documents/GitHub/VR_SlaveExperience/SlaveVRExperience/Saved/FixedPatrol3C20AB9D4C0B75004D7B068ED4B6B69A.tmp' to 'C:/Users/Thomas/Documents/GitHub/VR_SlaveExperience/SlaveVRExperience/Content/AI/BehaviorTree/FixedPatrol.uasset'
[2018.03.27-19.36.11:636][  0]LogSavePackage: Display: Finished SavePackage C:/Users/Thomas/Documents/GitHub/VR_SlaveExperience/SlaveVRExperience/Content/AI/BehaviorTree/FixedPatrol.uasset
[2018.03.27-19.37.51:923][387]LogSavePackage: Save=8.66ms
[2018.03.27-19.37.51:923][387]LogSavePackage: Moving 'C:/Users/Thomas/Documents/GitHub/VR_SlaveExperience/SlaveVRExperience/Saved/TestAIBehaviorTree2BBC5DBB49DE2A8C0571C186B3C9940C.tmp' to 'C:/Users/Thomas/Documents/GitHub/VR_SlaveExperience/SlaveVRExperience/Content/AI/BehaviorTree/TestAIBehaviorTree.uasset'
[2018.03.27-19.37.51:926][387]LogSavePackage: Display: Finished SavePackage C:/Users/Thomas/Documents/GitHub/VR_SlaveExperience/SlaveVRExperience/Content/AI/BehaviorTree/TestAIBehaviorTree.uasset
[2018.03.27-19.39.34:870][ 48]LogSavePackage: Save=9.03ms
[2018.03.27-19.39.34:870][ 48]LogSavePackage: Moving 'C:/Users/Thomas/Documents/GitHub/VR_SlaveExperience/SlaveVRExperience/Saved/TestAIBehaviorTree988859ED48FAA7A6C19FBCA43324D4E4.tmp' to 'C:/Users/Thomas/Documents/GitHub/VR_SlaveExperience/SlaveVRExperience/Content/AI/BehaviorTree/TestAIBehaviorTree.uasset'
[2018.03.27-19.39.34:874][ 48]LogSavePackage: Display: Finished SavePackage C:/Users/Thomas/Documents/GitHub/VR_SlaveExperience/SlaveVRExperience/Content/AI/BehaviorTree/TestAIBehaviorTree.uasset
[2018.03.27-19.39.42:860][397]LogEditorViewport: Clicking on Actor (context menu): StaticMeshActor (DM_Ship)
[2018.03.27-19.39.48:766][991]LogEditorViewport: Clicking on Actor (LMB): PatrolPoint_C (PatrolPoint2)
[2018.03.27-19.39.50:483][192]LogEditorViewport: Clicking on Actor (LMB): Actor (NPCDestination2)
[2018.03.27-19.39.51:642][328]LogEditorViewport: Clicking on Actor (LMB): Actor (NPCDestination3)
[2018.03.27-19.39.57:341][983]LogEditorViewport: Clicking on Actor (LMB): PatrolPoint_C (PatrolPoint2)
[2018.03.27-19.39.58:984][176]LogEditorViewport: Clicking on Actor (LMB): PatrolPoint_C (PatrolPoint)
[2018.03.27-19.40.02:108][520]LogEditorViewport: Clicking on Actor (LMB): PatrolPoint_C (PatrolPoint2)
[2018.03.27-19.40.05:084][868]LogEditorViewport: Clicking on Actor (LMB): Actor (NPCDestination1)
[2018.03.27-19.40.10:349][469]LogEditorViewport: Clicking on Actor (LMB): PatrolPoint_C (PatrolPoint)
[2018.03.27-19.40.10:966][529]LogEditorViewport: Clicking on Actor (LMB): Landscape (Landscape1)
[2018.03.27-19.40.37:541][399]LogEditorViewport: Clicking on Actor (LMB): PatrolPoint_C (PatrolPoint2)
[2018.03.27-19.40.46:194][140]LogVSAccessor: Warning: Couldn't access Visual Studio
[2018.03.27-19.40.46:238][140]Candidate modules for hot reload:
[2018.03.27-19.40.46:238][140]  SlaveVRExperience
[2018.03.27-19.40.46:238][140]Launching UnrealBuildTool... [D:/UE_4.18/Engine/Binaries/DotNET/UnrealBuildTool.exe SlaveVRExperience -ModuleWithSuffix SlaveVRExperience 2606 Win64 Development -editorrecompile -canskiplink "C:/Users/Thomas/Documents/GitHub/VR_SlaveExperience/SlaveVRExperience/SlaveVRExperience.uproject" ]
[2018.03.27-19.40.46:251][140]Warning: Starting HotReload took  0.1s.
[2018.03.27-19.41.32:715][ 49]LogSavePackage: Save=1817.67ms
[2018.03.27-19.41.32:715][ 49]LogSavePackage: Moving 'C:/Users/Thomas/Documents/GitHub/VR_SlaveExperience/SlaveVRExperience/Saved/Ship_Auto5FED498304860014D80152FB0F8329CD7.tmp' to 'C:/Users/Thomas/Documents/GitHub/VR_SlaveExperience/SlaveVRExperience/Saved/Autosaves/Game/Maps/Levels/Ship_Auto5.umap'
[2018.03.27-19.41.32:717][ 49]LogSavePackage: Display: Finished SavePackage C:/Users/Thomas/Documents/GitHub/VR_SlaveExperience/SlaveVRExperience/Saved/Autosaves/Game/Maps/Levels/Ship_Auto5.umap
[2018.03.27-19.41.32:749][ 49]LogFileHelpers: Editor autosave (incl. sublevels) for '/Game/Maps/Levels/Ship' took 1.969
[2018.03.27-19.41.32:749][ 49]LogFileHelpers: Editor autosave (incl. sublevels) for all levels took 1.969
[2018.03.27-19.41.32:775][ 49]OBJ SavePackage: Generating thumbnails for [0] asset(s) in package [/Game/AI/BehaviorTree/SetPatrol_New] ([1] browsable assets)...
[2018.03.27-19.41.32:775][ 49]OBJ SavePackage: Finished generating thumbnails for package [/Game/AI/BehaviorTree/SetPatrol_New]
[2018.03.27-19.41.32:778][ 49]LogSavePackage: Save=2.22ms
[2018.03.27-19.41.32:778][ 49]LogSavePackage: Moving 'C:/Users/Thomas/Documents/GitHub/VR_SlaveExperience/SlaveVRExperience/Saved/SetPatrol_New_Auto5594837C348D0029C6D6842B8EFE17C74.tmp' to 'C:/Users/Thomas/Documents/GitHub/VR_SlaveExperience/SlaveVRExperience/Saved/Autosaves/Game/AI/BehaviorTree/SetPatrol_New_Auto5.uasset'
[2018.03.27-19.41.32:780][ 49]LogSavePackage: Display: Finished SavePackage C:/Users/Thomas/Documents/GitHub/VR_SlaveExperience/SlaveVRExperience/Saved/Autosaves/Game/AI/BehaviorTree/SetPatrol_New_Auto5.uasset
[2018.03.27-19.41.32:781][ 49]OBJ SavePackage: Generating thumbnails for [0] asset(s) in package [/Game/AI/BehaviorTree/BTTask_BlueprintBase_New] ([1] browsable assets)...
[2018.03.27-19.41.32:781][ 49]OBJ SavePackage: Finished generating thumbnails for package [/Game/AI/BehaviorTree/BTTask_BlueprintBase_New]
[2018.03.27-19.41.32:804][ 49]LogSavePackage: Save=21.26ms
[2018.03.27-19.41.32:804][ 49]LogSavePackage: Moving 'C:/Users/Thomas/Documents/GitHub/VR_SlaveExperience/SlaveVRExperience/Saved/BTTask_BlueprintBase_New_Auto54542D3334948E43032F3F09F51270851.tmp' to 'C:/Users/Thomas/Documents/GitHub/VR_SlaveExperience/SlaveVRExperience/Saved/Autosaves/Game/AI/BehaviorTree/BTTask_BlueprintBase_New_Auto5.uasset'
[2018.03.27-19.41.32:806][ 49]LogSavePackage: Display: Finished SavePackage C:/Users/Thomas/Documents/GitHub/VR_SlaveExperience/SlaveVRExperience/Saved/Autosaves/Game/AI/BehaviorTree/BTTask_BlueprintBase_New_Auto5.uasset
[2018.03.27-19.41.32:806][ 49]LogFileHelpers: Auto-saving content packages took 0.033
[2018.03.27-19.42.05:628][ 92]BlueprintLog: New page: Compile PatrolPoint
[2018.03.27-19.42.06:934][113]Cmd: OBJ SAVEPACKAGE PACKAGE="/Game/AI/PatrolPoint" FILE="C:/Users/Thomas/Documents/GitHub/VR_SlaveExperience/SlaveVRExperience/Content/AI/PatrolPoint.uasset" SILENT=true
[2018.03.27-19.42.06:951][113]LogSavePackage: Save=7.78ms
[2018.03.27-19.42.06:951][113]LogSavePackage: Moving 'C:/Users/Thomas/Documents/GitHub/VR_SlaveExperience/SlaveVRExperience/Saved/PatrolPoint5AFAB3484E637239430F6685229F4035.tmp' to 'C:/Users/Thomas/Documents/GitHub/VR_SlaveExperience/SlaveVRExperience/Content/AI/PatrolPoint.uasset'
[2018.03.27-19.42.06:955][113]LogSavePackage: Display: Finished SavePackage C:/Users/Thomas/Documents/GitHub/VR_SlaveExperience/SlaveVRExperience/Content/AI/PatrolPoint.uasset
[2018.03.27-19.42.15:057][431]LogEditorViewport: Clicking on Actor (LMB): PatrolPoint_C (PatrolPoint3)
[2018.03.27-19.42.19:493][639]CompilerResultsLog: New page: Compilation - Mar 27, 2018, 11:42:19 AM
[2018.03.27-19.42.19:519][639]CompilerResultsLog: Using 'git status' to determine working set for adaptive non-unity build.
[2018.03.27-19.42.19:519][639]CompilerResultsLog: Creating makefile for hot reloading SlaveVRExperience (game project files are newer)
[2018.03.27-19.42.19:519][639]CompilerResultsLog: Compiling game modules for hot reload
[2018.03.27-19.42.19:519][639]CompilerResultsLog: Parsing headers for SlaveVRExperienceEditor
[2018.03.27-19.42.19:519][639]CompilerResultsLog:   Running UnrealHeaderTool "C:\Users\Thomas\Documents\GitHub\VR_SlaveExperience\SlaveVRExperience\SlaveVRExperience.uproject" "C:\Users\Thomas\Documents\GitHub\VR_SlaveExperience\SlaveVRExperience\Intermediate\Build\Win64\SlaveVRExperienceEditor\Development\SlaveVRExperienceEditor.uhtmanifest" -LogCmds="loginit warning, logexit warning, logdatabase error" -Unattended -WarningsAsErrors -installed
[2018.03.27-19.42.19:519][639]CompilerResultsLog: Reflection code generated for SlaveVRExperienceEditor in 8.1325072 seconds
[2018.03.27-19.42.19:519][639]CompilerResultsLog: Performing 18 actions (4 in parallel)
[2018.03.27-19.42.19:519][639]CompilerResultsLog: CustomPlayerController.gen.cpp
[2018.03.27-19.42.19:519][639]CompilerResultsLog: FP_FirstPersonCharacter.gen.cpp
[2018.03.27-19.42.19:519][639]CompilerResultsLog: NPC.gen.cpp
[2018.03.27-19.42.19:519][639]CompilerResultsLog: NPCWorkstation.gen.cpp
[2018.03.27-19.42.19:547][639]LogMainFrame: MainFrame: Module compiling took 93.343 seconds
[2018.03.27-19.42.19:547][639]Warning: HotReload failed, recompile failed
[2018.03.27-19.42.46:100][690]LogSavePackage: Save=1698.66ms
[2018.03.27-19.42.46:100][690]LogSavePackage: Moving 'C:/Users/Thomas/Documents/GitHub/VR_SlaveExperience/SlaveVRExperience/Saved/Ship94B3ED944B94549CDA8C6BBE90CE5013.tmp' to 'C:/Users/Thomas/Documents/GitHub/VR_SlaveExperience/SlaveVRExperience/Content/Maps/Levels/Ship.umap'
[2018.03.27-19.42.46:105][690]LogSavePackage: Display: Finished SavePackage C:/Users/Thomas/Documents/GitHub/VR_SlaveExperience/SlaveVRExperience/Content/Maps/Levels/Ship.umap
[2018.03.27-19.42.46:191][690]Cmd: OBJ SAVEPACKAGE PACKAGE="/Game/Maps/Levels/Ship_BuiltData" FILE="C:/Users/Thomas/Documents/GitHub/VR_SlaveExperience/SlaveVRExperience/Content/Maps/Levels/Ship_BuiltData.uasset" SILENT=true
[2018.03.27-19.42.47:761][690]LogSavePackage: Save=1538.18ms
[2018.03.27-19.42.47:761][690]LogSavePackage: Moving 'C:/Users/Thomas/Documents/GitHub/VR_SlaveExperience/SlaveVRExperience/Saved/Ship_BuiltDataC01D9DE740197F8719A9B98914ED4EC7.tmp' to 'C:/Users/Thomas/Documents/GitHub/VR_SlaveExperience/SlaveVRExperience/Content/Maps/Levels/Ship_BuiltData.uasset'
[2018.03.27-19.42.47:767][690]LogSavePackage: Display: Finished SavePackage C:/Users/Thomas/Documents/GitHub/VR_SlaveExperience/SlaveVRExperience/Content/Maps/Levels/Ship_BuiltData.uasset
[2018.03.27-19.43.46:791][916]BlueprintLog: New page: Compile PatrolPoint
[2018.03.27-19.43.47:868][935]Cmd: OBJ SAVEPACKAGE PACKAGE="/Game/AI/PatrolPoint" FILE="C:/Users/Thomas/Documents/GitHub/VR_SlaveExperience/SlaveVRExperience/Content/AI/PatrolPoint.uasset" SILENT=true
[2018.03.27-19.43.47:879][935]LogSavePackage: Save=6.42ms
[2018.03.27-19.43.47:879][935]LogSavePackage: Moving 'C:/Users/Thomas/Documents/GitHub/VR_SlaveExperience/SlaveVRExperience/Saved/PatrolPoint77EA930E4FBDB7A748844CA2E0AA4CDE.tmp' to 'C:/Users/Thomas/Documents/GitHub/VR_SlaveExperience/SlaveVRExperience/Content/AI/PatrolPoint.uasset'
[2018.03.27-19.43.47:882][935]LogSavePackage: Display: Finished SavePackage C:/Users/Thomas/Documents/GitHub/VR_SlaveExperience/SlaveVRExperience/Content/AI/PatrolPoint.uasset
[2018.03.27-19.44.01:575][594]LogEditorViewport: Clicking on Actor (LMB): PatrolPoint_C (PatrolPoint3)
[2018.03.27-19.44.02:484][701]LogEditorViewport: Clicking on Actor (LMB): PatrolPoint_C (PatrolPoint4)
[2018.03.27-19.46.04:272][ 49]LogEditorViewport: Clicking on Actor (LMB): PatrolPoint_C (PatrolPoint3)
[2018.03.27-19.46.05:193][ 52]LogEditorViewport: Clicking on Component (LMB): SceneComponent (DefaultSceneRoot)
[2018.03.27-19.46.05:305][ 62]LogEditorViewport: Clicking on Component (LMB): SceneComponent (DefaultSceneRoot)
[2018.03.27-19.46.05:380][ 69]LogEditorViewport: Clicking on Actor (double click): PatrolPoint_C (PatrolPoint3)
[2018.03.27-19.46.06:808][238]LogEditorViewport: Clicking on Actor (LMB): PatrolPoint_C (PatrolPoint)
[2018.03.27-19.46.06:868][241]LogEditorViewport: Clicking on Component (LMB): SceneComponent (DefaultSceneRoot)
[2018.03.27-19.46.07:837][355]LogEditorViewport: Clicking on Component (LMB): SceneComponent (DefaultSceneRoot)
[2018.03.27-19.46.07:908][361]LogEditorViewport: Clicking on Actor (double click): PatrolPoint_C (PatrolPoint)
[2018.03.27-19.46.08:717][455]LogEditorViewport: Clicking on Actor (LMB): PatrolPoint_C (PatrolPoint)
[2018.03.27-19.46.08:783][460]LogEditorViewport: Clicking on Component (LMB): SceneComponent (DefaultSceneRoot)
[2018.03.27-19.47.50:300][201]BlueprintLog: New page: Compile PatrolPoint
[2018.03.27-19.47.51:182][213]Cmd: OBJ SAVEPACKAGE PACKAGE="/Game/AI/PatrolPoint" FILE="C:/Users/Thomas/Documents/GitHub/VR_SlaveExperience/SlaveVRExperience/Content/AI/PatrolPoint.uasset" SILENT=true
[2018.03.27-19.47.51:193][213]LogSavePackage: Save=6.49ms
[2018.03.27-19.47.51:193][213]LogSavePackage: Moving 'C:/Users/Thomas/Documents/GitHub/VR_SlaveExperience/SlaveVRExperience/Saved/PatrolPointE8C5B4F14C9E9453E847DF9F8D3ED462.tmp' to 'C:/Users/Thomas/Documents/GitHub/VR_SlaveExperience/SlaveVRExperience/Content/AI/PatrolPoint.uasset'
[2018.03.27-19.47.51:197][213]LogSavePackage: Display: Finished SavePackage C:/Users/Thomas/Documents/GitHub/VR_SlaveExperience/SlaveVRExperience/Content/AI/PatrolPoint.uasset
[2018.03.27-19.48.04:072][463]LogEditorViewport: Clicking on Actor (LMB): Actor (NPCDestination1)
[2018.03.27-19.48.05:615][636]LogEditorViewport: Clicking on Actor (LMB): PatrolPoint_C (PatrolPoint3)
[2018.03.27-19.48.06:602][751]LogEditorViewport: Clicking on Actor (LMB): PatrolPoint_C (PatrolPoint4)
[2018.03.27-19.48.25:298][377]LogEditorViewport: Clicking on Actor (LMB): PatrolPoint_C (PatrolPoint4)
[2018.03.27-19.48.30:548][931]LogEditorViewport: Clicking on Actor (LMB): PatrolPoint_C (PatrolPoint3)
[2018.03.27-19.48.34:105][279]LogEditorViewport: Clicking on Actor (LMB): PatrolPoint_C (PatrolPoint2)
[2018.03.27-19.48.40:301][712]LogSavePackage: Save=1704.75ms
[2018.03.27-19.48.40:301][712]LogSavePackage: Moving 'C:/Users/Thomas/Documents/GitHub/VR_SlaveExperience/SlaveVRExperience/Saved/Ship61BB55324025219E1E95F28BA97A286C.tmp' to 'C:/Users/Thomas/Documents/GitHub/VR_SlaveExperience/SlaveVRExperience/Content/Maps/Levels/Ship.umap'
[2018.03.27-19.48.40:306][712]LogSavePackage: Display: Finished SavePackage C:/Users/Thomas/Documents/GitHub/VR_SlaveExperience/SlaveVRExperience/Content/Maps/Levels/Ship.umap
[2018.03.27-19.48.40:339][712]Cmd: OBJ SAVEPACKAGE PACKAGE="/Game/Maps/Levels/Ship_BuiltData" FILE="C:/Users/Thomas/Documents/GitHub/VR_SlaveExperience/SlaveVRExperience/Content/Maps/Levels/Ship_BuiltData.uasset" SILENT=true
[2018.03.27-19.48.41:959][712]LogSavePackage: Save=1586.52ms
[2018.03.27-19.48.41:959][712]LogSavePackage: Moving 'C:/Users/Thomas/Documents/GitHub/VR_SlaveExperience/SlaveVRExperience/Saved/Ship_BuiltData1A7D52CF4446E8F8401E508176D8DC5D.tmp' to 'C:/Users/Thomas/Documents/GitHub/VR_SlaveExperience/SlaveVRExperience/Content/Maps/Levels/Ship_BuiltData.uasset'
[2018.03.27-19.48.41:965][712]LogSavePackage: Display: Finished SavePackage C:/Users/Thomas/Documents/GitHub/VR_SlaveExperience/SlaveVRExperience/Content/Maps/Levels/Ship_BuiltData.uasset
[2018.03.27-19.58.38:462][583]LogFileHelpers: Editor autosave (incl. sublevels) for '/Game/Maps/Levels/Ship' took 0.021
[2018.03.27-19.58.38:465][583]OBJ SavePackage: Generating thumbnails for [0] asset(s) in package [/Game/AI/BehaviorTree/SetPatrol_New] ([1] browsable assets)...
[2018.03.27-19.58.38:465][583]OBJ SavePackage: Finished generating thumbnails for package [/Game/AI/BehaviorTree/SetPatrol_New]
[2018.03.27-19.58.38:469][583]LogSavePackage: Save=2.31ms
[2018.03.27-19.58.38:469][583]LogSavePackage: Moving 'C:/Users/Thomas/Documents/GitHub/VR_SlaveExperience/SlaveVRExperience/Saved/SetPatrol_New_Auto612018F9346B9A1791401F19A4C4E2FA6.tmp' to 'C:/Users/Thomas/Documents/GitHub/VR_SlaveExperience/SlaveVRExperience/Saved/Autosaves/Game/AI/BehaviorTree/SetPatrol_New_Auto6.uasset'
[2018.03.27-19.58.38:471][583]LogSavePackage: Display: Finished SavePackage C:/Users/Thomas/Documents/GitHub/VR_SlaveExperience/SlaveVRExperience/Saved/Autosaves/Game/AI/BehaviorTree/SetPatrol_New_Auto6.uasset
[2018.03.27-19.58.38:473][583]OBJ SavePackage: Generating thumbnails for [0] asset(s) in package [/Game/AI/BehaviorTree/BTTask_BlueprintBase_New] ([1] browsable assets)...
[2018.03.27-19.58.38:473][583]OBJ SavePackage: Finished generating thumbnails for package [/Game/AI/BehaviorTree/BTTask_BlueprintBase_New]
[2018.03.27-19.58.38:497][583]LogSavePackage: Save=22.29ms
[2018.03.27-19.58.38:497][583]LogSavePackage: Moving 'C:/Users/Thomas/Documents/GitHub/VR_SlaveExperience/SlaveVRExperience/Saved/BTTask_BlueprintBase_New_Auto6053ACB8146C7F334D4E8E6AD11339AEC.tmp' to 'C:/Users/Thomas/Documents/GitHub/VR_SlaveExperience/SlaveVRExperience/Saved/Autosaves/Game/AI/BehaviorTree/BTTask_BlueprintBase_New_Auto6.uasset'
[2018.03.27-19.58.38:499][583]LogSavePackage: Display: Finished SavePackage C:/Users/Thomas/Documents/GitHub/VR_SlaveExperience/SlaveVRExperience/Saved/Autosaves/Game/AI/BehaviorTree/BTTask_BlueprintBase_New_Auto6.uasset
[2018.03.27-19.58.38:499][583]LogFileHelpers: Auto-saving content packages took 0.035
[2018.03.27-19.58.41:843][674]LogBlueprintUserMessages: Early PlayInEditor Detection: Level '/Game/Maps/Levels/Ship.Ship:PersistentLevel' has LevelScriptBlueprint '/Game/Maps/Levels/Ship.Ship:PersistentLevel.Ship' with GeneratedClass '/Game/Maps/Levels/Ship.Ship_C' with ClassGeneratedBy '/Game/Maps/Levels/Ship.Ship:PersistentLevel.Ship'
[2018.03.27-19.58.41:858][674]BlueprintLog: New page: Pre-Play auto-recompile
[2018.03.27-19.58.41:862][674]LogPlayLevel: [PlayLevel] Compiling BTTask_BlueprintBase_New before play...
[2018.03.27-19.58.41:884][674]LogPlayLevel: PlayLevel: Blueprint regeneration took 25 ms (1 blueprints)
[2018.03.27-19.58.41:918][674]PIE: New page: SIE session: Ship (Mar 27, 2018, 11:58:41 AM)
[2018.03.27-19.58.41:924][674]LogPlayLevel: Creating play world package: /Game/Maps/Levels/UEDPIE_0_Ship
[2018.03.27-19.58.42:046][674]LogPlayLevel: PIE: StaticDuplicateObject took: (0.121991s)
[2018.03.27-19.58.42:047][674]LogAIModule: Creating AISystem for world Ship
[2018.03.27-19.58.42:047][674]LogPlayLevel: PIE: World Init took: (0.000787s)
[2018.03.27-19.58.42:047][674]LogPlayLevel: PIE: Created PIE world by copying editor world from /Game/Maps/Levels/Ship.Ship to /Game/Maps/Levels/UEDPIE_0_Ship.Ship (0.123203s)
[2018.03.27-19.58.42:093][674]LogInit: XAudio2 using 'Speakers (2- Logitech G933 Gaming Headset)' : 6 channels at 48 kHz using 16 bits per sample (channel mask 0x3f)
[2018.03.27-19.58.42:110][674]LogInit: FAudioDevice initialized.
[2018.03.27-19.58.42:173][674]LogLoad: Game class is 'NewGameMode_C'
[2018.03.27-19.58.42:228][674]LogSkinnedMeshComp: Warning: GetSocketByName(GripPoint): No SkeletalMesh for Component(CharacterMesh1P) Actor(FP_FirstPersonCharacter_1)
[2018.03.27-19.58.42:228][674]LogSkinnedMeshComp: Warning: GetSocketByName(GripPoint): No SkeletalMesh for Component(CharacterMesh1P) Actor(FP_FirstPersonCharacter_1)
[2018.03.27-19.58.42:228][674]LogSkinnedMeshComp: Warning: GetSocketByName(GripPoint): No SkeletalMesh for Component(CharacterMesh1P) Actor(FP_FirstPersonCharacter_1)
[2018.03.27-19.58.42:228][674]LogWorld: Bringing World /Game/Maps/Levels/UEDPIE_0_Ship.Ship up for play (max tick rate 0) at 2018.03.27-15.58.42
[2018.03.27-19.58.42:315][674]LogSkinnedMeshComp: Warning: GetSocketByName(GripPoint): No SkeletalMesh for Component(CharacterMesh1P) Actor(FP_FirstPersonCharacter_1)
[2018.03.27-19.58.42:315][674]LogSkinnedMeshComp: Warning: GetSocketByName(GripPoint): No SkeletalMesh for Component(CharacterMesh1P) Actor(FP_FirstPersonCharacter_1)
[2018.03.27-19.58.42:316][674]LogWorld: Bringing up level for play took: 0.113578
[2018.03.27-19.58.42:339][674]LogGameMode: FindPlayerStart: PATHS NOT DEFINED or NO PLAYERSTART with positive rating
[2018.03.27-19.58.42:435][674]LogContentBrowser: Native class hierarchy updated for 'MovieSceneCapture' in 0.0008 seconds. Added 11 classes and 0 folders.
[2018.03.27-19.58.42:463][674]LogPawn: Error: EnableInput can only be specified on a Pawn for its Controller
[2018.03.27-19.58.42:507][674]PIE: Play in editor start time for /Game/Maps/Levels/UEDPIE_0_Ship 1.152
[2018.03.27-19.58.42:533][674]LogBlueprintUserMessages: Late PlayInEditor Detection: Level '/Game/Maps/Levels/Ship.Ship:PersistentLevel' has LevelScriptBlueprint '/Game/Maps/Levels/Ship.Ship:PersistentLevel.Ship' with GeneratedClass '/Game/Maps/Levels/Ship.Ship_C' with ClassGeneratedBy '/Game/Maps/Levels/Ship.Ship:PersistentLevel.Ship'
[2018.03.27-19.58.42:589][674]LogSkinnedMeshComp: Warning: GetSocketByName(GripPoint): No SkeletalMesh for Component(CharacterMesh1P) Actor(FP_FirstPersonCharacter_1)
[2018.03.27-19.59.14:859][ 50]LogBlueprintUserMessages: Early EndPlayMap Detection: Level '/Game/Maps/Levels/Ship.Ship:PersistentLevel' has LevelScriptBlueprint '/Game/Maps/Levels/Ship.Ship:PersistentLevel.Ship' with GeneratedClass '/Game/Maps/Levels/Ship.Ship_C' with ClassGeneratedBy '/Game/Maps/Levels/Ship.Ship:PersistentLevel.Ship'
[2018.03.27-19.59.14:937][ 50]LogBlueprintUserMessages: Late EndPlayMap Detection: Level '/Game/Maps/Levels/Ship.Ship:PersistentLevel' has LevelScriptBlueprint '/Game/Maps/Levels/Ship.Ship:PersistentLevel.Ship' with GeneratedClass '/Game/Maps/Levels/Ship.Ship_C' with ClassGeneratedBy '/Game/Maps/Levels/Ship.Ship:PersistentLevel.Ship'
[2018.03.27-19.59.25:887][655]LogSavePackage: Save=8.46ms
[2018.03.27-19.59.25:887][655]LogSavePackage: Moving 'C:/Users/Thomas/Documents/GitHub/VR_SlaveExperience/SlaveVRExperience/Saved/TestAIBehaviorTreeFB4DC180409BBA6DE0A5DCBB09CF378B.tmp' to 'C:/Users/Thomas/Documents/GitHub/VR_SlaveExperience/SlaveVRExperience/Content/AI/BehaviorTree/TestAIBehaviorTree.uasset'
[2018.03.27-19.59.25:890][655]LogSavePackage: Display: Finished SavePackage C:/Users/Thomas/Documents/GitHub/VR_SlaveExperience/SlaveVRExperience/Content/AI/BehaviorTree/TestAIBehaviorTree.uasset
[2018.03.27-19.59.32:053][959]LogBlueprintUserMessages: Early PlayInEditor Detection: Level '/Game/Maps/Levels/Ship.Ship:PersistentLevel' has LevelScriptBlueprint '/Game/Maps/Levels/Ship.Ship:PersistentLevel.Ship' with GeneratedClass '/Game/Maps/Levels/Ship.Ship_C' with ClassGeneratedBy '/Game/Maps/Levels/Ship.Ship:PersistentLevel.Ship'
[2018.03.27-19.59.32:056][959]LogPlayLevel: PlayLevel: No blueprints needed recompiling
[2018.03.27-19.59.32:056][959]PIE: New page: SIE session: Ship (Mar 27, 2018, 11:59:32 AM)
[2018.03.27-19.59.32:056][959]LogPlayLevel: Creating play world package: /Game/Maps/Levels/UEDPIE_0_Ship
[2018.03.27-19.59.32:164][959]LogPlayLevel: PIE: StaticDuplicateObject took: (0.107740s)
[2018.03.27-19.59.32:164][959]LogAIModule: Creating AISystem for world Ship
[2018.03.27-19.59.32:164][959]LogPlayLevel: PIE: World Init took: (0.000555s)
[2018.03.27-19.59.32:165][959]LogPlayLevel: PIE: Created PIE world by copying editor world from /Game/Maps/Levels/Ship.Ship to /Game/Maps/Levels/UEDPIE_0_Ship.Ship (0.108532s)
[2018.03.27-19.59.32:196][959]LogInit: XAudio2 using 'Speakers (2- Logitech G933 Gaming Headset)' : 6 channels at 48 kHz using 16 bits per sample (channel mask 0x3f)
[2018.03.27-19.59.32:210][959]LogInit: FAudioDevice initialized.
[2018.03.27-19.59.32:246][959]LogLoad: Game class is 'NewGameMode_C'
[2018.03.27-19.59.32:265][959]LogSkinnedMeshComp: Warning: GetSocketByName(GripPoint): No SkeletalMesh for Component(CharacterMesh1P) Actor(FP_FirstPersonCharacter_1)
[2018.03.27-19.59.32:265][959]LogSkinnedMeshComp: Warning: GetSocketByName(GripPoint): No SkeletalMesh for Component(CharacterMesh1P) Actor(FP_FirstPersonCharacter_1)
[2018.03.27-19.59.32:265][959]LogSkinnedMeshComp: Warning: GetSocketByName(GripPoint): No SkeletalMesh for Component(CharacterMesh1P) Actor(FP_FirstPersonCharacter_1)
[2018.03.27-19.59.32:266][959]LogWorld: Bringing World /Game/Maps/Levels/UEDPIE_0_Ship.Ship up for play (max tick rate 0) at 2018.03.27-15.59.32
[2018.03.27-19.59.32:267][959]LogSkinnedMeshComp: Warning: GetSocketByName(GripPoint): No SkeletalMesh for Component(CharacterMesh1P) Actor(FP_FirstPersonCharacter_1)
[2018.03.27-19.59.32:267][959]LogSkinnedMeshComp: Warning: GetSocketByName(GripPoint): No SkeletalMesh for Component(CharacterMesh1P) Actor(FP_FirstPersonCharacter_1)
[2018.03.27-19.59.32:267][959]LogWorld: Bringing up level for play took: 0.020511
[2018.03.27-19.59.32:267][959]LogGameMode: FindPlayerStart: PATHS NOT DEFINED or NO PLAYERSTART with positive rating
[2018.03.27-19.59.32:268][959]LogPawn: Error: EnableInput can only be specified on a Pawn for its Controller
[2018.03.27-19.59.32:270][959]PIE: Play in editor start time for /Game/Maps/Levels/UEDPIE_0_Ship 0.915
[2018.03.27-19.59.32:272][959]LogBlueprintUserMessages: Late PlayInEditor Detection: Level '/Game/Maps/Levels/Ship.Ship:PersistentLevel' has LevelScriptBlueprint '/Game/Maps/Levels/Ship.Ship:PersistentLevel.Ship' with GeneratedClass '/Game/Maps/Levels/Ship.Ship_C' with ClassGeneratedBy '/Game/Maps/Levels/Ship.Ship:PersistentLevel.Ship'
[2018.03.27-19.59.32:272][959]LogSkinnedMeshComp: Warning: GetSocketByName(GripPoint): No SkeletalMesh for Component(CharacterMesh1P) Actor(FP_FirstPersonCharacter_1)
[2018.03.27-20.00.09:916][706]LogBlueprintUserMessages: Early EndPlayMap Detection: Level '/Game/Maps/Levels/Ship.Ship:PersistentLevel' has LevelScriptBlueprint '/Game/Maps/Levels/Ship.Ship:PersistentLevel.Ship' with GeneratedClass '/Game/Maps/Levels/Ship.Ship_C' with ClassGeneratedBy '/Game/Maps/Levels/Ship.Ship:PersistentLevel.Ship'
[2018.03.27-20.00.09:958][706]LogBlueprintUserMessages: Late EndPlayMap Detection: Level '/Game/Maps/Levels/Ship.Ship:PersistentLevel' has LevelScriptBlueprint '/Game/Maps/Levels/Ship.Ship:PersistentLevel.Ship' with GeneratedClass '/Game/Maps/Levels/Ship.Ship_C' with ClassGeneratedBy '/Game/Maps/Levels/Ship.Ship:PersistentLevel.Ship'
[2018.03.27-20.00.12:683][804]LogSavePackage: Save=1706.85ms
[2018.03.27-20.00.12:683][804]LogSavePackage: Moving 'C:/Users/Thomas/Documents/GitHub/VR_SlaveExperience/SlaveVRExperience/Saved/Ship43B6C8ED4EA6E3C29085CA867579F8C7.tmp' to 'C:/Users/Thomas/Documents/GitHub/VR_SlaveExperience/SlaveVRExperience/Content/Maps/Levels/Ship.umap'
[2018.03.27-20.00.12:688][804]LogSavePackage: Display: Finished SavePackage C:/Users/Thomas/Documents/GitHub/VR_SlaveExperience/SlaveVRExperience/Content/Maps/Levels/Ship.umap
[2018.03.27-20.00.12:720][804]Cmd: OBJ SAVEPACKAGE PACKAGE="/Game/Maps/Levels/Ship_BuiltData" FILE="C:/Users/Thomas/Documents/GitHub/VR_SlaveExperience/SlaveVRExperience/Content/Maps/Levels/Ship_BuiltData.uasset" SILENT=true
[2018.03.27-20.00.14:303][804]LogSavePackage: Save=1550.38ms
[2018.03.27-20.00.14:303][804]LogSavePackage: Moving 'C:/Users/Thomas/Documents/GitHub/VR_SlaveExperience/SlaveVRExperience/Saved/Ship_BuiltDataCD26D2524916E675A7117FA9E07E1E5F.tmp' to 'C:/Users/Thomas/Documents/GitHub/VR_SlaveExperience/SlaveVRExperience/Content/Maps/Levels/Ship_BuiltData.uasset'
[2018.03.27-20.00.14:309][804]LogSavePackage: Display: Finished SavePackage C:/Users/Thomas/Documents/GitHub/VR_SlaveExperience/SlaveVRExperience/Content/Maps/Levels/Ship_BuiltData.uasset
[2018.03.27-20.10.11:543][770]LogFileHelpers: Editor autosave (incl. sublevels) for '/Game/Maps/Levels/Ship' took 0.021
[2018.03.27-20.10.11:546][770]OBJ SavePackage: Generating thumbnails for [0] asset(s) in package [/Game/AI/BehaviorTree/BTTask_BlueprintBase_New] ([1] browsable assets)...
[2018.03.27-20.10.11:546][770]OBJ SavePackage: Finished generating thumbnails for package [/Game/AI/BehaviorTree/BTTask_BlueprintBase_New]
[2018.03.27-20.10.11:572][770]LogSavePackage: Save=23.92ms
[2018.03.27-20.10.11:572][770]LogSavePackage: Moving 'C:/Users/Thomas/Documents/GitHub/VR_SlaveExperience/SlaveVRExperience/Saved/BTTask_BlueprintBase_New_Auto70AFD9BD64040514C5E2A4D81657995C7.tmp' to 'C:/Users/Thomas/Documents/GitHub/VR_SlaveExperience/SlaveVRExperience/Saved/Autosaves/Game/AI/BehaviorTree/BTTask_BlueprintBase_New_Auto7.uasset'
[2018.03.27-20.10.11:575][770]LogSavePackage: Display: Finished SavePackage C:/Users/Thomas/Documents/GitHub/VR_SlaveExperience/SlaveVRExperience/Saved/Autosaves/Game/AI/BehaviorTree/BTTask_BlueprintBase_New_Auto7.uasset
[2018.03.27-20.10.11:575][770]LogFileHelpers: Auto-saving content packages took 0.029
